Processing 16 subjects: ['AFH2', 'AFY1', 'AFZ3', 'AMW3', 'AMY3', 'BFH1', 'BFW2', 'BFZ3', 'BMH2', 'BMY1', 'BMZ2', 'CFW1', 'CFY2', 'CMH1', 'CMW2', 'CMZ1']
Processing AFH2/AS
    Frame 500/9137
    Frame 1000/9137
    Frame 1500/9137
    Frame 2000/9137
    Frame 2500/9137
    Frame 3000/9137
    Frame 3500/9137
    Frame 4000/9137
    Frame 4500/9137
    Frame 5000/9137
    Frame 5500/9137
    Frame 6000/9137
    Frame 6500/9137
    Frame 7000/9137
    Frame 7500/9137
    Frame 8000/9137
    Frame 8500/9137
    Frame 9000/9137
  Saved 9137 aligned frames
Processing AFH2/AT
    Frame 500/12000
    Frame 1000/12000
    Frame 1500/12000
    Frame 2000/12000
    Frame 2500/12000
    Frame 3000/12000
    Frame 3500/12000
    Frame 4000/12000
    Frame 4500/12000
    Frame 5000/12000
    Frame 5500/12000
    Frame 6000/12000
    Frame 6500/12000
    Frame 7000/12000
    Frame 7500/12000
    Frame 8000/12000
    Frame 8500/12000
    Frame 9000/12000
    Frame 9500/12000
    Frame 10000/12000
    Frame 10500/12000
    Frame 11000/12000
    Frame 11500/12000
    Frame 12000/12000
  Saved 12000 aligned frames
Processing AFH2/BS
    Frame 500/9055
    Frame 1000/9055
    Frame 1500/9055
    Frame 2000/9055
    Frame 2500/9055
    Frame 3000/9055
    Frame 3500/9055
    Frame 4000/9055
    Frame 4500/9055
    Frame 5000/9055
    Frame 5500/9055
    Frame 6000/9055
    Frame 6500/9055
    Frame 7000/9055
    Frame 7500/9055
    Frame 8000/9055
    Frame 8500/9055
    Frame 9000/9055
  Saved 9055 aligned frames
Processing AFH2/BT
    Frame 500/14543
    Frame 1000/14543
    Frame 1500/14543
    Frame 2000/14543
    Frame 2500/14543
    Frame 3000/14543
    Frame 3500/14543
    Frame 4000/14543
    Frame 4500/14543
    Frame 5000/14543
    Frame 5500/14543
    Frame 6000/14543
    Frame 6500/14543
    Frame 7000/14543
    Frame 7500/14543
    Frame 8000/14543
    Frame 8500/14543
    Frame 9000/14543
    Frame 9500/14543
    Frame 10000/14543
    Frame 10500/14543
    Frame 11000/14543
    Frame 11500/14543
    Frame 12000/14543
    Frame 12500/14543
    Frame 13000/14543
    Frame 13500/14543
    Frame 14000/14543
    Frame 14500/14543
  Saved 14543 aligned frames
Processing AFH2/CS
    Frame 500/9986
    Frame 1000/9986
    Frame 1500/9986
    Frame 2000/9986
    Frame 2500/9986
    Frame 3000/9986
    Frame 3500/9986
    Frame 4000/9986
    Frame 4500/9986
    Frame 5000/9986
    Frame 5500/9986
    Frame 6000/9986
    Frame 6500/9986
    Frame 7000/9986
    Frame 7500/9986
    Frame 8000/9986
    Frame 8500/9986
    Frame 9000/9986
    Frame 9500/9986
  Saved 9986 aligned frames
Processing AFH2/CT
    Frame 500/10025
    Frame 1000/10025
    Frame 1500/10025
    Frame 2000/10025
    Frame 2500/10025
    Frame 3000/10025
    Frame 3500/10025
    Frame 4000/10025
    Frame 4500/10025
    Frame 5000/10025
    Frame 5500/10025
    Frame 6000/10025
    Frame 6500/10025
    Frame 7000/10025
    Frame 7500/10025
    Frame 8000/10025
    Frame 8500/10025
    Frame 9000/10025
    Frame 9500/10025
    Frame 10000/10025
  Saved 10025 aligned frames
Processing AFY1/AS
    Frame 500/6170
    Frame 1000/6170
    Frame 1500/6170
    Frame 2000/6170
    Frame 2500/6170
    Frame 3000/6170
    Frame 3500/6170
    Frame 4000/6170
    Frame 4500/6170
    Frame 5000/6170
    Frame 5500/6170
    Frame 6000/6170
  Saved 6170 aligned frames
Processing AFY1/AT
    Frame 500/9025
    Frame 1000/9025
    Frame 1500/9025
    Frame 2000/9025
    Frame 2500/9025
    Frame 3000/9025
    Frame 3500/9025
    Frame 4000/9025
    Frame 4500/9025
    Frame 5000/9025
    Frame 5500/9025
    Frame 6000/9025
    Frame 6500/9025
    Frame 7000/9025
    Frame 7500/9025
    Frame 8000/9025
    Frame 8500/9025
    Frame 9000/9025
  Saved 9025 aligned frames
Processing AFY1/BS
    Frame 500/6844
    Frame 1000/6844
    Frame 1500/6844
    Frame 2000/6844
    Frame 2500/6844
    Frame 3000/6844
    Frame 3500/6844
    Frame 4000/6844
    Frame 4500/6844
    Frame 5000/6844
    Frame 5500/6844
    Frame 6000/6844
    Frame 6500/6844
  Saved 6844 aligned frames
Processing AFY1/BT
    Frame 500/9042
    Frame 1000/9042
    Frame 1500/9042
    Frame 2000/9042
    Frame 2500/9042
    Frame 3000/9042
    Frame 3500/9042
    Frame 4000/9042
    Frame 4500/9042
    Frame 5000/9042
    Frame 5500/9042
    Frame 6000/9042
    Frame 6500/9042
    Frame 7000/9042
    Frame 7500/9042
    Frame 8000/9042
    Frame 8500/9042
    Frame 9000/9042
  Saved 9042 aligned frames
Processing AFY1/CS
    Frame 500/9069
    Frame 1000/9069
    Frame 1500/9069
    Frame 2000/9069
    Frame 2500/9069
    Frame 3000/9069
    Frame 3500/9069
    Frame 4000/9069
    Frame 4500/9069
    Frame 5000/9069
    Frame 5500/9069
    Frame 6000/9069
    Frame 6500/9069
    Frame 7000/9069
    Frame 7500/9069
    Frame 8000/9069
    Frame 8500/9069
    Frame 9000/9069
  Saved 9069 aligned frames
Processing AFY1/CT
    Frame 500/4304
    Frame 1000/4304
    Frame 1500/4304
    Frame 2000/4304
    Frame 2500/4304
    Frame 3000/4304
    Frame 3500/4304
    Frame 4000/4304
  Saved 4304 aligned frames
Processing AFZ3/AS
    Frame 500/9105
    Frame 1000/9105
    Frame 1500/9105
    Frame 2000/9105
    Frame 2500/9105
    Frame 3000/9105
    Frame 3500/9105
    Frame 4000/9105
    Frame 4500/9105
    Frame 5000/9105
    Frame 5500/9105
    Frame 6000/9105
    Frame 6500/9105
    Frame 7000/9105
    Frame 7500/9105
    Frame 8000/9105
    Frame 8500/9105
    Frame 9000/9105
  Saved 9105 aligned frames
Processing AFZ3/AT
    Frame 500/10250
    Frame 1000/10250
    Frame 1500/10250
    Frame 2000/10250
    Frame 2500/10250
    Frame 3000/10250
    Frame 3500/10250
    Frame 4000/10250
    Frame 4500/10250
    Frame 5000/10250
    Frame 5500/10250
    Frame 6000/10250
    Frame 6500/10250
    Frame 7000/10250
    Frame 7500/10250
    Frame 8000/10250
    Frame 8500/10250
    Frame 9000/10250
    Frame 9500/10250
    Frame 10000/10250
  Saved 10250 aligned frames
Processing AFZ3/BS
    Frame 500/9269
    Frame 1000/9269
    Frame 1500/9269
    Frame 2000/9269
    Frame 2500/9269
    Frame 3000/9269
    Frame 3500/9269
    Frame 4000/9269
    Frame 4500/9269
    Frame 5000/9269
    Frame 5500/9269
    Frame 6000/9269
    Frame 6500/9269
    Frame 7000/9269
    Frame 7500/9269
    Frame 8000/9269
    Frame 8500/9269
    Frame 9000/9269
  Saved 9269 aligned frames
Processing AFZ3/BT
    Frame 500/9740
    Frame 1000/9740
    Frame 1500/9740
    Frame 2000/9740
    Frame 2500/9740
    Frame 3000/9740
    Frame 3500/9740
    Frame 4000/9740
    Frame 4500/9740
    Frame 5000/9740
    Frame 5500/9740
    Frame 6000/9740
    Frame 6500/9740
    Frame 7000/9740
    Frame 7500/9740
    Frame 8000/9740
    Frame 8500/9740
    Frame 9000/9740
    Frame 9500/9740
  Saved 9740 aligned frames
Processing AFZ3/CS
    Frame 500/9732
    Frame 1000/9732
    Frame 1500/9732
    Frame 2000/9732
    Frame 2500/9732
    Frame 3000/9732
    Frame 3500/9732
    Frame 4000/9732
    Frame 4500/9732
    Frame 5000/9732
    Frame 5500/9732
    Frame 6000/9732
    Frame 6500/9732
    Frame 7000/9732
    Frame 7500/9732
    Frame 8000/9732
    Frame 8500/9732
    Frame 9000/9732
    Frame 9500/9732
  Saved 9732 aligned frames
Processing AFZ3/CT
    Frame 500/9065
    Frame 1000/9065
    Frame 1500/9065
    Frame 2000/9065
    Frame 2500/9065
    Frame 3000/9065
    Frame 3500/9065
    Frame 4000/9065
    Frame 4500/9065
    Frame 5000/9065
    Frame 5500/9065
    Frame 6000/9065
    Frame 6500/9065
    Frame 7000/9065
    Frame 7500/9065
    Frame 8000/9065
    Frame 8500/9065
    Frame 9000/9065
  Saved 9065 aligned frames
Processing AMW3/AS
    Frame 500/9051
    Frame 1000/9051
    Frame 1500/9051
    Frame 2000/9051
    Frame 2500/9051
    Frame 3000/9051
    Frame 3500/9051
    Frame 4000/9051
    Frame 4500/9051
    Frame 5000/9051
    Frame 5500/9051
    Frame 6000/9051
    Frame 6500/9051
    Frame 7000/9051
    Frame 7500/9051
    Frame 8000/9051
    Frame 8500/9051
    Frame 9000/9051
  Saved 9051 aligned frames
Processing AMW3/AT
    Frame 500/9215
    Frame 1000/9215
    Frame 1500/9215
    Frame 2000/9215
    Frame 2500/9215
    Frame 3000/9215
    Frame 3500/9215
    Frame 4000/9215
    Frame 4500/9215
    Frame 5000/9215
    Frame 5500/9215
    Frame 6000/9215
    Frame 6500/9215
    Frame 7000/9215
    Frame 7500/9215
    Frame 8000/9215
    Frame 8500/9215
    Frame 9000/9215
  Saved 9215 aligned frames
Processing AMW3/BS
    Frame 500/9281
    Frame 1000/9281
    Frame 1500/9281
    Frame 2000/9281
    Frame 2500/9281
    Frame 3000/9281
    Frame 3500/9281
    Frame 4000/9281
    Frame 4500/9281
    Frame 5000/9281
    Frame 5500/9281
    Frame 6000/9281
    Frame 6500/9281
    Frame 7000/9281
    Frame 7500/9281
    Frame 8000/9281
    Frame 8500/9281
    Frame 9000/9281
  Saved 9281 aligned frames
Processing AMW3/BT
    Frame 500/9463
    Frame 1000/9463
    Frame 1500/9463
    Frame 2000/9463
    Frame 2500/9463
    Frame 3000/9463
    Frame 3500/9463
    Frame 4000/9463
    Frame 4500/9463
    Frame 5000/9463
    Frame 5500/9463
    Frame 6000/9463
    Frame 6500/9463
    Frame 7000/9463
    Frame 7500/9463
    Frame 8000/9463
    Frame 8500/9463
    Frame 9000/9463
  Saved 9463 aligned frames
Processing AMW3/CS
    Frame 500/9043
    Frame 1000/9043
    Frame 1500/9043
    Frame 2000/9043
    Frame 2500/9043
    Frame 3000/9043
    Frame 3500/9043
    Frame 4000/9043
    Frame 4500/9043
    Frame 5000/9043
    Frame 5500/9043
    Frame 6000/9043
    Frame 6500/9043
    Frame 7000/9043
    Frame 7500/9043
    Frame 8000/9043
    Frame 8500/9043
    Frame 9000/9043
  Saved 9043 aligned frames
Processing AMW3/CT
    Frame 500/9277
    Frame 1000/9277
    Frame 1500/9277
    Frame 2000/9277
    Frame 2500/9277
    Frame 3000/9277
    Frame 3500/9277
    Frame 4000/9277
    Frame 4500/9277
    Frame 5000/9277
    Frame 5500/9277
    Frame 6000/9277
    Frame 6500/9277
    Frame 7000/9277
    Frame 7500/9277
    Frame 8000/9277
    Frame 8500/9277
    Frame 9000/9277
  Saved 9277 aligned frames
Processing AMY3/AS
    Frame 500/9224
    Frame 1000/9224
    Frame 1500/9224
    Frame 2000/9224
    Frame 2500/9224
    Frame 3000/9224
    Frame 3500/9224
    Frame 4000/9224
    Frame 4500/9224
    Frame 5000/9224
    Frame 5500/9224
    Frame 6000/9224
    Frame 6500/9224
    Frame 7000/9224
    Frame 7500/9224
    Frame 8000/9224
    Frame 8500/9224
    Frame 9000/9224
  Saved 9224 aligned frames
Processing AMY3/AT
    Frame 500/9304
    Frame 1000/9304
    Frame 1500/9304
    Frame 2000/9304
    Frame 2500/9304
    Frame 3000/9304
    Frame 3500/9304
    Frame 4000/9304
    Frame 4500/9304
    Frame 5000/9304
    Frame 5500/9304
    Frame 6000/9304
    Frame 6500/9304
    Frame 7000/9304
    Frame 7500/9304
    Frame 8000/9304
    Frame 8500/9304
    Frame 9000/9304
  Saved 9304 aligned frames
Processing AMY3/BS
    Frame 500/9158
    Frame 1000/9158
    Frame 1500/9158
    Frame 2000/9158
    Frame 2500/9158
    Frame 3000/9158
    Frame 3500/9158
    Frame 4000/9158
    Frame 4500/9158
    Frame 5000/9158
    Frame 5500/9158
    Frame 6000/9158
    Frame 6500/9158
    Frame 7000/9158
    Frame 7500/9158
    Frame 8000/9158
    Frame 8500/9158
    Frame 9000/9158
  Saved 9158 aligned frames
Processing AMY3/BT
    Frame 500/10205
    Frame 1000/10205
    Frame 1500/10205
    Frame 2000/10205
    Frame 2500/10205
    Frame 3000/10205
    Frame 3500/10205
    Frame 4000/10205
    Frame 4500/10205
    Frame 5000/10205
    Frame 5500/10205
    Frame 6000/10205
    Frame 6500/10205
    Frame 7000/10205
    Frame 7500/10205
    Frame 8000/10205
    Frame 8500/10205
    Frame 9000/10205
    Frame 9500/10205
    Frame 10000/10205
  Saved 10205 aligned frames
Processing AMY3/CS
    Frame 500/9064
    Frame 1000/9064
    Frame 1500/9064
    Frame 2000/9064
    Frame 2500/9064
    Frame 3000/9064
    Frame 3500/9064
    Frame 4000/9064
    Frame 4500/9064
    Frame 5000/9064
    Frame 5500/9064
    Frame 6000/9064
    Frame 6500/9064
    Frame 7000/9064
    Frame 7500/9064
    Frame 8000/9064
    Frame 8500/9064
    Frame 9000/9064
  Saved 9064 aligned frames
Processing AMY3/CT
    Frame 500/9708
    Frame 1000/9708
    Frame 1500/9708
    Frame 2000/9708
    Frame 2500/9708
    Frame 3000/9708
    Frame 3500/9708
    Frame 4000/9708
    Frame 4500/9708
    Frame 5000/9708
    Frame 5500/9708
    Frame 6000/9708
    Frame 6500/9708
    Frame 7000/9708
    Frame 7500/9708
    Frame 8000/9708
    Frame 8500/9708
    Frame 9000/9708
    Frame 9500/9708
  Saved 9708 aligned frames
Processing BFH1/AS
    Frame 500/9096
    Frame 1000/9096
    Frame 1500/9096
    Frame 2000/9096
    Frame 2500/9096
    Frame 3000/9096
    Frame 3500/9096
    Frame 4000/9096
    Frame 4500/9096
    Frame 5000/9096
    Frame 5500/9096
    Frame 6000/9096
    Frame 6500/9096
    Frame 7000/9096
    Frame 7500/9096
    Frame 8000/9096
    Frame 8500/9096
    Frame 9000/9096
  Saved 9096 aligned frames
Processing BFH1/AT
    Frame 500/8714
    Frame 1000/8714
    Frame 1500/8714
    Frame 2000/8714
    Frame 2500/8714
    Frame 3000/8714
    Frame 3500/8714
    Frame 4000/8714
    Frame 4500/8714
    Frame 5000/8714
    Frame 5500/8714
    Frame 6000/8714
    Frame 6500/8714
    Frame 7000/8714
    Frame 7500/8714
    Frame 8000/8714
    Frame 8500/8714
  Saved 8714 aligned frames
Processing BFH1/BS
    Frame 500/10180
    Frame 1000/10180
    Frame 1500/10180
    Frame 2000/10180
    Frame 2500/10180
    Frame 3000/10180
    Frame 3500/10180
    Frame 4000/10180
    Frame 4500/10180
    Frame 5000/10180
    Frame 5500/10180
    Frame 6000/10180
    Frame 6500/10180
    Frame 7000/10180
    Frame 7500/10180
    Frame 8000/10180
    Frame 8500/10180
    Frame 9000/10180
    Frame 9500/10180
    Frame 10000/10180
  Saved 10180 aligned frames
Processing BFH1/BT
    Frame 500/9450
    Frame 1000/9450
    Frame 1500/9450
    Frame 2000/9450
    Frame 2500/9450
    Frame 3000/9450
    Frame 3500/9450
    Frame 4000/9450
    Frame 4500/9450
    Frame 5000/9450
    Frame 5500/9450
    Frame 6000/9450
    Frame 6500/9450
    Frame 7000/9450
    Frame 7500/9450
    Frame 8000/9450
    Frame 8500/9450
    Frame 9000/9450
  Saved 9450 aligned frames
Processing BFH1/CS
    Frame 500/8099
    Frame 1000/8099
    Frame 1500/8099
    Frame 2000/8099
    Frame 2500/8099
    Frame 3000/8099
    Frame 3500/8099
    Frame 4000/8099
    Frame 4500/8099
    Frame 5000/8099
    Frame 5500/8099
    Frame 6000/8099
    Frame 6500/8099
    Frame 7000/8099
    Frame 7500/8099
    Frame 8000/8099
  Saved 8099 aligned frames
Processing BFH1/CT
    Frame 500/9232
    Frame 1000/9232
    Frame 1500/9232
    Frame 2000/9232
    Frame 2500/9232
    Frame 3000/9232
    Frame 3500/9232
    Frame 4000/9232
    Frame 4500/9232
    Frame 5000/9232
    Frame 5500/9232
    Frame 6000/9232
    Frame 6500/9232
    Frame 7000/9232
    Frame 7500/9232
    Frame 8000/9232
    Frame 8500/9232
    Frame 9000/9232
  Saved 9232 aligned frames
Processing BFW2/AS
    Frame 500/9745
    Frame 1000/9745
    Frame 1500/9745
    Frame 2000/9745
    Frame 2500/9745
    Frame 3000/9745
    Frame 3500/9745
    Frame 4000/9745
    Frame 4500/9745
    Frame 5000/9745
    Frame 5500/9745
    Frame 6000/9745
    Frame 6500/9745
    Frame 7000/9745
    Frame 7500/9745
    Frame 8000/9745
    Frame 8500/9745
    Frame 9000/9745
    Frame 9500/9745
  Saved 9745 aligned frames
Processing BFW2/AT
    Frame 500/10857
    Frame 1000/10857
    Frame 1500/10857
    Frame 2000/10857
    Frame 2500/10857
    Frame 3000/10857
    Frame 3500/10857
    Frame 4000/10857
    Frame 4500/10857
    Frame 5000/10857
    Frame 5500/10857
    Frame 6000/10857
    Frame 6500/10857
    Frame 7000/10857
    Frame 7500/10857
    Frame 8000/10857
    Frame 8500/10857
    Frame 9000/10857
    Frame 9500/10857
    Frame 10000/10857
    Frame 10500/10857
  Saved 10857 aligned frames
Processing BFW2/BS
    Frame 500/9501
    Frame 1000/9501
    Frame 1500/9501
    Frame 2000/9501
    Frame 2500/9501
    Frame 3000/9501
    Frame 3500/9501
    Frame 4000/9501
    Frame 4500/9501
    Frame 5000/9501
    Frame 5500/9501
    Frame 6000/9501
    Frame 6500/9501
    Frame 7000/9501
    Frame 7500/9501
    Frame 8000/9501
    Frame 8500/9501
    Frame 9000/9501
    Frame 9500/9501
  Saved 9501 aligned frames
Processing BFW2/BT
    Frame 500/12887
    Frame 1000/12887
    Frame 1500/12887
    Frame 2000/12887
    Frame 2500/12887
    Frame 3000/12887
    Frame 3500/12887
    Frame 4000/12887
    Frame 4500/12887
    Frame 5000/12887
    Frame 5500/12887
    Frame 6000/12887
    Frame 6500/12887
    Frame 7000/12887
    Frame 7500/12887
    Frame 8000/12887
    Frame 8500/12887
    Frame 9000/12887
    Frame 9500/12887
    Frame 10000/12887
    Frame 10500/12887
    Frame 11000/12887
    Frame 11500/12887
    Frame 12000/12887
    Frame 12500/12887
  Saved 12887 aligned frames
Processing BFW2/CS
    Frame 500/9467
    Frame 1000/9467
    Frame 1500/9467
    Frame 2000/9467
    Frame 2500/9467
    Frame 3000/9467
    Frame 3500/9467
    Frame 4000/9467
    Frame 4500/9467
    Frame 5000/9467
    Frame 5500/9467
    Frame 6000/9467
    Frame 6500/9467
    Frame 7000/9467
    Frame 7500/9467
    Frame 8000/9467
    Frame 8500/9467
    Frame 9000/9467
  Saved 9467 aligned frames
Processing BFW2/CT
    Frame 500/9149
    Frame 1000/9149
    Frame 1500/9149
    Frame 2000/9149
    Frame 2500/9149
    Frame 3000/9149
    Frame 3500/9149
    Frame 4000/9149
    Frame 4500/9149
    Frame 5000/9149
    Frame 5500/9149
    Frame 6000/9149
    Frame 6500/9149
    Frame 7000/9149
    Frame 7500/9149
    Frame 8000/9149
    Frame 8500/9149
    Frame 9000/9149
  Saved 9149 aligned frames
Processing BFZ3/AS
    Frame 500/9039
    Frame 1000/9039
    Frame 1500/9039
    Frame 2000/9039
    Frame 2500/9039
    Frame 3000/9039
    Frame 3500/9039
    Frame 4000/9039
    Frame 4500/9039
    Frame 5000/9039
    Frame 5500/9039
    Frame 6000/9039
    Frame 6500/9039
    Frame 7000/9039
    Frame 7500/9039
    Frame 8000/9039
    Frame 8500/9039
    Frame 9000/9039
  Saved 9039 aligned frames
Processing BFZ3/AT
    Frame 500/9018
    Frame 1000/9018
    Frame 1500/9018
    Frame 2000/9018
    Frame 2500/9018
    Frame 3000/9018
    Frame 3500/9018
    Frame 4000/9018
    Frame 4500/9018
    Frame 5000/9018
    Frame 5500/9018
    Frame 6000/9018
    Frame 6500/9018
    Frame 7000/9018
    Frame 7500/9018
    Frame 8000/9018
    Frame 8500/9018
    Frame 9000/9018
  Saved 9018 aligned frames
Processing BFZ3/BS
    Frame 500/10263
    Frame 1000/10263
    Frame 1500/10263
    Frame 2000/10263
    Frame 2500/10263
    Frame 3000/10263
    Frame 3500/10263
    Frame 4000/10263
    Frame 4500/10263
    Frame 5000/10263
    Frame 5500/10263
    Frame 6000/10263
    Frame 6500/10263
    Frame 7000/10263
    Frame 7500/10263
    Frame 8000/10263
    Frame 8500/10263
    Frame 9000/10263
    Frame 9500/10263
    Frame 10000/10263
  Saved 10263 aligned frames
Processing BFZ3/BT
    Frame 500/11308
    Frame 1000/11308
    Frame 1500/11308
    Frame 2000/11308
    Frame 2500/11308
    Frame 3000/11308
    Frame 3500/11308
    Frame 4000/11308
    Frame 4500/11308
    Frame 5000/11308
    Frame 5500/11308
    Frame 6000/11308
    Frame 6500/11308
    Frame 7000/11308
    Frame 7500/11308
    Frame 8000/11308
    Frame 8500/11308
    Frame 9000/11308
    Frame 9500/11308
    Frame 10000/11308
    Frame 10500/11308
    Frame 11000/11308
  Saved 11308 aligned frames
Processing BFZ3/CS
    Frame 500/9801
    Frame 1000/9801
    Frame 1500/9801
    Frame 2000/9801
    Frame 2500/9801
    Frame 3000/9801
    Frame 3500/9801
    Frame 4000/9801
    Frame 4500/9801
    Frame 5000/9801
    Frame 5500/9801
    Frame 6000/9801
    Frame 6500/9801
    Frame 7000/9801
    Frame 7500/9801
    Frame 8000/9801
    Frame 8500/9801
    Frame 9000/9801
    Frame 9500/9801
  Saved 9801 aligned frames
Processing BFZ3/CT
    Frame 500/9586
    Frame 1000/9586
    Frame 1500/9586
    Frame 2000/9586
    Frame 2500/9586
    Frame 3000/9586
    Frame 3500/9586
    Frame 4000/9586
    Frame 4500/9586
    Frame 5000/9586
    Frame 5500/9586
    Frame 6000/9586
    Frame 6500/9586
    Frame 7000/9586
    Frame 7500/9586
    Frame 8000/9586
    Frame 8500/9586
    Frame 9000/9586
    Frame 9500/9586
  Saved 9586 aligned frames
Processing BMH2/AS
    Frame 500/10078
    Frame 1000/10078
    Frame 1500/10078
    Frame 2000/10078
    Frame 2500/10078
    Frame 3000/10078
    Frame 3500/10078
    Frame 4000/10078
    Frame 4500/10078
    Frame 5000/10078
    Frame 5500/10078
    Frame 6000/10078
    Frame 6500/10078
    Frame 7000/10078
    Frame 7500/10078
    Frame 8000/10078
    Frame 8500/10078
    Frame 9000/10078
    Frame 9500/10078
    Frame 10000/10078
  Saved 10078 aligned frames
Processing BMH2/AT
    Frame 500/11339
    Frame 1000/11339
    Frame 1500/11339
    Frame 2000/11339
    Frame 2500/11339
    Frame 3000/11339
    Frame 3500/11339
    Frame 4000/11339
    Frame 4500/11339
    Frame 5000/11339
    Frame 5500/11339
    Frame 6000/11339
    Frame 6500/11339
    Frame 7000/11339
    Frame 7500/11339
    Frame 8000/11339
    Frame 8500/11339
    Frame 9000/11339
    Frame 9500/11339
    Frame 10000/11339
    Frame 10500/11339
    Frame 11000/11339
  Saved 11339 aligned frames
Processing BMH2/BS
    Frame 500/8305
    Frame 1000/8305
    Frame 1500/8305
    Frame 2000/8305
    Frame 2500/8305
    Frame 3000/8305
    Frame 3500/8305
    Frame 4000/8305
    Frame 4500/8305
    Frame 5000/8305
    Frame 5500/8305
    Frame 6000/8305
    Frame 6500/8305
    Frame 7000/8305
    Frame 7500/8305
    Frame 8000/8305
  Saved 8305 aligned frames
Processing BMH2/BT
    Frame 500/10423
    Frame 1000/10423
    Frame 1500/10423
    Frame 2000/10423
    Frame 2500/10423
    Frame 3000/10423
    Frame 3500/10423
    Frame 4000/10423
    Frame 4500/10423
    Frame 5000/10423
    Frame 5500/10423
    Frame 6000/10423
    Frame 6500/10423
    Frame 7000/10423
    Frame 7500/10423
    Frame 8000/10423
    Frame 8500/10423
    Frame 9000/10423
    Frame 9500/10423
    Frame 10000/10423
  Saved 10423 aligned frames
Processing BMH2/CS
    Frame 500/10910
    Frame 1000/10910
    Frame 1500/10910
    Frame 2000/10910
    Frame 2500/10910
    Frame 3000/10910
    Frame 3500/10910
    Frame 4000/10910
    Frame 4500/10910
    Frame 5000/10910
    Frame 5500/10910
    Frame 6000/10910
    Frame 6500/10910
    Frame 7000/10910
    Frame 7500/10910
    Frame 8000/10910
    Frame 8500/10910
    Frame 9000/10910
    Frame 9500/10910
    Frame 10000/10910
    Frame 10500/10910
  Saved 10910 aligned frames
Processing BMH2/CT
    Frame 500/9178
    Frame 1000/9178
    Frame 1500/9178
    Frame 2000/9178
    Frame 2500/9178
    Frame 3000/9178
    Frame 3500/9178
    Frame 4000/9178
    Frame 4500/9178
    Frame 5000/9178
    Frame 5500/9178
    Frame 6000/9178
    Frame 6500/9178
    Frame 7000/9178
    Frame 7500/9178
    Frame 8000/9178
    Frame 8500/9178
    Frame 9000/9178
  Saved 9178 aligned frames
Processing BMY1/AS
    Frame 500/9284
    Frame 1000/9284
    Frame 1500/9284
    Frame 2000/9284
    Frame 2500/9284
    Frame 3000/9284
    Frame 3500/9284
    Frame 4000/9284
    Frame 4500/9284
    Frame 5000/9284
    Frame 5500/9284
    Frame 6000/9284
    Frame 6500/9284
    Frame 7000/9284
    Frame 7500/9284
    Frame 8000/9284
    Frame 8500/9284
    Frame 9000/9284
  Saved 9284 aligned frames
Processing BMY1/AT
    Frame 500/5501
    Frame 1000/5501
    Frame 1500/5501
    Frame 2000/5501
    Frame 2500/5501
    Frame 3000/5501
    Frame 3500/5501
    Frame 4000/5501
    Frame 4500/5501
    Frame 5000/5501
    Frame 5500/5501
  Saved 5501 aligned frames
Processing BMY1/BS
    Frame 500/10769
    Frame 1000/10769
    Frame 1500/10769
    Frame 2000/10769
    Frame 2500/10769
    Frame 3000/10769
    Frame 3500/10769
    Frame 4000/10769
    Frame 4500/10769
    Frame 5000/10769
    Frame 5500/10769
    Frame 6000/10769
    Frame 6500/10769
    Frame 7000/10769
    Frame 7500/10769
    Frame 8000/10769
    Frame 8500/10769
    Frame 9000/10769
    Frame 9500/10769
    Frame 10000/10769
    Frame 10500/10769
  Saved 10769 aligned frames
Processing BMY1/BT
    Frame 500/9105
    Frame 1000/9105
    Frame 1500/9105
    Frame 2000/9105
    Frame 2500/9105
    Frame 3000/9105
    Frame 3500/9105
    Frame 4000/9105
    Frame 4500/9105
    Frame 5000/9105
    Frame 5500/9105
    Frame 6000/9105
    Frame 6500/9105
    Frame 7000/9105
    Frame 7500/9105
    Frame 8000/9105
    Frame 8500/9105
    Frame 9000/9105
  Saved 9105 aligned frames
Processing BMY1/CS
    Frame 500/9358
    Frame 1000/9358
    Frame 1500/9358
    Frame 2000/9358
    Frame 2500/9358
    Frame 3000/9358
    Frame 3500/9358
    Frame 4000/9358
    Frame 4500/9358
    Frame 5000/9358
    Frame 5500/9358
    Frame 6000/9358
    Frame 6500/9358
    Frame 7000/9358
    Frame 7500/9358
    Frame 8000/9358
    Frame 8500/9358
    Frame 9000/9358
  Saved 9358 aligned frames
Processing BMY1/CT
    Frame 500/11195
    Frame 1000/11195
    Frame 1500/11195
    Frame 2000/11195
    Frame 2500/11195
    Frame 3000/11195
    Frame 3500/11195
    Frame 4000/11195
    Frame 4500/11195
    Frame 5000/11195
    Frame 5500/11195
    Frame 6000/11195
    Frame 6500/11195
    Frame 7000/11195
    Frame 7500/11195
    Frame 8000/11195
    Frame 8500/11195
    Frame 9000/11195
    Frame 9500/11195
    Frame 10000/11195
    Frame 10500/11195
    Frame 11000/11195
  Saved 11195 aligned frames
Processing BMZ2/AS
    Frame 500/9139
    Frame 1000/9139
    Frame 1500/9139
    Frame 2000/9139
    Frame 2500/9139
    Frame 3000/9139
    Frame 3500/9139
    Frame 4000/9139
    Frame 4500/9139
    Frame 5000/9139
    Frame 5500/9139
    Frame 6000/9139
    Frame 6500/9139
    Frame 7000/9139
    Frame 7500/9139
    Frame 8000/9139
    Frame 8500/9139
    Frame 9000/9139
  Saved 9139 aligned frames
Processing BMZ2/AT
    Frame 500/10058
    Frame 1000/10058
    Frame 1500/10058
    Frame 2000/10058
    Frame 2500/10058
    Frame 3000/10058
    Frame 3500/10058
    Frame 4000/10058
    Frame 4500/10058
    Frame 5000/10058
    Frame 5500/10058
    Frame 6000/10058
    Frame 6500/10058
    Frame 7000/10058
    Frame 7500/10058
    Frame 8000/10058
    Frame 8500/10058
    Frame 9000/10058
    Frame 9500/10058
    Frame 10000/10058
  Saved 10058 aligned frames
Processing BMZ2/BS
    Frame 500/7700
    Frame 1000/7700
    Frame 1500/7700
    Frame 2000/7700
    Frame 2500/7700
    Frame 3000/7700
    Frame 3500/7700
    Frame 4000/7700
    Frame 4500/7700
    Frame 5000/7700
    Frame 5500/7700
    Frame 6000/7700
    Frame 6500/7700
    Frame 7000/7700
    Frame 7500/7700
  Saved 7700 aligned frames
Processing BMZ2/BT
    Frame 500/9139
    Frame 1000/9139
    Frame 1500/9139
    Frame 2000/9139
    Frame 2500/9139
    Frame 3000/9139
    Frame 3500/9139
    Frame 4000/9139
    Frame 4500/9139
    Frame 5000/9139
    Frame 5500/9139
    Frame 6000/9139
    Frame 6500/9139
    Frame 7000/9139
    Frame 7500/9139
    Frame 8000/9139
    Frame 8500/9139
    Frame 9000/9139
  Saved 9139 aligned frames
Processing BMZ2/CS
    Frame 500/9032
    Frame 1000/9032
    Frame 1500/9032
    Frame 2000/9032
    Frame 2500/9032
    Frame 3000/9032
    Frame 3500/9032
    Frame 4000/9032
    Frame 4500/9032
    Frame 5000/9032
    Frame 5500/9032
    Frame 6000/9032
    Frame 6500/9032
    Frame 7000/9032
    Frame 7500/9032
    Frame 8000/9032
    Frame 8500/9032
    Frame 9000/9032
  Saved 9032 aligned frames
Processing CFW1/AS
    Frame 500/9449
    Frame 1000/9449
    Frame 1500/9449
    Frame 2000/9449
    Frame 2500/9449
    Frame 3000/9449
    Frame 3500/9449
    Frame 4000/9449
    Frame 4500/9449
    Frame 5000/9449
    Frame 5500/9449
    Frame 6000/9449
    Frame 6500/9449
    Frame 7000/9449
    Frame 7500/9449
    Frame 8000/9449
    Frame 8500/9449
    Frame 9000/9449
  Saved 9449 aligned frames
Processing CFW1/AT
    Frame 500/10317
    Frame 1000/10317
    Frame 1500/10317
    Frame 2000/10317
    Frame 2500/10317
    Frame 3000/10317
    Frame 3500/10317
    Frame 4000/10317
    Frame 4500/10317
    Frame 5000/10317
    Frame 5500/10317
    Frame 6000/10317
    Frame 6500/10317
    Frame 7000/10317
    Frame 7500/10317
    Frame 8000/10317
    Frame 8500/10317
    Frame 9000/10317
    Frame 9500/10317
    Frame 10000/10317
  Saved 10317 aligned frames
Processing CFW1/BS
    Frame 500/9056
    Frame 1000/9056
    Frame 1500/9056
    Frame 2000/9056
    Frame 2500/9056
    Frame 3000/9056
    Frame 3500/9056
    Frame 4000/9056
    Frame 4500/9056
    Frame 5000/9056
    Frame 5500/9056
    Frame 6000/9056
    Frame 6500/9056
    Frame 7000/9056
    Frame 7500/9056
    Frame 8000/9056
    Frame 8500/9056
    Frame 9000/9056
  Saved 9056 aligned frames
Processing CFW1/BT
    Frame 500/11140
    Frame 1000/11140
    Frame 1500/11140
    Frame 2000/11140
    Frame 2500/11140
    Frame 3000/11140
    Frame 3500/11140
    Frame 4000/11140
    Frame 4500/11140
    Frame 5000/11140
    Frame 5500/11140
    Frame 6000/11140
    Frame 6500/11140
    Frame 7000/11140
    Frame 7500/11140
    Frame 8000/11140
    Frame 8500/11140
    Frame 9000/11140
    Frame 9500/11140
    Frame 10000/11140
    Frame 10500/11140
    Frame 11000/11140
  Saved 11140 aligned frames
Processing CFW1/CS
    Frame 500/9999
    Frame 1000/9999
    Frame 1500/9999
    Frame 2000/9999
    Frame 2500/9999
    Frame 3000/9999
    Frame 3500/9999
    Frame 4000/9999
    Frame 4500/9999
    Frame 5000/9999
    Frame 5500/9999
    Frame 6000/9999
    Frame 6500/9999
    Frame 7000/9999
    Frame 7500/9999
    Frame 8000/9999
    Frame 8500/9999
    Frame 9000/9999
    Frame 9500/9999
  Saved 9999 aligned frames
Processing CFW1/CT
    Frame 500/9918
    Frame 1000/9918
    Frame 1500/9918
    Frame 2000/9918
    Frame 2500/9918
    Frame 3000/9918
    Frame 3500/9918
    Frame 4000/9918
    Frame 4500/9918
    Frame 5000/9918
    Frame 5500/9918
    Frame 6000/9918
    Frame 6500/9918
    Frame 7000/9918
    Frame 7500/9918
    Frame 8000/9918
    Frame 8500/9918
    Frame 9000/9918
    Frame 9500/9918
  Saved 9918 aligned frames
Processing CFY2/AS
    Frame 500/9164
    Frame 1000/9164
    Frame 1500/9164
    Frame 2000/9164
    Frame 2500/9164
    Frame 3000/9164
    Frame 3500/9164
    Frame 4000/9164
    Frame 4500/9164
    Frame 5000/9164
    Frame 5500/9164
    Frame 6000/9164
    Frame 6500/9164
    Frame 7000/9164
    Frame 7500/9164
    Frame 8000/9164
    Frame 8500/9164
    Frame 9000/9164
  Saved 9164 aligned frames
Processing CFY2/AT
    Frame 500/10260
    Frame 1000/10260
    Frame 1500/10260
    Frame 2000/10260
    Frame 2500/10260
    Frame 3000/10260
    Frame 3500/10260
    Frame 4000/10260
    Frame 4500/10260
    Frame 5000/10260
    Frame 5500/10260
    Frame 6000/10260
    Frame 6500/10260
    Frame 7000/10260
    Frame 7500/10260
    Frame 8000/10260
    Frame 8500/10260
    Frame 9000/10260
    Frame 9500/10260
    Frame 10000/10260
  Saved 10260 aligned frames
Processing CFY2/BS
    Frame 500/9066
    Frame 1000/9066
    Frame 1500/9066
    Frame 2000/9066
    Frame 2500/9066
    Frame 3000/9066
    Frame 3500/9066
    Frame 4000/9066
    Frame 4500/9066
    Frame 5000/9066
    Frame 5500/9066
    Frame 6000/9066
    Frame 6500/9066
    Frame 7000/9066
    Frame 7500/9066
    Frame 8000/9066
    Frame 8500/9066
    Frame 9000/9066
  Saved 9066 aligned frames
Processing CFY2/BT
    Frame 500/9924
    Frame 1000/9924
    Frame 1500/9924
    Frame 2000/9924
    Frame 2500/9924
    Frame 3000/9924
    Frame 3500/9924
    Frame 4000/9924
    Frame 4500/9924
    Frame 5000/9924
    Frame 5500/9924
    Frame 6000/9924
    Frame 6500/9924
    Frame 7000/9924
    Frame 7500/9924
    Frame 8000/9924
    Frame 8500/9924
    Frame 9000/9924
    Frame 9500/9924
  Saved 9924 aligned frames
Processing CFY2/CS
    Frame 500/10051
    Frame 1000/10051
    Frame 1500/10051
    Frame 2000/10051
    Frame 2500/10051
    Frame 3000/10051
    Frame 3500/10051
    Frame 4000/10051
    Frame 4500/10051
    Frame 5000/10051
    Frame 5500/10051
    Frame 6000/10051
    Frame 6500/10051
    Frame 7000/10051
    Frame 7500/10051
    Frame 8000/10051
    Frame 8500/10051
    Frame 9000/10051
    Frame 9500/10051
    Frame 10000/10051
  Saved 10051 aligned frames
Processing CFY2/CT
    Frame 500/9785
    Frame 1000/9785
    Frame 1500/9785
    Frame 2000/9785
    Frame 2500/9785
    Frame 3000/9785
    Frame 3500/9785
    Frame 4000/9785
    Frame 4500/9785
    Frame 5000/9785
    Frame 5500/9785
    Frame 6000/9785
    Frame 6500/9785
    Frame 7000/9785
    Frame 7500/9785
    Frame 8000/9785
    Frame 8500/9785
    Frame 9000/9785
    Frame 9500/9785
  Saved 9785 aligned frames
Processing CMH1/AS
    Frame 500/9065
    Frame 1000/9065
    Frame 1500/9065
    Frame 2000/9065
    Frame 2500/9065
    Frame 3000/9065
    Frame 3500/9065
    Frame 4000/9065
    Frame 4500/9065
    Frame 5000/9065
    Frame 5500/9065
    Frame 6000/9065
    Frame 6500/9065
    Frame 7000/9065
    Frame 7500/9065
    Frame 8000/9065
    Frame 8500/9065
    Frame 9000/9065
  Saved 9065 aligned frames
Processing CMH1/AT
    Frame 500/9914
    Frame 1000/9914
    Frame 1500/9914
    Frame 2000/9914
    Frame 2500/9914
    Frame 3000/9914
    Frame 3500/9914
    Frame 4000/9914
    Frame 4500/9914
    Frame 5000/9914
    Frame 5500/9914
    Frame 6000/9914
    Frame 6500/9914
    Frame 7000/9914
    Frame 7500/9914
    Frame 8000/9914
    Frame 8500/9914
    Frame 9000/9914
    Frame 9500/9914
  Saved 9914 aligned frames
Processing CMH1/BS
    Frame 500/11681
    Frame 1000/11681
    Frame 1500/11681
    Frame 2000/11681
    Frame 2500/11681
    Frame 3000/11681
    Frame 3500/11681
    Frame 4000/11681
    Frame 4500/11681
    Frame 5000/11681
    Frame 5500/11681
    Frame 6000/11681
    Frame 6500/11681
    Frame 7000/11681
    Frame 7500/11681
    Frame 8000/11681
    Frame 8500/11681
    Frame 9000/11681
    Frame 9500/11681
    Frame 10000/11681
    Frame 10500/11681
    Frame 11000/11681
    Frame 11500/11681
  Saved 11681 aligned frames
Processing CMH1/BT
    Frame 500/11983
    Frame 1000/11983
    Frame 1500/11983
    Frame 2000/11983
    Frame 2500/11983
    Frame 3000/11983
    Frame 3500/11983
    Frame 4000/11983
    Frame 4500/11983
    Frame 5000/11983
    Frame 5500/11983
    Frame 6000/11983
    Frame 6500/11983
    Frame 7000/11983
    Frame 7500/11983
    Frame 8000/11983
    Frame 8500/11983
    Frame 9000/11983
    Frame 9500/11983
    Frame 10000/11983
    Frame 10500/11983
    Frame 11000/11983
    Frame 11500/11983
  Saved 11983 aligned frames
Processing CMH1/CS
    Frame 500/11546
    Frame 1000/11546
    Frame 1500/11546
    Frame 2000/11546
    Frame 2500/11546
    Frame 3000/11546
    Frame 3500/11546
    Frame 4000/11546
    Frame 4500/11546
    Frame 5000/11546
    Frame 5500/11546
    Frame 6000/11546
    Frame 6500/11546
    Frame 7000/11546
    Frame 7500/11546
    Frame 8000/11546
    Frame 8500/11546
    Frame 9000/11546
    Frame 9500/11546
    Frame 10000/11546
    Frame 10500/11546
    Frame 11000/11546
    Frame 11500/11546
  Saved 11546 aligned frames
Processing CMH1/CT
    Frame 500/9184
    Frame 1000/9184
    Frame 1500/9184
    Frame 2000/9184
    Frame 2500/9184
    Frame 3000/9184
    Frame 3500/9184
    Frame 4000/9184
    Frame 4500/9184
    Frame 5000/9184
    Frame 5500/9184
    Frame 6000/9184
    Frame 6500/9184
    Frame 7000/9184
    Frame 7500/9184
    Frame 8000/9184
    Frame 8500/9184
    Frame 9000/9184
  Saved 9184 aligned frames
Processing CMW2/AS
    Frame 500/9035
    Frame 1000/9035
    Frame 1500/9035
    Frame 2000/9035
    Frame 2500/9035
    Frame 3000/9035
    Frame 3500/9035
    Frame 4000/9035
    Frame 4500/9035
    Frame 5000/9035
    Frame 5500/9035
    Frame 6000/9035
    Frame 6500/9035
    Frame 7000/9035
    Frame 7500/9035
    Frame 8000/9035
    Frame 8500/9035
    Frame 9000/9035
  Saved 9035 aligned frames
Processing CMW2/AT
    Frame 500/9943
    Frame 1000/9943
    Frame 1500/9943
    Frame 2000/9943
    Frame 2500/9943
    Frame 3000/9943
    Frame 3500/9943
    Frame 4000/9943
    Frame 4500/9943
    Frame 5000/9943
    Frame 5500/9943
    Frame 6000/9943
    Frame 6500/9943
    Frame 7000/9943
    Frame 7500/9943
    Frame 8000/9943
    Frame 8500/9943
    Frame 9000/9943
    Frame 9500/9943
  Saved 9943 aligned frames
Processing CMW2/BS
    Frame 500/9553
    Frame 1000/9553
    Frame 1500/9553
    Frame 2000/9553
    Frame 2500/9553
    Frame 3000/9553
    Frame 3500/9553
    Frame 4000/9553
    Frame 4500/9553
    Frame 5000/9553
    Frame 5500/9553
    Frame 6000/9553
    Frame 6500/9553
    Frame 7000/9553
    Frame 7500/9553
    Frame 8000/9553
    Frame 8500/9553
    Frame 9000/9553
    Frame 9500/9553
  Saved 9553 aligned frames
Processing CMW2/BT
    Frame 500/10099
    Frame 1000/10099
    Frame 1500/10099
    Frame 2000/10099
    Frame 2500/10099
    Frame 3000/10099
    Frame 3500/10099
    Frame 4000/10099
    Frame 4500/10099
    Frame 5000/10099
    Frame 5500/10099
    Frame 6000/10099
    Frame 6500/10099
    Frame 7000/10099
    Frame 7500/10099
    Frame 8000/10099
    Frame 8500/10099
    Frame 9000/10099
    Frame 9500/10099
    Frame 10000/10099
  Saved 10099 aligned frames
Processing CMW2/CS
    Frame 500/9037
    Frame 1000/9037
    Frame 1500/9037
    Frame 2000/9037
    Frame 2500/9037
    Frame 3000/9037
    Frame 3500/9037
    Frame 4000/9037
    Frame 4500/9037
    Frame 5000/9037
    Frame 5500/9037
    Frame 6000/9037
    Frame 6500/9037
    Frame 7000/9037
    Frame 7500/9037
    Frame 8000/9037
    Frame 8500/9037
    Frame 9000/9037
  Saved 9037 aligned frames
Processing CMW2/CT
    Frame 500/8985
    Frame 1000/8985
    Frame 1500/8985
    Frame 2000/8985
    Frame 2500/8985
    Frame 3000/8985
    Frame 3500/8985
    Frame 4000/8985
    Frame 4500/8985
    Frame 5000/8985
    Frame 5500/8985
    Frame 6000/8985
    Frame 6500/8985
    Frame 7000/8985
    Frame 7500/8985
    Frame 8000/8985
    Frame 8500/8985
  Saved 8985 aligned frames
Processing CMZ1/AS
    Frame 500/7247
    Frame 1000/7247
    Frame 1500/7247
    Frame 2000/7247
    Frame 2500/7247
    Frame 3000/7247
    Frame 3500/7247
    Frame 4000/7247
    Frame 4500/7247
    Frame 5000/7247
    Frame 5500/7247
    Frame 6000/7247
    Frame 6500/7247
    Frame 7000/7247
  Saved 7247 aligned frames
Processing CMZ1/AT
    Frame 500/9300
    Frame 1000/9300
    Frame 1500/9300
    Frame 2000/9300
    Frame 2500/9300
    Frame 3000/9300
    Frame 3500/9300
    Frame 4000/9300
    Frame 4500/9300
    Frame 5000/9300
    Frame 5500/9300
    Frame 6000/9300
    Frame 6500/9300
    Frame 7000/9300
    Frame 7500/9300
    Frame 8000/9300
    Frame 8500/9300
    Frame 9000/9300
  Saved 9300 aligned frames
Processing CMZ1/BS
    Frame 500/9202
    Frame 1000/9202
    Frame 1500/9202
    Frame 2000/9202
    Frame 2500/9202
    Frame 3000/9202
    Frame 3500/9202
    Frame 4000/9202
    Frame 4500/9202
    Frame 5000/9202
    Frame 5500/9202
    Frame 6000/9202
    Frame 6500/9202
    Frame 7000/9202
    Frame 7500/9202
    Frame 8000/9202
    Frame 8500/9202
    Frame 9000/9202
  Saved 9202 aligned frames
Processing CMZ1/BT
    Frame 500/10668
    Frame 1000/10668
    Frame 1500/10668
    Frame 2000/10668
    Frame 2500/10668
    Frame 3000/10668
    Frame 3500/10668
    Frame 4000/10668
    Frame 4500/10668
    Frame 5000/10668
    Frame 5500/10668
    Frame 6000/10668
    Frame 6500/10668
    Frame 7000/10668
    Frame 7500/10668
    Frame 8000/10668
    Frame 8500/10668
    Frame 9000/10668
    Frame 9500/10668
    Frame 10000/10668
    Frame 10500/10668
  Saved 10668 aligned frames
Processing CMZ1/CS
    Frame 500/10493
    Frame 1000/10493
    Frame 1500/10493
    Frame 2000/10493
    Frame 2500/10493
    Frame 3000/10493
    Frame 3500/10493
    Frame 4000/10493
    Frame 4500/10493
    Frame 5000/10493
    Frame 5500/10493
    Frame 6000/10493
    Frame 6500/10493
    Frame 7000/10493
    Frame 7500/10493
    Frame 8000/10493
    Frame 8500/10493
    Frame 9000/10493
    Frame 9500/10493
    Frame 10000/10493
  Saved 10493 aligned frames
Processing CMZ1/CT
    Frame 500/9774
    Frame 1000/9774
    Frame 1500/9774
    Frame 2000/9774
    Frame 2500/9774
    Frame 3000/9774
    Frame 3500/9774
    Frame 4000/9774
    Frame 4500/9774
    Frame 5000/9774
    Frame 5500/9774
    Frame 6000/9774
    Frame 6500/9774
    Frame 7000/9774
    Frame 7500/9774
    Frame 8000/9774
    Frame 8500/9774
    Frame 9000/9774
    Frame 9500/9774
  Saved 9774 aligned frames

Done! Processed 95 sessions.
