Processing 16 subjects: ['AFH1', 'AFW2', 'AFZ2', 'AMH2', 'AMY1', 'AMZ4', 'BFW1', 'BFY2', 'BMH1', 'BMW2', 'BMZ1', 'CFH2', 'CFY1', 'CFZ2', 'CMW1', 'CMY2']
Processing AFH1/AT
    Frame 500/9079
    Frame 1000/9079
    Frame 1500/9079
    Frame 2000/9079
    Frame 2500/9079
    Frame 3000/9079
    Frame 3500/9079
    Frame 4000/9079
    Frame 4500/9079
    Frame 5000/9079
    Frame 5500/9079
    Frame 6000/9079
    Frame 6500/9079
    Frame 7000/9079
    Frame 7500/9079
    Frame 8000/9079
    Frame 8500/9079
    Frame 9000/9079
  Saved 9079 aligned frames
Processing AFH1/BS
    Frame 500/9040
    Frame 1000/9040
    Frame 1500/9040
    Frame 2000/9040
    Frame 2500/9040
    Frame 3000/9040
    Frame 3500/9040
    Frame 4000/9040
    Frame 4500/9040
    Frame 5000/9040
    Frame 5500/9040
    Frame 6000/9040
    Frame 6500/9040
    Frame 7000/9040
    Frame 7500/9040
    Frame 8000/9040
    Frame 8500/9040
    Frame 9000/9040
  Saved 9040 aligned frames
Processing AFH1/BT
    Frame 500/10361
    Frame 1000/10361
    Frame 1500/10361
    Frame 2000/10361
    Frame 2500/10361
    Frame 3000/10361
    Frame 3500/10361
    Frame 4000/10361
    Frame 4500/10361
    Frame 5000/10361
    Frame 5500/10361
    Frame 6000/10361
    Frame 6500/10361
    Frame 7000/10361
    Frame 7500/10361
    Frame 8000/10361
    Frame 8500/10361
    Frame 9000/10361
    Frame 9500/10361
    Frame 10000/10361
  Saved 10361 aligned frames
Processing AFH1/CS
    Frame 500/5446
    Frame 1000/5446
    Frame 1500/5446
    Frame 2000/5446
    Frame 2500/5446
    Frame 3000/5446
    Frame 3500/5446
    Frame 4000/5446
    Frame 4500/5446
    Frame 5000/5446
  Saved 5446 aligned frames
Processing AFH1/CT
    Frame 500/9112
    Frame 1000/9112
    Frame 1500/9112
    Frame 2000/9112
    Frame 2500/9112
    Frame 3000/9112
    Frame 3500/9112
    Frame 4000/9112
    Frame 4500/9112
    Frame 5000/9112
    Frame 5500/9112
    Frame 6000/9112
    Frame 6500/9112
    Frame 7000/9112
    Frame 7500/9112
    Frame 8000/9112
    Frame 8500/9112
    Frame 9000/9112
  Saved 9112 aligned frames
Processing AFW2/AS
    Frame 500/9029
    Frame 1000/9029
    Frame 1500/9029
    Frame 2000/9029
    Frame 2500/9029
    Frame 3000/9029
    Frame 3500/9029
    Frame 4000/9029
    Frame 4500/9029
    Frame 5000/9029
    Frame 5500/9029
    Frame 6000/9029
    Frame 6500/9029
    Frame 7000/9029
    Frame 7500/9029
    Frame 8000/9029
    Frame 8500/9029
    Frame 9000/9029
  Saved 9029 aligned frames
Processing AFW2/AT
    Frame 500/9043
    Frame 1000/9043
    Frame 1500/9043
    Frame 2000/9043
    Frame 2500/9043
    Frame 3000/9043
    Frame 3500/9043
    Frame 4000/9043
    Frame 4500/9043
    Frame 5000/9043
    Frame 5500/9043
    Frame 6000/9043
    Frame 6500/9043
    Frame 7000/9043
    Frame 7500/9043
    Frame 8000/9043
    Frame 8500/9043
    Frame 9000/9043
  Saved 9043 aligned frames
Processing AFW2/BS
    Frame 500/9033
    Frame 1000/9033
    Frame 1500/9033
    Frame 2000/9033
    Frame 2500/9033
    Frame 3000/9033
    Frame 3500/9033
    Frame 4000/9033
    Frame 4500/9033
    Frame 5000/9033
    Frame 5500/9033
    Frame 6000/9033
    Frame 6500/9033
    Frame 7000/9033
    Frame 7500/9033
    Frame 8000/9033
    Frame 8500/9033
    Frame 9000/9033
  Saved 9033 aligned frames
Processing AFW2/BT
    Frame 500/9935
    Frame 1000/9935
    Frame 1500/9935
    Frame 2000/9935
    Frame 2500/9935
    Frame 3000/9935
    Frame 3500/9935
    Frame 4000/9935
    Frame 4500/9935
    Frame 5000/9935
    Frame 5500/9935
    Frame 6000/9935
    Frame 6500/9935
    Frame 7000/9935
    Frame 7500/9935
    Frame 8000/9935
    Frame 8500/9935
    Frame 9000/9935
    Frame 9500/9935
  Saved 9935 aligned frames
Processing AFW2/CS
    Frame 500/10289
    Frame 1000/10289
    Frame 1500/10289
    Frame 2000/10289
    Frame 2500/10289
    Frame 3000/10289
    Frame 3500/10289
    Frame 4000/10289
    Frame 4500/10289
    Frame 5000/10289
    Frame 5500/10289
    Frame 6000/10289
    Frame 6500/10289
    Frame 7000/10289
    Frame 7500/10289
    Frame 8000/10289
    Frame 8500/10289
    Frame 9000/10289
    Frame 9500/10289
    Frame 10000/10289
  Saved 10289 aligned frames
Processing AFW2/CT
    Frame 500/9071
    Frame 1000/9071
    Frame 1500/9071
    Frame 2000/9071
    Frame 2500/9071
    Frame 3000/9071
    Frame 3500/9071
    Frame 4000/9071
    Frame 4500/9071
    Frame 5000/9071
    Frame 5500/9071
    Frame 6000/9071
    Frame 6500/9071
    Frame 7000/9071
    Frame 7500/9071
    Frame 8000/9071
    Frame 8500/9071
    Frame 9000/9071
  Saved 9071 aligned frames
Processing AFZ2/AS
    Frame 500/10171
    Frame 1000/10171
    Frame 1500/10171
    Frame 2000/10171
    Frame 2500/10171
    Frame 3000/10171
    Frame 3500/10171
    Frame 4000/10171
    Frame 4500/10171
    Frame 5000/10171
    Frame 5500/10171
    Frame 6000/10171
    Frame 6500/10171
    Frame 7000/10171
    Frame 7500/10171
    Frame 8000/10171
    Frame 8500/10171
    Frame 9000/10171
    Frame 9500/10171
    Frame 10000/10171
  Saved 10171 aligned frames
Processing AFZ2/AT
    Frame 500/9352
    Frame 1000/9352
    Frame 1500/9352
    Frame 2000/9352
    Frame 2500/9352
    Frame 3000/9352
    Frame 3500/9352
    Frame 4000/9352
    Frame 4500/9352
    Frame 5000/9352
    Frame 5500/9352
    Frame 6000/9352
    Frame 6500/9352
    Frame 7000/9352
    Frame 7500/9352
    Frame 8000/9352
    Frame 8500/9352
    Frame 9000/9352
  Saved 9352 aligned frames
Processing AFZ2/BS
    Frame 500/7395
    Frame 1000/7395
    Frame 1500/7395
    Frame 2000/7395
    Frame 2500/7395
    Frame 3000/7395
    Frame 3500/7395
    Frame 4000/7395
    Frame 4500/7395
    Frame 5000/7395
    Frame 5500/7395
    Frame 6000/7395
    Frame 6500/7395
    Frame 7000/7395
  Saved 7395 aligned frames
Processing AFZ2/BT
    Frame 500/9422
    Frame 1000/9422
    Frame 1500/9422
    Frame 2000/9422
    Frame 2500/9422
    Frame 3000/9422
    Frame 3500/9422
    Frame 4000/9422
    Frame 4500/9422
    Frame 5000/9422
    Frame 5500/9422
    Frame 6000/9422
    Frame 6500/9422
    Frame 7000/9422
    Frame 7500/9422
    Frame 8000/9422
    Frame 8500/9422
    Frame 9000/9422
  Saved 9422 aligned frames
Processing AFZ2/CS
    Frame 500/9215
    Frame 1000/9215
    Frame 1500/9215
    Frame 2000/9215
    Frame 2500/9215
    Frame 3000/9215
    Frame 3500/9215
    Frame 4000/9215
    Frame 4500/9215
    Frame 5000/9215
    Frame 5500/9215
    Frame 6000/9215
    Frame 6500/9215
    Frame 7000/9215
    Frame 7500/9215
    Frame 8000/9215
    Frame 8500/9215
    Frame 9000/9215
  Saved 9215 aligned frames
Processing AFZ2/CT
    Frame 500/9692
    Frame 1000/9692
    Frame 1500/9692
    Frame 2000/9692
    Frame 2500/9692
    Frame 3000/9692
    Frame 3500/9692
    Frame 4000/9692
    Frame 4500/9692
    Frame 5000/9692
    Frame 5500/9692
    Frame 6000/9692
    Frame 6500/9692
    Frame 7000/9692
    Frame 7500/9692
    Frame 8000/9692
    Frame 8500/9692
    Frame 9000/9692
    Frame 9500/9692
  Saved 9692 aligned frames
Processing AMH2/BS
    Frame 500/9042
    Frame 1000/9042
    Frame 1500/9042
    Frame 2000/9042
    Frame 2500/9042
    Frame 3000/9042
    Frame 3500/9042
    Frame 4000/9042
    Frame 4500/9042
    Frame 5000/9042
    Frame 5500/9042
    Frame 6000/9042
    Frame 6500/9042
    Frame 7000/9042
    Frame 7500/9042
    Frame 8000/9042
    Frame 8500/9042
    Frame 9000/9042
  Saved 9042 aligned frames
Processing AMH2/BT
    Frame 500/10010
    Frame 1000/10010
    Frame 1500/10010
    Frame 2000/10010
    Frame 2500/10010
    Frame 3000/10010
    Frame 3500/10010
    Frame 4000/10010
    Frame 4500/10010
    Frame 5000/10010
    Frame 5500/10010
    Frame 6000/10010
    Frame 6500/10010
    Frame 7000/10010
    Frame 7500/10010
    Frame 8000/10010
    Frame 8500/10010
    Frame 9000/10010
    Frame 9500/10010
    Frame 10000/10010
  Saved 10010 aligned frames
Processing AMH2/CT
    Frame 500/9146
    Frame 1000/9146
    Frame 1500/9146
    Frame 2000/9146
    Frame 2500/9146
    Frame 3000/9146
    Frame 3500/9146
    Frame 4000/9146
    Frame 4500/9146
    Frame 5000/9146
    Frame 5500/9146
    Frame 6000/9146
    Frame 6500/9146
    Frame 7000/9146
    Frame 7500/9146
    Frame 8000/9146
    Frame 8500/9146
    Frame 9000/9146
  Saved 9146 aligned frames
Processing AMY1/AS
    Frame 500/9036
    Frame 1000/9036
    Frame 1500/9036
    Frame 2000/9036
    Frame 2500/9036
    Frame 3000/9036
    Frame 3500/9036
    Frame 4000/9036
    Frame 4500/9036
    Frame 5000/9036
    Frame 5500/9036
    Frame 6000/9036
    Frame 6500/9036
    Frame 7000/9036
    Frame 7500/9036
    Frame 8000/9036
    Frame 8500/9036
    Frame 9000/9036
  Saved 9036 aligned frames
Processing AMY1/AT
    Frame 500/9064
    Frame 1000/9064
    Frame 1500/9064
    Frame 2000/9064
    Frame 2500/9064
    Frame 3000/9064
    Frame 3500/9064
    Frame 4000/9064
    Frame 4500/9064
    Frame 5000/9064
    Frame 5500/9064
    Frame 6000/9064
    Frame 6500/9064
    Frame 7000/9064
    Frame 7500/9064
    Frame 8000/9064
    Frame 8500/9064
    Frame 9000/9064
  Saved 9064 aligned frames
Processing AMY1/BS
    Frame 500/9058
    Frame 1000/9058
    Frame 1500/9058
    Frame 2000/9058
    Frame 2500/9058
    Frame 3000/9058
    Frame 3500/9058
    Frame 4000/9058
    Frame 4500/9058
    Frame 5000/9058
    Frame 5500/9058
    Frame 6000/9058
    Frame 6500/9058
    Frame 7000/9058
    Frame 7500/9058
    Frame 8000/9058
    Frame 8500/9058
    Frame 9000/9058
  Saved 9058 aligned frames
Processing AMY1/BT
    Frame 500/9441
    Frame 1000/9441
    Frame 1500/9441
    Frame 2000/9441
    Frame 2500/9441
    Frame 3000/9441
    Frame 3500/9441
    Frame 4000/9441
    Frame 4500/9441
    Frame 5000/9441
    Frame 5500/9441
    Frame 6000/9441
    Frame 6500/9441
    Frame 7000/9441
    Frame 7500/9441
    Frame 8000/9441
    Frame 8500/9441
    Frame 9000/9441
  Saved 9441 aligned frames
Processing AMY1/CS
    Frame 500/9049
    Frame 1000/9049
    Frame 1500/9049
    Frame 2000/9049
    Frame 2500/9049
    Frame 3000/9049
    Frame 3500/9049
    Frame 4000/9049
    Frame 4500/9049
    Frame 5000/9049
    Frame 5500/9049
    Frame 6000/9049
    Frame 6500/9049
    Frame 7000/9049
    Frame 7500/9049
    Frame 8000/9049
    Frame 8500/9049
    Frame 9000/9049
  Saved 9049 aligned frames
Processing AMY1/CT
    Frame 500/9199
    Frame 1000/9199
    Frame 1500/9199
    Frame 2000/9199
    Frame 2500/9199
    Frame 3000/9199
    Frame 3500/9199
    Frame 4000/9199
    Frame 4500/9199
    Frame 5000/9199
    Frame 5500/9199
    Frame 6000/9199
    Frame 6500/9199
    Frame 7000/9199
    Frame 7500/9199
    Frame 8000/9199
    Frame 8500/9199
    Frame 9000/9199
  Saved 9199 aligned frames
Processing AMZ4/AS
    Frame 500/9345
    Frame 1000/9345
    Frame 1500/9345
    Frame 2000/9345
    Frame 2500/9345
    Frame 3000/9345
    Frame 3500/9345
    Frame 4000/9345
    Frame 4500/9345
    Frame 5000/9345
    Frame 5500/9345
    Frame 6000/9345
    Frame 6500/9345
    Frame 7000/9345
    Frame 7500/9345
    Frame 8000/9345
    Frame 8500/9345
    Frame 9000/9345
  Saved 9345 aligned frames
Processing AMZ4/AT
    Frame 500/10246
    Frame 1000/10246
    Frame 1500/10246
    Frame 2000/10246
    Frame 2500/10246
    Frame 3000/10246
    Frame 3500/10246
    Frame 4000/10246
    Frame 4500/10246
    Frame 5000/10246
    Frame 5500/10246
    Frame 6000/10246
    Frame 6500/10246
    Frame 7000/10246
    Frame 7500/10246
    Frame 8000/10246
    Frame 8500/10246
    Frame 9000/10246
    Frame 9500/10246
    Frame 10000/10246
  Saved 10246 aligned frames
Processing AMZ4/BS
    Frame 500/9395
    Frame 1000/9395
    Frame 1500/9395
    Frame 2000/9395
    Frame 2500/9395
    Frame 3000/9395
    Frame 3500/9395
    Frame 4000/9395
    Frame 4500/9395
    Frame 5000/9395
    Frame 5500/9395
    Frame 6000/9395
    Frame 6500/9395
    Frame 7000/9395
    Frame 7500/9395
    Frame 8000/9395
    Frame 8500/9395
    Frame 9000/9395
  Saved 9395 aligned frames
Processing AMZ4/BT
    Frame 500/11637
    Frame 1000/11637
    Frame 1500/11637
    Frame 2000/11637
    Frame 2500/11637
    Frame 3000/11637
    Frame 3500/11637
    Frame 4000/11637
    Frame 4500/11637
    Frame 5000/11637
    Frame 5500/11637
    Frame 6000/11637
    Frame 6500/11637
    Frame 7000/11637
    Frame 7500/11637
    Frame 8000/11637
    Frame 8500/11637
    Frame 9000/11637
    Frame 9500/11637
    Frame 10000/11637
    Frame 10500/11637
    Frame 11000/11637
    Frame 11500/11637
  Saved 11637 aligned frames
Processing AMZ4/CS
    Frame 500/9045
    Frame 1000/9045
    Frame 1500/9045
    Frame 2000/9045
    Frame 2500/9045
    Frame 3000/9045
    Frame 3500/9045
    Frame 4000/9045
    Frame 4500/9045
    Frame 5000/9045
    Frame 5500/9045
    Frame 6000/9045
    Frame 6500/9045
    Frame 7000/9045
    Frame 7500/9045
    Frame 8000/9045
    Frame 8500/9045
    Frame 9000/9045
  Saved 9045 aligned frames
Processing AMZ4/CT
    Frame 500/11248
    Frame 1000/11248
    Frame 1500/11248
    Frame 2000/11248
    Frame 2500/11248
    Frame 3000/11248
    Frame 3500/11248
    Frame 4000/11248
    Frame 4500/11248
    Frame 5000/11248
    Frame 5500/11248
    Frame 6000/11248
    Frame 6500/11248
    Frame 7000/11248
    Frame 7500/11248
    Frame 8000/11248
    Frame 8500/11248
    Frame 9000/11248
    Frame 9500/11248
    Frame 10000/11248
    Frame 10500/11248
    Frame 11000/11248
  Saved 11248 aligned frames
Processing BFW1/AS
    Frame 500/9051
    Frame 1000/9051
    Frame 1500/9051
    Frame 2000/9051
    Frame 2500/9051
    Frame 3000/9051
    Frame 3500/9051
    Frame 4000/9051
    Frame 4500/9051
    Frame 5000/9051
    Frame 5500/9051
    Frame 6000/9051
    Frame 6500/9051
    Frame 7000/9051
    Frame 7500/9051
    Frame 8000/9051
    Frame 8500/9051
    Frame 9000/9051
  Saved 9051 aligned frames
Processing BFW1/AT
    Frame 500/9753
    Frame 1000/9753
    Frame 1500/9753
    Frame 2000/9753
    Frame 2500/9753
    Frame 3000/9753
    Frame 3500/9753
    Frame 4000/9753
    Frame 4500/9753
    Frame 5000/9753
    Frame 5500/9753
    Frame 6000/9753
    Frame 6500/9753
    Frame 7000/9753
    Frame 7500/9753
    Frame 8000/9753
    Frame 8500/9753
    Frame 9000/9753
    Frame 9500/9753
  Saved 9753 aligned frames
Processing BFW1/BS
    Frame 500/9037
    Frame 1000/9037
    Frame 1500/9037
    Frame 2000/9037
    Frame 2500/9037
    Frame 3000/9037
    Frame 3500/9037
    Frame 4000/9037
    Frame 4500/9037
    Frame 5000/9037
    Frame 5500/9037
    Frame 6000/9037
    Frame 6500/9037
    Frame 7000/9037
    Frame 7500/9037
    Frame 8000/9037
    Frame 8500/9037
    Frame 9000/9037
  Saved 9037 aligned frames
Processing BFW1/BT
    Frame 500/9747
    Frame 1000/9747
    Frame 1500/9747
    Frame 2000/9747
    Frame 2500/9747
    Frame 3000/9747
    Frame 3500/9747
    Frame 4000/9747
    Frame 4500/9747
    Frame 5000/9747
    Frame 5500/9747
    Frame 6000/9747
    Frame 6500/9747
    Frame 7000/9747
    Frame 7500/9747
    Frame 8000/9747
    Frame 8500/9747
    Frame 9000/9747
    Frame 9500/9747
  Saved 9747 aligned frames
Processing BFW1/CS
    Frame 500/9041
    Frame 1000/9041
    Frame 1500/9041
    Frame 2000/9041
    Frame 2500/9041
    Frame 3000/9041
    Frame 3500/9041
    Frame 4000/9041
    Frame 4500/9041
    Frame 5000/9041
    Frame 5500/9041
    Frame 6000/9041
    Frame 6500/9041
    Frame 7000/9041
    Frame 7500/9041
    Frame 8000/9041
    Frame 8500/9041
    Frame 9000/9041
  Saved 9041 aligned frames
Processing BFW1/CT
    Frame 500/9205
    Frame 1000/9205
    Frame 1500/9205
    Frame 2000/9205
    Frame 2500/9205
    Frame 3000/9205
    Frame 3500/9205
    Frame 4000/9205
    Frame 4500/9205
    Frame 5000/9205
    Frame 5500/9205
    Frame 6000/9205
    Frame 6500/9205
    Frame 7000/9205
    Frame 7500/9205
    Frame 8000/9205
    Frame 8500/9205
    Frame 9000/9205
  Saved 9205 aligned frames
Processing BFY2/AS
    Frame 500/9045
    Frame 1000/9045
    Frame 1500/9045
    Frame 2000/9045
    Frame 2500/9045
    Frame 3000/9045
    Frame 3500/9045
    Frame 4000/9045
    Frame 4500/9045
    Frame 5000/9045
    Frame 5500/9045
    Frame 6000/9045
    Frame 6500/9045
    Frame 7000/9045
    Frame 7500/9045
    Frame 8000/9045
    Frame 8500/9045
    Frame 9000/9045
  Saved 9045 aligned frames
Processing BFY2/AT
    Frame 500/11166
    Frame 1000/11166
    Frame 1500/11166
    Frame 2000/11166
    Frame 2500/11166
    Frame 3000/11166
    Frame 3500/11166
    Frame 4000/11166
    Frame 4500/11166
    Frame 5000/11166
    Frame 5500/11166
    Frame 6000/11166
    Frame 6500/11166
    Frame 7000/11166
    Frame 7500/11166
    Frame 8000/11166
    Frame 8500/11166
    Frame 9000/11166
    Frame 9500/11166
    Frame 10000/11166
    Frame 10500/11166
    Frame 11000/11166
  Saved 11166 aligned frames
Processing BFY2/BS
    Frame 500/9091
    Frame 1000/9091
    Frame 1500/9091
    Frame 2000/9091
    Frame 2500/9091
    Frame 3000/9091
    Frame 3500/9091
    Frame 4000/9091
    Frame 4500/9091
    Frame 5000/9091
    Frame 5500/9091
    Frame 6000/9091
    Frame 6500/9091
    Frame 7000/9091
    Frame 7500/9091
    Frame 8000/9091
    Frame 8500/9091
    Frame 9000/9091
  Saved 9091 aligned frames
Processing BFY2/BT
    Frame 500/13001
    Frame 1000/13001
    Frame 1500/13001
    Frame 2000/13001
    Frame 2500/13001
    Frame 3000/13001
    Frame 3500/13001
    Frame 4000/13001
    Frame 4500/13001
    Frame 5000/13001
    Frame 5500/13001
    Frame 6000/13001
    Frame 6500/13001
    Frame 7000/13001
    Frame 7500/13001
    Frame 8000/13001
    Frame 8500/13001
    Frame 9000/13001
    Frame 9500/13001
    Frame 10000/13001
    Frame 10500/13001
    Frame 11000/13001
    Frame 11500/13001
    Frame 12000/13001
    Frame 12500/13001
    Frame 13000/13001
  Saved 13001 aligned frames
Processing BFY2/CS
    Frame 500/11858
    Frame 1000/11858
    Frame 1500/11858
    Frame 2000/11858
    Frame 2500/11858
    Frame 3000/11858
    Frame 3500/11858
    Frame 4000/11858
    Frame 4500/11858
    Frame 5000/11858
    Frame 5500/11858
    Frame 6000/11858
    Frame 6500/11858
    Frame 7000/11858
    Frame 7500/11858
    Frame 8000/11858
    Frame 8500/11858
    Frame 9000/11858
    Frame 9500/11858
    Frame 10000/11858
    Frame 10500/11858
    Frame 11000/11858
    Frame 11500/11858
  Saved 11858 aligned frames
Processing BFY2/CT
    Frame 500/9446
    Frame 1000/9446
    Frame 1500/9446
    Frame 2000/9446
    Frame 2500/9446
    Frame 3000/9446
    Frame 3500/9446
    Frame 4000/9446
    Frame 4500/9446
    Frame 5000/9446
    Frame 5500/9446
    Frame 6000/9446
    Frame 6500/9446
    Frame 7000/9446
    Frame 7500/9446
    Frame 8000/9446
    Frame 8500/9446
    Frame 9000/9446
  Saved 9446 aligned frames
Processing BMH1/AS
    Frame 500/9125
    Frame 1000/9125
    Frame 1500/9125
    Frame 2000/9125
    Frame 2500/9125
    Frame 3000/9125
    Frame 3500/9125
    Frame 4000/9125
    Frame 4500/9125
    Frame 5000/9125
    Frame 5500/9125
    Frame 6000/9125
    Frame 6500/9125
    Frame 7000/9125
    Frame 7500/9125
    Frame 8000/9125
    Frame 8500/9125
    Frame 9000/9125
  Saved 9125 aligned frames
Processing BMH1/AT
    Frame 500/9189
    Frame 1000/9189
    Frame 1500/9189
    Frame 2000/9189
    Frame 2500/9189
    Frame 3000/9189
    Frame 3500/9189
    Frame 4000/9189
    Frame 4500/9189
    Frame 5000/9189
    Frame 5500/9189
    Frame 6000/9189
    Frame 6500/9189
    Frame 7000/9189
    Frame 7500/9189
    Frame 8000/9189
    Frame 8500/9189
    Frame 9000/9189
  Saved 9189 aligned frames
Processing BMH1/BS
    Frame 500/9397
    Frame 1000/9397
    Frame 1500/9397
    Frame 2000/9397
    Frame 2500/9397
    Frame 3000/9397
    Frame 3500/9397
    Frame 4000/9397
    Frame 4500/9397
    Frame 5000/9397
    Frame 5500/9397
    Frame 6000/9397
    Frame 6500/9397
    Frame 7000/9397
    Frame 7500/9397
    Frame 8000/9397
    Frame 8500/9397
    Frame 9000/9397
  Saved 9397 aligned frames
Processing BMH1/BT
    Frame 500/9079
    Frame 1000/9079
    Frame 1500/9079
    Frame 2000/9079
    Frame 2500/9079
    Frame 3000/9079
    Frame 3500/9079
    Frame 4000/9079
    Frame 4500/9079
    Frame 5000/9079
    Frame 5500/9079
    Frame 6000/9079
    Frame 6500/9079
    Frame 7000/9079
    Frame 7500/9079
    Frame 8000/9079
    Frame 8500/9079
    Frame 9000/9079
  Saved 9079 aligned frames
Processing BMH1/CS
    Frame 500/7830
    Frame 1000/7830
    Frame 1500/7830
    Frame 2000/7830
    Frame 2500/7830
    Frame 3000/7830
    Frame 3500/7830
    Frame 4000/7830
    Frame 4500/7830
    Frame 5000/7830
    Frame 5500/7830
    Frame 6000/7830
    Frame 6500/7830
    Frame 7000/7830
    Frame 7500/7830
  Saved 7830 aligned frames
Processing BMH1/CT
    Frame 500/11911
    Frame 1000/11911
    Frame 1500/11911
    Frame 2000/11911
    Frame 2500/11911
    Frame 3000/11911
    Frame 3500/11911
    Frame 4000/11911
    Frame 4500/11911
    Frame 5000/11911
    Frame 5500/11911
    Frame 6000/11911
    Frame 6500/11911
    Frame 7000/11911
    Frame 7500/11911
    Frame 8000/11911
    Frame 8500/11911
    Frame 9000/11911
    Frame 9500/11911
    Frame 10000/11911
    Frame 10500/11911
    Frame 11000/11911
    Frame 11500/11911
  Saved 11911 aligned frames
Processing BMW2/AS
    Frame 500/9835
    Frame 1000/9835
    Frame 1500/9835
    Frame 2000/9835
    Frame 2500/9835
    Frame 3000/9835
    Frame 3500/9835
    Frame 4000/9835
    Frame 4500/9835
    Frame 5000/9835
    Frame 5500/9835
    Frame 6000/9835
    Frame 6500/9835
    Frame 7000/9835
    Frame 7500/9835
    Frame 8000/9835
    Frame 8500/9835
    Frame 9000/9835
    Frame 9500/9835
  Saved 9835 aligned frames
Processing BMW2/AT
    Frame 500/9321
    Frame 1000/9321
    Frame 1500/9321
    Frame 2000/9321
    Frame 2500/9321
    Frame 3000/9321
    Frame 3500/9321
    Frame 4000/9321
    Frame 4500/9321
    Frame 5000/9321
    Frame 5500/9321
    Frame 6000/9321
    Frame 6500/9321
    Frame 7000/9321
    Frame 7500/9321
    Frame 8000/9321
    Frame 8500/9321
    Frame 9000/9321
  Saved 9321 aligned frames
Processing BMW2/BS
    Frame 500/9045
    Frame 1000/9045
    Frame 1500/9045
    Frame 2000/9045
    Frame 2500/9045
    Frame 3000/9045
    Frame 3500/9045
    Frame 4000/9045
    Frame 4500/9045
    Frame 5000/9045
    Frame 5500/9045
    Frame 6000/9045
    Frame 6500/9045
    Frame 7000/9045
    Frame 7500/9045
    Frame 8000/9045
    Frame 8500/9045
    Frame 9000/9045
  Saved 9045 aligned frames
Processing BMW2/BT
    Frame 500/10261
    Frame 1000/10261
    Frame 1500/10261
    Frame 2000/10261
    Frame 2500/10261
    Frame 3000/10261
    Frame 3500/10261
    Frame 4000/10261
    Frame 4500/10261
    Frame 5000/10261
    Frame 5500/10261
    Frame 6000/10261
    Frame 6500/10261
    Frame 7000/10261
    Frame 7500/10261
    Frame 8000/10261
    Frame 8500/10261
    Frame 9000/10261
    Frame 9500/10261
    Frame 10000/10261
  Saved 10261 aligned frames
Processing BMW2/CS
    Frame 500/9523
    Frame 1000/9523
    Frame 1500/9523
    Frame 2000/9523
    Frame 2500/9523
    Frame 3000/9523
    Frame 3500/9523
    Frame 4000/9523
    Frame 4500/9523
    Frame 5000/9523
    Frame 5500/9523
    Frame 6000/9523
    Frame 6500/9523
    Frame 7000/9523
    Frame 7500/9523
    Frame 8000/9523
    Frame 8500/9523
    Frame 9000/9523
    Frame 9500/9523
  Saved 9523 aligned frames
Processing BMW2/CT
    Frame 500/9047
    Frame 1000/9047
    Frame 1500/9047
    Frame 2000/9047
    Frame 2500/9047
    Frame 3000/9047
    Frame 3500/9047
    Frame 4000/9047
    Frame 4500/9047
    Frame 5000/9047
    Frame 5500/9047
    Frame 6000/9047
    Frame 6500/9047
    Frame 7000/9047
    Frame 7500/9047
    Frame 8000/9047
    Frame 8500/9047
    Frame 9000/9047
  Saved 9047 aligned frames
Processing BMZ1/AS
    Frame 500/9080
    Frame 1000/9080
    Frame 1500/9080
    Frame 2000/9080
    Frame 2500/9080
    Frame 3000/9080
    Frame 3500/9080
    Frame 4000/9080
    Frame 4500/9080
    Frame 5000/9080
    Frame 5500/9080
    Frame 6000/9080
    Frame 6500/9080
    Frame 7000/9080
    Frame 7500/9080
    Frame 8000/9080
    Frame 8500/9080
    Frame 9000/9080
  Saved 9080 aligned frames
Processing BMZ1/AT
    Frame 500/7517
    Frame 1000/7517
    Frame 1500/7517
    Frame 2000/7517
    Frame 2500/7517
    Frame 3000/7517
    Frame 3500/7517
    Frame 4000/7517
    Frame 4500/7517
    Frame 5000/7517
    Frame 5500/7517
    Frame 6000/7517
    Frame 6500/7517
    Frame 7000/7517
    Frame 7500/7517
  Saved 7517 aligned frames
Processing BMZ1/BS
    Frame 500/9352
    Frame 1000/9352
    Frame 1500/9352
    Frame 2000/9352
    Frame 2500/9352
    Frame 3000/9352
    Frame 3500/9352
    Frame 4000/9352
    Frame 4500/9352
    Frame 5000/9352
    Frame 5500/9352
    Frame 6000/9352
    Frame 6500/9352
    Frame 7000/9352
    Frame 7500/9352
    Frame 8000/9352
    Frame 8500/9352
    Frame 9000/9352
  Saved 9352 aligned frames
Processing BMZ1/BT
    Frame 500/9297
    Frame 1000/9297
    Frame 1500/9297
    Frame 2000/9297
    Frame 2500/9297
    Frame 3000/9297
    Frame 3500/9297
    Frame 4000/9297
    Frame 4500/9297
    Frame 5000/9297
    Frame 5500/9297
    Frame 6000/9297
    Frame 6500/9297
    Frame 7000/9297
    Frame 7500/9297
    Frame 8000/9297
    Frame 8500/9297
    Frame 9000/9297
  Saved 9297 aligned frames
Processing BMZ1/CS
    Frame 500/9505
    Frame 1000/9505
    Frame 1500/9505
    Frame 2000/9505
    Frame 2500/9505
    Frame 3000/9505
    Frame 3500/9505
    Frame 4000/9505
    Frame 4500/9505
    Frame 5000/9505
    Frame 5500/9505
    Frame 6000/9505
    Frame 6500/9505
    Frame 7000/9505
    Frame 7500/9505
    Frame 8000/9505
    Frame 8500/9505
    Frame 9000/9505
    Frame 9500/9505
  Saved 9505 aligned frames
Processing BMZ1/CT
    Frame 500/9146
    Frame 1000/9146
    Frame 1500/9146
    Frame 2000/9146
    Frame 2500/9146
    Frame 3000/9146
    Frame 3500/9146
    Frame 4000/9146
    Frame 4500/9146
    Frame 5000/9146
    Frame 5500/9146
    Frame 6000/9146
    Frame 6500/9146
    Frame 7000/9146
    Frame 7500/9146
    Frame 8000/9146
    Frame 8500/9146
    Frame 9000/9146
  Saved 9146 aligned frames
Processing CFH2/AS
    Frame 500/9325
    Frame 1000/9325
    Frame 1500/9325
    Frame 2000/9325
    Frame 2500/9325
    Frame 3000/9325
    Frame 3500/9325
    Frame 4000/9325
    Frame 4500/9325
    Frame 5000/9325
    Frame 5500/9325
    Frame 6000/9325
    Frame 6500/9325
    Frame 7000/9325
    Frame 7500/9325
    Frame 8000/9325
    Frame 8500/9325
    Frame 9000/9325
  Saved 9325 aligned frames
Processing CFH2/AT
    Frame 500/9332
    Frame 1000/9332
    Frame 1500/9332
    Frame 2000/9332
    Frame 2500/9332
    Frame 3000/9332
    Frame 3500/9332
    Frame 4000/9332
    Frame 4500/9332
    Frame 5000/9332
    Frame 5500/9332
    Frame 6000/9332
    Frame 6500/9332
    Frame 7000/9332
    Frame 7500/9332
    Frame 8000/9332
    Frame 8500/9332
    Frame 9000/9332
  Saved 9332 aligned frames
Processing CFH2/BS
    Frame 500/8189
    Frame 1000/8189
    Frame 1500/8189
    Frame 2000/8189
    Frame 2500/8189
    Frame 3000/8189
    Frame 3500/8189
    Frame 4000/8189
    Frame 4500/8189
    Frame 5000/8189
    Frame 5500/8189
    Frame 6000/8189
    Frame 6500/8189
    Frame 7000/8189
    Frame 7500/8189
    Frame 8000/8189
  Saved 8189 aligned frames
Processing CFH2/BT
    Frame 500/9691
    Frame 1000/9691
    Frame 1500/9691
    Frame 2000/9691
    Frame 2500/9691
    Frame 3000/9691
    Frame 3500/9691
    Frame 4000/9691
    Frame 4500/9691
    Frame 5000/9691
    Frame 5500/9691
    Frame 6000/9691
    Frame 6500/9691
    Frame 7000/9691
    Frame 7500/9691
    Frame 8000/9691
    Frame 8500/9691
    Frame 9000/9691
    Frame 9500/9691
  Saved 9691 aligned frames
Processing CFH2/CS
    Frame 500/9119
    Frame 1000/9119
    Frame 1500/9119
    Frame 2000/9119
    Frame 2500/9119
    Frame 3000/9119
    Frame 3500/9119
    Frame 4000/9119
    Frame 4500/9119
    Frame 5000/9119
    Frame 5500/9119
    Frame 6000/9119
    Frame 6500/9119
    Frame 7000/9119
    Frame 7500/9119
    Frame 8000/9119
    Frame 8500/9119
    Frame 9000/9119
  Saved 9119 aligned frames
Processing CFH2/CT
    Frame 500/9134
    Frame 1000/9134
    Frame 1500/9134
    Frame 2000/9134
    Frame 2500/9134
    Frame 3000/9134
    Frame 3500/9134
    Frame 4000/9134
    Frame 4500/9134
    Frame 5000/9134
    Frame 5500/9134
    Frame 6000/9134
    Frame 6500/9134
    Frame 7000/9134
    Frame 7500/9134
    Frame 8000/9134
    Frame 8500/9134
    Frame 9000/9134
  Saved 9134 aligned frames
Processing CFY1/AS
    Frame 500/9035
    Frame 1000/9035
    Frame 1500/9035
    Frame 2000/9035
    Frame 2500/9035
    Frame 3000/9035
    Frame 3500/9035
    Frame 4000/9035
    Frame 4500/9035
    Frame 5000/9035
    Frame 5500/9035
    Frame 6000/9035
    Frame 6500/9035
    Frame 7000/9035
    Frame 7500/9035
    Frame 8000/9035
    Frame 8500/9035
    Frame 9000/9035
  Saved 9035 aligned frames
Processing CFY1/AT
    Frame 500/9476
    Frame 1000/9476
    Frame 1500/9476
    Frame 2000/9476
    Frame 2500/9476
    Frame 3000/9476
    Frame 3500/9476
    Frame 4000/9476
    Frame 4500/9476
    Frame 5000/9476
    Frame 5500/9476
    Frame 6000/9476
    Frame 6500/9476
    Frame 7000/9476
    Frame 7500/9476
    Frame 8000/9476
    Frame 8500/9476
    Frame 9000/9476
  Saved 9476 aligned frames
Processing CFY1/BS
    Frame 500/9526
    Frame 1000/9526
    Frame 1500/9526
    Frame 2000/9526
    Frame 2500/9526
    Frame 3000/9526
    Frame 3500/9526
    Frame 4000/9526
    Frame 4500/9526
    Frame 5000/9526
    Frame 5500/9526
    Frame 6000/9526
    Frame 6500/9526
    Frame 7000/9526
    Frame 7500/9526
    Frame 8000/9526
    Frame 8500/9526
    Frame 9000/9526
    Frame 9500/9526
  Saved 9526 aligned frames
Processing CFY1/BT
    Frame 500/9706
    Frame 1000/9706
    Frame 1500/9706
    Frame 2000/9706
    Frame 2500/9706
    Frame 3000/9706
    Frame 3500/9706
    Frame 4000/9706
    Frame 4500/9706
    Frame 5000/9706
    Frame 5500/9706
    Frame 6000/9706
    Frame 6500/9706
    Frame 7000/9706
    Frame 7500/9706
    Frame 8000/9706
    Frame 8500/9706
    Frame 9000/9706
    Frame 9500/9706
  Saved 9706 aligned frames
Processing CFY1/CS
    Frame 500/11795
    Frame 1000/11795
    Frame 1500/11795
    Frame 2000/11795
    Frame 2500/11795
    Frame 3000/11795
    Frame 3500/11795
    Frame 4000/11795
    Frame 4500/11795
    Frame 5000/11795
    Frame 5500/11795
    Frame 6000/11795
    Frame 6500/11795
    Frame 7000/11795
    Frame 7500/11795
    Frame 8000/11795
    Frame 8500/11795
    Frame 9000/11795
    Frame 9500/11795
    Frame 10000/11795
    Frame 10500/11795
    Frame 11000/11795
    Frame 11500/11795
  Saved 11795 aligned frames
Processing CFY1/CT
    Frame 500/9337
    Frame 1000/9337
    Frame 1500/9337
    Frame 2000/9337
    Frame 2500/9337
    Frame 3000/9337
    Frame 3500/9337
    Frame 4000/9337
    Frame 4500/9337
    Frame 5000/9337
    Frame 5500/9337
    Frame 6000/9337
    Frame 6500/9337
    Frame 7000/9337
    Frame 7500/9337
    Frame 8000/9337
    Frame 8500/9337
    Frame 9000/9337
  Saved 9337 aligned frames
Processing CFZ2/AS
    Frame 500/9240
    Frame 1000/9240
    Frame 1500/9240
    Frame 2000/9240
    Frame 2500/9240
    Frame 3000/9240
    Frame 3500/9240
    Frame 4000/9240
    Frame 4500/9240
    Frame 5000/9240
    Frame 5500/9240
    Frame 6000/9240
    Frame 6500/9240
    Frame 7000/9240
    Frame 7500/9240
    Frame 8000/9240
    Frame 8500/9240
    Frame 9000/9240
  Saved 9240 aligned frames
Processing CFZ2/AT
    Frame 500/9919
    Frame 1000/9919
    Frame 1500/9919
    Frame 2000/9919
    Frame 2500/9919
    Frame 3000/9919
    Frame 3500/9919
    Frame 4000/9919
    Frame 4500/9919
    Frame 5000/9919
    Frame 5500/9919
    Frame 6000/9919
    Frame 6500/9919
    Frame 7000/9919
    Frame 7500/9919
    Frame 8000/9919
    Frame 8500/9919
    Frame 9000/9919
    Frame 9500/9919
  Saved 9919 aligned frames
Processing CFZ2/BS
    Frame 500/10633
    Frame 1000/10633
    Frame 1500/10633
    Frame 2000/10633
    Frame 2500/10633
    Frame 3000/10633
    Frame 3500/10633
    Frame 4000/10633
    Frame 4500/10633
    Frame 5000/10633
    Frame 5500/10633
    Frame 6000/10633
    Frame 6500/10633
    Frame 7000/10633
    Frame 7500/10633
    Frame 8000/10633
    Frame 8500/10633
    Frame 9000/10633
    Frame 9500/10633
    Frame 10000/10633
    Frame 10500/10633
  Saved 10633 aligned frames
Processing CFZ2/BT
    Frame 500/9903
    Frame 1000/9903
    Frame 1500/9903
    Frame 2000/9903
    Frame 2500/9903
    Frame 3000/9903
    Frame 3500/9903
    Frame 4000/9903
    Frame 4500/9903
    Frame 5000/9903
    Frame 5500/9903
    Frame 6000/9903
    Frame 6500/9903
    Frame 7000/9903
    Frame 7500/9903
    Frame 8000/9903
    Frame 8500/9903
    Frame 9000/9903
    Frame 9500/9903
  Saved 9903 aligned frames
Processing CFZ2/CS
    Frame 500/9999
    Frame 1000/9999
    Frame 1500/9999
    Frame 2000/9999
    Frame 2500/9999
    Frame 3000/9999
    Frame 3500/9999
    Frame 4000/9999
    Frame 4500/9999
    Frame 5000/9999
    Frame 5500/9999
    Frame 6000/9999
    Frame 6500/9999
    Frame 7000/9999
    Frame 7500/9999
    Frame 8000/9999
    Frame 8500/9999
    Frame 9000/9999
    Frame 9500/9999
  Saved 9999 aligned frames
Processing CFZ2/CT
    Frame 500/9527
    Frame 1000/9527
    Frame 1500/9527
    Frame 2000/9527
    Frame 2500/9527
    Frame 3000/9527
    Frame 3500/9527
    Frame 4000/9527
    Frame 4500/9527
    Frame 5000/9527
    Frame 5500/9527
    Frame 6000/9527
    Frame 6500/9527
    Frame 7000/9527
    Frame 7500/9527
    Frame 8000/9527
    Frame 8500/9527
    Frame 9000/9527
    Frame 9500/9527
  Saved 9527 aligned frames
Processing CMW1/AS
    Frame 500/9151
    Frame 1000/9151
    Frame 1500/9151
    Frame 2000/9151
    Frame 2500/9151
    Frame 3000/9151
    Frame 3500/9151
    Frame 4000/9151
    Frame 4500/9151
    Frame 5000/9151
    Frame 5500/9151
    Frame 6000/9151
    Frame 6500/9151
    Frame 7000/9151
    Frame 7500/9151
    Frame 8000/9151
    Frame 8500/9151
    Frame 9000/9151
  Saved 9151 aligned frames
Processing CMW1/AT
    Frame 500/9694
    Frame 1000/9694
    Frame 1500/9694
    Frame 2000/9694
    Frame 2500/9694
    Frame 3000/9694
    Frame 3500/9694
    Frame 4000/9694
    Frame 4500/9694
    Frame 5000/9694
    Frame 5500/9694
    Frame 6000/9694
    Frame 6500/9694
    Frame 7000/9694
    Frame 7500/9694
    Frame 8000/9694
    Frame 8500/9694
    Frame 9000/9694
    Frame 9500/9694
  Saved 9694 aligned frames
Processing CMW1/BS
    Frame 500/9911
    Frame 1000/9911
    Frame 1500/9911
    Frame 2000/9911
    Frame 2500/9911
    Frame 3000/9911
    Frame 3500/9911
    Frame 4000/9911
    Frame 4500/9911
    Frame 5000/9911
    Frame 5500/9911
    Frame 6000/9911
    Frame 6500/9911
    Frame 7000/9911
    Frame 7500/9911
    Frame 8000/9911
    Frame 8500/9911
    Frame 9000/9911
    Frame 9500/9911
  Saved 9911 aligned frames
Processing CMW1/BT
    Frame 500/9793
    Frame 1000/9793
    Frame 1500/9793
    Frame 2000/9793
    Frame 2500/9793
    Frame 3000/9793
    Frame 3500/9793
    Frame 4000/9793
    Frame 4500/9793
    Frame 5000/9793
    Frame 5500/9793
    Frame 6000/9793
    Frame 6500/9793
    Frame 7000/9793
    Frame 7500/9793
    Frame 8000/9793
    Frame 8500/9793
    Frame 9000/9793
    Frame 9500/9793
  Saved 9793 aligned frames
Processing CMW1/CS
    Frame 500/9590
    Frame 1000/9590
    Frame 1500/9590
    Frame 2000/9590
    Frame 2500/9590
    Frame 3000/9590
    Frame 3500/9590
    Frame 4000/9590
    Frame 4500/9590
    Frame 5000/9590
    Frame 5500/9590
    Frame 6000/9590
    Frame 6500/9590
    Frame 7000/9590
    Frame 7500/9590
    Frame 8000/9590
    Frame 8500/9590
    Frame 9000/9590
    Frame 9500/9590
  Saved 9590 aligned frames
Processing CMW1/CT
    Frame 500/9087
    Frame 1000/9087
    Frame 1500/9087
    Frame 2000/9087
    Frame 2500/9087
    Frame 3000/9087
    Frame 3500/9087
    Frame 4000/9087
    Frame 4500/9087
    Frame 5000/9087
    Frame 5500/9087
    Frame 6000/9087
    Frame 6500/9087
    Frame 7000/9087
    Frame 7500/9087
    Frame 8000/9087
    Frame 8500/9087
    Frame 9000/9087
  Saved 9087 aligned frames
Processing CMY2/AS
    Frame 500/9610
    Frame 1000/9610
    Frame 1500/9610
    Frame 2000/9610
    Frame 2500/9610
    Frame 3000/9610
    Frame 3500/9610
    Frame 4000/9610
    Frame 4500/9610
    Frame 5000/9610
    Frame 5500/9610
    Frame 6000/9610
    Frame 6500/9610
    Frame 7000/9610
    Frame 7500/9610
    Frame 8000/9610
    Frame 8500/9610
    Frame 9000/9610
    Frame 9500/9610
  Saved 9610 aligned frames
Processing CMY2/AT
    Frame 500/10463
    Frame 1000/10463
    Frame 1500/10463
    Frame 2000/10463
    Frame 2500/10463
    Frame 3000/10463
    Frame 3500/10463
    Frame 4000/10463
    Frame 4500/10463
    Frame 5000/10463
    Frame 5500/10463
    Frame 6000/10463
    Frame 6500/10463
    Frame 7000/10463
    Frame 7500/10463
    Frame 8000/10463
    Frame 8500/10463
    Frame 9000/10463
    Frame 9500/10463
    Frame 10000/10463
  Saved 10463 aligned frames
Processing CMY2/BS
    Frame 500/9156
    Frame 1000/9156
    Frame 1500/9156
    Frame 2000/9156
    Frame 2500/9156
    Frame 3000/9156
    Frame 3500/9156
    Frame 4000/9156
    Frame 4500/9156
    Frame 5000/9156
    Frame 5500/9156
    Frame 6000/9156
    Frame 6500/9156
    Frame 7000/9156
    Frame 7500/9156
    Frame 8000/9156
    Frame 8500/9156
    Frame 9000/9156
  Saved 9156 aligned frames
Processing CMY2/BT
    Frame 500/9091
    Frame 1000/9091
    Frame 1500/9091
    Frame 2000/9091
    Frame 2500/9091
    Frame 3000/9091
    Frame 3500/9091
    Frame 4000/9091
    Frame 4500/9091
    Frame 5000/9091
    Frame 5500/9091
    Frame 6000/9091
    Frame 6500/9091
    Frame 7000/9091
    Frame 7500/9091
    Frame 8000/9091
    Frame 8500/9091
    Frame 9000/9091
  Saved 9091 aligned frames
Processing CMY2/CS
    Frame 500/10013
    Frame 1000/10013
    Frame 1500/10013
    Frame 2000/10013
    Frame 2500/10013
    Frame 3000/10013
    Frame 3500/10013
    Frame 4000/10013
    Frame 4500/10013
    Frame 5000/10013
    Frame 5500/10013
    Frame 6000/10013
    Frame 6500/10013
    Frame 7000/10013
    Frame 7500/10013
    Frame 8000/10013
    Frame 8500/10013
    Frame 9000/10013
    Frame 9500/10013
    Frame 10000/10013
  Saved 10013 aligned frames
Processing CMY2/CT
    Frame 500/9648
    Frame 1000/9648
    Frame 1500/9648
    Frame 2000/9648
    Frame 2500/9648
    Frame 3000/9648
    Frame 3500/9648
    Frame 4000/9648
    Frame 4500/9648
    Frame 5000/9648
    Frame 5500/9648
    Frame 6000/9648
    Frame 6500/9648
    Frame 7000/9648
    Frame 7500/9648
    Frame 8000/9648
    Frame 8500/9648
    Frame 9000/9648
    Frame 9500/9648
  Saved 9648 aligned frames

Done! Processed 92 sessions.
