Processing 16 subjects: ['AFW1', 'AFY2', 'AMH1', 'AMW4', 'AMZ3', 'BFH2', 'BFY1', 'BFZ4', 'BMW1', 'BMY2', 'CFH1', 'CFW2', 'CFZ1', 'CMH2', 'CMY1', 'CMZ2']
Processing AFW1/AS
    Frame 500/9318
    Frame 1000/9318
    Frame 1500/9318
    Frame 2000/9318
    Frame 2500/9318
    Frame 3000/9318
    Frame 3500/9318
    Frame 4000/9318
    Frame 4500/9318
    Frame 5000/9318
    Frame 5500/9318
    Frame 6000/9318
    Frame 6500/9318
    Frame 7000/9318
    Frame 7500/9318
    Frame 8000/9318
    Frame 8500/9318
    Frame 9000/9318
  Saved 9318 aligned frames
Processing AFW1/AT
    Frame 500/11190
    Frame 1000/11190
    Frame 1500/11190
    Frame 2000/11190
    Frame 2500/11190
    Frame 3000/11190
    Frame 3500/11190
    Frame 4000/11190
    Frame 4500/11190
    Frame 5000/11190
    Frame 5500/11190
    Frame 6000/11190
    Frame 6500/11190
    Frame 7000/11190
    Frame 7500/11190
    Frame 8000/11190
    Frame 8500/11190
    Frame 9000/11190
    Frame 9500/11190
    Frame 10000/11190
    Frame 10500/11190
    Frame 11000/11190
  Saved 11190 aligned frames
Processing AFW1/BS
    Frame 500/10577
    Frame 1000/10577
    Frame 1500/10577
    Frame 2000/10577
    Frame 2500/10577
    Frame 3000/10577
    Frame 3500/10577
    Frame 4000/10577
    Frame 4500/10577
    Frame 5000/10577
    Frame 5500/10577
    Frame 6000/10577
    Frame 6500/10577
    Frame 7000/10577
    Frame 7500/10577
    Frame 8000/10577
    Frame 8500/10577
    Frame 9000/10577
    Frame 9500/10577
    Frame 10000/10577
    Frame 10500/10577
  Saved 10577 aligned frames
Processing AFW1/BT
    Frame 500/11032
    Frame 1000/11032
    Frame 1500/11032
    Frame 2000/11032
    Frame 2500/11032
    Frame 3000/11032
    Frame 3500/11032
    Frame 4000/11032
    Frame 4500/11032
    Frame 5000/11032
    Frame 5500/11032
    Frame 6000/11032
    Frame 6500/11032
    Frame 7000/11032
    Frame 7500/11032
    Frame 8000/11032
    Frame 8500/11032
    Frame 9000/11032
    Frame 9500/11032
    Frame 10000/11032
    Frame 10500/11032
    Frame 11000/11032
  Saved 11032 aligned frames
Processing AFW1/CS
    Frame 500/9406
    Frame 1000/9406
    Frame 1500/9406
    Frame 2000/9406
    Frame 2500/9406
    Frame 3000/9406
    Frame 3500/9406
    Frame 4000/9406
    Frame 4500/9406
    Frame 5000/9406
    Frame 5500/9406
    Frame 6000/9406
    Frame 6500/9406
    Frame 7000/9406
    Frame 7500/9406
    Frame 8000/9406
    Frame 8500/9406
    Frame 9000/9406
  Saved 9406 aligned frames
Processing AFW1/CT
    Frame 500/10264
    Frame 1000/10264
    Frame 1500/10264
    Frame 2000/10264
    Frame 2500/10264
    Frame 3000/10264
    Frame 3500/10264
    Frame 4000/10264
    Frame 4500/10264
    Frame 5000/10264
    Frame 5500/10264
    Frame 6000/10264
    Frame 6500/10264
    Frame 7000/10264
    Frame 7500/10264
    Frame 8000/10264
    Frame 8500/10264
    Frame 9000/10264
    Frame 9500/10264
    Frame 10000/10264
  Saved 10264 aligned frames
Processing AFY2/AS
    Frame 500/9231
    Frame 1000/9231
    Frame 1500/9231
    Frame 2000/9231
    Frame 2500/9231
    Frame 3000/9231
    Frame 3500/9231
    Frame 4000/9231
    Frame 4500/9231
    Frame 5000/9231
    Frame 5500/9231
    Frame 6000/9231
    Frame 6500/9231
    Frame 7000/9231
    Frame 7500/9231
    Frame 8000/9231
    Frame 8500/9231
    Frame 9000/9231
  Saved 9231 aligned frames
Processing AFY2/AT
    Frame 500/9274
    Frame 1000/9274
    Frame 1500/9274
    Frame 2000/9274
    Frame 2500/9274
    Frame 3000/9274
    Frame 3500/9274
    Frame 4000/9274
    Frame 4500/9274
    Frame 5000/9274
    Frame 5500/9274
    Frame 6000/9274
    Frame 6500/9274
    Frame 7000/9274
    Frame 7500/9274
    Frame 8000/9274
    Frame 8500/9274
    Frame 9000/9274
  Saved 9274 aligned frames
Processing AFY2/BS
    Frame 500/9040
    Frame 1000/9040
    Frame 1500/9040
    Frame 2000/9040
    Frame 2500/9040
    Frame 3000/9040
    Frame 3500/9040
    Frame 4000/9040
    Frame 4500/9040
    Frame 5000/9040
    Frame 5500/9040
    Frame 6000/9040
    Frame 6500/9040
    Frame 7000/9040
    Frame 7500/9040
    Frame 8000/9040
    Frame 8500/9040
    Frame 9000/9040
  Saved 9040 aligned frames
Processing AFY2/BT
    Frame 500/9390
    Frame 1000/9390
    Frame 1500/9390
    Frame 2000/9390
    Frame 2500/9390
    Frame 3000/9390
    Frame 3500/9390
    Frame 4000/9390
    Frame 4500/9390
    Frame 5000/9390
    Frame 5500/9390
    Frame 6000/9390
    Frame 6500/9390
    Frame 7000/9390
    Frame 7500/9390
    Frame 8000/9390
    Frame 8500/9390
    Frame 9000/9390
  Saved 9390 aligned frames
Processing AFY2/CS
    Frame 500/9330
    Frame 1000/9330
    Frame 1500/9330
    Frame 2000/9330
    Frame 2500/9330
    Frame 3000/9330
    Frame 3500/9330
    Frame 4000/9330
    Frame 4500/9330
    Frame 5000/9330
    Frame 5500/9330
    Frame 6000/9330
    Frame 6500/9330
    Frame 7000/9330
    Frame 7500/9330
    Frame 8000/9330
    Frame 8500/9330
    Frame 9000/9330
  Saved 9330 aligned frames
Processing AFY2/CT
    Frame 500/9082
    Frame 1000/9082
    Frame 1500/9082
    Frame 2000/9082
    Frame 2500/9082
    Frame 3000/9082
    Frame 3500/9082
    Frame 4000/9082
    Frame 4500/9082
    Frame 5000/9082
    Frame 5500/9082
    Frame 6000/9082
    Frame 6500/9082
    Frame 7000/9082
    Frame 7500/9082
    Frame 8000/9082
    Frame 8500/9082
    Frame 9000/9082
  Saved 9082 aligned frames
Processing AMH1/AS
    Frame 500/9088
    Frame 1000/9088
    Frame 1500/9088
    Frame 2000/9088
    Frame 2500/9088
    Frame 3000/9088
    Frame 3500/9088
    Frame 4000/9088
    Frame 4500/9088
    Frame 5000/9088
    Frame 5500/9088
    Frame 6000/9088
    Frame 6500/9088
    Frame 7000/9088
    Frame 7500/9088
    Frame 8000/9088
    Frame 8500/9088
    Frame 9000/9088
  Saved 9088 aligned frames
Processing AMH1/AT
    Frame 500/9309
    Frame 1000/9309
    Frame 1500/9309
    Frame 2000/9309
    Frame 2500/9309
    Frame 3000/9309
    Frame 3500/9309
    Frame 4000/9309
    Frame 4500/9309
    Frame 5000/9309
    Frame 5500/9309
    Frame 6000/9309
    Frame 6500/9309
    Frame 7000/9309
    Frame 7500/9309
    Frame 8000/9309
    Frame 8500/9309
    Frame 9000/9309
  Saved 9309 aligned frames
Processing AMH1/BS
    Frame 500/8212
    Frame 1000/8212
    Frame 1500/8212
    Frame 2000/8212
    Frame 2500/8212
    Frame 3000/8212
    Frame 3500/8212
    Frame 4000/8212
    Frame 4500/8212
    Frame 5000/8212
    Frame 5500/8212
    Frame 6000/8212
    Frame 6500/8212
    Frame 7000/8212
    Frame 7500/8212
    Frame 8000/8212
  Saved 8212 aligned frames
Processing AMH1/BT
    Frame 500/9360
    Frame 1000/9360
    Frame 1500/9360
    Frame 2000/9360
    Frame 2500/9360
    Frame 3000/9360
    Frame 3500/9360
    Frame 4000/9360
    Frame 4500/9360
    Frame 5000/9360
    Frame 5500/9360
    Frame 6000/9360
    Frame 6500/9360
    Frame 7000/9360
    Frame 7500/9360
    Frame 8000/9360
    Frame 8500/9360
    Frame 9000/9360
  Saved 9360 aligned frames
Processing AMH1/CS
    Frame 500/9630
    Frame 1000/9630
    Frame 1500/9630
    Frame 2000/9630
    Frame 2500/9630
    Frame 3000/9630
    Frame 3500/9630
    Frame 4000/9630
    Frame 4500/9630
    Frame 5000/9630
    Frame 5500/9630
    Frame 6000/9630
    Frame 6500/9630
    Frame 7000/9630
    Frame 7500/9630
    Frame 8000/9630
    Frame 8500/9630
    Frame 9000/9630
    Frame 9500/9630
  Saved 9630 aligned frames
Processing AMH1/CT
    Frame 500/9086
    Frame 1000/9086
    Frame 1500/9086
    Frame 2000/9086
    Frame 2500/9086
    Frame 3000/9086
    Frame 3500/9086
    Frame 4000/9086
    Frame 4500/9086
    Frame 5000/9086
    Frame 5500/9086
    Frame 6000/9086
    Frame 6500/9086
    Frame 7000/9086
    Frame 7500/9086
    Frame 8000/9086
    Frame 8500/9086
    Frame 9000/9086
  Saved 9086 aligned frames
Processing AMW4/AS
    Frame 500/9037
    Frame 1000/9037
    Frame 1500/9037
    Frame 2000/9037
    Frame 2500/9037
    Frame 3000/9037
    Frame 3500/9037
    Frame 4000/9037
    Frame 4500/9037
    Frame 5000/9037
    Frame 5500/9037
    Frame 6000/9037
    Frame 6500/9037
    Frame 7000/9037
    Frame 7500/9037
    Frame 8000/9037
    Frame 8500/9037
    Frame 9000/9037
  Saved 9037 aligned frames
Processing AMW4/AT
    Frame 500/9571
    Frame 1000/9571
    Frame 1500/9571
    Frame 2000/9571
    Frame 2500/9571
    Frame 3000/9571
    Frame 3500/9571
    Frame 4000/9571
    Frame 4500/9571
    Frame 5000/9571
    Frame 5500/9571
    Frame 6000/9571
    Frame 6500/9571
    Frame 7000/9571
    Frame 7500/9571
    Frame 8000/9571
    Frame 8500/9571
    Frame 9000/9571
    Frame 9500/9571
  Saved 9571 aligned frames
Processing AMW4/BS
    Frame 500/9047
    Frame 1000/9047
    Frame 1500/9047
    Frame 2000/9047
    Frame 2500/9047
    Frame 3000/9047
    Frame 3500/9047
    Frame 4000/9047
    Frame 4500/9047
    Frame 5000/9047
    Frame 5500/9047
    Frame 6000/9047
    Frame 6500/9047
    Frame 7000/9047
    Frame 7500/9047
    Frame 8000/9047
    Frame 8500/9047
    Frame 9000/9047
  Saved 9047 aligned frames
Processing AMW4/BT
    Frame 500/10669
    Frame 1000/10669
    Frame 1500/10669
    Frame 2000/10669
    Frame 2500/10669
    Frame 3000/10669
    Frame 3500/10669
    Frame 4000/10669
    Frame 4500/10669
    Frame 5000/10669
    Frame 5500/10669
    Frame 6000/10669
    Frame 6500/10669
    Frame 7000/10669
    Frame 7500/10669
    Frame 8000/10669
    Frame 8500/10669
    Frame 9000/10669
    Frame 9500/10669
    Frame 10000/10669
    Frame 10500/10669
  Saved 10669 aligned frames
Processing AMW4/CS
    Frame 500/9117
    Frame 1000/9117
    Frame 1500/9117
    Frame 2000/9117
    Frame 2500/9117
    Frame 3000/9117
    Frame 3500/9117
    Frame 4000/9117
    Frame 4500/9117
    Frame 5000/9117
    Frame 5500/9117
    Frame 6000/9117
    Frame 6500/9117
    Frame 7000/9117
    Frame 7500/9117
    Frame 8000/9117
    Frame 8500/9117
    Frame 9000/9117
  Saved 9117 aligned frames
Processing AMW4/CT
    Frame 500/9939
    Frame 1000/9939
    Frame 1500/9939
    Frame 2000/9939
    Frame 2500/9939
    Frame 3000/9939
    Frame 3500/9939
    Frame 4000/9939
    Frame 4500/9939
    Frame 5000/9939
    Frame 5500/9939
    Frame 6000/9939
    Frame 6500/9939
    Frame 7000/9939
    Frame 7500/9939
    Frame 8000/9939
    Frame 8500/9939
    Frame 9000/9939
    Frame 9500/9939
  Saved 9939 aligned frames
Processing AMZ3/AS
    Frame 500/9087
    Frame 1000/9087
    Frame 1500/9087
    Frame 2000/9087
    Frame 2500/9087
    Frame 3000/9087
    Frame 3500/9087
    Frame 4000/9087
    Frame 4500/9087
    Frame 5000/9087
    Frame 5500/9087
    Frame 6000/9087
    Frame 6500/9087
    Frame 7000/9087
    Frame 7500/9087
    Frame 8000/9087
    Frame 8500/9087
    Frame 9000/9087
  Saved 9087 aligned frames
Processing AMZ3/AT
    Frame 500/9139
    Frame 1000/9139
    Frame 1500/9139
    Frame 2000/9139
    Frame 2500/9139
    Frame 3000/9139
    Frame 3500/9139
    Frame 4000/9139
    Frame 4500/9139
    Frame 5000/9139
    Frame 5500/9139
    Frame 6000/9139
    Frame 6500/9139
    Frame 7000/9139
    Frame 7500/9139
    Frame 8000/9139
    Frame 8500/9139
    Frame 9000/9139
  Saved 9139 aligned frames
Processing AMZ3/BS
    Frame 500/7960
    Frame 1000/7960
    Frame 1500/7960
    Frame 2000/7960
    Frame 2500/7960
    Frame 3000/7960
    Frame 3500/7960
    Frame 4000/7960
    Frame 4500/7960
    Frame 5000/7960
    Frame 5500/7960
    Frame 6000/7960
    Frame 6500/7960
    Frame 7000/7960
    Frame 7500/7960
  Saved 7960 aligned frames
Processing AMZ3/BT
    Frame 500/10045
    Frame 1000/10045
    Frame 1500/10045
    Frame 2000/10045
    Frame 2500/10045
    Frame 3000/10045
    Frame 3500/10045
    Frame 4000/10045
    Frame 4500/10045
    Frame 5000/10045
    Frame 5500/10045
    Frame 6000/10045
    Frame 6500/10045
    Frame 7000/10045
    Frame 7500/10045
    Frame 8000/10045
    Frame 8500/10045
    Frame 9000/10045
    Frame 9500/10045
    Frame 10000/10045
  Saved 10045 aligned frames
Processing AMZ3/CS
    Frame 500/7870
    Frame 1000/7870
    Frame 1500/7870
    Frame 2000/7870
    Frame 2500/7870
    Frame 3000/7870
    Frame 3500/7870
    Frame 4000/7870
    Frame 4500/7870
    Frame 5000/7870
    Frame 5500/7870
    Frame 6000/7870
    Frame 6500/7870
    Frame 7000/7870
    Frame 7500/7870
  Saved 7870 aligned frames
Processing AMZ3/CT
    Frame 500/7481
    Frame 1000/7481
    Frame 1500/7481
    Frame 2000/7481
    Frame 2500/7481
    Frame 3000/7481
    Frame 3500/7481
    Frame 4000/7481
    Frame 4500/7481
    Frame 5000/7481
    Frame 5500/7481
    Frame 6000/7481
    Frame 6500/7481
    Frame 7000/7481
  Saved 7481 aligned frames
Processing BFH2/AS
    Frame 500/9051
    Frame 1000/9051
    Frame 1500/9051
    Frame 2000/9051
    Frame 2500/9051
    Frame 3000/9051
    Frame 3500/9051
    Frame 4000/9051
    Frame 4500/9051
    Frame 5000/9051
    Frame 5500/9051
    Frame 6000/9051
    Frame 6500/9051
    Frame 7000/9051
    Frame 7500/9051
    Frame 8000/9051
    Frame 8500/9051
    Frame 9000/9051
  Saved 9051 aligned frames
Processing BFH2/AT
    Frame 500/9158
    Frame 1000/9158
    Frame 1500/9158
    Frame 2000/9158
    Frame 2500/9158
    Frame 3000/9158
    Frame 3500/9158
    Frame 4000/9158
    Frame 4500/9158
    Frame 5000/9158
    Frame 5500/9158
    Frame 6000/9158
    Frame 6500/9158
    Frame 7000/9158
    Frame 7500/9158
    Frame 8000/9158
    Frame 8500/9158
    Frame 9000/9158
  Saved 9158 aligned frames
Processing BFH2/BS
    Frame 500/9609
    Frame 1000/9609
    Frame 1500/9609
    Frame 2000/9609
    Frame 2500/9609
    Frame 3000/9609
    Frame 3500/9609
    Frame 4000/9609
    Frame 4500/9609
    Frame 5000/9609
    Frame 5500/9609
    Frame 6000/9609
    Frame 6500/9609
    Frame 7000/9609
    Frame 7500/9609
    Frame 8000/9609
    Frame 8500/9609
    Frame 9000/9609
    Frame 9500/9609
  Saved 9609 aligned frames
Processing BFH2/BT
    Frame 500/10610
    Frame 1000/10610
    Frame 1500/10610
    Frame 2000/10610
    Frame 2500/10610
    Frame 3000/10610
    Frame 3500/10610
    Frame 4000/10610
    Frame 4500/10610
    Frame 5000/10610
    Frame 5500/10610
    Frame 6000/10610
    Frame 6500/10610
    Frame 7000/10610
    Frame 7500/10610
    Frame 8000/10610
    Frame 8500/10610
    Frame 9000/10610
    Frame 9500/10610
    Frame 10000/10610
    Frame 10500/10610
  Saved 10610 aligned frames
Processing BFH2/CS
    Frame 500/9049
    Frame 1000/9049
    Frame 1500/9049
    Frame 2000/9049
    Frame 2500/9049
    Frame 3000/9049
    Frame 3500/9049
    Frame 4000/9049
    Frame 4500/9049
    Frame 5000/9049
    Frame 5500/9049
    Frame 6000/9049
    Frame 6500/9049
    Frame 7000/9049
    Frame 7500/9049
    Frame 8000/9049
    Frame 8500/9049
    Frame 9000/9049
  Saved 9049 aligned frames
Processing BFH2/CT
    Frame 500/10893
    Frame 1000/10893
    Frame 1500/10893
    Frame 2000/10893
    Frame 2500/10893
    Frame 3000/10893
    Frame 3500/10893
    Frame 4000/10893
    Frame 4500/10893
    Frame 5000/10893
    Frame 5500/10893
    Frame 6000/10893
    Frame 6500/10893
    Frame 7000/10893
    Frame 7500/10893
    Frame 8000/10893
    Frame 8500/10893
    Frame 9000/10893
    Frame 9500/10893
    Frame 10000/10893
    Frame 10500/10893
  Saved 10893 aligned frames
Processing BFY1/AS
    Frame 500/9035
    Frame 1000/9035
    Frame 1500/9035
    Frame 2000/9035
    Frame 2500/9035
    Frame 3000/9035
    Frame 3500/9035
    Frame 4000/9035
    Frame 4500/9035
    Frame 5000/9035
    Frame 5500/9035
    Frame 6000/9035
    Frame 6500/9035
    Frame 7000/9035
    Frame 7500/9035
    Frame 8000/9035
    Frame 8500/9035
    Frame 9000/9035
  Saved 9035 aligned frames
Processing BFY1/AT
    Frame 500/9322
    Frame 1000/9322
    Frame 1500/9322
    Frame 2000/9322
    Frame 2500/9322
    Frame 3000/9322
    Frame 3500/9322
    Frame 4000/9322
    Frame 4500/9322
    Frame 5000/9322
    Frame 5500/9322
    Frame 6000/9322
    Frame 6500/9322
    Frame 7000/9322
    Frame 7500/9322
    Frame 8000/9322
    Frame 8500/9322
    Frame 9000/9322
  Saved 9322 aligned frames
Processing BFY1/BS
    Frame 500/11031
    Frame 1000/11031
    Frame 1500/11031
    Frame 2000/11031
    Frame 2500/11031
    Frame 3000/11031
    Frame 3500/11031
    Frame 4000/11031
    Frame 4500/11031
    Frame 5000/11031
    Frame 5500/11031
    Frame 6000/11031
    Frame 6500/11031
    Frame 7000/11031
    Frame 7500/11031
    Frame 8000/11031
    Frame 8500/11031
    Frame 9000/11031
    Frame 9500/11031
    Frame 10000/11031
    Frame 10500/11031
    Frame 11000/11031
  Saved 11031 aligned frames
Processing BFY1/BT
    Frame 500/9256
    Frame 1000/9256
    Frame 1500/9256
    Frame 2000/9256
    Frame 2500/9256
    Frame 3000/9256
    Frame 3500/9256
    Frame 4000/9256
    Frame 4500/9256
    Frame 5000/9256
    Frame 5500/9256
    Frame 6000/9256
    Frame 6500/9256
    Frame 7000/9256
    Frame 7500/9256
    Frame 8000/9256
    Frame 8500/9256
    Frame 9000/9256
  Saved 9256 aligned frames
Processing BFY1/CS
    Frame 500/9762
    Frame 1000/9762
    Frame 1500/9762
    Frame 2000/9762
    Frame 2500/9762
    Frame 3000/9762
    Frame 3500/9762
    Frame 4000/9762
    Frame 4500/9762
    Frame 5000/9762
    Frame 5500/9762
    Frame 6000/9762
    Frame 6500/9762
    Frame 7000/9762
    Frame 7500/9762
    Frame 8000/9762
    Frame 8500/9762
    Frame 9000/9762
    Frame 9500/9762
  Saved 9762 aligned frames
Processing BFY1/CT
    Frame 500/10141
    Frame 1000/10141
    Frame 1500/10141
    Frame 2000/10141
    Frame 2500/10141
    Frame 3000/10141
    Frame 3500/10141
    Frame 4000/10141
    Frame 4500/10141
    Frame 5000/10141
    Frame 5500/10141
    Frame 6000/10141
    Frame 6500/10141
    Frame 7000/10141
    Frame 7500/10141
    Frame 8000/10141
    Frame 8500/10141
    Frame 9000/10141
    Frame 9500/10141
    Frame 10000/10141
  Saved 10141 aligned frames
Processing BFZ4/AS
    Frame 500/10450
    Frame 1000/10450
    Frame 1500/10450
    Frame 2000/10450
    Frame 2500/10450
    Frame 3000/10450
    Frame 3500/10450
    Frame 4000/10450
    Frame 4500/10450
    Frame 5000/10450
    Frame 5500/10450
    Frame 6000/10450
    Frame 6500/10450
    Frame 7000/10450
    Frame 7500/10450
    Frame 8000/10450
    Frame 8500/10450
    Frame 9000/10450
    Frame 9500/10450
    Frame 10000/10450
  Saved 10450 aligned frames
Processing BFZ4/AT
    Frame 500/9762
    Frame 1000/9762
    Frame 1500/9762
    Frame 2000/9762
    Frame 2500/9762
    Frame 3000/9762
    Frame 3500/9762
    Frame 4000/9762
    Frame 4500/9762
    Frame 5000/9762
    Frame 5500/9762
    Frame 6000/9762
    Frame 6500/9762
    Frame 7000/9762
    Frame 7500/9762
    Frame 8000/9762
    Frame 8500/9762
    Frame 9000/9762
    Frame 9500/9762
  Saved 9762 aligned frames
Processing BFZ4/BS
    Frame 500/9083
    Frame 1000/9083
    Frame 1500/9083
    Frame 2000/9083
    Frame 2500/9083
    Frame 3000/9083
    Frame 3500/9083
    Frame 4000/9083
    Frame 4500/9083
    Frame 5000/9083
    Frame 5500/9083
    Frame 6000/9083
    Frame 6500/9083
    Frame 7000/9083
    Frame 7500/9083
    Frame 8000/9083
    Frame 8500/9083
    Frame 9000/9083
  Saved 9083 aligned frames
Processing BFZ4/BT
    Frame 500/12191
    Frame 1000/12191
    Frame 1500/12191
    Frame 2000/12191
    Frame 2500/12191
    Frame 3000/12191
    Frame 3500/12191
    Frame 4000/12191
    Frame 4500/12191
    Frame 5000/12191
    Frame 5500/12191
    Frame 6000/12191
    Frame 6500/12191
    Frame 7000/12191
    Frame 7500/12191
    Frame 8000/12191
    Frame 8500/12191
    Frame 9000/12191
    Frame 9500/12191
    Frame 10000/12191
    Frame 10500/12191
    Frame 11000/12191
    Frame 11500/12191
    Frame 12000/12191
  Saved 12191 aligned frames
Processing BFZ4/CS
    Frame 500/9565
    Frame 1000/9565
    Frame 1500/9565
    Frame 2000/9565
    Frame 2500/9565
    Frame 3000/9565
    Frame 3500/9565
    Frame 4000/9565
    Frame 4500/9565
    Frame 5000/9565
    Frame 5500/9565
    Frame 6000/9565
    Frame 6500/9565
    Frame 7000/9565
    Frame 7500/9565
    Frame 8000/9565
    Frame 8500/9565
    Frame 9000/9565
    Frame 9500/9565
  Saved 9565 aligned frames
Processing BFZ4/CT
    Frame 500/11866
    Frame 1000/11866
    Frame 1500/11866
    Frame 2000/11866
    Frame 2500/11866
    Frame 3000/11866
    Frame 3500/11866
    Frame 4000/11866
    Frame 4500/11866
    Frame 5000/11866
    Frame 5500/11866
    Frame 6000/11866
    Frame 6500/11866
    Frame 7000/11866
    Frame 7500/11866
    Frame 8000/11866
    Frame 8500/11866
    Frame 9000/11866
    Frame 9500/11866
    Frame 10000/11866
    Frame 10500/11866
    Frame 11000/11866
    Frame 11500/11866
  Saved 11866 aligned frames
Processing BMW1/AS
    Frame 500/9403
    Frame 1000/9403
    Frame 1500/9403
    Frame 2000/9403
    Frame 2500/9403
    Frame 3000/9403
    Frame 3500/9403
    Frame 4000/9403
    Frame 4500/9403
    Frame 5000/9403
    Frame 5500/9403
    Frame 6000/9403
    Frame 6500/9403
    Frame 7000/9403
    Frame 7500/9403
    Frame 8000/9403
    Frame 8500/9403
    Frame 9000/9403
  Saved 9403 aligned frames
Processing BMW1/AT
    Frame 500/10957
    Frame 1000/10957
    Frame 1500/10957
    Frame 2000/10957
    Frame 2500/10957
    Frame 3000/10957
    Frame 3500/10957
    Frame 4000/10957
    Frame 4500/10957
    Frame 5000/10957
    Frame 5500/10957
    Frame 6000/10957
    Frame 6500/10957
    Frame 7000/10957
    Frame 7500/10957
    Frame 8000/10957
    Frame 8500/10957
    Frame 9000/10957
    Frame 9500/10957
    Frame 10000/10957
    Frame 10500/10957
  Saved 10957 aligned frames
Processing BMW1/BS
    Frame 500/6913
    Frame 1000/6913
    Frame 1500/6913
    Frame 2000/6913
    Frame 2500/6913
    Frame 3000/6913
    Frame 3500/6913
    Frame 4000/6913
    Frame 4500/6913
    Frame 5000/6913
    Frame 5500/6913
    Frame 6000/6913
    Frame 6500/6913
  Saved 6913 aligned frames
Processing BMW1/BT
    Frame 500/11193
    Frame 1000/11193
    Frame 1500/11193
    Frame 2000/11193
    Frame 2500/11193
    Frame 3000/11193
    Frame 3500/11193
    Frame 4000/11193
    Frame 4500/11193
    Frame 5000/11193
    Frame 5500/11193
    Frame 6000/11193
    Frame 6500/11193
    Frame 7000/11193
    Frame 7500/11193
    Frame 8000/11193
    Frame 8500/11193
    Frame 9000/11193
    Frame 9500/11193
    Frame 10000/11193
    Frame 10500/11193
    Frame 11000/11193
  Saved 11193 aligned frames
Processing BMW1/CS
    Frame 500/10469
    Frame 1000/10469
    Frame 1500/10469
    Frame 2000/10469
    Frame 2500/10469
    Frame 3000/10469
    Frame 3500/10469
    Frame 4000/10469
    Frame 4500/10469
    Frame 5000/10469
    Frame 5500/10469
    Frame 6000/10469
    Frame 6500/10469
    Frame 7000/10469
    Frame 7500/10469
    Frame 8000/10469
    Frame 8500/10469
    Frame 9000/10469
    Frame 9500/10469
    Frame 10000/10469
  Saved 10469 aligned frames
Processing BMW1/CT
    Frame 500/7799
    Frame 1000/7799
    Frame 1500/7799
    Frame 2000/7799
    Frame 2500/7799
    Frame 3000/7799
    Frame 3500/7799
    Frame 4000/7799
    Frame 4500/7799
    Frame 5000/7799
    Frame 5500/7799
    Frame 6000/7799
    Frame 6500/7799
    Frame 7000/7799
    Frame 7500/7799
  Saved 7799 aligned frames
Processing BMY2/AS
    Frame 500/9063
    Frame 1000/9063
    Frame 1500/9063
    Frame 2000/9063
    Frame 2500/9063
    Frame 3000/9063
    Frame 3500/9063
    Frame 4000/9063
    Frame 4500/9063
    Frame 5000/9063
    Frame 5500/9063
    Frame 6000/9063
    Frame 6500/9063
    Frame 7000/9063
    Frame 7500/9063
    Frame 8000/9063
    Frame 8500/9063
    Frame 9000/9063
  Saved 9063 aligned frames
Processing BMY2/AT
    Frame 500/9903
    Frame 1000/9903
    Frame 1500/9903
    Frame 2000/9903
    Frame 2500/9903
    Frame 3000/9903
    Frame 3500/9903
    Frame 4000/9903
    Frame 4500/9903
    Frame 5000/9903
    Frame 5500/9903
    Frame 6000/9903
    Frame 6500/9903
    Frame 7000/9903
    Frame 7500/9903
    Frame 8000/9903
    Frame 8500/9903
    Frame 9000/9903
    Frame 9500/9903
  Saved 9903 aligned frames
Processing BMY2/BS
    Frame 500/9144
    Frame 1000/9144
    Frame 1500/9144
    Frame 2000/9144
    Frame 2500/9144
    Frame 3000/9144
    Frame 3500/9144
    Frame 4000/9144
    Frame 4500/9144
    Frame 5000/9144
    Frame 5500/9144
    Frame 6000/9144
    Frame 6500/9144
    Frame 7000/9144
    Frame 7500/9144
    Frame 8000/9144
    Frame 8500/9144
    Frame 9000/9144
  Saved 9144 aligned frames
Processing BMY2/BT
    Frame 500/9637
    Frame 1000/9637
    Frame 1500/9637
    Frame 2000/9637
    Frame 2500/9637
    Frame 3000/9637
    Frame 3500/9637
    Frame 4000/9637
    Frame 4500/9637
    Frame 5000/9637
    Frame 5500/9637
    Frame 6000/9637
    Frame 6500/9637
    Frame 7000/9637
    Frame 7500/9637
    Frame 8000/9637
    Frame 8500/9637
    Frame 9000/9637
    Frame 9500/9637
  Saved 9637 aligned frames
Processing BMY2/CS
    Frame 500/8760
    Frame 1000/8760
    Frame 1500/8760
    Frame 2000/8760
    Frame 2500/8760
    Frame 3000/8760
    Frame 3500/8760
    Frame 4000/8760
    Frame 4500/8760
    Frame 5000/8760
    Frame 5500/8760
    Frame 6000/8760
    Frame 6500/8760
    Frame 7000/8760
    Frame 7500/8760
    Frame 8000/8760
    Frame 8500/8760
  Saved 8760 aligned frames
Processing BMY2/CT
    Frame 500/9055
    Frame 1000/9055
    Frame 1500/9055
    Frame 2000/9055
    Frame 2500/9055
    Frame 3000/9055
    Frame 3500/9055
    Frame 4000/9055
    Frame 4500/9055
    Frame 5000/9055
    Frame 5500/9055
    Frame 6000/9055
    Frame 6500/9055
    Frame 7000/9055
    Frame 7500/9055
    Frame 8000/9055
    Frame 8500/9055
    Frame 9000/9055
  Saved 9055 aligned frames
Processing CFH1/AS
    Frame 500/9079
    Frame 1000/9079
    Frame 1500/9079
    Frame 2000/9079
    Frame 2500/9079
    Frame 3000/9079
    Frame 3500/9079
    Frame 4000/9079
    Frame 4500/9079
    Frame 5000/9079
    Frame 5500/9079
    Frame 6000/9079
    Frame 6500/9079
    Frame 7000/9079
    Frame 7500/9079
    Frame 8000/9079
    Frame 8500/9079
    Frame 9000/9079
  Saved 9079 aligned frames
Processing CFH1/AT
    Frame 500/10000
    Frame 1000/10000
    Frame 1500/10000
    Frame 2000/10000
    Frame 2500/10000
    Frame 3000/10000
    Frame 3500/10000
    Frame 4000/10000
    Frame 4500/10000
    Frame 5000/10000
    Frame 5500/10000
    Frame 6000/10000
    Frame 6500/10000
    Frame 7000/10000
    Frame 7500/10000
    Frame 8000/10000
    Frame 8500/10000
    Frame 9000/10000
    Frame 9500/10000
    Frame 10000/10000
  Saved 10000 aligned frames
Processing CFH1/BS
    Frame 500/9054
    Frame 1000/9054
    Frame 1500/9054
    Frame 2000/9054
    Frame 2500/9054
    Frame 3000/9054
    Frame 3500/9054
    Frame 4000/9054
    Frame 4500/9054
    Frame 5000/9054
    Frame 5500/9054
    Frame 6000/9054
    Frame 6500/9054
    Frame 7000/9054
    Frame 7500/9054
    Frame 8000/9054
    Frame 8500/9054
    Frame 9000/9054
  Saved 9054 aligned frames
Processing CFH1/BT
    Frame 500/11564
    Frame 1000/11564
    Frame 1500/11564
    Frame 2000/11564
    Frame 2500/11564
    Frame 3000/11564
    Frame 3500/11564
    Frame 4000/11564
    Frame 4500/11564
    Frame 5000/11564
    Frame 5500/11564
    Frame 6000/11564
    Frame 6500/11564
    Frame 7000/11564
    Frame 7500/11564
    Frame 8000/11564
    Frame 8500/11564
    Frame 9000/11564
    Frame 9500/11564
    Frame 10000/11564
    Frame 10500/11564
    Frame 11000/11564
    Frame 11500/11564
  Saved 11564 aligned frames
Processing CFH1/CS
    Frame 500/12963
    Frame 1000/12963
    Frame 1500/12963
    Frame 2000/12963
    Frame 2500/12963
    Frame 3000/12963
    Frame 3500/12963
    Frame 4000/12963
    Frame 4500/12963
    Frame 5000/12963
    Frame 5500/12963
    Frame 6000/12963
    Frame 6500/12963
    Frame 7000/12963
    Frame 7500/12963
    Frame 8000/12963
    Frame 8500/12963
    Frame 9000/12963
    Frame 9500/12963
    Frame 10000/12963
    Frame 10500/12963
    Frame 11000/12963
    Frame 11500/12963
    Frame 12000/12963
    Frame 12500/12963
  Saved 12963 aligned frames
Processing CFH1/CT
    Frame 500/8445
    Frame 1000/8445
    Frame 1500/8445
    Frame 2000/8445
    Frame 2500/8445
    Frame 3000/8445
    Frame 3500/8445
    Frame 4000/8445
    Frame 4500/8445
    Frame 5000/8445
    Frame 5500/8445
    Frame 6000/8445
    Frame 6500/8445
    Frame 7000/8445
    Frame 7500/8445
    Frame 8000/8445
  Saved 8445 aligned frames
Processing CFW2/AS
    Frame 500/8557
    Frame 1000/8557
    Frame 1500/8557
    Frame 2000/8557
    Frame 2500/8557
    Frame 3000/8557
    Frame 3500/8557
    Frame 4000/8557
    Frame 4500/8557
    Frame 5000/8557
    Frame 5500/8557
    Frame 6000/8557
    Frame 6500/8557
    Frame 7000/8557
    Frame 7500/8557
    Frame 8000/8557
    Frame 8500/8557
  Saved 8557 aligned frames
Processing CFW2/AT
    Frame 500/9165
    Frame 1000/9165
    Frame 1500/9165
    Frame 2000/9165
    Frame 2500/9165
    Frame 3000/9165
    Frame 3500/9165
    Frame 4000/9165
    Frame 4500/9165
    Frame 5000/9165
    Frame 5500/9165
    Frame 6000/9165
    Frame 6500/9165
    Frame 7000/9165
    Frame 7500/9165
    Frame 8000/9165
    Frame 8500/9165
    Frame 9000/9165
  Saved 9165 aligned frames
Processing CFW2/BS
    Frame 500/9967
    Frame 1000/9967
    Frame 1500/9967
    Frame 2000/9967
    Frame 2500/9967
    Frame 3000/9967
    Frame 3500/9967
    Frame 4000/9967
    Frame 4500/9967
    Frame 5000/9967
    Frame 5500/9967
    Frame 6000/9967
    Frame 6500/9967
    Frame 7000/9967
    Frame 7500/9967
    Frame 8000/9967
    Frame 8500/9967
    Frame 9000/9967
    Frame 9500/9967
  Saved 9967 aligned frames
Processing CFW2/BT
    Frame 500/9283
    Frame 1000/9283
    Frame 1500/9283
    Frame 2000/9283
    Frame 2500/9283
    Frame 3000/9283
    Frame 3500/9283
    Frame 4000/9283
    Frame 4500/9283
    Frame 5000/9283
    Frame 5500/9283
    Frame 6000/9283
    Frame 6500/9283
    Frame 7000/9283
    Frame 7500/9283
    Frame 8000/9283
    Frame 8500/9283
    Frame 9000/9283
  Saved 9283 aligned frames
Processing CFW2/CS
    Frame 500/10913
    Frame 1000/10913
    Frame 1500/10913
    Frame 2000/10913
    Frame 2500/10913
    Frame 3000/10913
    Frame 3500/10913
    Frame 4000/10913
    Frame 4500/10913
    Frame 5000/10913
    Frame 5500/10913
    Frame 6000/10913
    Frame 6500/10913
    Frame 7000/10913
    Frame 7500/10913
    Frame 8000/10913
    Frame 8500/10913
    Frame 9000/10913
    Frame 9500/10913
    Frame 10000/10913
    Frame 10500/10913
  Saved 10913 aligned frames
Processing CFW2/CT
    Frame 500/9517
    Frame 1000/9517
    Frame 1500/9517
    Frame 2000/9517
    Frame 2500/9517
    Frame 3000/9517
    Frame 3500/9517
    Frame 4000/9517
    Frame 4500/9517
    Frame 5000/9517
    Frame 5500/9517
    Frame 6000/9517
    Frame 6500/9517
    Frame 7000/9517
    Frame 7500/9517
    Frame 8000/9517
    Frame 8500/9517
    Frame 9000/9517
    Frame 9500/9517
  Saved 9517 aligned frames
Processing CFZ1/AS
    Frame 500/9044
    Frame 1000/9044
    Frame 1500/9044
    Frame 2000/9044
    Frame 2500/9044
    Frame 3000/9044
    Frame 3500/9044
    Frame 4000/9044
    Frame 4500/9044
    Frame 5000/9044
    Frame 5500/9044
    Frame 6000/9044
    Frame 6500/9044
    Frame 7000/9044
    Frame 7500/9044
    Frame 8000/9044
    Frame 8500/9044
    Frame 9000/9044
  Saved 9044 aligned frames
Processing CFZ1/AT
    Frame 500/9043
    Frame 1000/9043
    Frame 1500/9043
    Frame 2000/9043
    Frame 2500/9043
    Frame 3000/9043
    Frame 3500/9043
    Frame 4000/9043
    Frame 4500/9043
    Frame 5000/9043
    Frame 5500/9043
    Frame 6000/9043
    Frame 6500/9043
    Frame 7000/9043
    Frame 7500/9043
    Frame 8000/9043
    Frame 8500/9043
    Frame 9000/9043
  Saved 9043 aligned frames
Processing CFZ1/BS
    Frame 500/9058
    Frame 1000/9058
    Frame 1500/9058
    Frame 2000/9058
    Frame 2500/9058
    Frame 3000/9058
    Frame 3500/9058
    Frame 4000/9058
    Frame 4500/9058
    Frame 5000/9058
    Frame 5500/9058
    Frame 6000/9058
    Frame 6500/9058
    Frame 7000/9058
    Frame 7500/9058
    Frame 8000/9058
    Frame 8500/9058
    Frame 9000/9058
  Saved 9058 aligned frames
Processing CFZ1/BT
    Frame 500/9237
    Frame 1000/9237
    Frame 1500/9237
    Frame 2000/9237
    Frame 2500/9237
    Frame 3000/9237
    Frame 3500/9237
    Frame 4000/9237
    Frame 4500/9237
    Frame 5000/9237
    Frame 5500/9237
    Frame 6000/9237
    Frame 6500/9237
    Frame 7000/9237
    Frame 7500/9237
    Frame 8000/9237
    Frame 8500/9237
    Frame 9000/9237
  Saved 9237 aligned frames
Processing CFZ1/CS
    Frame 500/8572
    Frame 1000/8572
    Frame 1500/8572
    Frame 2000/8572
    Frame 2500/8572
    Frame 3000/8572
    Frame 3500/8572
    Frame 4000/8572
    Frame 4500/8572
    Frame 5000/8572
    Frame 5500/8572
    Frame 6000/8572
    Frame 6500/8572
    Frame 7000/8572
    Frame 7500/8572
    Frame 8000/8572
    Frame 8500/8572
  Saved 8572 aligned frames
Processing CFZ1/CT
    Frame 500/9046
    Frame 1000/9046
    Frame 1500/9046
    Frame 2000/9046
    Frame 2500/9046
    Frame 3000/9046
    Frame 3500/9046
    Frame 4000/9046
    Frame 4500/9046
    Frame 5000/9046
    Frame 5500/9046
    Frame 6000/9046
    Frame 6500/9046
    Frame 7000/9046
    Frame 7500/9046
    Frame 8000/9046
    Frame 8500/9046
    Frame 9000/9046
  Saved 9046 aligned frames
Processing CMH2/AS
    Frame 500/9098
    Frame 1000/9098
    Frame 1500/9098
    Frame 2000/9098
    Frame 2500/9098
    Frame 3000/9098
    Frame 3500/9098
    Frame 4000/9098
    Frame 4500/9098
    Frame 5000/9098
    Frame 5500/9098
    Frame 6000/9098
    Frame 6500/9098
    Frame 7000/9098
    Frame 7500/9098
    Frame 8000/9098
    Frame 8500/9098
    Frame 9000/9098
  Saved 9098 aligned frames
Processing CMH2/AT
    Frame 500/9580
    Frame 1000/9580
    Frame 1500/9580
    Frame 2000/9580
    Frame 2500/9580
    Frame 3000/9580
    Frame 3500/9580
    Frame 4000/9580
    Frame 4500/9580
    Frame 5000/9580
    Frame 5500/9580
    Frame 6000/9580
    Frame 6500/9580
    Frame 7000/9580
    Frame 7500/9580
    Frame 8000/9580
    Frame 8500/9580
    Frame 9000/9580
    Frame 9500/9580
  Saved 9580 aligned frames
Processing CMH2/BS
    Frame 500/10757
    Frame 1000/10757
    Frame 1500/10757
    Frame 2000/10757
    Frame 2500/10757
    Frame 3000/10757
    Frame 3500/10757
    Frame 4000/10757
    Frame 4500/10757
    Frame 5000/10757
    Frame 5500/10757
    Frame 6000/10757
    Frame 6500/10757
    Frame 7000/10757
    Frame 7500/10757
    Frame 8000/10757
    Frame 8500/10757
    Frame 9000/10757
    Frame 9500/10757
    Frame 10000/10757
    Frame 10500/10757
  Saved 10757 aligned frames
Processing CMH2/BT
    Frame 500/8285
    Frame 1000/8285
    Frame 1500/8285
    Frame 2000/8285
    Frame 2500/8285
    Frame 3000/8285
    Frame 3500/8285
    Frame 4000/8285
    Frame 4500/8285
    Frame 5000/8285
    Frame 5500/8285
    Frame 6000/8285
    Frame 6500/8285
    Frame 7000/8285
    Frame 7500/8285
    Frame 8000/8285
  Saved 8285 aligned frames
Processing CMH2/CS
    Frame 500/7559
    Frame 1000/7559
    Frame 1500/7559
    Frame 2000/7559
    Frame 2500/7559
    Frame 3000/7559
    Frame 3500/7559
    Frame 4000/7559
    Frame 4500/7559
    Frame 5000/7559
    Frame 5500/7559
    Frame 6000/7559
    Frame 6500/7559
    Frame 7000/7559
    Frame 7500/7559
  Saved 7559 aligned frames
Processing CMH2/CT
    Frame 500/9078
    Frame 1000/9078
    Frame 1500/9078
    Frame 2000/9078
    Frame 2500/9078
    Frame 3000/9078
    Frame 3500/9078
    Frame 4000/9078
    Frame 4500/9078
    Frame 5000/9078
    Frame 5500/9078
    Frame 6000/9078
    Frame 6500/9078
    Frame 7000/9078
    Frame 7500/9078
    Frame 8000/9078
    Frame 8500/9078
    Frame 9000/9078
  Saved 9078 aligned frames
Processing CMY1/AS
    Frame 500/10441
    Frame 1000/10441
    Frame 1500/10441
    Frame 2000/10441
    Frame 2500/10441
    Frame 3000/10441
    Frame 3500/10441
    Frame 4000/10441
    Frame 4500/10441
    Frame 5000/10441
    Frame 5500/10441
    Frame 6000/10441
    Frame 6500/10441
    Frame 7000/10441
    Frame 7500/10441
    Frame 8000/10441
    Frame 8500/10441
    Frame 9000/10441
    Frame 9500/10441
    Frame 10000/10441
  Saved 10441 aligned frames
Processing CMY1/AT
    Frame 500/10046
    Frame 1000/10046
    Frame 1500/10046
    Frame 2000/10046
    Frame 2500/10046
    Frame 3000/10046
    Frame 3500/10046
    Frame 4000/10046
    Frame 4500/10046
    Frame 5000/10046
    Frame 5500/10046
    Frame 6000/10046
    Frame 6500/10046
    Frame 7000/10046
    Frame 7500/10046
    Frame 8000/10046
    Frame 8500/10046
    Frame 9000/10046
    Frame 9500/10046
    Frame 10000/10046
  Saved 10046 aligned frames
Processing CMY1/BS
    Frame 500/9044
    Frame 1000/9044
    Frame 1500/9044
    Frame 2000/9044
    Frame 2500/9044
    Frame 3000/9044
    Frame 3500/9044
    Frame 4000/9044
    Frame 4500/9044
    Frame 5000/9044
    Frame 5500/9044
    Frame 6000/9044
    Frame 6500/9044
    Frame 7000/9044
    Frame 7500/9044
    Frame 8000/9044
    Frame 8500/9044
    Frame 9000/9044
  Saved 9044 aligned frames
Processing CMY1/BT
    Frame 500/9687
    Frame 1000/9687
    Frame 1500/9687
    Frame 2000/9687
    Frame 2500/9687
    Frame 3000/9687
    Frame 3500/9687
    Frame 4000/9687
    Frame 4500/9687
    Frame 5000/9687
    Frame 5500/9687
    Frame 6000/9687
    Frame 6500/9687
    Frame 7000/9687
    Frame 7500/9687
    Frame 8000/9687
    Frame 8500/9687
    Frame 9000/9687
    Frame 9500/9687
  Saved 9687 aligned frames
Processing CMY1/CS
    Frame 500/9842
    Frame 1000/9842
    Frame 1500/9842
    Frame 2000/9842
    Frame 2500/9842
    Frame 3000/9842
    Frame 3500/9842
    Frame 4000/9842
    Frame 4500/9842
    Frame 5000/9842
    Frame 5500/9842
    Frame 6000/9842
    Frame 6500/9842
    Frame 7000/9842
    Frame 7500/9842
    Frame 8000/9842
    Frame 8500/9842
    Frame 9000/9842
    Frame 9500/9842
  Saved 9842 aligned frames
Processing CMY1/CT
    Frame 500/9039
    Frame 1000/9039
    Frame 1500/9039
    Frame 2000/9039
    Frame 2500/9039
    Frame 3000/9039
    Frame 3500/9039
    Frame 4000/9039
    Frame 4500/9039
    Frame 5000/9039
    Frame 5500/9039
    Frame 6000/9039
    Frame 6500/9039
    Frame 7000/9039
    Frame 7500/9039
    Frame 8000/9039
    Frame 8500/9039
    Frame 9000/9039
  Saved 9039 aligned frames
Processing CMZ2/AS
    Frame 500/8354
    Frame 1000/8354
    Frame 1500/8354
    Frame 2000/8354
    Frame 2500/8354
    Frame 3000/8354
    Frame 3500/8354
    Frame 4000/8354
    Frame 4500/8354
    Frame 5000/8354
    Frame 5500/8354
    Frame 6000/8354
    Frame 6500/8354
    Frame 7000/8354
    Frame 7500/8354
    Frame 8000/8354
  Saved 8354 aligned frames
Processing CMZ2/AT
    Frame 500/9094
    Frame 1000/9094
    Frame 1500/9094
    Frame 2000/9094
    Frame 2500/9094
    Frame 3000/9094
    Frame 3500/9094
    Frame 4000/9094
    Frame 4500/9094
    Frame 5000/9094
    Frame 5500/9094
    Frame 6000/9094
    Frame 6500/9094
    Frame 7000/9094
    Frame 7500/9094
    Frame 8000/9094
    Frame 8500/9094
    Frame 9000/9094
  Saved 9094 aligned frames
Processing CMZ2/BS
    Frame 500/8538
    Frame 1000/8538
    Frame 1500/8538
    Frame 2000/8538
    Frame 2500/8538
    Frame 3000/8538
    Frame 3500/8538
    Frame 4000/8538
    Frame 4500/8538
    Frame 5000/8538
    Frame 5500/8538
    Frame 6000/8538
    Frame 6500/8538
    Frame 7000/8538
    Frame 7500/8538
    Frame 8000/8538
    Frame 8500/8538
  Saved 8538 aligned frames
Processing CMZ2/BT
    Frame 500/8340
    Frame 1000/8340
    Frame 1500/8340
    Frame 2000/8340
    Frame 2500/8340
    Frame 3000/8340
    Frame 3500/8340
    Frame 4000/8340
    Frame 4500/8340
    Frame 5000/8340
    Frame 5500/8340
    Frame 6000/8340
    Frame 6500/8340
    Frame 7000/8340
    Frame 7500/8340
    Frame 8000/8340
  Saved 8340 aligned frames
Processing CMZ2/CS
    Frame 500/9756
    Frame 1000/9756
    Frame 1500/9756
    Frame 2000/9756
    Frame 2500/9756
    Frame 3000/9756
    Frame 3500/9756
    Frame 4000/9756
    Frame 4500/9756
    Frame 5000/9756
    Frame 5500/9756
    Frame 6000/9756
    Frame 6500/9756
    Frame 7000/9756
    Frame 7500/9756
    Frame 8000/9756
    Frame 8500/9756
    Frame 9000/9756
    Frame 9500/9756
  Saved 9756 aligned frames
Processing CMZ2/CT
    Frame 500/8636
    Frame 1000/8636
    Frame 1500/8636
    Frame 2000/8636
    Frame 2500/8636
    Frame 3000/8636
    Frame 3500/8636
    Frame 4000/8636
    Frame 4500/8636
    Frame 5000/8636
    Frame 5500/8636
    Frame 6000/8636
    Frame 6500/8636
    Frame 7000/8636
    Frame 7500/8636
    Frame 8000/8636
    Frame 8500/8636
  Saved 8636 aligned frames

Done! Processed 96 sessions.
