/home2/umang.tiwari/rppg_env/lib/python3.10/site-packages/torch/cuda/__init__.py:65: FutureWarning: The pynvml package is deprecated. Please install nvidia-ml-py instead. If you did not install pynvml directly, please report this to the maintainers of the package that installed pynvml for you.
  import pynvml  # type: ignore[import]
/home2/umang.tiwari/rppg_env/lib/python3.10/site-packages/face_alignment/api.py:147: UserWarning: No faces were detected.
  warnings.warn("No faces were detected.")
Processing 16 subjects: ['AFW1', 'AFY2', 'AMH1', 'AMW4', 'AMZ3', 'BFH2', 'BFY1', 'BFZ4', 'BMW1', 'BMY2', 'CFH1', 'CFW2', 'CFZ1', 'CMH2', 'CMY1', 'CMZ2']
Processing AFW1/AS
    Frame 1000/9318 (19.2 fps, ETA 432s)
    Frame 2000/9318 (22.7 fps, ETA 322s)
    Frame 3000/9318 (24.2 fps, ETA 261s)
    Frame 4000/9318 (25.3 fps, ETA 210s)
    Frame 5000/9318 (26.2 fps, ETA 165s)
    Frame 6000/9318 (27.0 fps, ETA 123s)
    Frame 7000/9318 (27.5 fps, ETA 84s)
    Frame 8000/9318 (27.9 fps, ETA 47s)
    Frame 9000/9318 (28.3 fps, ETA 11s)
  Saved 9318 landmarks to /scratch/umang.tiwari/datasets/PhysDrive(Publication)/AFW1/AS/Label/RGB_lmk.csv (329.0s)
Processing AFW1/AT
    Frame 1000/11190 (31.1 fps, ETA 328s)
    Frame 2000/11190 (31.0 fps, ETA 297s)
    Frame 3000/11190 (30.9 fps, ETA 265s)
    Frame 4000/11190 (30.9 fps, ETA 233s)
    Frame 5000/11190 (31.0 fps, ETA 200s)
    Frame 6000/11190 (31.0 fps, ETA 167s)
    Frame 7000/11190 (31.1 fps, ETA 135s)
    Frame 8000/11190 (31.1 fps, ETA 103s)
    Frame 9000/11190 (31.0 fps, ETA 71s)
    Frame 10000/11190 (31.1 fps, ETA 38s)
    Frame 11000/11190 (31.1 fps, ETA 6s)
  Saved 11190 landmarks to /scratch/umang.tiwari/datasets/PhysDrive(Publication)/AFW1/AT/Label/RGB_lmk.csv (360.1s)
Processing AFW1/BS
    Frame 1000/10577 (30.7 fps, ETA 312s)
    Frame 2000/10577 (31.2 fps, ETA 275s)
    Frame 3000/10577 (31.3 fps, ETA 242s)
    Frame 4000/10577 (31.1 fps, ETA 211s)
    Frame 5000/10577 (31.1 fps, ETA 179s)
    Frame 6000/10577 (31.1 fps, ETA 147s)
    Frame 7000/10577 (31.0 fps, ETA 115s)
    Frame 8000/10577 (31.0 fps, ETA 83s)
    Frame 9000/10577 (31.1 fps, ETA 51s)
    Frame 10000/10577 (31.0 fps, ETA 19s)
  Saved 10577 landmarks to /scratch/umang.tiwari/datasets/PhysDrive(Publication)/AFW1/BS/Label/RGB_lmk.csv (341.3s)
Processing AFW1/BT
    Frame 1000/11032 (31.4 fps, ETA 320s)
    Frame 2000/11032 (31.5 fps, ETA 286s)
    Frame 3000/11032 (31.5 fps, ETA 255s)
    Frame 4000/11032 (31.4 fps, ETA 224s)
    Frame 5000/11032 (31.4 fps, ETA 192s)
    Frame 6000/11032 (31.4 fps, ETA 160s)
    Frame 7000/11032 (31.2 fps, ETA 129s)
    Frame 8000/11032 (31.2 fps, ETA 97s)
    Frame 9000/11032 (31.2 fps, ETA 65s)
    Frame 10000/11032 (31.2 fps, ETA 33s)
    Frame 11000/11032 (31.2 fps, ETA 1s)
  Saved 11032 landmarks to /scratch/umang.tiwari/datasets/PhysDrive(Publication)/AFW1/BT/Label/RGB_lmk.csv (354.0s)
Processing AFW1/CS
    Frame 1000/9406 (30.7 fps, ETA 274s)
    Frame 2000/9406 (31.0 fps, ETA 239s)
    Frame 3000/9406 (31.0 fps, ETA 206s)
    Frame 4000/9406 (31.1 fps, ETA 174s)
    Frame 5000/9406 (31.2 fps, ETA 141s)
    Frame 6000/9406 (31.2 fps, ETA 109s)
    Frame 7000/9406 (31.1 fps, ETA 77s)
    Frame 8000/9406 (31.1 fps, ETA 45s)
    Frame 9000/9406 (30.9 fps, ETA 13s)
  Saved 9406 landmarks to /scratch/umang.tiwari/datasets/PhysDrive(Publication)/AFW1/CS/Label/RGB_lmk.csv (304.1s)
Processing AFW1/CT
    Frame 1000/10264 (31.3 fps, ETA 296s)
    Frame 2000/10264 (31.3 fps, ETA 264s)
    Frame 3000/10264 (31.1 fps, ETA 234s)
    Frame 4000/10264 (31.0 fps, ETA 202s)
    Frame 5000/10264 (31.0 fps, ETA 170s)
    Frame 6000/10264 (31.1 fps, ETA 137s)
    Frame 7000/10264 (31.2 fps, ETA 105s)
    Frame 8000/10264 (31.2 fps, ETA 73s)
    Frame 9000/10264 (31.2 fps, ETA 41s)
    Frame 10000/10264 (31.2 fps, ETA 8s)
  Saved 10264 landmarks to /scratch/umang.tiwari/datasets/PhysDrive(Publication)/AFW1/CT/Label/RGB_lmk.csv (329.8s)
Processing AFY2/AS
    Frame 1000/9231 (31.1 fps, ETA 264s)
    Frame 2000/9231 (31.0 fps, ETA 233s)
    Frame 3000/9231 (30.9 fps, ETA 202s)
    Frame 4000/9231 (31.1 fps, ETA 168s)
    Frame 5000/9231 (31.2 fps, ETA 136s)
    Frame 6000/9231 (31.2 fps, ETA 104s)
    Frame 7000/9231 (31.2 fps, ETA 72s)
    Frame 8000/9231 (31.1 fps, ETA 40s)
    Frame 9000/9231 (31.0 fps, ETA 7s)
  Saved 9231 landmarks to /scratch/umang.tiwari/datasets/PhysDrive(Publication)/AFY2/AS/Label/RGB_lmk.csv (298.1s)
Processing AFY2/AT
    Frame 1000/9274 (30.3 fps, ETA 273s)
    Frame 2000/9274 (31.2 fps, ETA 233s)
    Frame 3000/9274 (31.1 fps, ETA 202s)
    Frame 4000/9274 (31.0 fps, ETA 170s)
    Frame 5000/9274 (31.1 fps, ETA 137s)
    Frame 6000/9274 (31.1 fps, ETA 105s)
    Frame 7000/9274 (31.1 fps, ETA 73s)
    Frame 8000/9274 (31.1 fps, ETA 41s)
    Frame 9000/9274 (31.1 fps, ETA 9s)
  Saved 9274 landmarks to /scratch/umang.tiwari/datasets/PhysDrive(Publication)/AFY2/AT/Label/RGB_lmk.csv (298.7s)
Processing AFY2/BS
    Frame 1000/9040 (30.9 fps, ETA 260s)
    Frame 2000/9040 (30.9 fps, ETA 228s)
    Frame 3000/9040 (30.6 fps, ETA 197s)
    Frame 4000/9040 (30.6 fps, ETA 165s)
    Frame 5000/9040 (30.6 fps, ETA 132s)
    Frame 6000/9040 (30.6 fps, ETA 99s)
    Frame 7000/9040 (30.6 fps, ETA 67s)
    Frame 8000/9040 (30.6 fps, ETA 34s)
    Frame 9000/9040 (30.6 fps, ETA 1s)
  Saved 9040 landmarks to /scratch/umang.tiwari/datasets/PhysDrive(Publication)/AFY2/BS/Label/RGB_lmk.csv (295.3s)
Processing AFY2/BT
    Frame 1000/9390 (30.0 fps, ETA 280s)
    Frame 2000/9390 (30.6 fps, ETA 242s)
    Frame 3000/9390 (30.7 fps, ETA 208s)
    Frame 4000/9390 (30.9 fps, ETA 174s)
    Frame 5000/9390 (30.9 fps, ETA 142s)
    Frame 6000/9390 (30.9 fps, ETA 110s)
    Frame 7000/9390 (30.8 fps, ETA 77s)
    Frame 8000/9390 (30.8 fps, ETA 45s)
    Frame 9000/9390 (30.8 fps, ETA 13s)
  Saved 9390 landmarks to /scratch/umang.tiwari/datasets/PhysDrive(Publication)/AFY2/BT/Label/RGB_lmk.csv (304.5s)
Processing AFY2/CS
    Frame 1000/9330 (30.3 fps, ETA 275s)
    Frame 2000/9330 (30.5 fps, ETA 241s)
    Frame 3000/9330 (30.6 fps, ETA 207s)
    Frame 4000/9330 (30.7 fps, ETA 174s)
    Frame 5000/9330 (30.7 fps, ETA 141s)
    Frame 6000/9330 (30.7 fps, ETA 109s)
    Frame 7000/9330 (30.6 fps, ETA 76s)
    Frame 8000/9330 (30.6 fps, ETA 43s)
    Frame 9000/9330 (30.6 fps, ETA 11s)
  Saved 9330 landmarks to /scratch/umang.tiwari/datasets/PhysDrive(Publication)/AFY2/CS/Label/RGB_lmk.csv (305.7s)
Processing AFY2/CT
    Frame 1000/9082 (30.9 fps, ETA 262s)
    Frame 2000/9082 (30.3 fps, ETA 234s)
    Frame 3000/9082 (30.5 fps, ETA 200s)
    Frame 4000/9082 (30.4 fps, ETA 167s)
    Frame 5000/9082 (30.4 fps, ETA 134s)
    Frame 6000/9082 (30.4 fps, ETA 101s)
    Frame 7000/9082 (30.4 fps, ETA 68s)
    Frame 8000/9082 (30.4 fps, ETA 36s)
    Frame 9000/9082 (30.4 fps, ETA 3s)
  Saved 9082 landmarks to /scratch/umang.tiwari/datasets/PhysDrive(Publication)/AFY2/CT/Label/RGB_lmk.csv (299.0s)
Processing AMH1/AS
    Frame 1000/9088 (31.1 fps, ETA 260s)
    Frame 2000/9088 (30.7 fps, ETA 231s)
    Frame 3000/9088 (30.9 fps, ETA 197s)
    Frame 4000/9088 (30.6 fps, ETA 166s)
    Frame 5000/9088 (30.7 fps, ETA 133s)
    Frame 6000/9088 (30.6 fps, ETA 101s)
    Frame 7000/9088 (30.6 fps, ETA 68s)
    Frame 8000/9088 (30.6 fps, ETA 36s)
    Frame 9000/9088 (30.6 fps, ETA 3s)
  Saved 9088 landmarks to /scratch/umang.tiwari/datasets/PhysDrive(Publication)/AMH1/AS/Label/RGB_lmk.csv (297.1s)
Processing AMH1/AT
    Frame 1000/9309 (30.7 fps, ETA 271s)
    Frame 2000/9309 (30.6 fps, ETA 239s)
    Frame 3000/9309 (30.5 fps, ETA 207s)
    Frame 4000/9309 (30.3 fps, ETA 175s)
    Frame 5000/9309 (30.3 fps, ETA 142s)
    Frame 6000/9309 (30.3 fps, ETA 109s)
    Frame 7000/9309 (30.4 fps, ETA 76s)
    Frame 8000/9309 (30.4 fps, ETA 43s)
    Frame 9000/9309 (30.4 fps, ETA 10s)
  Saved 9309 landmarks to /scratch/umang.tiwari/datasets/PhysDrive(Publication)/AMH1/AT/Label/RGB_lmk.csv (306.3s)
Processing AMH1/BS
    Frame 1000/8212 (30.5 fps, ETA 237s)
    Frame 2000/8212 (30.9 fps, ETA 201s)
    Frame 3000/8212 (31.1 fps, ETA 167s)
    Frame 4000/8212 (31.1 fps, ETA 135s)
    Frame 5000/8212 (31.1 fps, ETA 103s)
    Frame 6000/8212 (30.9 fps, ETA 72s)
    Frame 7000/8212 (30.9 fps, ETA 39s)
    Frame 8000/8212 (30.9 fps, ETA 7s)
  Saved 8212 landmarks to /scratch/umang.tiwari/datasets/PhysDrive(Publication)/AMH1/BS/Label/RGB_lmk.csv (266.1s)
Processing AMH1/BT
    Frame 1000/9360 (30.6 fps, ETA 273s)
    Frame 2000/9360 (30.6 fps, ETA 240s)
    Frame 3000/9360 (30.7 fps, ETA 207s)
    Frame 4000/9360 (30.8 fps, ETA 174s)
    Frame 5000/9360 (30.8 fps, ETA 142s)
    Frame 6000/9360 (30.8 fps, ETA 109s)
    Frame 7000/9360 (30.8 fps, ETA 77s)
    Frame 8000/9360 (30.8 fps, ETA 44s)
    Frame 9000/9360 (30.8 fps, ETA 12s)
  Saved 9360 landmarks to /scratch/umang.tiwari/datasets/PhysDrive(Publication)/AMH1/BT/Label/RGB_lmk.csv (304.4s)
Processing AMH1/CS
    Frame 1000/9630 (30.2 fps, ETA 286s)
    Frame 2000/9630 (30.2 fps, ETA 252s)
    Frame 3000/9630 (30.5 fps, ETA 217s)
    Frame 4000/9630 (30.6 fps, ETA 184s)
    Frame 5000/9630 (30.3 fps, ETA 153s)
    Frame 6000/9630 (30.3 fps, ETA 120s)
    Frame 7000/9630 (30.3 fps, ETA 87s)
    Frame 8000/9630 (30.4 fps, ETA 54s)
    Frame 9000/9630 (30.3 fps, ETA 21s)
  Saved 9630 landmarks to /scratch/umang.tiwari/datasets/PhysDrive(Publication)/AMH1/CS/Label/RGB_lmk.csv (317.6s)
Processing AMH1/CT
    Frame 1000/9086 (30.5 fps, ETA 265s)
    Frame 2000/9086 (30.3 fps, ETA 234s)
    Frame 3000/9086 (30.4 fps, ETA 200s)
    Frame 4000/9086 (30.4 fps, ETA 167s)
    Frame 5000/9086 (30.4 fps, ETA 134s)
    Frame 6000/9086 (30.4 fps, ETA 102s)
    Frame 7000/9086 (30.4 fps, ETA 69s)
    Frame 8000/9086 (30.4 fps, ETA 36s)
    Frame 9000/9086 (30.3 fps, ETA 3s)
  Saved 9086 landmarks to /scratch/umang.tiwari/datasets/PhysDrive(Publication)/AMH1/CT/Label/RGB_lmk.csv (300.2s)
Processing AMW4/AS
    Frame 1000/9037 (29.9 fps, ETA 269s)
    Frame 2000/9037 (30.3 fps, ETA 232s)
    Frame 3000/9037 (30.5 fps, ETA 198s)
    Frame 4000/9037 (30.5 fps, ETA 165s)
    Frame 5000/9037 (30.5 fps, ETA 132s)
    Frame 6000/9037 (30.4 fps, ETA 100s)
    Frame 7000/9037 (30.5 fps, ETA 67s)
    Frame 8000/9037 (30.5 fps, ETA 34s)
    Frame 9000/9037 (30.5 fps, ETA 1s)
  Saved 9037 landmarks to /scratch/umang.tiwari/datasets/PhysDrive(Publication)/AMW4/AS/Label/RGB_lmk.csv (296.3s)
Processing AMW4/AT
    Frame 1000/9571 (30.4 fps, ETA 282s)
    Frame 2000/9571 (30.3 fps, ETA 250s)
    Frame 3000/9571 (30.4 fps, ETA 216s)
    Frame 4000/9571 (30.6 fps, ETA 182s)
    Frame 5000/9571 (30.5 fps, ETA 150s)
    Frame 6000/9571 (30.5 fps, ETA 117s)
    Frame 7000/9571 (30.6 fps, ETA 84s)
    Frame 8000/9571 (30.7 fps, ETA 51s)
    Frame 9000/9571 (30.6 fps, ETA 19s)
  Saved 9571 landmarks to /scratch/umang.tiwari/datasets/PhysDrive(Publication)/AMW4/AT/Label/RGB_lmk.csv (313.7s)
Processing AMW4/BS
    Frame 1000/9047 (30.3 fps, ETA 266s)
    Frame 2000/9047 (30.1 fps, ETA 234s)
    Frame 3000/9047 (30.3 fps, ETA 200s)
    Frame 4000/9047 (30.4 fps, ETA 166s)
    Frame 5000/9047 (30.5 fps, ETA 133s)
    Frame 6000/9047 (30.4 fps, ETA 100s)
    Frame 7000/9047 (30.3 fps, ETA 67s)
    Frame 8000/9047 (30.4 fps, ETA 34s)
    Frame 9000/9047 (30.4 fps, ETA 2s)
  Saved 9047 landmarks to /scratch/umang.tiwari/datasets/PhysDrive(Publication)/AMW4/BS/Label/RGB_lmk.csv (298.2s)
Processing AMW4/BT
    Frame 1000/10669 (29.7 fps, ETA 325s)
    Frame 2000/10669 (30.2 fps, ETA 287s)
    Frame 3000/10669 (30.3 fps, ETA 253s)
    Frame 4000/10669 (30.4 fps, ETA 219s)
    Frame 5000/10669 (30.4 fps, ETA 186s)
    Frame 6000/10669 (30.5 fps, ETA 153s)
    Frame 7000/10669 (30.5 fps, ETA 120s)
    Frame 8000/10669 (30.4 fps, ETA 88s)
    Frame 9000/10669 (30.5 fps, ETA 55s)
    Frame 10000/10669 (30.5 fps, ETA 22s)
  Saved 10669 landmarks to /scratch/umang.tiwari/datasets/PhysDrive(Publication)/AMW4/BT/Label/RGB_lmk.csv (350.8s)
Processing AMW4/CS
    Frame 1000/9117 (25.8 fps, ETA 315s)
    Frame 2000/9117 (27.8 fps, ETA 256s)
    Frame 3000/9117 (28.6 fps, ETA 214s)
    Frame 4000/9117 (29.1 fps, ETA 176s)
    Frame 5000/9117 (29.3 fps, ETA 141s)
    Frame 6000/9117 (29.5 fps, ETA 106s)
    Frame 7000/9117 (29.6 fps, ETA 71s)
    Frame 8000/9117 (29.7 fps, ETA 38s)
    Frame 9000/9117 (29.8 fps, ETA 4s)
  Saved 9117 landmarks to /scratch/umang.tiwari/datasets/PhysDrive(Publication)/AMW4/CS/Label/RGB_lmk.csv (306.5s)
Processing AMW4/CT
    Frame 1000/9939 (30.1 fps, ETA 297s)
    Frame 2000/9939 (30.2 fps, ETA 263s)
    Frame 3000/9939 (30.5 fps, ETA 228s)
    Frame 4000/9939 (30.6 fps, ETA 194s)
    Frame 5000/9939 (30.4 fps, ETA 162s)
    Frame 6000/9939 (30.5 fps, ETA 129s)
    Frame 7000/9939 (30.6 fps, ETA 96s)
    Frame 8000/9939 (30.5 fps, ETA 64s)
    Frame 9000/9939 (30.5 fps, ETA 31s)
  Saved 9939 landmarks to /scratch/umang.tiwari/datasets/PhysDrive(Publication)/AMW4/CT/Label/RGB_lmk.csv (326.7s)
Processing AMZ3/AS
    Frame 1000/9087 (30.0 fps, ETA 270s)
    Frame 2000/9087 (30.3 fps, ETA 234s)
    Frame 3000/9087 (30.6 fps, ETA 199s)
    Frame 4000/9087 (30.7 fps, ETA 166s)
    Frame 5000/9087 (30.7 fps, ETA 133s)
    Frame 6000/9087 (30.6 fps, ETA 101s)
    Frame 7000/9087 (30.6 fps, ETA 68s)
    Frame 8000/9087 (30.5 fps, ETA 36s)
    Frame 9000/9087 (30.5 fps, ETA 3s)
  Saved 9087 landmarks to /scratch/umang.tiwari/datasets/PhysDrive(Publication)/AMZ3/AS/Label/RGB_lmk.csv (298.6s)
Processing AMZ3/AT
    Frame 1000/9139 (30.3 fps, ETA 269s)
    Frame 2000/9139 (30.5 fps, ETA 234s)
    Frame 3000/9139 (30.4 fps, ETA 202s)
    Frame 4000/9139 (30.5 fps, ETA 168s)
    Frame 5000/9139 (30.5 fps, ETA 136s)
    Frame 6000/9139 (30.5 fps, ETA 103s)
    Frame 7000/9139 (30.5 fps, ETA 70s)
    Frame 8000/9139 (30.5 fps, ETA 37s)
    Frame 9000/9139 (30.6 fps, ETA 5s)
  Saved 9139 landmarks to /scratch/umang.tiwari/datasets/PhysDrive(Publication)/AMZ3/AT/Label/RGB_lmk.csv (299.3s)
Processing AMZ3/BS
    Frame 1000/7960 (30.2 fps, ETA 230s)
    Frame 2000/7960 (30.3 fps, ETA 197s)
    Frame 3000/7960 (30.3 fps, ETA 163s)
    Frame 4000/7960 (30.3 fps, ETA 131s)
    Frame 5000/7960 (30.3 fps, ETA 98s)
    Frame 6000/7960 (30.5 fps, ETA 64s)
    Frame 7000/7960 (30.5 fps, ETA 31s)
  Saved 7960 landmarks to /scratch/umang.tiwari/datasets/PhysDrive(Publication)/AMZ3/BS/Label/RGB_lmk.csv (260.6s)
Processing AMZ3/BT
    Frame 1000/10045 (29.5 fps, ETA 306s)
    Frame 2000/10045 (30.4 fps, ETA 265s)
    Frame 3000/10045 (30.5 fps, ETA 231s)
    Frame 4000/10045 (30.5 fps, ETA 198s)
    Frame 5000/10045 (30.5 fps, ETA 165s)
    Frame 6000/10045 (30.5 fps, ETA 133s)
    Frame 7000/10045 (30.5 fps, ETA 100s)
    Frame 8000/10045 (30.5 fps, ETA 67s)
    Frame 9000/10045 (30.5 fps, ETA 34s)
    Frame 10000/10045 (30.3 fps, ETA 1s)
  Saved 10045 landmarks to /scratch/umang.tiwari/datasets/PhysDrive(Publication)/AMZ3/BT/Label/RGB_lmk.csv (331.8s)
Processing AMZ3/CS
    Frame 1000/7870 (28.6 fps, ETA 240s)
    Frame 2000/7870 (29.2 fps, ETA 201s)
    Frame 3000/7870 (29.6 fps, ETA 165s)
    Frame 4000/7870 (29.7 fps, ETA 130s)
    Frame 5000/7870 (29.7 fps, ETA 97s)
    Frame 6000/7870 (29.8 fps, ETA 63s)
    Frame 7000/7870 (29.9 fps, ETA 29s)
  Saved 7870 landmarks to /scratch/umang.tiwari/datasets/PhysDrive(Publication)/AMZ3/CS/Label/RGB_lmk.csv (263.4s)
Processing AMZ3/CT
    Frame 1000/7481 (30.1 fps, ETA 216s)
    Frame 2000/7481 (30.1 fps, ETA 182s)
    Frame 3000/7481 (30.0 fps, ETA 149s)
    Frame 4000/7481 (30.1 fps, ETA 116s)
    Frame 5000/7481 (30.3 fps, ETA 82s)
    Frame 6000/7481 (30.3 fps, ETA 49s)
    Frame 7000/7481 (30.4 fps, ETA 16s)
  Saved 7481 landmarks to /scratch/umang.tiwari/datasets/PhysDrive(Publication)/AMZ3/CT/Label/RGB_lmk.csv (246.8s)
Processing BFH2/AS
    Frame 1000/9051 (30.8 fps, ETA 261s)
    Frame 2000/9051 (30.7 fps, ETA 229s)
    Frame 3000/9051 (30.8 fps, ETA 197s)
    Frame 4000/9051 (30.7 fps, ETA 164s)
    Frame 5000/9051 (30.8 fps, ETA 132s)
    Frame 6000/9051 (30.8 fps, ETA 99s)
    Frame 7000/9051 (30.8 fps, ETA 67s)
    Frame 8000/9051 (30.7 fps, ETA 34s)
    Frame 9000/9051 (30.7 fps, ETA 2s)
  Saved 9051 landmarks to /scratch/umang.tiwari/datasets/PhysDrive(Publication)/BFH2/AS/Label/RGB_lmk.csv (295.3s)
Processing BFH2/AT
    Frame 1000/9158 (30.6 fps, ETA 266s)
    Frame 2000/9158 (30.3 fps, ETA 236s)
    Frame 3000/9158 (30.5 fps, ETA 202s)
    Frame 4000/9158 (30.4 fps, ETA 170s)
    Frame 5000/9158 (30.4 fps, ETA 137s)
    Frame 6000/9158 (30.4 fps, ETA 104s)
    Frame 7000/9158 (30.4 fps, ETA 71s)
    Frame 8000/9158 (30.4 fps, ETA 38s)
    Frame 9000/9158 (30.4 fps, ETA 5s)
  Saved 9158 landmarks to /scratch/umang.tiwari/datasets/PhysDrive(Publication)/BFH2/AT/Label/RGB_lmk.csv (301.6s)
Processing BFH2/BS
    Frame 1000/9609 (30.6 fps, ETA 281s)
    Frame 2000/9609 (30.4 fps, ETA 250s)
    Frame 3000/9609 (30.4 fps, ETA 217s)
    Frame 4000/9609 (30.5 fps, ETA 184s)
    Frame 5000/9609 (30.5 fps, ETA 151s)
    Frame 6000/9609 (30.4 fps, ETA 119s)
    Frame 7000/9609 (30.4 fps, ETA 86s)
    Frame 8000/9609 (30.4 fps, ETA 53s)
    Frame 9000/9609 (30.5 fps, ETA 20s)
  Saved 9609 landmarks to /scratch/umang.tiwari/datasets/PhysDrive(Publication)/BFH2/BS/Label/RGB_lmk.csv (316.0s)
Processing BFH2/BT
    Frame 1000/10610 (30.0 fps, ETA 320s)
    Frame 2000/10610 (29.9 fps, ETA 288s)
    Frame 3000/10610 (30.0 fps, ETA 254s)
    Frame 4000/10610 (30.1 fps, ETA 219s)
    Frame 5000/10610 (30.3 fps, ETA 185s)
    Frame 6000/10610 (30.3 fps, ETA 152s)
    Frame 7000/10610 (30.4 fps, ETA 119s)
    Frame 8000/10610 (30.4 fps, ETA 86s)
    Frame 9000/10610 (30.4 fps, ETA 53s)
    Frame 10000/10610 (30.4 fps, ETA 20s)
  Saved 10610 landmarks to /scratch/umang.tiwari/datasets/PhysDrive(Publication)/BFH2/BT/Label/RGB_lmk.csv (349.1s)
Processing BFH2/CS
    Frame 1000/9049 (30.4 fps, ETA 265s)
    Frame 2000/9049 (30.5 fps, ETA 231s)
    Frame 3000/9049 (30.5 fps, ETA 198s)
    Frame 4000/9049 (30.4 fps, ETA 166s)
    Frame 5000/9049 (30.5 fps, ETA 133s)
    Frame 6000/9049 (30.5 fps, ETA 100s)
    Frame 7000/9049 (30.6 fps, ETA 67s)
    Frame 8000/9049 (30.5 fps, ETA 34s)
    Frame 9000/9049 (30.5 fps, ETA 2s)
  Saved 9049 landmarks to /scratch/umang.tiwari/datasets/PhysDrive(Publication)/BFH2/CS/Label/RGB_lmk.csv (297.2s)
Processing BFH2/CT
    Frame 1000/10893 (31.4 fps, ETA 315s)
    Frame 2000/10893 (30.8 fps, ETA 289s)
    Frame 3000/10893 (30.7 fps, ETA 257s)
    Frame 4000/10893 (30.5 fps, ETA 226s)
    Frame 5000/10893 (30.4 fps, ETA 194s)
    Frame 6000/10893 (30.4 fps, ETA 161s)
    Frame 7000/10893 (30.4 fps, ETA 128s)
    Frame 8000/10893 (30.3 fps, ETA 95s)
    Frame 9000/10893 (30.5 fps, ETA 62s)
    Frame 10000/10893 (30.4 fps, ETA 29s)
  Saved 10893 landmarks to /scratch/umang.tiwari/datasets/PhysDrive(Publication)/BFH2/CT/Label/RGB_lmk.csv (358.1s)
Processing BFY1/AS
    Frame 1000/9035 (31.0 fps, ETA 259s)
    Frame 2000/9035 (31.0 fps, ETA 227s)
    Frame 3000/9035 (31.0 fps, ETA 195s)
    Frame 4000/9035 (30.7 fps, ETA 164s)
    Frame 5000/9035 (30.5 fps, ETA 132s)
    Frame 6000/9035 (30.5 fps, ETA 99s)
    Frame 7000/9035 (30.4 fps, ETA 67s)
    Frame 8000/9035 (30.3 fps, ETA 34s)
    Frame 9000/9035 (30.2 fps, ETA 1s)
  Saved 9035 landmarks to /scratch/umang.tiwari/datasets/PhysDrive(Publication)/BFY1/AS/Label/RGB_lmk.csv (299.8s)
Processing BFY1/AT
    Frame 1000/9322 (30.0 fps, ETA 277s)
    Frame 2000/9322 (29.9 fps, ETA 245s)
    Frame 3000/9322 (30.0 fps, ETA 211s)
    Frame 4000/9322 (30.1 fps, ETA 177s)
    Frame 5000/9322 (30.2 fps, ETA 143s)
    Frame 6000/9322 (30.1 fps, ETA 110s)
    Frame 7000/9322 (30.1 fps, ETA 77s)
    Frame 8000/9322 (30.2 fps, ETA 44s)
    Frame 9000/9322 (30.2 fps, ETA 11s)
  Saved 9322 landmarks to /scratch/umang.tiwari/datasets/PhysDrive(Publication)/BFY1/AT/Label/RGB_lmk.csv (308.9s)
Processing BFY1/BS
    Frame 1000/11031 (30.2 fps, ETA 332s)
    Frame 2000/11031 (30.5 fps, ETA 296s)
    Frame 3000/11031 (30.3 fps, ETA 265s)
    Frame 4000/11031 (30.5 fps, ETA 231s)
    Frame 5000/11031 (30.4 fps, ETA 198s)
    Frame 6000/11031 (30.4 fps, ETA 165s)
    Frame 7000/11031 (30.5 fps, ETA 132s)
    Frame 8000/11031 (30.5 fps, ETA 99s)
    Frame 9000/11031 (30.6 fps, ETA 66s)
    Frame 10000/11031 (30.6 fps, ETA 34s)
    Frame 11000/11031 (30.6 fps, ETA 1s)
  Saved 11031 landmarks to /scratch/umang.tiwari/datasets/PhysDrive(Publication)/BFY1/BS/Label/RGB_lmk.csv (361.4s)
Processing BFY1/BT
    Frame 1000/9256 (30.1 fps, ETA 274s)
    Frame 2000/9256 (30.4 fps, ETA 238s)
    Frame 3000/9256 (30.6 fps, ETA 204s)
    Frame 4000/9256 (30.7 fps, ETA 171s)
    Frame 5000/9256 (30.7 fps, ETA 139s)
    Frame 6000/9256 (30.7 fps, ETA 106s)
    Frame 7000/9256 (30.7 fps, ETA 74s)
    Frame 8000/9256 (30.6 fps, ETA 41s)
    Frame 9000/9256 (30.6 fps, ETA 8s)
  Saved 9256 landmarks to /scratch/umang.tiwari/datasets/PhysDrive(Publication)/BFY1/BT/Label/RGB_lmk.csv (302.9s)
Processing BFY1/CS
    Frame 1000/9762 (30.1 fps, ETA 291s)
    Frame 2000/9762 (30.2 fps, ETA 257s)
    Frame 3000/9762 (30.1 fps, ETA 225s)
    Frame 4000/9762 (30.1 fps, ETA 192s)
    Frame 5000/9762 (30.1 fps, ETA 158s)
    Frame 6000/9762 (30.3 fps, ETA 124s)
    Frame 7000/9762 (30.2 fps, ETA 91s)
    Frame 8000/9762 (30.3 fps, ETA 58s)
    Frame 9000/9762 (30.2 fps, ETA 25s)
  Saved 9762 landmarks to /scratch/umang.tiwari/datasets/PhysDrive(Publication)/BFY1/CS/Label/RGB_lmk.csv (323.4s)
Processing BFY1/CT
    Frame 1000/10141 (30.1 fps, ETA 303s)
    Frame 2000/10141 (30.5 fps, ETA 267s)
    Frame 3000/10141 (30.4 fps, ETA 235s)
    Frame 4000/10141 (30.5 fps, ETA 201s)
    Frame 5000/10141 (30.4 fps, ETA 169s)
    Frame 6000/10141 (30.3 fps, ETA 137s)
    Frame 7000/10141 (30.3 fps, ETA 104s)
    Frame 8000/10141 (30.3 fps, ETA 71s)
    Frame 9000/10141 (30.3 fps, ETA 38s)
    Frame 10000/10141 (30.3 fps, ETA 5s)
  Saved 10141 landmarks to /scratch/umang.tiwari/datasets/PhysDrive(Publication)/BFY1/CT/Label/RGB_lmk.csv (334.5s)
Processing BFZ4/AS
    Frame 1000/10450 (29.6 fps, ETA 319s)
    Frame 2000/10450 (29.6 fps, ETA 285s)
    Frame 3000/10450 (29.9 fps, ETA 249s)
    Frame 4000/10450 (30.0 fps, ETA 215s)
    Frame 5000/10450 (30.0 fps, ETA 181s)
    Frame 6000/10450 (30.1 fps, ETA 148s)
    Frame 7000/10450 (30.1 fps, ETA 115s)
    Frame 8000/10450 (30.1 fps, ETA 81s)
    Frame 9000/10450 (30.1 fps, ETA 48s)
    Frame 10000/10450 (30.1 fps, ETA 15s)
  Saved 10450 landmarks to /scratch/umang.tiwari/datasets/PhysDrive(Publication)/BFZ4/AS/Label/RGB_lmk.csv (347.2s)
Processing BFZ4/AT
    Frame 1000/9762 (30.2 fps, ETA 290s)
    Frame 2000/9762 (30.3 fps, ETA 256s)
    Frame 3000/9762 (30.6 fps, ETA 221s)
    Frame 4000/9762 (30.5 fps, ETA 189s)
    Frame 5000/9762 (30.4 fps, ETA 156s)
    Frame 6000/9762 (30.5 fps, ETA 123s)
    Frame 7000/9762 (30.5 fps, ETA 91s)
    Frame 8000/9762 (30.5 fps, ETA 58s)
    Frame 9000/9762 (30.5 fps, ETA 25s)
  Saved 9762 landmarks to /scratch/umang.tiwari/datasets/PhysDrive(Publication)/BFZ4/AT/Label/RGB_lmk.csv (320.1s)
Processing BFZ4/BS
    Frame 1000/9083 (30.0 fps, ETA 270s)
    Frame 2000/9083 (30.2 fps, ETA 234s)
    Frame 3000/9083 (30.1 fps, ETA 202s)
    Frame 4000/9083 (30.2 fps, ETA 168s)
    Frame 5000/9083 (30.2 fps, ETA 135s)
    Frame 6000/9083 (30.3 fps, ETA 102s)
    Frame 7000/9083 (30.3 fps, ETA 69s)
    Frame 8000/9083 (30.3 fps, ETA 36s)
    Frame 9000/9083 (30.2 fps, ETA 3s)
  Saved 9083 landmarks to /scratch/umang.tiwari/datasets/PhysDrive(Publication)/BFZ4/BS/Label/RGB_lmk.csv (300.7s)
Processing BFZ4/BT
    Frame 1000/12191 (30.2 fps, ETA 370s)
    Frame 2000/12191 (29.9 fps, ETA 341s)
    Frame 3000/12191 (30.1 fps, ETA 306s)
    Frame 4000/12191 (30.1 fps, ETA 272s)
    Frame 5000/12191 (30.2 fps, ETA 238s)
    Frame 6000/12191 (30.2 fps, ETA 205s)
    Frame 7000/12191 (30.2 fps, ETA 172s)
    Frame 8000/12191 (30.2 fps, ETA 139s)
    Frame 9000/12191 (30.3 fps, ETA 105s)
    Frame 10000/12191 (30.3 fps, ETA 72s)
    Frame 11000/12191 (30.2 fps, ETA 39s)
    Frame 12000/12191 (30.2 fps, ETA 6s)
  Saved 12191 landmarks to /scratch/umang.tiwari/datasets/PhysDrive(Publication)/BFZ4/BT/Label/RGB_lmk.csv (403.4s)
Processing BFZ4/CS
    Frame 1000/9565 (30.7 fps, ETA 279s)
    Frame 2000/9565 (30.5 fps, ETA 248s)
    Frame 3000/9565 (30.4 fps, ETA 216s)
    Frame 4000/9565 (30.3 fps, ETA 183s)
    Frame 5000/9565 (30.4 fps, ETA 150s)
    Frame 6000/9565 (30.5 fps, ETA 117s)
    Frame 7000/9565 (30.5 fps, ETA 84s)
    Frame 8000/9565 (30.5 fps, ETA 51s)
    Frame 9000/9565 (30.5 fps, ETA 19s)
  Saved 9565 landmarks to /scratch/umang.tiwari/datasets/PhysDrive(Publication)/BFZ4/CS/Label/RGB_lmk.csv (314.7s)
Processing BFZ4/CT
    Frame 1000/11866 (30.2 fps, ETA 360s)
    Frame 2000/11866 (30.1 fps, ETA 328s)
    Frame 3000/11866 (30.2 fps, ETA 294s)
    Frame 4000/11866 (30.1 fps, ETA 262s)
    Frame 5000/11866 (30.0 fps, ETA 229s)
    Frame 6000/11866 (29.9 fps, ETA 196s)
    Frame 7000/11866 (29.9 fps, ETA 163s)
    Frame 8000/11866 (30.0 fps, ETA 129s)
    Frame 9000/11866 (30.0 fps, ETA 96s)
    Frame 10000/11866 (30.0 fps, ETA 62s)
    Frame 11000/11866 (30.0 fps, ETA 29s)
  Saved 11866 landmarks to /scratch/umang.tiwari/datasets/PhysDrive(Publication)/BFZ4/CT/Label/RGB_lmk.csv (395.9s)
Processing BMW1/AS
    Frame 1000/9403 (30.2 fps, ETA 278s)
    Frame 2000/9403 (30.2 fps, ETA 245s)
    Frame 3000/9403 (30.2 fps, ETA 212s)
    Frame 4000/9403 (30.1 fps, ETA 179s)
    Frame 5000/9403 (30.2 fps, ETA 146s)
    Frame 6000/9403 (30.3 fps, ETA 112s)
    Frame 7000/9403 (30.2 fps, ETA 79s)
    Frame 8000/9403 (30.4 fps, ETA 46s)
    Frame 9000/9403 (30.4 fps, ETA 13s)
  Saved 9403 landmarks to /scratch/umang.tiwari/datasets/PhysDrive(Publication)/BMW1/AS/Label/RGB_lmk.csv (309.8s)
Processing BMW1/AT
    Frame 1000/10957 (29.6 fps, ETA 336s)
    Frame 2000/10957 (29.7 fps, ETA 302s)
    Frame 3000/10957 (29.8 fps, ETA 267s)
    Frame 4000/10957 (30.0 fps, ETA 232s)
    Frame 5000/10957 (30.0 fps, ETA 198s)
    Frame 6000/10957 (30.1 fps, ETA 165s)
    Frame 7000/10957 (30.1 fps, ETA 132s)
    Frame 8000/10957 (30.1 fps, ETA 98s)
    Frame 9000/10957 (30.1 fps, ETA 65s)
    Frame 10000/10957 (30.0 fps, ETA 32s)
  Saved 10957 landmarks to /scratch/umang.tiwari/datasets/PhysDrive(Publication)/BMW1/AT/Label/RGB_lmk.csv (365.3s)
Processing BMW1/BS
    Frame 1000/6913 (30.1 fps, ETA 196s)
    Frame 2000/6913 (30.1 fps, ETA 163s)
    Frame 3000/6913 (30.0 fps, ETA 131s)
    Frame 4000/6913 (29.9 fps, ETA 97s)
    Frame 5000/6913 (29.9 fps, ETA 64s)
    Frame 6000/6913 (29.9 fps, ETA 31s)
  Saved 6913 landmarks to /scratch/umang.tiwari/datasets/PhysDrive(Publication)/BMW1/BS/Label/RGB_lmk.csv (231.1s)
Processing BMW1/BT
    Frame 1000/11193 (29.8 fps, ETA 342s)
    Frame 2000/11193 (28.7 fps, ETA 321s)
    Frame 3000/11193 (28.6 fps, ETA 287s)
    Frame 4000/11193 (28.7 fps, ETA 251s)
    Frame 5000/11193 (29.0 fps, ETA 214s)
    Frame 6000/11193 (29.2 fps, ETA 178s)
    Frame 7000/11193 (29.3 fps, ETA 143s)
    Frame 8000/11193 (29.4 fps, ETA 109s)
    Frame 9000/11193 (29.4 fps, ETA 74s)
    Frame 10000/11193 (29.5 fps, ETA 40s)
    Frame 11000/11193 (29.7 fps, ETA 7s)
  Saved 11193 landmarks to /scratch/umang.tiwari/datasets/PhysDrive(Publication)/BMW1/BT/Label/RGB_lmk.csv (377.4s)
Processing BMW1/CS
    Frame 1000/10469 (30.0 fps, ETA 316s)
    Frame 2000/10469 (30.1 fps, ETA 282s)
    Frame 3000/10469 (30.3 fps, ETA 247s)
    Frame 4000/10469 (30.3 fps, ETA 214s)
    Frame 5000/10469 (30.3 fps, ETA 181s)
    Frame 6000/10469 (30.2 fps, ETA 148s)
    Frame 7000/10469 (30.2 fps, ETA 115s)
    Frame 8000/10469 (30.1 fps, ETA 82s)
    Frame 9000/10469 (30.1 fps, ETA 49s)
    Frame 10000/10469 (30.2 fps, ETA 16s)
  Saved 10469 landmarks to /scratch/umang.tiwari/datasets/PhysDrive(Publication)/BMW1/CS/Label/RGB_lmk.csv (347.1s)
Processing BMW1/CT
    Frame 1000/7799 (30.4 fps, ETA 224s)
    Frame 2000/7799 (30.3 fps, ETA 192s)
    Frame 3000/7799 (30.4 fps, ETA 158s)
    Frame 4000/7799 (30.4 fps, ETA 125s)
    Frame 5000/7799 (30.4 fps, ETA 92s)
    Frame 6000/7799 (30.5 fps, ETA 59s)
    Frame 7000/7799 (30.5 fps, ETA 26s)
  Saved 7799 landmarks to /scratch/umang.tiwari/datasets/PhysDrive(Publication)/BMW1/CT/Label/RGB_lmk.csv (255.1s)
Processing BMY2/AS
    Frame 1000/9063 (30.4 fps, ETA 265s)
    Frame 2000/9063 (30.2 fps, ETA 234s)
    Frame 3000/9063 (30.3 fps, ETA 200s)
    Frame 4000/9063 (30.4 fps, ETA 166s)
    Frame 5000/9063 (30.5 fps, ETA 133s)
    Frame 6000/9063 (30.4 fps, ETA 101s)
    Frame 7000/9063 (30.3 fps, ETA 68s)
    Frame 8000/9063 (30.4 fps, ETA 35s)
    Frame 9000/9063 (30.3 fps, ETA 2s)
  Saved 9063 landmarks to /scratch/umang.tiwari/datasets/PhysDrive(Publication)/BMY2/AS/Label/RGB_lmk.csv (299.2s)
Processing BMY2/AT
    Frame 1000/9903 (30.5 fps, ETA 292s)
    Frame 2000/9903 (30.4 fps, ETA 260s)
    Frame 3000/9903 (30.3 fps, ETA 228s)
    Frame 4000/9903 (30.4 fps, ETA 194s)
    Frame 5000/9903 (30.4 fps, ETA 161s)
    Frame 6000/9903 (30.4 fps, ETA 128s)
    Frame 7000/9903 (30.4 fps, ETA 95s)
    Frame 8000/9903 (30.4 fps, ETA 63s)
    Frame 9000/9903 (30.5 fps, ETA 30s)
  Saved 9903 landmarks to /scratch/umang.tiwari/datasets/PhysDrive(Publication)/BMY2/AT/Label/RGB_lmk.csv (325.0s)
Processing BMY2/BS
    Frame 1000/9144 (30.7 fps, ETA 265s)
    Frame 2000/9144 (30.6 fps, ETA 233s)
    Frame 3000/9144 (30.6 fps, ETA 200s)
    Frame 4000/9144 (30.7 fps, ETA 168s)
    Frame 5000/9144 (30.5 fps, ETA 136s)
    Frame 6000/9144 (30.6 fps, ETA 103s)
    Frame 7000/9144 (30.6 fps, ETA 70s)
    Frame 8000/9144 (30.7 fps, ETA 37s)
    Frame 9000/9144 (30.6 fps, ETA 5s)
  Saved 9144 landmarks to /scratch/umang.tiwari/datasets/PhysDrive(Publication)/BMY2/BS/Label/RGB_lmk.csv (298.9s)
Processing BMY2/BT
    Frame 1000/9637 (30.3 fps, ETA 285s)
    Frame 2000/9637 (30.4 fps, ETA 251s)
    Frame 3000/9637 (30.4 fps, ETA 219s)
    Frame 4000/9637 (30.3 fps, ETA 186s)
    Frame 5000/9637 (30.4 fps, ETA 152s)
    Frame 6000/9637 (30.6 fps, ETA 119s)
    Frame 7000/9637 (30.6 fps, ETA 86s)
    Frame 8000/9637 (30.5 fps, ETA 54s)
    Frame 9000/9637 (30.5 fps, ETA 21s)
  Saved 9637 landmarks to /scratch/umang.tiwari/datasets/PhysDrive(Publication)/BMY2/BT/Label/RGB_lmk.csv (316.7s)
Processing BMY2/CS
    Frame 1000/8760 (30.8 fps, ETA 252s)
    Frame 2000/8760 (30.9 fps, ETA 219s)
    Frame 3000/8760 (30.6 fps, ETA 188s)
    Frame 4000/8760 (30.5 fps, ETA 156s)
    Frame 5000/8760 (30.5 fps, ETA 123s)
    Frame 6000/8760 (30.4 fps, ETA 91s)
    Frame 7000/8760 (30.5 fps, ETA 58s)
    Frame 8000/8760 (30.4 fps, ETA 25s)
  Saved 8760 landmarks to /scratch/umang.tiwari/datasets/PhysDrive(Publication)/BMY2/CS/Label/RGB_lmk.csv (288.8s)
Processing BMY2/CT
    Frame 1000/9055 (28.9 fps, ETA 279s)
    Frame 2000/9055 (29.6 fps, ETA 239s)
    Frame 3000/9055 (30.0 fps, ETA 202s)
    Frame 4000/9055 (30.1 fps, ETA 168s)
    Frame 5000/9055 (30.1 fps, ETA 135s)
    Frame 6000/9055 (30.2 fps, ETA 101s)
    Frame 7000/9055 (30.2 fps, ETA 68s)
    Frame 8000/9055 (30.3 fps, ETA 35s)
    Frame 9000/9055 (30.4 fps, ETA 2s)
  Saved 9055 landmarks to /scratch/umang.tiwari/datasets/PhysDrive(Publication)/BMY2/CT/Label/RGB_lmk.csv (298.2s)
Processing CFH1/AS
    Frame 1000/9079 (32.1 fps, ETA 251s)
    Frame 2000/9079 (31.7 fps, ETA 223s)
    Frame 3000/9079 (31.6 fps, ETA 192s)
    Frame 4000/9079 (31.4 fps, ETA 162s)
    Frame 5000/9079 (31.2 fps, ETA 131s)
    Frame 6000/9079 (31.4 fps, ETA 98s)
    Frame 7000/9079 (31.3 fps, ETA 66s)
    Frame 8000/9079 (31.2 fps, ETA 35s)
    Frame 9000/9079 (31.2 fps, ETA 3s)
  Saved 9079 landmarks to /scratch/umang.tiwari/datasets/PhysDrive(Publication)/CFH1/AS/Label/RGB_lmk.csv (291.3s)
Processing CFH1/AT
    Frame 1000/10000 (31.4 fps, ETA 287s)
    Frame 2000/10000 (31.2 fps, ETA 256s)
    Frame 3000/10000 (31.5 fps, ETA 222s)
    Frame 4000/10000 (31.7 fps, ETA 189s)
    Frame 5000/10000 (31.7 fps, ETA 158s)
    Frame 6000/10000 (31.5 fps, ETA 127s)
    Frame 7000/10000 (31.0 fps, ETA 97s)
    Frame 8000/10000 (31.0 fps, ETA 64s)
    Frame 9000/10000 (30.9 fps, ETA 32s)
    Frame 10000/10000 (30.9 fps, ETA 0s)
  Saved 10000 landmarks to /scratch/umang.tiwari/datasets/PhysDrive(Publication)/CFH1/AT/Label/RGB_lmk.csv (323.5s)
Processing CFH1/BS
    Frame 1000/9054 (31.1 fps, ETA 259s)
    Frame 2000/9054 (31.3 fps, ETA 225s)
    Frame 3000/9054 (31.2 fps, ETA 194s)
    Frame 4000/9054 (31.3 fps, ETA 162s)
    Frame 5000/9054 (31.4 fps, ETA 129s)
    Frame 6000/9054 (31.5 fps, ETA 97s)
    Frame 7000/9054 (31.5 fps, ETA 65s)
    Frame 8000/9054 (31.6 fps, ETA 33s)
    Frame 9000/9054 (31.7 fps, ETA 2s)
  Saved 9054 landmarks to /scratch/umang.tiwari/datasets/PhysDrive(Publication)/CFH1/BS/Label/RGB_lmk.csv (285.9s)
Processing CFH1/BT
    Frame 1000/11564 (31.7 fps, ETA 333s)
    Frame 2000/11564 (31.8 fps, ETA 301s)
    Frame 3000/11564 (31.9 fps, ETA 268s)
    Frame 4000/11564 (31.8 fps, ETA 238s)
    Frame 5000/11564 (31.7 fps, ETA 207s)
    Frame 6000/11564 (31.7 fps, ETA 176s)
    Frame 7000/11564 (31.7 fps, ETA 144s)
    Frame 8000/11564 (31.8 fps, ETA 112s)
    Frame 9000/11564 (31.7 fps, ETA 81s)
    Frame 10000/11564 (31.7 fps, ETA 49s)
    Frame 11000/11564 (31.6 fps, ETA 18s)
  Saved 11564 landmarks to /scratch/umang.tiwari/datasets/PhysDrive(Publication)/CFH1/BT/Label/RGB_lmk.csv (365.9s)
Processing CFH1/CS
    Frame 1000/12963 (31.4 fps, ETA 381s)
    Frame 2000/12963 (31.6 fps, ETA 347s)
    Frame 3000/12963 (31.8 fps, ETA 313s)
    Frame 4000/12963 (31.6 fps, ETA 283s)
    Frame 5000/12963 (31.5 fps, ETA 253s)
    Frame 6000/12963 (31.5 fps, ETA 221s)
    Frame 7000/12963 (31.3 fps, ETA 190s)
    Frame 8000/12963 (31.3 fps, ETA 159s)
    Frame 9000/12963 (31.4 fps, ETA 126s)
    Frame 10000/12963 (30.8 fps, ETA 96s)
    Frame 11000/12963 (29.6 fps, ETA 66s)
    Frame 12000/12963 (28.2 fps, ETA 34s)
  Saved 12963 landmarks to /scratch/umang.tiwari/datasets/PhysDrive(Publication)/CFH1/CS/Label/RGB_lmk.csv (467.0s)
Processing CFH1/CT
    Frame 1000/8445 (22.1 fps, ETA 337s)
    Frame 2000/8445 (23.6 fps, ETA 273s)
    Frame 3000/8445 (25.5 fps, ETA 214s)
    Frame 4000/8445 (26.6 fps, ETA 167s)
    Frame 5000/8445 (27.4 fps, ETA 126s)
    Frame 6000/8445 (28.0 fps, ETA 87s)
    Frame 7000/8445 (28.5 fps, ETA 51s)
    Frame 8000/8445 (28.9 fps, ETA 15s)
  Saved 8445 landmarks to /scratch/umang.tiwari/datasets/PhysDrive(Publication)/CFH1/CT/Label/RGB_lmk.csv (291.1s)
Processing CFW2/AS
    Frame 1000/8557 (30.4 fps, ETA 248s)
    Frame 2000/8557 (31.0 fps, ETA 211s)
    Frame 3000/8557 (31.3 fps, ETA 178s)
    Frame 4000/8557 (31.3 fps, ETA 146s)
    Frame 5000/8557 (31.3 fps, ETA 114s)
    Frame 6000/8557 (31.6 fps, ETA 81s)
    Frame 7000/8557 (31.5 fps, ETA 49s)
    Frame 8000/8557 (31.6 fps, ETA 18s)
  Saved 8557 landmarks to /scratch/umang.tiwari/datasets/PhysDrive(Publication)/CFW2/AS/Label/RGB_lmk.csv (271.7s)
Processing CFW2/AT
    Frame 1000/9165 (31.8 fps, ETA 257s)
    Frame 2000/9165 (31.9 fps, ETA 225s)
    Frame 3000/9165 (32.0 fps, ETA 193s)
    Frame 4000/9165 (31.8 fps, ETA 162s)
    Frame 5000/9165 (31.8 fps, ETA 131s)
    Frame 6000/9165 (31.5 fps, ETA 100s)
    Frame 7000/9165 (31.5 fps, ETA 69s)
    Frame 8000/9165 (31.4 fps, ETA 37s)
    Frame 9000/9165 (31.5 fps, ETA 5s)
  Saved 9165 landmarks to /scratch/umang.tiwari/datasets/PhysDrive(Publication)/CFW2/AT/Label/RGB_lmk.csv (291.9s)
Processing CFW2/BS
    Frame 1000/9967 (31.3 fps, ETA 287s)
    Frame 2000/9967 (31.5 fps, ETA 253s)
    Frame 3000/9967 (31.4 fps, ETA 222s)
    Frame 4000/9967 (31.4 fps, ETA 190s)
    Frame 5000/9967 (31.3 fps, ETA 159s)
    Frame 6000/9967 (31.4 fps, ETA 126s)
    Frame 7000/9967 (31.4 fps, ETA 94s)
    Frame 8000/9967 (31.5 fps, ETA 62s)
    Frame 9000/9967 (31.5 fps, ETA 31s)
  Saved 9967 landmarks to /scratch/umang.tiwari/datasets/PhysDrive(Publication)/CFW2/BS/Label/RGB_lmk.csv (317.4s)
Processing CFW2/BT
    Frame 1000/9283 (31.8 fps, ETA 261s)
    Frame 2000/9283 (31.6 fps, ETA 230s)
    Frame 3000/9283 (31.9 fps, ETA 197s)
    Frame 4000/9283 (31.8 fps, ETA 166s)
    Frame 5000/9283 (31.6 fps, ETA 135s)
    Frame 6000/9283 (31.5 fps, ETA 104s)
    Frame 7000/9283 (31.5 fps, ETA 73s)
    Frame 8000/9283 (31.4 fps, ETA 41s)
    Frame 9000/9283 (31.4 fps, ETA 9s)
  Saved 9283 landmarks to /scratch/umang.tiwari/datasets/PhysDrive(Publication)/CFW2/BT/Label/RGB_lmk.csv (295.8s)
Processing CFW2/CS
    Frame 1000/10913 (30.6 fps, ETA 324s)
    Frame 2000/10913 (30.7 fps, ETA 290s)
    Frame 3000/10913 (30.6 fps, ETA 259s)
    Frame 4000/10913 (30.7 fps, ETA 225s)
    Frame 5000/10913 (30.8 fps, ETA 192s)
    Frame 6000/10913 (30.3 fps, ETA 162s)
    Frame 7000/10913 (29.9 fps, ETA 131s)
    Frame 8000/10913 (30.0 fps, ETA 97s)
    Frame 9000/10913 (30.0 fps, ETA 64s)
    Frame 10000/10913 (30.1 fps, ETA 30s)
  Saved 10913 landmarks to /scratch/umang.tiwari/datasets/PhysDrive(Publication)/CFW2/CS/Label/RGB_lmk.csv (361.3s)
Processing CFW2/CT
    Frame 1000/9517 (30.9 fps, ETA 276s)
    Frame 2000/9517 (31.5 fps, ETA 239s)
    Frame 3000/9517 (31.1 fps, ETA 210s)
    Frame 4000/9517 (31.1 fps, ETA 177s)
    Frame 5000/9517 (31.1 fps, ETA 145s)
    Frame 6000/9517 (31.1 fps, ETA 113s)
    Frame 7000/9517 (31.1 fps, ETA 81s)
    Frame 8000/9517 (31.1 fps, ETA 49s)
    Frame 9000/9517 (31.1 fps, ETA 17s)
  Saved 9517 landmarks to /scratch/umang.tiwari/datasets/PhysDrive(Publication)/CFW2/CT/Label/RGB_lmk.csv (306.0s)
Processing CFZ1/AS
    Frame 1000/9044 (30.9 fps, ETA 260s)
    Frame 2000/9044 (31.6 fps, ETA 223s)
    Frame 3000/9044 (31.5 fps, ETA 192s)
    Frame 4000/9044 (31.4 fps, ETA 161s)
    Frame 5000/9044 (31.4 fps, ETA 129s)
    Frame 6000/9044 (31.3 fps, ETA 97s)
    Frame 7000/9044 (31.2 fps, ETA 65s)
    Frame 8000/9044 (31.3 fps, ETA 33s)
    Frame 9000/9044 (31.2 fps, ETA 1s)
  Saved 9044 landmarks to /scratch/umang.tiwari/datasets/PhysDrive(Publication)/CFZ1/AS/Label/RGB_lmk.csv (289.8s)
Processing CFZ1/AT
    Frame 1000/9043 (30.8 fps, ETA 261s)
    Frame 2000/9043 (31.0 fps, ETA 227s)
    Frame 3000/9043 (31.2 fps, ETA 194s)
    Frame 4000/9043 (31.0 fps, ETA 163s)
    Frame 5000/9043 (30.9 fps, ETA 131s)
    Frame 6000/9043 (30.7 fps, ETA 99s)
    Frame 7000/9043 (30.7 fps, ETA 66s)
    Frame 8000/9043 (30.7 fps, ETA 34s)
    Frame 9000/9043 (30.7 fps, ETA 1s)
  Saved 9043 landmarks to /scratch/umang.tiwari/datasets/PhysDrive(Publication)/CFZ1/AT/Label/RGB_lmk.csv (294.4s)
Processing CFZ1/BS
    Frame 1000/9058 (30.4 fps, ETA 265s)
    Frame 2000/9058 (30.6 fps, ETA 230s)
    Frame 3000/9058 (30.7 fps, ETA 198s)
    Frame 4000/9058 (30.3 fps, ETA 167s)
    Frame 5000/9058 (30.6 fps, ETA 133s)
    Frame 6000/9058 (30.5 fps, ETA 100s)
    Frame 7000/9058 (30.4 fps, ETA 68s)
    Frame 8000/9058 (30.3 fps, ETA 35s)
    Frame 9000/9058 (29.4 fps, ETA 2s)
  Saved 9058 landmarks to /scratch/umang.tiwari/datasets/PhysDrive(Publication)/CFZ1/BS/Label/RGB_lmk.csv (308.6s)
Processing CFZ1/BT
    Frame 1000/9237 (24.0 fps, ETA 343s)
    Frame 2000/9237 (24.0 fps, ETA 301s)
    Frame 3000/9237 (24.1 fps, ETA 259s)
    Frame 4000/9237 (25.6 fps, ETA 205s)
    Frame 5000/9237 (26.6 fps, ETA 159s)
    Frame 6000/9237 (27.2 fps, ETA 119s)
    Frame 7000/9237 (27.6 fps, ETA 81s)
    Frame 8000/9237 (28.0 fps, ETA 44s)
    Frame 9000/9237 (28.3 fps, ETA 8s)
  Saved 9237 landmarks to /scratch/umang.tiwari/datasets/PhysDrive(Publication)/CFZ1/BT/Label/RGB_lmk.csv (325.8s)
Processing CFZ1/CS
    Frame 1000/8572 (30.9 fps, ETA 245s)
    Frame 2000/8572 (31.2 fps, ETA 211s)
    Frame 3000/8572 (31.3 fps, ETA 178s)
    Frame 4000/8572 (31.3 fps, ETA 146s)
    Frame 5000/8572 (31.3 fps, ETA 114s)
    Frame 6000/8572 (31.3 fps, ETA 82s)
    Frame 7000/8572 (31.4 fps, ETA 50s)
    Frame 8000/8572 (31.5 fps, ETA 18s)
  Saved 8572 landmarks to /scratch/umang.tiwari/datasets/PhysDrive(Publication)/CFZ1/CS/Label/RGB_lmk.csv (272.9s)
Processing CFZ1/CT
    Frame 1000/9046 (30.7 fps, ETA 262s)
    Frame 2000/9046 (30.5 fps, ETA 231s)
    Frame 3000/9046 (30.5 fps, ETA 198s)
    Frame 4000/9046 (30.7 fps, ETA 164s)
    Frame 5000/9046 (30.8 fps, ETA 131s)
    Frame 6000/9046 (30.7 fps, ETA 99s)
    Frame 7000/9046 (30.9 fps, ETA 66s)
    Frame 8000/9046 (30.8 fps, ETA 34s)
    Frame 9000/9046 (30.8 fps, ETA 1s)
  Saved 9046 landmarks to /scratch/umang.tiwari/datasets/PhysDrive(Publication)/CFZ1/CT/Label/RGB_lmk.csv (293.7s)
Processing CMH2/AS
    Frame 1000/9098 (30.8 fps, ETA 263s)
    Frame 2000/9098 (31.0 fps, ETA 229s)
    Frame 3000/9098 (30.9 fps, ETA 197s)
    Frame 4000/9098 (30.8 fps, ETA 165s)
    Frame 5000/9098 (30.9 fps, ETA 133s)
    Frame 6000/9098 (30.9 fps, ETA 100s)
    Frame 7000/9098 (30.8 fps, ETA 68s)
    Frame 8000/9098 (30.9 fps, ETA 36s)
    Frame 9000/9098 (30.9 fps, ETA 3s)
  Saved 9098 landmarks to /scratch/umang.tiwari/datasets/PhysDrive(Publication)/CMH2/AS/Label/RGB_lmk.csv (294.3s)
Processing CMH2/AT
    Frame 1000/9580 (31.3 fps, ETA 275s)
    Frame 2000/9580 (31.4 fps, ETA 242s)
    Frame 3000/9580 (31.8 fps, ETA 207s)
    Frame 4000/9580 (31.7 fps, ETA 176s)
    Frame 5000/9580 (31.7 fps, ETA 144s)
    Frame 6000/9580 (31.6 fps, ETA 113s)
    Frame 7000/9580 (31.6 fps, ETA 82s)
    Frame 8000/9580 (30.4 fps, ETA 52s)
    Frame 9000/9580 (29.6 fps, ETA 20s)
  Saved 9580 landmarks to /scratch/umang.tiwari/datasets/PhysDrive(Publication)/CMH2/AT/Label/RGB_lmk.csv (326.7s)
Processing CMH2/BS
    Frame 1000/10757 (25.7 fps, ETA 379s)
    Frame 2000/10757 (28.1 fps, ETA 311s)
    Frame 3000/10757 (29.1 fps, ETA 266s)
    Frame 4000/10757 (29.8 fps, ETA 227s)
    Frame 5000/10757 (30.0 fps, ETA 192s)
    Frame 6000/10757 (30.2 fps, ETA 158s)
    Frame 7000/10757 (30.4 fps, ETA 124s)
    Frame 8000/10757 (30.5 fps, ETA 90s)
    Frame 9000/10757 (30.5 fps, ETA 58s)
    Frame 10000/10757 (30.6 fps, ETA 25s)
  Saved 10757 landmarks to /scratch/umang.tiwari/datasets/PhysDrive(Publication)/CMH2/BS/Label/RGB_lmk.csv (350.9s)
Processing CMH2/BT
    Frame 1000/8285 (31.0 fps, ETA 235s)
    Frame 2000/8285 (31.0 fps, ETA 203s)
    Frame 3000/8285 (31.1 fps, ETA 170s)
    Frame 4000/8285 (31.1 fps, ETA 138s)
    Frame 5000/8285 (31.1 fps, ETA 105s)
    Frame 6000/8285 (31.0 fps, ETA 74s)
    Frame 7000/8285 (31.0 fps, ETA 41s)
    Frame 8000/8285 (31.1 fps, ETA 9s)
  Saved 8285 landmarks to /scratch/umang.tiwari/datasets/PhysDrive(Publication)/CMH2/BT/Label/RGB_lmk.csv (266.9s)
Processing CMH2/CS
    Frame 1000/7559 (31.7 fps, ETA 207s)
    Frame 2000/7559 (31.4 fps, ETA 177s)
    Frame 3000/7559 (31.4 fps, ETA 145s)
    Frame 4000/7559 (31.4 fps, ETA 113s)
    Frame 5000/7559 (31.3 fps, ETA 82s)
    Frame 6000/7559 (31.3 fps, ETA 50s)
    Frame 7000/7559 (31.2 fps, ETA 18s)
  Saved 7559 landmarks to /scratch/umang.tiwari/datasets/PhysDrive(Publication)/CMH2/CS/Label/RGB_lmk.csv (242.2s)
Processing CMH2/CT
    Frame 1000/9078 (30.7 fps, ETA 263s)
    Frame 2000/9078 (31.3 fps, ETA 226s)
    Frame 3000/9078 (31.1 fps, ETA 195s)
    Frame 4000/9078 (30.9 fps, ETA 164s)
    Frame 5000/9078 (31.0 fps, ETA 132s)
    Frame 6000/9078 (30.9 fps, ETA 100s)
    Frame 7000/9078 (31.0 fps, ETA 67s)
    Frame 8000/9078 (31.1 fps, ETA 35s)
    Frame 9000/9078 (31.0 fps, ETA 3s)
  Saved 9078 landmarks to /scratch/umang.tiwari/datasets/PhysDrive(Publication)/CMH2/CT/Label/RGB_lmk.csv (293.2s)
Processing CMY1/AS
    Frame 1000/10441 (30.5 fps, ETA 310s)
    Frame 2000/10441 (30.6 fps, ETA 276s)
    Frame 3000/10441 (30.9 fps, ETA 240s)
    Frame 4000/10441 (31.2 fps, ETA 206s)
    Frame 5000/10441 (31.2 fps, ETA 175s)
    Frame 6000/10441 (31.2 fps, ETA 142s)
    Frame 7000/10441 (31.2 fps, ETA 110s)
    Frame 8000/10441 (31.2 fps, ETA 78s)
    Frame 9000/10441 (31.2 fps, ETA 46s)
    Frame 10000/10441 (31.2 fps, ETA 14s)
  Saved 10441 landmarks to /scratch/umang.tiwari/datasets/PhysDrive(Publication)/CMY1/AS/Label/RGB_lmk.csv (334.8s)
Processing CMY1/AT
    Frame 1000/10046 (31.2 fps, ETA 290s)
    Frame 2000/10046 (30.9 fps, ETA 260s)
    Frame 3000/10046 (30.7 fps, ETA 229s)
    Frame 4000/10046 (30.8 fps, ETA 196s)
    Frame 5000/10046 (30.8 fps, ETA 164s)
    Frame 6000/10046 (30.8 fps, ETA 131s)
    Frame 7000/10046 (31.0 fps, ETA 98s)
    Frame 8000/10046 (31.0 fps, ETA 66s)
    Frame 9000/10046 (31.0 fps, ETA 34s)
    Frame 10000/10046 (31.1 fps, ETA 1s)
  Saved 10046 landmarks to /scratch/umang.tiwari/datasets/PhysDrive(Publication)/CMY1/AT/Label/RGB_lmk.csv (323.7s)
Processing CMY1/BS
    Frame 1000/9044 (31.4 fps, ETA 256s)
    Frame 2000/9044 (31.2 fps, ETA 226s)
    Frame 3000/9044 (28.5 fps, ETA 212s)
    Frame 4000/9044 (27.6 fps, ETA 183s)
    Frame 5000/9044 (27.0 fps, ETA 150s)
    Frame 6000/9044 (26.7 fps, ETA 114s)
    Frame 7000/9044 (26.5 fps, ETA 77s)
    Frame 8000/9044 (26.8 fps, ETA 39s)
    Frame 9000/9044 (27.1 fps, ETA 2s)
  Saved 9044 landmarks to /scratch/umang.tiwari/datasets/PhysDrive(Publication)/CMY1/BS/Label/RGB_lmk.csv (333.7s)
Processing CMY1/BT
    Frame 1000/9687 (30.5 fps, ETA 285s)
    Frame 2000/9687 (31.0 fps, ETA 248s)
    Frame 3000/9687 (30.7 fps, ETA 218s)
    Frame 4000/9687 (30.8 fps, ETA 185s)
    Frame 5000/9687 (30.7 fps, ETA 153s)
    Frame 6000/9687 (30.8 fps, ETA 120s)
    Frame 7000/9687 (30.7 fps, ETA 87s)
    Frame 8000/9687 (31.0 fps, ETA 54s)
    Frame 9000/9687 (31.2 fps, ETA 22s)
  Saved 9687 landmarks to /scratch/umang.tiwari/datasets/PhysDrive(Publication)/CMY1/BT/Label/RGB_lmk.csv (310.3s)
Processing CMY1/CS
    Frame 1000/9842 (32.7 fps, ETA 270s)
    Frame 2000/9842 (32.7 fps, ETA 240s)
    Frame 3000/9842 (32.8 fps, ETA 209s)
    Frame 4000/9842 (32.6 fps, ETA 179s)
    Frame 5000/9842 (32.5 fps, ETA 149s)
    Frame 6000/9842 (32.5 fps, ETA 118s)
    Frame 7000/9842 (32.5 fps, ETA 88s)
    Frame 8000/9842 (32.5 fps, ETA 57s)
    Frame 9000/9842 (32.5 fps, ETA 26s)
  Saved 9842 landmarks to /scratch/umang.tiwari/datasets/PhysDrive(Publication)/CMY1/CS/Label/RGB_lmk.csv (303.2s)
Processing CMY1/CT
    Frame 1000/9039 (32.4 fps, ETA 248s)
    Frame 2000/9039 (32.7 fps, ETA 215s)
    Frame 3000/9039 (32.7 fps, ETA 185s)
    Frame 4000/9039 (32.8 fps, ETA 154s)
    Frame 5000/9039 (32.6 fps, ETA 124s)
    Frame 6000/9039 (32.6 fps, ETA 93s)
    Frame 7000/9039 (32.7 fps, ETA 62s)
    Frame 8000/9039 (32.6 fps, ETA 32s)
    Frame 9000/9039 (32.6 fps, ETA 1s)
  Saved 9039 landmarks to /scratch/umang.tiwari/datasets/PhysDrive(Publication)/CMY1/CT/Label/RGB_lmk.csv (277.6s)
Processing CMZ2/AS
    Frame 1000/8354 (32.8 fps, ETA 224s)
    Frame 2000/8354 (32.1 fps, ETA 198s)
    Frame 3000/8354 (31.9 fps, ETA 168s)
    Frame 4000/8354 (31.9 fps, ETA 136s)
    Frame 5000/8354 (32.3 fps, ETA 104s)
    Frame 6000/8354 (32.4 fps, ETA 73s)
    Frame 7000/8354 (32.4 fps, ETA 42s)
    Frame 8000/8354 (32.4 fps, ETA 11s)
  Saved 8354 landmarks to /scratch/umang.tiwari/datasets/PhysDrive(Publication)/CMZ2/AS/Label/RGB_lmk.csv (258.0s)
Processing CMZ2/AT
    Frame 1000/9094 (32.3 fps, ETA 251s)
    Frame 2000/9094 (32.3 fps, ETA 220s)
    Frame 3000/9094 (32.2 fps, ETA 189s)
    Frame 4000/9094 (32.5 fps, ETA 157s)
    Frame 5000/9094 (32.5 fps, ETA 126s)
    Frame 6000/9094 (32.6 fps, ETA 95s)
    Frame 7000/9094 (32.5 fps, ETA 64s)
    Frame 8000/9094 (32.6 fps, ETA 34s)
    Frame 9000/9094 (32.7 fps, ETA 3s)
  Saved 9094 landmarks to /scratch/umang.tiwari/datasets/PhysDrive(Publication)/CMZ2/AT/Label/RGB_lmk.csv (278.6s)
Processing CMZ2/BS
    Frame 1000/8538 (32.2 fps, ETA 234s)
    Frame 2000/8538 (32.6 fps, ETA 200s)
    Frame 3000/8538 (32.7 fps, ETA 169s)
    Frame 4000/8538 (32.7 fps, ETA 139s)
    Frame 5000/8538 (33.4 fps, ETA 106s)
    Frame 6000/8538 (33.4 fps, ETA 76s)
    Frame 7000/8538 (33.0 fps, ETA 47s)
    Frame 8000/8538 (32.5 fps, ETA 17s)
  Saved 8538 landmarks to /scratch/umang.tiwari/datasets/PhysDrive(Publication)/CMZ2/BS/Label/RGB_lmk.csv (263.0s)
Processing CMZ2/BT
    Frame 1000/8340 (30.3 fps, ETA 243s)
    Frame 2000/8340 (30.7 fps, ETA 206s)
    Frame 3000/8340 (31.3 fps, ETA 171s)
    Frame 4000/8340 (31.6 fps, ETA 137s)
    Frame 5000/8340 (31.5 fps, ETA 106s)
    Frame 6000/8340 (31.6 fps, ETA 74s)
    Frame 7000/8340 (31.8 fps, ETA 42s)
    Frame 8000/8340 (31.7 fps, ETA 11s)
  Saved 8340 landmarks to /scratch/umang.tiwari/datasets/PhysDrive(Publication)/CMZ2/BT/Label/RGB_lmk.csv (263.8s)
Processing CMZ2/CS
    Frame 1000/9756 (31.7 fps, ETA 277s)
    Frame 2000/9756 (31.5 fps, ETA 246s)
    Frame 3000/9756 (31.5 fps, ETA 214s)
    Frame 4000/9756 (31.7 fps, ETA 182s)
    Frame 5000/9756 (31.7 fps, ETA 150s)
    Frame 6000/9756 (31.6 fps, ETA 119s)
    Frame 7000/9756 (31.4 fps, ETA 88s)
    Frame 8000/9756 (31.4 fps, ETA 56s)
    Frame 9000/9756 (31.4 fps, ETA 24s)
  Saved 9756 landmarks to /scratch/umang.tiwari/datasets/PhysDrive(Publication)/CMZ2/CS/Label/RGB_lmk.csv (310.9s)
Processing CMZ2/CT
    Frame 1000/8636 (30.9 fps, ETA 247s)
    Frame 2000/8636 (31.1 fps, ETA 213s)
    Frame 3000/8636 (31.7 fps, ETA 178s)
    Frame 4000/8636 (31.7 fps, ETA 146s)
    Frame 5000/8636 (31.9 fps, ETA 114s)
    Frame 6000/8636 (31.7 fps, ETA 83s)
    Frame 7000/8636 (31.6 fps, ETA 52s)
    Frame 8000/8636 (31.7 fps, ETA 20s)
  Saved 8636 landmarks to /scratch/umang.tiwari/datasets/PhysDrive(Publication)/CMZ2/CT/Label/RGB_lmk.csv (272.9s)

Done! Processed 96 sessions.
