/home2/umang.tiwari/rppg_env/lib/python3.10/site-packages/torch/cuda/__init__.py:65: FutureWarning: The pynvml package is deprecated. Please install nvidia-ml-py instead. If you did not install pynvml directly, please report this to the maintainers of the package that installed pynvml for you.
  import pynvml  # type: ignore[import]
/home2/umang.tiwari/rppg_env/lib/python3.10/site-packages/face_alignment/api.py:147: UserWarning: No faces were detected.
  warnings.warn("No faces were detected.")
Processing 16 subjects: ['AFH2', 'AFY1', 'AFZ3', 'AMW3', 'AMY3', 'BFH1', 'BFW2', 'BFZ3', 'BMH2', 'BMY1', 'BMZ2', 'CFW1', 'CFY2', 'CMH1', 'CMW2', 'CMZ1']
Processing AFH2/AS
    Frame 1000/9137 (21.9 fps, ETA 371s)
    Frame 2000/9137 (26.6 fps, ETA 268s)
    Frame 3000/9137 (28.9 fps, ETA 213s)
    Frame 4000/9137 (29.7 fps, ETA 173s)
    Frame 5000/9137 (30.2 fps, ETA 137s)
    Frame 6000/9137 (30.5 fps, ETA 103s)
    Frame 7000/9137 (30.8 fps, ETA 69s)
    Frame 8000/9137 (30.8 fps, ETA 37s)
    Frame 9000/9137 (30.9 fps, ETA 4s)
  Saved 9137 landmarks to /scratch/umang.tiwari/datasets/PhysDrive(Publication)/AFH2/AS/Label/RGB_lmk.csv (295.8s)
Processing AFH2/AT
    Frame 1000/12000 (32.1 fps, ETA 343s)
    Frame 2000/12000 (32.4 fps, ETA 308s)
    Frame 3000/12000 (32.0 fps, ETA 281s)
    Frame 4000/12000 (32.0 fps, ETA 250s)
    Frame 5000/12000 (31.9 fps, ETA 219s)
    Frame 6000/12000 (31.9 fps, ETA 188s)
    Frame 7000/12000 (32.0 fps, ETA 156s)
    Frame 8000/12000 (32.0 fps, ETA 125s)
    Frame 9000/12000 (31.9 fps, ETA 94s)
    Frame 10000/12000 (31.8 fps, ETA 63s)
    Frame 11000/12000 (31.8 fps, ETA 31s)
    Frame 12000/12000 (31.8 fps, ETA 0s)
  Saved 12000 landmarks to /scratch/umang.tiwari/datasets/PhysDrive(Publication)/AFH2/AT/Label/RGB_lmk.csv (377.4s)
Processing AFH2/BS
    Frame 1000/9055 (31.8 fps, ETA 253s)
    Frame 2000/9055 (31.6 fps, ETA 223s)
    Frame 3000/9055 (31.9 fps, ETA 190s)
    Frame 4000/9055 (31.8 fps, ETA 159s)
    Frame 5000/9055 (31.8 fps, ETA 128s)
    Frame 6000/9055 (31.8 fps, ETA 96s)
    Frame 7000/9055 (31.8 fps, ETA 65s)
    Frame 8000/9055 (31.8 fps, ETA 33s)
    Frame 9000/9055 (31.7 fps, ETA 2s)
  Saved 9055 landmarks to /scratch/umang.tiwari/datasets/PhysDrive(Publication)/AFH2/BS/Label/RGB_lmk.csv (286.0s)
Processing AFH2/BT
    Frame 1000/14543 (31.6 fps, ETA 429s)
    Frame 2000/14543 (31.4 fps, ETA 399s)
    Frame 3000/14543 (31.5 fps, ETA 366s)
    Frame 4000/14543 (31.7 fps, ETA 333s)
    Frame 5000/14543 (31.7 fps, ETA 301s)
    Frame 6000/14543 (31.7 fps, ETA 269s)
    Frame 7000/14543 (31.8 fps, ETA 237s)
    Frame 8000/14543 (31.8 fps, ETA 206s)
    Frame 9000/14543 (31.8 fps, ETA 174s)
    Frame 10000/14543 (31.8 fps, ETA 143s)
    Frame 11000/14543 (31.8 fps, ETA 111s)
    Frame 12000/14543 (31.9 fps, ETA 80s)
    Frame 13000/14543 (31.9 fps, ETA 48s)
    Frame 14000/14543 (32.0 fps, ETA 17s)
  Saved 14543 landmarks to /scratch/umang.tiwari/datasets/PhysDrive(Publication)/AFH2/BT/Label/RGB_lmk.csv (455.9s)
Processing AFH2/CS
    Frame 1000/9986 (31.6 fps, ETA 284s)
    Frame 2000/9986 (31.6 fps, ETA 252s)
    Frame 3000/9986 (31.8 fps, ETA 220s)
    Frame 4000/9986 (31.8 fps, ETA 189s)
    Frame 5000/9986 (31.8 fps, ETA 157s)
    Frame 6000/9986 (31.8 fps, ETA 125s)
    Frame 7000/9986 (31.9 fps, ETA 94s)
    Frame 8000/9986 (31.8 fps, ETA 62s)
    Frame 9000/9986 (31.8 fps, ETA 31s)
  Saved 9986 landmarks to /scratch/umang.tiwari/datasets/PhysDrive(Publication)/AFH2/CS/Label/RGB_lmk.csv (314.0s)
Processing AFH2/CT
    Frame 1000/10025 (31.7 fps, ETA 284s)
    Frame 2000/10025 (32.0 fps, ETA 251s)
    Frame 3000/10025 (32.2 fps, ETA 218s)
    Frame 4000/10025 (32.2 fps, ETA 187s)
    Frame 5000/10025 (32.4 fps, ETA 155s)
    Frame 6000/10025 (32.4 fps, ETA 124s)
    Frame 7000/10025 (32.4 fps, ETA 93s)
    Frame 8000/10025 (32.4 fps, ETA 62s)
    Frame 9000/10025 (32.3 fps, ETA 32s)
    Frame 10000/10025 (32.3 fps, ETA 1s)
  Saved 10025 landmarks to /scratch/umang.tiwari/datasets/PhysDrive(Publication)/AFH2/CT/Label/RGB_lmk.csv (310.3s)
Processing AFY1/AS
    Frame 1000/6170 (31.7 fps, ETA 163s)
    Frame 2000/6170 (31.5 fps, ETA 132s)
    Frame 3000/6170 (31.2 fps, ETA 102s)
    Frame 4000/6170 (31.2 fps, ETA 70s)
    Frame 5000/6170 (31.4 fps, ETA 37s)
    Frame 6000/6170 (31.6 fps, ETA 5s)
  Saved 6170 landmarks to /scratch/umang.tiwari/datasets/PhysDrive(Publication)/AFY1/AS/Label/RGB_lmk.csv (195.7s)
Processing AFY1/AT
    Frame 1000/9025 (32.2 fps, ETA 249s)
    Frame 2000/9025 (31.8 fps, ETA 221s)
    Frame 3000/9025 (31.7 fps, ETA 190s)
    Frame 4000/9025 (31.8 fps, ETA 158s)
    Frame 5000/9025 (31.9 fps, ETA 126s)
    Frame 6000/9025 (32.0 fps, ETA 94s)
    Frame 7000/9025 (32.1 fps, ETA 63s)
    Frame 8000/9025 (32.0 fps, ETA 32s)
    Frame 9000/9025 (32.0 fps, ETA 1s)
  Saved 9025 landmarks to /scratch/umang.tiwari/datasets/PhysDrive(Publication)/AFY1/AT/Label/RGB_lmk.csv (282.3s)
Processing AFY1/BS
    Frame 1000/6844 (31.5 fps, ETA 186s)
    Frame 2000/6844 (31.5 fps, ETA 154s)
    Frame 3000/6844 (31.6 fps, ETA 122s)
    Frame 4000/6844 (31.9 fps, ETA 89s)
    Frame 5000/6844 (31.8 fps, ETA 58s)
    Frame 6000/6844 (31.9 fps, ETA 26s)
  Saved 6844 landmarks to /scratch/umang.tiwari/datasets/PhysDrive(Publication)/AFY1/BS/Label/RGB_lmk.csv (215.6s)
Processing AFY1/BT
    Frame 1000/9042 (30.9 fps, ETA 261s)
    Frame 2000/9042 (31.2 fps, ETA 226s)
    Frame 3000/9042 (31.5 fps, ETA 192s)
    Frame 4000/9042 (31.7 fps, ETA 159s)
    Frame 5000/9042 (31.7 fps, ETA 127s)
    Frame 6000/9042 (31.8 fps, ETA 96s)
    Frame 7000/9042 (31.7 fps, ETA 64s)
    Frame 8000/9042 (31.8 fps, ETA 33s)
    Frame 9000/9042 (31.7 fps, ETA 1s)
  Saved 9042 landmarks to /scratch/umang.tiwari/datasets/PhysDrive(Publication)/AFY1/BT/Label/RGB_lmk.csv (285.4s)
Processing AFY1/CS
    Frame 1000/9069 (31.9 fps, ETA 253s)
    Frame 2000/9069 (31.8 fps, ETA 222s)
    Frame 3000/9069 (31.9 fps, ETA 190s)
    Frame 4000/9069 (31.8 fps, ETA 159s)
    Frame 5000/9069 (31.7 fps, ETA 128s)
    Frame 6000/9069 (31.4 fps, ETA 98s)
    Frame 7000/9069 (31.5 fps, ETA 66s)
    Frame 8000/9069 (31.3 fps, ETA 34s)
    Frame 9000/9069 (31.4 fps, ETA 2s)
  Saved 9069 landmarks to /scratch/umang.tiwari/datasets/PhysDrive(Publication)/AFY1/CS/Label/RGB_lmk.csv (289.2s)
Processing AFY1/CT
    Frame 1000/4304 (31.7 fps, ETA 104s)
    Frame 2000/4304 (31.5 fps, ETA 73s)
    Frame 3000/4304 (31.7 fps, ETA 41s)
    Frame 4000/4304 (31.7 fps, ETA 10s)
  Saved 4304 landmarks to /scratch/umang.tiwari/datasets/PhysDrive(Publication)/AFY1/CT/Label/RGB_lmk.csv (135.9s)
Processing AFZ3/AS
    Frame 1000/9105 (32.1 fps, ETA 253s)
    Frame 2000/9105 (31.4 fps, ETA 226s)
    Frame 3000/9105 (31.5 fps, ETA 194s)
    Frame 4000/9105 (31.5 fps, ETA 162s)
    Frame 5000/9105 (31.4 fps, ETA 131s)
    Frame 6000/9105 (31.4 fps, ETA 99s)
    Frame 7000/9105 (31.3 fps, ETA 67s)
    Frame 8000/9105 (31.2 fps, ETA 35s)
    Frame 9000/9105 (31.2 fps, ETA 3s)
  Saved 9105 landmarks to /scratch/umang.tiwari/datasets/PhysDrive(Publication)/AFZ3/AS/Label/RGB_lmk.csv (292.1s)
Processing AFZ3/AT
    Frame 1000/10250 (30.9 fps, ETA 299s)
    Frame 2000/10250 (30.9 fps, ETA 267s)
    Frame 3000/10250 (31.1 fps, ETA 233s)
    Frame 4000/10250 (31.3 fps, ETA 199s)
    Frame 5000/10250 (31.3 fps, ETA 168s)
    Frame 6000/10250 (31.3 fps, ETA 136s)
    Frame 7000/10250 (31.3 fps, ETA 104s)
    Frame 8000/10250 (31.3 fps, ETA 72s)
    Frame 9000/10250 (31.4 fps, ETA 40s)
    Frame 10000/10250 (31.4 fps, ETA 8s)
  Saved 10250 landmarks to /scratch/umang.tiwari/datasets/PhysDrive(Publication)/AFZ3/AT/Label/RGB_lmk.csv (327.2s)
Processing AFZ3/BS
    Frame 1000/9269 (30.9 fps, ETA 268s)
    Frame 2000/9269 (30.9 fps, ETA 235s)
    Frame 3000/9269 (31.1 fps, ETA 201s)
    Frame 4000/9269 (31.4 fps, ETA 168s)
    Frame 5000/9269 (31.4 fps, ETA 136s)
    Frame 6000/9269 (31.4 fps, ETA 104s)
    Frame 7000/9269 (31.4 fps, ETA 72s)
    Frame 8000/9269 (31.4 fps, ETA 40s)
    Frame 9000/9269 (31.3 fps, ETA 9s)
  Saved 9269 landmarks to /scratch/umang.tiwari/datasets/PhysDrive(Publication)/AFZ3/BS/Label/RGB_lmk.csv (296.7s)
Processing AFZ3/BT
    Frame 1000/9740 (30.3 fps, ETA 288s)
    Frame 2000/9740 (30.5 fps, ETA 253s)
    Frame 3000/9740 (30.9 fps, ETA 218s)
    Frame 4000/9740 (31.2 fps, ETA 184s)
    Frame 5000/9740 (31.4 fps, ETA 151s)
    Frame 6000/9740 (31.4 fps, ETA 119s)
    Frame 7000/9740 (31.5 fps, ETA 87s)
    Frame 8000/9740 (31.5 fps, ETA 55s)
    Frame 9000/9740 (31.4 fps, ETA 24s)
  Saved 9740 landmarks to /scratch/umang.tiwari/datasets/PhysDrive(Publication)/AFZ3/BT/Label/RGB_lmk.csv (310.3s)
Processing AFZ3/CS
    Frame 1000/9732 (31.2 fps, ETA 279s)
    Frame 2000/9732 (31.0 fps, ETA 249s)
    Frame 3000/9732 (31.2 fps, ETA 216s)
    Frame 4000/9732 (31.4 fps, ETA 182s)
    Frame 5000/9732 (31.5 fps, ETA 150s)
    Frame 6000/9732 (31.5 fps, ETA 119s)
    Frame 7000/9732 (31.5 fps, ETA 87s)
    Frame 8000/9732 (31.5 fps, ETA 55s)
    Frame 9000/9732 (31.5 fps, ETA 23s)
  Saved 9732 landmarks to /scratch/umang.tiwari/datasets/PhysDrive(Publication)/AFZ3/CS/Label/RGB_lmk.csv (309.0s)
Processing AFZ3/CT
    Frame 1000/9065 (30.5 fps, ETA 264s)
    Frame 2000/9065 (30.6 fps, ETA 231s)
    Frame 3000/9065 (30.8 fps, ETA 197s)
    Frame 4000/9065 (31.2 fps, ETA 162s)
    Frame 5000/9065 (31.3 fps, ETA 130s)
    Frame 6000/9065 (31.5 fps, ETA 97s)
    Frame 7000/9065 (31.5 fps, ETA 66s)
    Frame 8000/9065 (31.4 fps, ETA 34s)
    Frame 9000/9065 (31.5 fps, ETA 2s)
  Saved 9065 landmarks to /scratch/umang.tiwari/datasets/PhysDrive(Publication)/AFZ3/CT/Label/RGB_lmk.csv (288.6s)
Processing AMW3/AS
    Frame 1000/9051 (30.4 fps, ETA 264s)
    Frame 2000/9051 (31.4 fps, ETA 225s)
    Frame 3000/9051 (31.4 fps, ETA 193s)
    Frame 4000/9051 (31.3 fps, ETA 161s)
    Frame 5000/9051 (31.3 fps, ETA 129s)
    Frame 6000/9051 (31.3 fps, ETA 97s)
    Frame 7000/9051 (31.4 fps, ETA 65s)
    Frame 8000/9051 (31.4 fps, ETA 33s)
    Frame 9000/9051 (31.4 fps, ETA 2s)
  Saved 9051 landmarks to /scratch/umang.tiwari/datasets/PhysDrive(Publication)/AMW3/AS/Label/RGB_lmk.csv (288.2s)
Processing AMW3/AT
    Frame 1000/9215 (20.4 fps, ETA 402s)
    Frame 2000/9215 (24.7 fps, ETA 292s)
    Frame 3000/9215 (26.6 fps, ETA 234s)
    Frame 4000/9215 (27.6 fps, ETA 189s)
    Frame 5000/9215 (28.3 fps, ETA 149s)
    Frame 6000/9215 (28.9 fps, ETA 111s)
    Frame 7000/9215 (29.3 fps, ETA 76s)
    Frame 8000/9215 (29.5 fps, ETA 41s)
    Frame 9000/9215 (29.7 fps, ETA 7s)
  Saved 9215 landmarks to /scratch/umang.tiwari/datasets/PhysDrive(Publication)/AMW3/AT/Label/RGB_lmk.csv (310.4s)
Processing AMW3/BS
    Frame 1000/9281 (31.4 fps, ETA 264s)
    Frame 2000/9281 (31.4 fps, ETA 232s)
    Frame 3000/9281 (31.5 fps, ETA 199s)
    Frame 4000/9281 (31.5 fps, ETA 168s)
    Frame 5000/9281 (31.5 fps, ETA 136s)
    Frame 6000/9281 (31.5 fps, ETA 104s)
    Frame 7000/9281 (31.6 fps, ETA 72s)
    Frame 8000/9281 (31.6 fps, ETA 41s)
    Frame 9000/9281 (31.6 fps, ETA 9s)
  Saved 9281 landmarks to /scratch/umang.tiwari/datasets/PhysDrive(Publication)/AMW3/BS/Label/RGB_lmk.csv (293.4s)
Processing AMW3/BT
    Frame 1000/9463 (30.7 fps, ETA 276s)
    Frame 2000/9463 (30.6 fps, ETA 244s)
    Frame 3000/9463 (31.0 fps, ETA 209s)
    Frame 4000/9463 (30.8 fps, ETA 177s)
    Frame 5000/9463 (31.0 fps, ETA 144s)
    Frame 6000/9463 (31.0 fps, ETA 112s)
    Frame 7000/9463 (31.2 fps, ETA 79s)
    Frame 8000/9463 (31.2 fps, ETA 47s)
    Frame 9000/9463 (31.2 fps, ETA 15s)
  Saved 9463 landmarks to /scratch/umang.tiwari/datasets/PhysDrive(Publication)/AMW3/BT/Label/RGB_lmk.csv (303.0s)
Processing AMW3/CS
    Frame 1000/9043 (32.0 fps, ETA 252s)
    Frame 2000/9043 (31.7 fps, ETA 222s)
    Frame 3000/9043 (31.8 fps, ETA 190s)
    Frame 4000/9043 (31.8 fps, ETA 159s)
    Frame 5000/9043 (31.5 fps, ETA 128s)
    Frame 6000/9043 (31.5 fps, ETA 97s)
    Frame 7000/9043 (31.5 fps, ETA 65s)
    Frame 8000/9043 (31.5 fps, ETA 33s)
    Frame 9000/9043 (31.5 fps, ETA 1s)
  Saved 9043 landmarks to /scratch/umang.tiwari/datasets/PhysDrive(Publication)/AMW3/CS/Label/RGB_lmk.csv (287.2s)
Processing AMW3/CT
    Frame 1000/9277 (30.2 fps, ETA 274s)
    Frame 2000/9277 (31.0 fps, ETA 235s)
    Frame 3000/9277 (31.1 fps, ETA 202s)
    Frame 4000/9277 (31.1 fps, ETA 170s)
    Frame 5000/9277 (31.1 fps, ETA 138s)
    Frame 6000/9277 (31.1 fps, ETA 105s)
    Frame 7000/9277 (31.2 fps, ETA 73s)
    Frame 8000/9277 (31.1 fps, ETA 41s)
    Frame 9000/9277 (31.2 fps, ETA 9s)
  Saved 9277 landmarks to /scratch/umang.tiwari/datasets/PhysDrive(Publication)/AMW3/CT/Label/RGB_lmk.csv (298.1s)
Processing AMY3/AS
    Frame 1000/9224 (31.5 fps, ETA 261s)
    Frame 2000/9224 (31.7 fps, ETA 228s)
    Frame 3000/9224 (31.6 fps, ETA 197s)
    Frame 4000/9224 (31.5 fps, ETA 166s)
    Frame 5000/9224 (31.4 fps, ETA 134s)
    Frame 6000/9224 (31.5 fps, ETA 102s)
    Frame 7000/9224 (31.6 fps, ETA 70s)
    Frame 8000/9224 (31.7 fps, ETA 39s)
    Frame 9000/9224 (31.6 fps, ETA 7s)
  Saved 9224 landmarks to /scratch/umang.tiwari/datasets/PhysDrive(Publication)/AMY3/AS/Label/RGB_lmk.csv (292.1s)
Processing AMY3/AT
    Frame 1000/9304 (31.7 fps, ETA 262s)
    Frame 2000/9304 (31.8 fps, ETA 230s)
    Frame 3000/9304 (31.5 fps, ETA 200s)
    Frame 4000/9304 (31.6 fps, ETA 168s)
    Frame 5000/9304 (31.5 fps, ETA 137s)
    Frame 6000/9304 (31.5 fps, ETA 105s)
    Frame 7000/9304 (31.5 fps, ETA 73s)
    Frame 8000/9304 (31.5 fps, ETA 41s)
    Frame 9000/9304 (31.6 fps, ETA 10s)
  Saved 9304 landmarks to /scratch/umang.tiwari/datasets/PhysDrive(Publication)/AMY3/AT/Label/RGB_lmk.csv (295.9s)
Processing AMY3/BS
    Frame 1000/9158 (29.4 fps, ETA 277s)
    Frame 2000/9158 (30.0 fps, ETA 238s)
    Frame 3000/9158 (30.6 fps, ETA 201s)
    Frame 4000/9158 (30.8 fps, ETA 168s)
    Frame 5000/9158 (31.0 fps, ETA 134s)
    Frame 6000/9158 (31.0 fps, ETA 102s)
    Frame 7000/9158 (31.1 fps, ETA 69s)
    Frame 8000/9158 (31.0 fps, ETA 37s)
    Frame 9000/9158 (31.1 fps, ETA 5s)
  Saved 9158 landmarks to /scratch/umang.tiwari/datasets/PhysDrive(Publication)/AMY3/BS/Label/RGB_lmk.csv (294.8s)
Processing AMY3/BT
    Frame 1000/10205 (30.9 fps, ETA 298s)
    Frame 2000/10205 (31.2 fps, ETA 263s)
    Frame 3000/10205 (31.5 fps, ETA 229s)
    Frame 4000/10205 (31.4 fps, ETA 198s)
    Frame 5000/10205 (31.5 fps, ETA 165s)
    Frame 6000/10205 (31.6 fps, ETA 133s)
    Frame 7000/10205 (31.5 fps, ETA 102s)
    Frame 8000/10205 (31.6 fps, ETA 70s)
    Frame 9000/10205 (31.5 fps, ETA 38s)
    Frame 10000/10205 (31.5 fps, ETA 7s)
  Saved 10205 landmarks to /scratch/umang.tiwari/datasets/PhysDrive(Publication)/AMY3/BT/Label/RGB_lmk.csv (324.2s)
Processing AMY3/CS
    Frame 1000/9064 (31.7 fps, ETA 255s)
    Frame 2000/9064 (31.9 fps, ETA 222s)
    Frame 3000/9064 (32.0 fps, ETA 190s)
    Frame 4000/9064 (31.9 fps, ETA 159s)
    Frame 5000/9064 (31.8 fps, ETA 128s)
    Frame 6000/9064 (31.7 fps, ETA 97s)
    Frame 7000/9064 (31.7 fps, ETA 65s)
    Frame 8000/9064 (31.7 fps, ETA 34s)
    Frame 9000/9064 (31.7 fps, ETA 2s)
  Saved 9064 landmarks to /scratch/umang.tiwari/datasets/PhysDrive(Publication)/AMY3/CS/Label/RGB_lmk.csv (286.2s)
Processing AMY3/CT
    Frame 1000/9708 (30.8 fps, ETA 283s)
    Frame 2000/9708 (31.1 fps, ETA 248s)
    Frame 3000/9708 (31.3 fps, ETA 215s)
    Frame 4000/9708 (31.2 fps, ETA 183s)
    Frame 5000/9708 (30.7 fps, ETA 153s)
    Frame 6000/9708 (30.6 fps, ETA 121s)
    Frame 7000/9708 (30.7 fps, ETA 88s)
    Frame 8000/9708 (30.8 fps, ETA 55s)
    Frame 9000/9708 (30.8 fps, ETA 23s)
  Saved 9708 landmarks to /scratch/umang.tiwari/datasets/PhysDrive(Publication)/AMY3/CT/Label/RGB_lmk.csv (315.4s)
Processing BFH1/AS
    Frame 1000/9096 (31.0 fps, ETA 261s)
    Frame 2000/9096 (31.7 fps, ETA 224s)
    Frame 3000/9096 (31.6 fps, ETA 193s)
    Frame 4000/9096 (31.5 fps, ETA 162s)
    Frame 5000/9096 (31.4 fps, ETA 131s)
    Frame 6000/9096 (31.3 fps, ETA 99s)
    Frame 7000/9096 (31.3 fps, ETA 67s)
    Frame 8000/9096 (31.3 fps, ETA 35s)
    Frame 9000/9096 (31.4 fps, ETA 3s)
  Saved 9096 landmarks to /scratch/umang.tiwari/datasets/PhysDrive(Publication)/BFH1/AS/Label/RGB_lmk.csv (290.0s)
Processing BFH1/AT
    Frame 1000/8714 (31.3 fps, ETA 247s)
    Frame 2000/8714 (31.4 fps, ETA 214s)
    Frame 3000/8714 (31.2 fps, ETA 183s)
    Frame 4000/8714 (31.3 fps, ETA 150s)
    Frame 5000/8714 (31.4 fps, ETA 118s)
    Frame 6000/8714 (31.3 fps, ETA 87s)
    Frame 7000/8714 (31.5 fps, ETA 54s)
    Frame 8000/8714 (31.5 fps, ETA 23s)
  Saved 8714 landmarks to /scratch/umang.tiwari/datasets/PhysDrive(Publication)/BFH1/AT/Label/RGB_lmk.csv (276.6s)
Processing BFH1/BS
    Frame 1000/10180 (31.2 fps, ETA 294s)
    Frame 2000/10180 (31.2 fps, ETA 262s)
    Frame 3000/10180 (31.4 fps, ETA 229s)
    Frame 4000/10180 (31.3 fps, ETA 198s)
    Frame 5000/10180 (31.1 fps, ETA 166s)
    Frame 6000/10180 (31.3 fps, ETA 134s)
    Frame 7000/10180 (31.2 fps, ETA 102s)
    Frame 8000/10180 (31.1 fps, ETA 70s)
    Frame 9000/10180 (31.0 fps, ETA 38s)
    Frame 10000/10180 (31.1 fps, ETA 6s)
  Saved 10180 landmarks to /scratch/umang.tiwari/datasets/PhysDrive(Publication)/BFH1/BS/Label/RGB_lmk.csv (328.0s)
Processing BFH1/BT
    Frame 1000/9450 (31.7 fps, ETA 267s)
    Frame 2000/9450 (31.7 fps, ETA 235s)
    Frame 3000/9450 (31.3 fps, ETA 206s)
    Frame 4000/9450 (31.1 fps, ETA 175s)
    Frame 5000/9450 (31.2 fps, ETA 143s)
    Frame 6000/9450 (31.2 fps, ETA 111s)
    Frame 7000/9450 (31.2 fps, ETA 79s)
    Frame 8000/9450 (31.2 fps, ETA 46s)
    Frame 9000/9450 (31.2 fps, ETA 14s)
  Saved 9450 landmarks to /scratch/umang.tiwari/datasets/PhysDrive(Publication)/BFH1/BT/Label/RGB_lmk.csv (303.3s)
Processing BFH1/CS
    Frame 1000/8099 (31.0 fps, ETA 229s)
    Frame 2000/8099 (31.6 fps, ETA 193s)
    Frame 3000/8099 (31.6 fps, ETA 161s)
    Frame 4000/8099 (31.5 fps, ETA 130s)
    Frame 5000/8099 (31.5 fps, ETA 98s)
    Frame 6000/8099 (31.5 fps, ETA 67s)
    Frame 7000/8099 (31.5 fps, ETA 35s)
    Frame 8000/8099 (31.5 fps, ETA 3s)
  Saved 8099 landmarks to /scratch/umang.tiwari/datasets/PhysDrive(Publication)/BFH1/CS/Label/RGB_lmk.csv (257.7s)
Processing BFH1/CT
    Frame 1000/9232 (31.9 fps, ETA 258s)
    Frame 2000/9232 (31.7 fps, ETA 228s)
    Frame 3000/9232 (31.7 fps, ETA 197s)
    Frame 4000/9232 (31.6 fps, ETA 166s)
    Frame 5000/9232 (31.6 fps, ETA 134s)
    Frame 6000/9232 (31.6 fps, ETA 102s)
    Frame 7000/9232 (31.6 fps, ETA 71s)
    Frame 8000/9232 (31.6 fps, ETA 39s)
    Frame 9000/9232 (31.4 fps, ETA 7s)
  Saved 9232 landmarks to /scratch/umang.tiwari/datasets/PhysDrive(Publication)/BFH1/CT/Label/RGB_lmk.csv (293.9s)
Processing BFW2/AS
    Frame 1000/9745 (31.1 fps, ETA 281s)
    Frame 2000/9745 (31.3 fps, ETA 247s)
    Frame 3000/9745 (31.4 fps, ETA 215s)
    Frame 4000/9745 (31.4 fps, ETA 183s)
    Frame 5000/9745 (31.4 fps, ETA 151s)
    Frame 6000/9745 (31.6 fps, ETA 119s)
    Frame 7000/9745 (31.5 fps, ETA 87s)
    Frame 8000/9745 (31.5 fps, ETA 55s)
    Frame 9000/9745 (31.5 fps, ETA 24s)
  Saved 9745 landmarks to /scratch/umang.tiwari/datasets/PhysDrive(Publication)/BFW2/AS/Label/RGB_lmk.csv (310.2s)
Processing BFW2/AT
    Frame 1000/10857 (30.9 fps, ETA 319s)
    Frame 2000/10857 (31.3 fps, ETA 283s)
    Frame 3000/10857 (31.3 fps, ETA 251s)
    Frame 4000/10857 (31.4 fps, ETA 218s)
    Frame 5000/10857 (31.7 fps, ETA 185s)
    Frame 6000/10857 (31.6 fps, ETA 154s)
    Frame 7000/10857 (31.4 fps, ETA 123s)
    Frame 8000/10857 (31.4 fps, ETA 91s)
    Frame 9000/10857 (31.5 fps, ETA 59s)
    Frame 10000/10857 (31.5 fps, ETA 27s)
  Saved 10857 landmarks to /scratch/umang.tiwari/datasets/PhysDrive(Publication)/BFW2/AT/Label/RGB_lmk.csv (344.9s)
Processing BFW2/BS
    Frame 1000/9501 (31.0 fps, ETA 275s)
    Frame 2000/9501 (31.1 fps, ETA 241s)
    Frame 3000/9501 (31.0 fps, ETA 210s)
    Frame 4000/9501 (31.1 fps, ETA 177s)
    Frame 5000/9501 (31.2 fps, ETA 144s)
    Frame 6000/9501 (31.2 fps, ETA 112s)
    Frame 7000/9501 (31.1 fps, ETA 80s)
    Frame 8000/9501 (31.2 fps, ETA 48s)
    Frame 9000/9501 (31.2 fps, ETA 16s)
  Saved 9501 landmarks to /scratch/umang.tiwari/datasets/PhysDrive(Publication)/BFW2/BS/Label/RGB_lmk.csv (305.5s)
Processing BFW2/BT
    Frame 1000/12887 (31.1 fps, ETA 383s)
    Frame 2000/12887 (31.2 fps, ETA 349s)
    Frame 3000/12887 (31.1 fps, ETA 318s)
    Frame 4000/12887 (30.9 fps, ETA 287s)
    Frame 5000/12887 (31.1 fps, ETA 254s)
    Frame 6000/12887 (31.1 fps, ETA 222s)
    Frame 7000/12887 (31.1 fps, ETA 189s)
    Frame 8000/12887 (31.1 fps, ETA 157s)
    Frame 9000/12887 (31.2 fps, ETA 124s)
    Frame 10000/12887 (31.3 fps, ETA 92s)
    Frame 11000/12887 (31.2 fps, ETA 60s)
    Frame 12000/12887 (31.2 fps, ETA 28s)
  Saved 12887 landmarks to /scratch/umang.tiwari/datasets/PhysDrive(Publication)/BFW2/BT/Label/RGB_lmk.csv (413.3s)
Processing BFW2/CS
    Frame 1000/9467 (31.7 fps, ETA 267s)
    Frame 2000/9467 (31.7 fps, ETA 235s)
    Frame 3000/9467 (31.2 fps, ETA 207s)
    Frame 4000/9467 (31.3 fps, ETA 175s)
    Frame 5000/9467 (31.2 fps, ETA 143s)
    Frame 6000/9467 (31.3 fps, ETA 111s)
    Frame 7000/9467 (31.3 fps, ETA 79s)
    Frame 8000/9467 (31.3 fps, ETA 47s)
    Frame 9000/9467 (31.3 fps, ETA 15s)
  Saved 9467 landmarks to /scratch/umang.tiwari/datasets/PhysDrive(Publication)/BFW2/CS/Label/RGB_lmk.csv (302.1s)
Processing BFW2/CT
    Frame 1000/9149 (31.4 fps, ETA 259s)
    Frame 2000/9149 (31.4 fps, ETA 228s)
    Frame 3000/9149 (31.4 fps, ETA 196s)
    Frame 4000/9149 (31.3 fps, ETA 164s)
    Frame 5000/9149 (31.4 fps, ETA 132s)
    Frame 6000/9149 (31.4 fps, ETA 100s)
    Frame 7000/9149 (31.3 fps, ETA 69s)
    Frame 8000/9149 (31.3 fps, ETA 37s)
    Frame 9000/9149 (31.3 fps, ETA 5s)
  Saved 9149 landmarks to /scratch/umang.tiwari/datasets/PhysDrive(Publication)/BFW2/CT/Label/RGB_lmk.csv (292.3s)
Processing BFZ3/AS
    Frame 1000/9039 (31.4 fps, ETA 256s)
    Frame 2000/9039 (31.4 fps, ETA 224s)
    Frame 3000/9039 (31.6 fps, ETA 191s)
    Frame 4000/9039 (31.4 fps, ETA 160s)
    Frame 5000/9039 (31.5 fps, ETA 128s)
    Frame 6000/9039 (31.5 fps, ETA 96s)
    Frame 7000/9039 (31.4 fps, ETA 65s)
    Frame 8000/9039 (31.5 fps, ETA 33s)
    Frame 9000/9039 (31.4 fps, ETA 1s)
  Saved 9039 landmarks to /scratch/umang.tiwari/datasets/PhysDrive(Publication)/BFZ3/AS/Label/RGB_lmk.csv (288.0s)
Processing BFZ3/AT
    Frame 1000/9018 (30.8 fps, ETA 260s)
    Frame 2000/9018 (31.1 fps, ETA 226s)
    Frame 3000/9018 (31.1 fps, ETA 194s)
    Frame 4000/9018 (31.0 fps, ETA 162s)
    Frame 5000/9018 (31.0 fps, ETA 129s)
    Frame 6000/9018 (31.1 fps, ETA 97s)
    Frame 7000/9018 (31.0 fps, ETA 65s)
    Frame 8000/9018 (31.1 fps, ETA 33s)
    Frame 9000/9018 (31.2 fps, ETA 1s)
  Saved 9018 landmarks to /scratch/umang.tiwari/datasets/PhysDrive(Publication)/BFZ3/AT/Label/RGB_lmk.csv (289.6s)
Processing BFZ3/BS
    Frame 1000/10263 (31.4 fps, ETA 295s)
    Frame 2000/10263 (31.4 fps, ETA 263s)
    Frame 3000/10263 (31.1 fps, ETA 234s)
    Frame 4000/10263 (31.1 fps, ETA 202s)
    Frame 5000/10263 (31.2 fps, ETA 169s)
    Frame 6000/10263 (31.2 fps, ETA 137s)
    Frame 7000/10263 (31.2 fps, ETA 105s)
    Frame 8000/10263 (31.2 fps, ETA 73s)
    Frame 9000/10263 (31.2 fps, ETA 40s)
    Frame 10000/10263 (31.3 fps, ETA 8s)
  Saved 10263 landmarks to /scratch/umang.tiwari/datasets/PhysDrive(Publication)/BFZ3/BS/Label/RGB_lmk.csv (328.4s)
Processing BFZ3/BT
    Frame 1000/11308 (31.2 fps, ETA 331s)
    Frame 2000/11308 (31.1 fps, ETA 300s)
    Frame 3000/11308 (31.1 fps, ETA 267s)
    Frame 4000/11308 (31.2 fps, ETA 234s)
    Frame 5000/11308 (31.3 fps, ETA 202s)
    Frame 6000/11308 (31.4 fps, ETA 169s)
    Frame 7000/11308 (31.4 fps, ETA 137s)
    Frame 8000/11308 (31.3 fps, ETA 106s)
    Frame 9000/11308 (31.4 fps, ETA 74s)
    Frame 10000/11308 (31.4 fps, ETA 42s)
    Frame 11000/11308 (31.3 fps, ETA 10s)
  Saved 11308 landmarks to /scratch/umang.tiwari/datasets/PhysDrive(Publication)/BFZ3/BT/Label/RGB_lmk.csv (361.0s)
Processing BFZ3/CS
    Frame 1000/9801 (31.5 fps, ETA 279s)
    Frame 2000/9801 (31.3 fps, ETA 249s)
    Frame 3000/9801 (31.4 fps, ETA 217s)
    Frame 4000/9801 (31.2 fps, ETA 186s)
    Frame 5000/9801 (31.2 fps, ETA 154s)
    Frame 6000/9801 (31.2 fps, ETA 122s)
    Frame 7000/9801 (31.3 fps, ETA 90s)
    Frame 8000/9801 (31.3 fps, ETA 58s)
    Frame 9000/9801 (31.2 fps, ETA 26s)
  Saved 9801 landmarks to /scratch/umang.tiwari/datasets/PhysDrive(Publication)/BFZ3/CS/Label/RGB_lmk.csv (313.8s)
Processing BFZ3/CT
    Frame 1000/9586 (31.7 fps, ETA 271s)
    Frame 2000/9586 (31.6 fps, ETA 240s)
    Frame 3000/9586 (31.5 fps, ETA 209s)
    Frame 4000/9586 (31.5 fps, ETA 177s)
    Frame 5000/9586 (31.4 fps, ETA 146s)
    Frame 6000/9586 (31.4 fps, ETA 114s)
    Frame 7000/9586 (31.4 fps, ETA 82s)
    Frame 8000/9586 (31.4 fps, ETA 51s)
    Frame 9000/9586 (31.4 fps, ETA 19s)
  Saved 9586 landmarks to /scratch/umang.tiwari/datasets/PhysDrive(Publication)/BFZ3/CT/Label/RGB_lmk.csv (305.5s)
Processing BMH2/AS
    Frame 1000/10078 (30.9 fps, ETA 293s)
    Frame 2000/10078 (31.1 fps, ETA 259s)
    Frame 3000/10078 (31.3 fps, ETA 226s)
    Frame 4000/10078 (31.3 fps, ETA 194s)
    Frame 5000/10078 (31.4 fps, ETA 162s)
    Frame 6000/10078 (31.5 fps, ETA 130s)
    Frame 7000/10078 (31.4 fps, ETA 98s)
    Frame 8000/10078 (31.4 fps, ETA 66s)
    Frame 9000/10078 (31.5 fps, ETA 34s)
    Frame 10000/10078 (31.5 fps, ETA 2s)
  Saved 10078 landmarks to /scratch/umang.tiwari/datasets/PhysDrive(Publication)/BMH2/AS/Label/RGB_lmk.csv (320.6s)
Processing BMH2/AT
    Frame 1000/11339 (30.6 fps, ETA 338s)
    Frame 2000/11339 (30.6 fps, ETA 305s)
    Frame 3000/11339 (30.7 fps, ETA 272s)
    Frame 4000/11339 (30.6 fps, ETA 240s)
    Frame 5000/11339 (30.7 fps, ETA 206s)
    Frame 6000/11339 (30.9 fps, ETA 173s)
    Frame 7000/11339 (30.9 fps, ETA 140s)
    Frame 8000/11339 (30.9 fps, ETA 108s)
    Frame 9000/11339 (31.0 fps, ETA 76s)
    Frame 10000/11339 (31.0 fps, ETA 43s)
    Frame 11000/11339 (31.1 fps, ETA 11s)
  Saved 11339 landmarks to /scratch/umang.tiwari/datasets/PhysDrive(Publication)/BMH2/AT/Label/RGB_lmk.csv (365.6s)
Processing BMH2/BS
    Frame 1000/8305 (30.9 fps, ETA 236s)
    Frame 2000/8305 (31.2 fps, ETA 202s)
    Frame 3000/8305 (31.4 fps, ETA 169s)
    Frame 4000/8305 (31.3 fps, ETA 138s)
    Frame 5000/8305 (31.5 fps, ETA 105s)
    Frame 6000/8305 (31.4 fps, ETA 73s)
    Frame 7000/8305 (31.4 fps, ETA 42s)
    Frame 8000/8305 (31.5 fps, ETA 10s)
  Saved 8305 landmarks to /scratch/umang.tiwari/datasets/PhysDrive(Publication)/BMH2/BS/Label/RGB_lmk.csv (264.4s)
Processing BMH2/BT
    Frame 1000/10423 (31.0 fps, ETA 304s)
    Frame 2000/10423 (31.5 fps, ETA 268s)
    Frame 3000/10423 (31.2 fps, ETA 238s)
    Frame 4000/10423 (31.3 fps, ETA 205s)
    Frame 5000/10423 (31.3 fps, ETA 173s)
    Frame 6000/10423 (31.3 fps, ETA 142s)
    Frame 7000/10423 (31.3 fps, ETA 109s)
    Frame 8000/10423 (31.2 fps, ETA 78s)
    Frame 9000/10423 (31.2 fps, ETA 46s)
    Frame 10000/10423 (31.2 fps, ETA 14s)
  Saved 10423 landmarks to /scratch/umang.tiwari/datasets/PhysDrive(Publication)/BMH2/BT/Label/RGB_lmk.csv (334.2s)
Processing BMH2/CS
    Frame 1000/10910 (30.5 fps, ETA 325s)
    Frame 2000/10910 (31.0 fps, ETA 287s)
    Frame 3000/10910 (31.0 fps, ETA 255s)
    Frame 4000/10910 (31.0 fps, ETA 223s)
    Frame 5000/10910 (31.0 fps, ETA 191s)
    Frame 6000/10910 (30.9 fps, ETA 159s)
    Frame 7000/10910 (31.0 fps, ETA 126s)
    Frame 8000/10910 (31.0 fps, ETA 94s)
    Frame 9000/10910 (30.9 fps, ETA 62s)
    Frame 10000/10910 (31.0 fps, ETA 29s)
  Saved 10910 landmarks to /scratch/umang.tiwari/datasets/PhysDrive(Publication)/BMH2/CS/Label/RGB_lmk.csv (351.4s)
Processing BMH2/CT
    Frame 1000/9178 (30.8 fps, ETA 265s)
    Frame 2000/9178 (30.7 fps, ETA 233s)
    Frame 3000/9178 (30.9 fps, ETA 200s)
    Frame 4000/9178 (31.0 fps, ETA 167s)
    Frame 5000/9178 (31.1 fps, ETA 134s)
    Frame 6000/9178 (31.1 fps, ETA 102s)
    Frame 7000/9178 (31.1 fps, ETA 70s)
    Frame 8000/9178 (31.0 fps, ETA 38s)
    Frame 9000/9178 (31.1 fps, ETA 6s)
  Saved 9178 landmarks to /scratch/umang.tiwari/datasets/PhysDrive(Publication)/BMH2/CT/Label/RGB_lmk.csv (295.6s)
Processing BMY1/AS
    Frame 1000/9284 (29.4 fps, ETA 282s)
    Frame 2000/9284 (30.1 fps, ETA 242s)
    Frame 3000/9284 (30.6 fps, ETA 205s)
    Frame 4000/9284 (31.0 fps, ETA 170s)
    Frame 5000/9284 (31.1 fps, ETA 138s)
    Frame 6000/9284 (31.2 fps, ETA 105s)
    Frame 7000/9284 (31.3 fps, ETA 73s)
    Frame 8000/9284 (31.3 fps, ETA 41s)
    Frame 9000/9284 (31.3 fps, ETA 9s)
  Saved 9284 landmarks to /scratch/umang.tiwari/datasets/PhysDrive(Publication)/BMY1/AS/Label/RGB_lmk.csv (297.1s)
Processing BMY1/AT
    Frame 1000/5501 (31.5 fps, ETA 143s)
    Frame 2000/5501 (31.2 fps, ETA 112s)
    Frame 3000/5501 (31.5 fps, ETA 79s)
    Frame 4000/5501 (31.4 fps, ETA 48s)
    Frame 5000/5501 (31.4 fps, ETA 16s)
  Saved 5501 landmarks to /scratch/umang.tiwari/datasets/PhysDrive(Publication)/BMY1/AT/Label/RGB_lmk.csv (175.4s)
Processing BMY1/BS
    Frame 1000/10769 (31.2 fps, ETA 313s)
    Frame 2000/10769 (31.4 fps, ETA 279s)
    Frame 3000/10769 (31.6 fps, ETA 246s)
    Frame 4000/10769 (31.7 fps, ETA 213s)
    Frame 5000/10769 (31.9 fps, ETA 181s)
    Frame 6000/10769 (31.8 fps, ETA 150s)
    Frame 7000/10769 (31.8 fps, ETA 119s)
    Frame 8000/10769 (31.8 fps, ETA 87s)
    Frame 9000/10769 (31.7 fps, ETA 56s)
    Frame 10000/10769 (31.7 fps, ETA 24s)
  Saved 10769 landmarks to /scratch/umang.tiwari/datasets/PhysDrive(Publication)/BMY1/BS/Label/RGB_lmk.csv (340.4s)
Processing BMY1/BT
    Frame 1000/9105 (31.7 fps, ETA 256s)
    Frame 2000/9105 (31.8 fps, ETA 224s)
    Frame 3000/9105 (31.6 fps, ETA 193s)
    Frame 4000/9105 (31.5 fps, ETA 162s)
    Frame 5000/9105 (31.4 fps, ETA 131s)
    Frame 6000/9105 (31.4 fps, ETA 99s)
    Frame 7000/9105 (31.3 fps, ETA 67s)
    Frame 8000/9105 (31.3 fps, ETA 35s)
    Frame 9000/9105 (31.3 fps, ETA 3s)
  Saved 9105 landmarks to /scratch/umang.tiwari/datasets/PhysDrive(Publication)/BMY1/BT/Label/RGB_lmk.csv (291.8s)
Processing BMY1/CS
    Frame 1000/9358 (31.1 fps, ETA 269s)
    Frame 2000/9358 (30.9 fps, ETA 238s)
    Frame 3000/9358 (31.1 fps, ETA 204s)
    Frame 4000/9358 (31.4 fps, ETA 171s)
    Frame 5000/9358 (31.3 fps, ETA 139s)
    Frame 6000/9358 (31.3 fps, ETA 107s)
    Frame 7000/9358 (31.3 fps, ETA 75s)
    Frame 8000/9358 (31.3 fps, ETA 43s)
    Frame 9000/9358 (31.4 fps, ETA 11s)
  Saved 9358 landmarks to /scratch/umang.tiwari/datasets/PhysDrive(Publication)/BMY1/CS/Label/RGB_lmk.csv (298.6s)
Processing BMY1/CT
    Frame 1000/11195 (30.8 fps, ETA 331s)
    Frame 2000/11195 (31.6 fps, ETA 291s)
    Frame 3000/11195 (31.4 fps, ETA 261s)
    Frame 4000/11195 (31.3 fps, ETA 230s)
    Frame 5000/11195 (31.3 fps, ETA 198s)
    Frame 6000/11195 (31.4 fps, ETA 165s)
    Frame 7000/11195 (31.5 fps, ETA 133s)
    Frame 8000/11195 (31.5 fps, ETA 102s)
    Frame 9000/11195 (31.5 fps, ETA 70s)
    Frame 10000/11195 (31.5 fps, ETA 38s)
    Frame 11000/11195 (31.6 fps, ETA 6s)
  Saved 11195 landmarks to /scratch/umang.tiwari/datasets/PhysDrive(Publication)/BMY1/CT/Label/RGB_lmk.csv (355.0s)
Processing BMZ2/AS
    Frame 1000/9139 (30.9 fps, ETA 263s)
    Frame 2000/9139 (30.6 fps, ETA 234s)
    Frame 3000/9139 (30.9 fps, ETA 199s)
    Frame 4000/9139 (31.1 fps, ETA 165s)
    Frame 5000/9139 (31.2 fps, ETA 133s)
    Frame 6000/9139 (31.3 fps, ETA 100s)
    Frame 7000/9139 (31.2 fps, ETA 68s)
    Frame 8000/9139 (31.1 fps, ETA 37s)
    Frame 9000/9139 (31.2 fps, ETA 4s)
  Saved 9139 landmarks to /scratch/umang.tiwari/datasets/PhysDrive(Publication)/BMZ2/AS/Label/RGB_lmk.csv (293.0s)
Processing BMZ2/AT
    Frame 1000/10058 (31.3 fps, ETA 289s)
    Frame 2000/10058 (31.8 fps, ETA 254s)
    Frame 3000/10058 (31.5 fps, ETA 224s)
    Frame 4000/10058 (31.1 fps, ETA 195s)
    Frame 5000/10058 (30.7 fps, ETA 165s)
    Frame 6000/10058 (30.6 fps, ETA 132s)
    Frame 7000/10058 (30.6 fps, ETA 100s)
    Frame 8000/10058 (30.7 fps, ETA 67s)
    Frame 9000/10058 (30.7 fps, ETA 35s)
    Frame 10000/10058 (30.7 fps, ETA 2s)
  Saved 10058 landmarks to /scratch/umang.tiwari/datasets/PhysDrive(Publication)/BMZ2/AT/Label/RGB_lmk.csv (328.0s)
Processing BMZ2/BS
    Frame 1000/7700 (31.1 fps, ETA 215s)
    Frame 2000/7700 (31.4 fps, ETA 181s)
    Frame 3000/7700 (32.0 fps, ETA 147s)
    Frame 4000/7700 (31.8 fps, ETA 116s)
    Frame 5000/7700 (31.8 fps, ETA 85s)
    Frame 6000/7700 (31.8 fps, ETA 53s)
    Frame 7000/7700 (31.9 fps, ETA 22s)
  Saved 7700 landmarks to /scratch/umang.tiwari/datasets/PhysDrive(Publication)/BMZ2/BS/Label/RGB_lmk.csv (241.3s)
Processing BMZ2/BT
    Frame 1000/9139 (32.8 fps, ETA 248s)
    Frame 2000/9139 (31.9 fps, ETA 224s)
    Frame 3000/9139 (31.7 fps, ETA 193s)
    Frame 4000/9139 (31.9 fps, ETA 161s)
    Frame 5000/9139 (32.0 fps, ETA 129s)
    Frame 6000/9139 (32.0 fps, ETA 98s)
    Frame 7000/9139 (32.0 fps, ETA 67s)
    Frame 8000/9139 (32.0 fps, ETA 36s)
    Frame 9000/9139 (32.0 fps, ETA 4s)
  Saved 9139 landmarks to /scratch/umang.tiwari/datasets/PhysDrive(Publication)/BMZ2/BT/Label/RGB_lmk.csv (285.8s)
Processing BMZ2/CS
    Frame 1000/9032 (30.7 fps, ETA 262s)
    Frame 2000/9032 (30.7 fps, ETA 229s)
    Frame 3000/9032 (31.0 fps, ETA 195s)
    Frame 4000/9032 (31.3 fps, ETA 161s)
    Frame 5000/9032 (31.4 fps, ETA 128s)
    Frame 6000/9032 (31.6 fps, ETA 96s)
    Frame 7000/9032 (31.7 fps, ETA 64s)
    Frame 8000/9032 (31.8 fps, ETA 32s)
    Frame 9000/9032 (31.7 fps, ETA 1s)
  Saved 9032 landmarks to /scratch/umang.tiwari/datasets/PhysDrive(Publication)/BMZ2/CS/Label/RGB_lmk.csv (285.0s)
Processing CFW1/AS
    Frame 1000/9449 (32.8 fps, ETA 257s)
    Frame 2000/9449 (32.7 fps, ETA 228s)
    Frame 3000/9449 (32.6 fps, ETA 198s)
    Frame 4000/9449 (32.6 fps, ETA 167s)
    Frame 5000/9449 (32.2 fps, ETA 138s)
    Frame 6000/9449 (32.4 fps, ETA 106s)
    Frame 7000/9449 (32.4 fps, ETA 75s)
    Frame 8000/9449 (32.5 fps, ETA 45s)
    Frame 9000/9449 (32.5 fps, ETA 14s)
  Saved 9449 landmarks to /scratch/umang.tiwari/datasets/PhysDrive(Publication)/CFW1/AS/Label/RGB_lmk.csv (290.5s)
Processing CFW1/AT
    Frame 1000/10317 (32.2 fps, ETA 289s)
    Frame 2000/10317 (32.2 fps, ETA 258s)
    Frame 3000/10317 (32.2 fps, ETA 227s)
    Frame 4000/10317 (32.4 fps, ETA 195s)
    Frame 5000/10317 (32.4 fps, ETA 164s)
    Frame 6000/10317 (32.4 fps, ETA 133s)
    Frame 7000/10317 (32.5 fps, ETA 102s)
    Frame 8000/10317 (32.6 fps, ETA 71s)
    Frame 9000/10317 (32.5 fps, ETA 40s)
    Frame 10000/10317 (32.6 fps, ETA 10s)
  Saved 10317 landmarks to /scratch/umang.tiwari/datasets/PhysDrive(Publication)/CFW1/AT/Label/RGB_lmk.csv (317.1s)
Processing CFW1/BS
    Frame 1000/9056 (32.1 fps, ETA 251s)
    Frame 2000/9056 (32.5 fps, ETA 217s)
    Frame 3000/9056 (31.9 fps, ETA 190s)
    Frame 4000/9056 (31.9 fps, ETA 158s)
    Frame 5000/9056 (32.1 fps, ETA 126s)
    Frame 6000/9056 (32.4 fps, ETA 94s)
    Frame 7000/9056 (32.5 fps, ETA 63s)
    Frame 8000/9056 (32.4 fps, ETA 33s)
    Frame 9000/9056 (32.5 fps, ETA 2s)
  Saved 9056 landmarks to /scratch/umang.tiwari/datasets/PhysDrive(Publication)/CFW1/BS/Label/RGB_lmk.csv (279.5s)
Processing CFW1/BT
    Frame 1000/11140 (33.1 fps, ETA 306s)
    Frame 2000/11140 (37.5 fps, ETA 244s)
    Frame 3000/11140 (34.9 fps, ETA 233s)
    Frame 4000/11140 (33.3 fps, ETA 215s)
    Frame 5000/11140 (32.2 fps, ETA 190s)
    Frame 6000/11140 (31.2 fps, ETA 165s)
    Frame 7000/11140 (31.3 fps, ETA 132s)
    Frame 8000/11140 (31.4 fps, ETA 100s)
    Frame 9000/11140 (31.4 fps, ETA 68s)
    Frame 10000/11140 (31.3 fps, ETA 36s)
    Frame 11000/11140 (31.4 fps, ETA 4s)
  Saved 11140 landmarks to /scratch/umang.tiwari/datasets/PhysDrive(Publication)/CFW1/BT/Label/RGB_lmk.csv (354.8s)
Processing CFW1/CS
    Frame 1000/9999 (32.4 fps, ETA 278s)
    Frame 2000/9999 (31.9 fps, ETA 250s)
    Frame 3000/9999 (32.0 fps, ETA 219s)
    Frame 4000/9999 (32.1 fps, ETA 187s)
    Frame 5000/9999 (32.1 fps, ETA 156s)
    Frame 6000/9999 (32.1 fps, ETA 125s)
    Frame 7000/9999 (32.2 fps, ETA 93s)
    Frame 8000/9999 (32.2 fps, ETA 62s)
    Frame 9000/9999 (32.2 fps, ETA 31s)
  Saved 9999 landmarks to /scratch/umang.tiwari/datasets/PhysDrive(Publication)/CFW1/CS/Label/RGB_lmk.csv (310.5s)
Processing CFW1/CT
    Frame 1000/9918 (32.4 fps, ETA 276s)
    Frame 2000/9918 (32.4 fps, ETA 244s)
    Frame 3000/9918 (32.3 fps, ETA 214s)
    Frame 4000/9918 (32.2 fps, ETA 184s)
    Frame 5000/9918 (32.3 fps, ETA 152s)
    Frame 6000/9918 (32.4 fps, ETA 121s)
    Frame 7000/9918 (32.3 fps, ETA 90s)
    Frame 8000/9918 (32.3 fps, ETA 59s)
    Frame 9000/9918 (32.3 fps, ETA 28s)
  Saved 9918 landmarks to /scratch/umang.tiwari/datasets/PhysDrive(Publication)/CFW1/CT/Label/RGB_lmk.csv (307.4s)
Processing CFY2/AS
    Frame 1000/9164 (32.3 fps, ETA 253s)
    Frame 2000/9164 (32.7 fps, ETA 219s)
    Frame 3000/9164 (32.3 fps, ETA 191s)
    Frame 4000/9164 (32.3 fps, ETA 160s)
    Frame 5000/9164 (32.4 fps, ETA 129s)
    Frame 6000/9164 (32.5 fps, ETA 97s)
    Frame 7000/9164 (32.5 fps, ETA 67s)
    Frame 8000/9164 (32.5 fps, ETA 36s)
    Frame 9000/9164 (32.4 fps, ETA 5s)
  Saved 9164 landmarks to /scratch/umang.tiwari/datasets/PhysDrive(Publication)/CFY2/AS/Label/RGB_lmk.csv (283.0s)
Processing CFY2/AT
    Frame 1000/10260 (31.3 fps, ETA 296s)
    Frame 2000/10260 (32.0 fps, ETA 259s)
    Frame 3000/10260 (31.9 fps, ETA 228s)
    Frame 4000/10260 (32.1 fps, ETA 195s)
    Frame 5000/10260 (32.1 fps, ETA 164s)
    Frame 6000/10260 (31.9 fps, ETA 133s)
    Frame 7000/10260 (32.0 fps, ETA 102s)
    Frame 8000/10260 (32.0 fps, ETA 71s)
    Frame 9000/10260 (32.1 fps, ETA 39s)
    Frame 10000/10260 (32.0 fps, ETA 8s)
  Saved 10260 landmarks to /scratch/umang.tiwari/datasets/PhysDrive(Publication)/CFY2/AT/Label/RGB_lmk.csv (321.1s)
Processing CFY2/BS
    Frame 1000/9066 (32.2 fps, ETA 250s)
    Frame 2000/9066 (31.8 fps, ETA 222s)
    Frame 3000/9066 (31.7 fps, ETA 191s)
    Frame 4000/9066 (31.8 fps, ETA 159s)
    Frame 5000/9066 (32.0 fps, ETA 127s)
    Frame 6000/9066 (31.6 fps, ETA 97s)
    Frame 7000/9066 (31.2 fps, ETA 66s)
    Frame 8000/9066 (31.2 fps, ETA 34s)
    Frame 9000/9066 (31.3 fps, ETA 2s)
  Saved 9066 landmarks to /scratch/umang.tiwari/datasets/PhysDrive(Publication)/CFY2/BS/Label/RGB_lmk.csv (290.3s)
Processing CFY2/BT
    Frame 1000/9924 (31.5 fps, ETA 284s)
    Frame 2000/9924 (31.6 fps, ETA 251s)
    Frame 3000/9924 (31.8 fps, ETA 218s)
    Frame 4000/9924 (31.9 fps, ETA 186s)
    Frame 5000/9924 (31.9 fps, ETA 155s)
    Frame 6000/9924 (31.9 fps, ETA 123s)
    Frame 7000/9924 (31.9 fps, ETA 92s)
    Frame 8000/9924 (31.8 fps, ETA 60s)
    Frame 9000/9924 (31.9 fps, ETA 29s)
  Saved 9924 landmarks to /scratch/umang.tiwari/datasets/PhysDrive(Publication)/CFY2/BT/Label/RGB_lmk.csv (311.5s)
Processing CFY2/CS
    Frame 1000/10051 (31.9 fps, ETA 284s)
    Frame 2000/10051 (32.3 fps, ETA 250s)
    Frame 3000/10051 (32.5 fps, ETA 217s)
    Frame 4000/10051 (32.6 fps, ETA 186s)
    Frame 5000/10051 (32.6 fps, ETA 155s)
    Frame 6000/10051 (32.5 fps, ETA 125s)
    Frame 7000/10051 (32.5 fps, ETA 94s)
    Frame 8000/10051 (32.4 fps, ETA 63s)
    Frame 9000/10051 (32.3 fps, ETA 33s)
    Frame 10000/10051 (32.3 fps, ETA 2s)
  Saved 10051 landmarks to /scratch/umang.tiwari/datasets/PhysDrive(Publication)/CFY2/CS/Label/RGB_lmk.csv (311.8s)
Processing CFY2/CT
    Frame 1000/9785 (31.6 fps, ETA 278s)
    Frame 2000/9785 (31.8 fps, ETA 245s)
    Frame 3000/9785 (31.6 fps, ETA 214s)
    Frame 4000/9785 (31.8 fps, ETA 182s)
    Frame 5000/9785 (31.7 fps, ETA 151s)
    Frame 6000/9785 (31.7 fps, ETA 119s)
    Frame 7000/9785 (31.7 fps, ETA 88s)
    Frame 8000/9785 (31.7 fps, ETA 56s)
    Frame 9000/9785 (31.8 fps, ETA 25s)
  Saved 9785 landmarks to /scratch/umang.tiwari/datasets/PhysDrive(Publication)/CFY2/CT/Label/RGB_lmk.csv (308.3s)
Processing CMH1/AS
    Frame 1000/9065 (31.5 fps, ETA 256s)
    Frame 2000/9065 (31.7 fps, ETA 223s)
    Frame 3000/9065 (31.7 fps, ETA 191s)
    Frame 4000/9065 (32.0 fps, ETA 158s)
    Frame 5000/9065 (31.9 fps, ETA 128s)
    Frame 6000/9065 (31.8 fps, ETA 96s)
    Frame 7000/9065 (31.8 fps, ETA 65s)
    Frame 8000/9065 (31.8 fps, ETA 33s)
    Frame 9000/9065 (31.8 fps, ETA 2s)
  Saved 9065 landmarks to /scratch/umang.tiwari/datasets/PhysDrive(Publication)/CMH1/AS/Label/RGB_lmk.csv (285.4s)
Processing CMH1/AT
    Frame 1000/9914 (25.5 fps, ETA 350s)
    Frame 2000/9914 (25.3 fps, ETA 313s)
    Frame 3000/9914 (25.3 fps, ETA 274s)
    Frame 4000/9914 (25.0 fps, ETA 237s)
    Frame 5000/9914 (25.7 fps, ETA 191s)
    Frame 6000/9914 (26.6 fps, ETA 147s)
    Frame 7000/9914 (27.2 fps, ETA 107s)
    Frame 8000/9914 (27.8 fps, ETA 69s)
    Frame 9000/9914 (28.2 fps, ETA 32s)
  Saved 9914 landmarks to /scratch/umang.tiwari/datasets/PhysDrive(Publication)/CMH1/AT/Label/RGB_lmk.csv (347.4s)
Processing CMH1/BS
    Frame 1000/11681 (32.2 fps, ETA 331s)
    Frame 2000/11681 (32.5 fps, ETA 298s)
    Frame 3000/11681 (32.5 fps, ETA 267s)
    Frame 4000/11681 (32.7 fps, ETA 235s)
    Frame 5000/11681 (32.5 fps, ETA 205s)
    Frame 6000/11681 (32.5 fps, ETA 175s)
    Frame 7000/11681 (32.5 fps, ETA 144s)
    Frame 8000/11681 (32.5 fps, ETA 113s)
    Frame 9000/11681 (32.5 fps, ETA 82s)
    Frame 10000/11681 (32.5 fps, ETA 52s)
    Frame 11000/11681 (32.5 fps, ETA 21s)
  Saved 11681 landmarks to /scratch/umang.tiwari/datasets/PhysDrive(Publication)/CMH1/BS/Label/RGB_lmk.csv (359.5s)
Processing CMH1/BT
    Frame 1000/11983 (32.1 fps, ETA 342s)
    Frame 2000/11983 (32.1 fps, ETA 311s)
    Frame 3000/11983 (32.3 fps, ETA 278s)
    Frame 4000/11983 (32.2 fps, ETA 248s)
    Frame 5000/11983 (32.3 fps, ETA 216s)
    Frame 6000/11983 (32.3 fps, ETA 185s)
    Frame 7000/11983 (32.2 fps, ETA 155s)
    Frame 8000/11983 (32.1 fps, ETA 124s)
    Frame 9000/11983 (32.2 fps, ETA 93s)
    Frame 10000/11983 (32.1 fps, ETA 62s)
    Frame 11000/11983 (32.1 fps, ETA 31s)
  Saved 11983 landmarks to /scratch/umang.tiwari/datasets/PhysDrive(Publication)/CMH1/BT/Label/RGB_lmk.csv (373.8s)
Processing CMH1/CS
    Frame 1000/11546 (32.0 fps, ETA 330s)
    Frame 2000/11546 (32.0 fps, ETA 299s)
    Frame 3000/11546 (32.0 fps, ETA 267s)
    Frame 4000/11546 (32.1 fps, ETA 235s)
    Frame 5000/11546 (32.0 fps, ETA 204s)
    Frame 6000/11546 (32.0 fps, ETA 173s)
    Frame 7000/11546 (32.1 fps, ETA 142s)
    Frame 8000/11546 (32.2 fps, ETA 110s)
    Frame 9000/11546 (32.3 fps, ETA 79s)
    Frame 10000/11546 (32.3 fps, ETA 48s)
    Frame 11000/11546 (32.3 fps, ETA 17s)
  Saved 11546 landmarks to /scratch/umang.tiwari/datasets/PhysDrive(Publication)/CMH1/CS/Label/RGB_lmk.csv (357.9s)
Processing CMH1/CT
    Frame 1000/9184 (30.7 fps, ETA 267s)
    Frame 2000/9184 (27.0 fps, ETA 266s)
    Frame 3000/9184 (26.6 fps, ETA 232s)
    Frame 4000/9184 (26.6 fps, ETA 195s)
    Frame 5000/9184 (27.1 fps, ETA 154s)
    Frame 6000/9184 (27.8 fps, ETA 114s)
    Frame 7000/9184 (28.6 fps, ETA 76s)
    Frame 8000/9184 (29.0 fps, ETA 41s)
    Frame 9000/9184 (29.3 fps, ETA 6s)
  Saved 9184 landmarks to /scratch/umang.tiwari/datasets/PhysDrive(Publication)/CMH1/CT/Label/RGB_lmk.csv (313.4s)
Processing CMW2/AS
    Frame 1000/9035 (32.3 fps, ETA 248s)
    Frame 2000/9035 (32.1 fps, ETA 219s)
    Frame 3000/9035 (32.2 fps, ETA 188s)
    Frame 4000/9035 (32.3 fps, ETA 156s)
    Frame 5000/9035 (32.1 fps, ETA 126s)
    Frame 6000/9035 (32.2 fps, ETA 94s)
    Frame 7000/9035 (32.2 fps, ETA 63s)
    Frame 8000/9035 (32.1 fps, ETA 32s)
    Frame 9000/9035 (32.2 fps, ETA 1s)
  Saved 9035 landmarks to /scratch/umang.tiwari/datasets/PhysDrive(Publication)/CMW2/AS/Label/RGB_lmk.csv (281.0s)
Processing CMW2/AT
    Frame 1000/9943 (31.9 fps, ETA 280s)
    Frame 2000/9943 (31.9 fps, ETA 249s)
    Frame 3000/9943 (31.7 fps, ETA 219s)
    Frame 4000/9943 (32.0 fps, ETA 186s)
    Frame 5000/9943 (32.1 fps, ETA 154s)
    Frame 6000/9943 (32.3 fps, ETA 122s)
    Frame 7000/9943 (32.4 fps, ETA 91s)
    Frame 8000/9943 (32.4 fps, ETA 60s)
    Frame 9000/9943 (32.4 fps, ETA 29s)
  Saved 9943 landmarks to /scratch/umang.tiwari/datasets/PhysDrive(Publication)/CMW2/AT/Label/RGB_lmk.csv (306.7s)
Processing CMW2/BS
    Frame 1000/9553 (31.9 fps, ETA 268s)
    Frame 2000/9553 (32.1 fps, ETA 235s)
    Frame 3000/9553 (32.2 fps, ETA 203s)
    Frame 4000/9553 (31.9 fps, ETA 174s)
    Frame 5000/9553 (31.8 fps, ETA 143s)
    Frame 6000/9553 (31.7 fps, ETA 112s)
    Frame 7000/9553 (31.9 fps, ETA 80s)
    Frame 8000/9553 (31.8 fps, ETA 49s)
    Frame 9000/9553 (31.9 fps, ETA 17s)
  Saved 9553 landmarks to /scratch/umang.tiwari/datasets/PhysDrive(Publication)/CMW2/BS/Label/RGB_lmk.csv (300.2s)
Processing CMW2/BT
    Frame 1000/10099 (32.3 fps, ETA 282s)
    Frame 2000/10099 (32.1 fps, ETA 252s)
    Frame 3000/10099 (32.4 fps, ETA 219s)
    Frame 4000/10099 (32.3 fps, ETA 189s)
    Frame 5000/10099 (32.2 fps, ETA 158s)
    Frame 6000/10099 (32.3 fps, ETA 127s)
    Frame 7000/10099 (32.3 fps, ETA 96s)
    Frame 8000/10099 (32.3 fps, ETA 65s)
    Frame 9000/10099 (32.3 fps, ETA 34s)
    Frame 10000/10099 (32.2 fps, ETA 3s)
  Saved 10099 landmarks to /scratch/umang.tiwari/datasets/PhysDrive(Publication)/CMW2/BT/Label/RGB_lmk.csv (313.6s)
Processing CMW2/CS
    Frame 1000/9037 (32.6 fps, ETA 247s)
    Frame 2000/9037 (31.8 fps, ETA 221s)
    Frame 3000/9037 (31.7 fps, ETA 190s)
    Frame 4000/9037 (31.7 fps, ETA 159s)
    Frame 5000/9037 (31.8 fps, ETA 127s)
    Frame 6000/9037 (31.9 fps, ETA 95s)
    Frame 7000/9037 (32.0 fps, ETA 64s)
    Frame 8000/9037 (32.0 fps, ETA 32s)
    Frame 9000/9037 (32.0 fps, ETA 1s)
  Saved 9037 landmarks to /scratch/umang.tiwari/datasets/PhysDrive(Publication)/CMW2/CS/Label/RGB_lmk.csv (282.5s)
Processing CMW2/CT
    Frame 1000/8985 (32.7 fps, ETA 244s)
    Frame 2000/8985 (32.6 fps, ETA 214s)
    Frame 3000/8985 (32.4 fps, ETA 185s)
    Frame 4000/8985 (32.2 fps, ETA 155s)
    Frame 5000/8985 (32.1 fps, ETA 124s)
    Frame 6000/8985 (32.3 fps, ETA 93s)
    Frame 7000/8985 (31.6 fps, ETA 63s)
    Frame 8000/8985 (30.8 fps, ETA 32s)
  Saved 8985 landmarks to /scratch/umang.tiwari/datasets/PhysDrive(Publication)/CMW2/CT/Label/RGB_lmk.csv (298.3s)
Processing CMZ1/AS
    Frame 1000/7247 (25.7 fps, ETA 243s)
    Frame 2000/7247 (25.6 fps, ETA 205s)
    Frame 3000/7247 (26.1 fps, ETA 163s)
    Frame 4000/7247 (26.7 fps, ETA 122s)
    Frame 5000/7247 (27.1 fps, ETA 83s)
    Frame 6000/7247 (27.7 fps, ETA 45s)
    Frame 7000/7247 (28.3 fps, ETA 9s)
  Saved 7247 landmarks to /scratch/umang.tiwari/datasets/PhysDrive(Publication)/CMZ1/AS/Label/RGB_lmk.csv (255.4s)
Processing CMZ1/AT
    Frame 1000/9300 (31.3 fps, ETA 265s)
    Frame 2000/9300 (31.6 fps, ETA 231s)
    Frame 3000/9300 (31.6 fps, ETA 199s)
    Frame 4000/9300 (31.5 fps, ETA 168s)
    Frame 5000/9300 (31.5 fps, ETA 136s)
    Frame 6000/9300 (31.7 fps, ETA 104s)
    Frame 7000/9300 (32.1 fps, ETA 72s)
    Frame 8000/9300 (32.4 fps, ETA 40s)
    Frame 9000/9300 (32.5 fps, ETA 9s)
  Saved 9300 landmarks to /scratch/umang.tiwari/datasets/PhysDrive(Publication)/CMZ1/AT/Label/RGB_lmk.csv (285.9s)
Processing CMZ1/BS
    Frame 1000/9202 (33.0 fps, ETA 249s)
    Frame 2000/9202 (33.6 fps, ETA 214s)
    Frame 3000/9202 (33.5 fps, ETA 185s)
    Frame 4000/9202 (33.5 fps, ETA 155s)
    Frame 5000/9202 (33.4 fps, ETA 126s)
    Frame 6000/9202 (33.4 fps, ETA 96s)
    Frame 7000/9202 (33.4 fps, ETA 66s)
    Frame 8000/9202 (33.3 fps, ETA 36s)
    Frame 9000/9202 (33.4 fps, ETA 6s)
  Saved 9202 landmarks to /scratch/umang.tiwari/datasets/PhysDrive(Publication)/CMZ1/BS/Label/RGB_lmk.csv (275.6s)
Processing CMZ1/BT
    Frame 1000/10668 (33.9 fps, ETA 285s)
    Frame 2000/10668 (34.2 fps, ETA 253s)
    Frame 3000/10668 (34.1 fps, ETA 225s)
    Frame 4000/10668 (34.0 fps, ETA 196s)
    Frame 5000/10668 (33.8 fps, ETA 168s)
    Frame 6000/10668 (33.7 fps, ETA 138s)
    Frame 7000/10668 (33.6 fps, ETA 109s)
    Frame 8000/10668 (33.6 fps, ETA 79s)
    Frame 9000/10668 (33.6 fps, ETA 50s)
    Frame 10000/10668 (33.5 fps, ETA 20s)
  Saved 10668 landmarks to /scratch/umang.tiwari/datasets/PhysDrive(Publication)/CMZ1/BT/Label/RGB_lmk.csv (317.8s)
Processing CMZ1/CS
    Frame 1000/10493 (33.4 fps, ETA 285s)
    Frame 2000/10493 (33.6 fps, ETA 252s)
    Frame 3000/10493 (33.8 fps, ETA 222s)
    Frame 4000/10493 (33.8 fps, ETA 192s)
    Frame 5000/10493 (33.8 fps, ETA 162s)
    Frame 6000/10493 (33.8 fps, ETA 133s)
    Frame 7000/10493 (33.8 fps, ETA 103s)
    Frame 8000/10493 (33.8 fps, ETA 74s)
    Frame 9000/10493 (33.7 fps, ETA 44s)
    Frame 10000/10493 (33.7 fps, ETA 15s)
  Saved 10493 landmarks to /scratch/umang.tiwari/datasets/PhysDrive(Publication)/CMZ1/CS/Label/RGB_lmk.csv (311.7s)
Processing CMZ1/CT
    Frame 1000/9774 (33.2 fps, ETA 264s)
    Frame 2000/9774 (33.4 fps, ETA 233s)
    Frame 3000/9774 (33.4 fps, ETA 203s)
    Frame 4000/9774 (33.5 fps, ETA 172s)
    Frame 5000/9774 (33.5 fps, ETA 142s)
    Frame 6000/9774 (33.4 fps, ETA 113s)
    Frame 7000/9774 (33.5 fps, ETA 83s)
    Frame 8000/9774 (33.5 fps, ETA 53s)
    Frame 9000/9774 (33.6 fps, ETA 23s)
  Saved 9774 landmarks to /scratch/umang.tiwari/datasets/PhysDrive(Publication)/CMZ1/CT/Label/RGB_lmk.csv (291.6s)

Done! Processed 95 sessions.
