/home2/umang.tiwari/rppg_env/lib/python3.10/site-packages/torch/cuda/__init__.py:65: FutureWarning: The pynvml package is deprecated. Please install nvidia-ml-py instead. If you did not install pynvml directly, please report this to the maintainers of the package that installed pynvml for you.
  import pynvml  # type: ignore[import]
/home2/umang.tiwari/rppg_env/lib/python3.10/site-packages/face_alignment/api.py:147: UserWarning: No faces were detected.
  warnings.warn("No faces were detected.")
Processing 16 subjects: ['AFH1', 'AFW2', 'AFZ2', 'AMH2', 'AMY1', 'AMZ4', 'BFW1', 'BFY2', 'BMH1', 'BMW2', 'BMZ1', 'CFH2', 'CFY1', 'CFZ2', 'CMW1', 'CMY2']
Processing AFH1/AT
    Frame 1000/9079 (19.9 fps, ETA 407s)
    Frame 2000/9079 (23.4 fps, ETA 303s)
    Frame 3000/9079 (24.8 fps, ETA 245s)
    Frame 4000/9079 (25.6 fps, ETA 198s)
    Frame 5000/9079 (25.9 fps, ETA 157s)
    Frame 6000/9079 (26.1 fps, ETA 118s)
    Frame 7000/9079 (26.2 fps, ETA 79s)
    Frame 8000/9079 (26.3 fps, ETA 41s)
    Frame 9000/9079 (26.4 fps, ETA 3s)
  Saved 9079 landmarks to /scratch/umang.tiwari/datasets/PhysDrive(Publication)/AFH1/AT/Label/RGB_lmk.csv (344.6s)
Processing AFH1/BS
    Frame 1000/9040 (27.1 fps, ETA 296s)
    Frame 2000/9040 (26.9 fps, ETA 261s)
    Frame 3000/9040 (27.4 fps, ETA 221s)
    Frame 4000/9040 (27.5 fps, ETA 183s)
    Frame 5000/9040 (27.6 fps, ETA 146s)
    Frame 6000/9040 (27.8 fps, ETA 110s)
    Frame 7000/9040 (27.8 fps, ETA 73s)
    Frame 8000/9040 (27.9 fps, ETA 37s)
    Frame 9000/9040 (28.0 fps, ETA 1s)
  Saved 9040 landmarks to /scratch/umang.tiwari/datasets/PhysDrive(Publication)/AFH1/BS/Label/RGB_lmk.csv (323.6s)
Processing AFH1/BT
    Frame 1000/10361 (27.8 fps, ETA 336s)
    Frame 2000/10361 (28.2 fps, ETA 297s)
    Frame 3000/10361 (28.3 fps, ETA 260s)
    Frame 4000/10361 (28.3 fps, ETA 225s)
    Frame 5000/10361 (28.4 fps, ETA 189s)
    Frame 6000/10361 (28.4 fps, ETA 153s)
    Frame 7000/10361 (28.3 fps, ETA 119s)
    Frame 8000/10361 (28.4 fps, ETA 83s)
    Frame 9000/10361 (28.4 fps, ETA 48s)
    Frame 10000/10361 (28.4 fps, ETA 13s)
  Saved 10361 landmarks to /scratch/umang.tiwari/datasets/PhysDrive(Publication)/AFH1/BT/Label/RGB_lmk.csv (365.2s)
Processing AFH1/CS
    Frame 1000/5446 (28.4 fps, ETA 157s)
    Frame 2000/5446 (28.8 fps, ETA 119s)
    Frame 3000/5446 (28.7 fps, ETA 85s)
    Frame 4000/5446 (28.7 fps, ETA 50s)
    Frame 5000/5446 (28.7 fps, ETA 16s)
  Saved 5446 landmarks to /scratch/umang.tiwari/datasets/PhysDrive(Publication)/AFH1/CS/Label/RGB_lmk.csv (190.1s)
Processing AFH1/CT
    Frame 1000/9112 (28.5 fps, ETA 285s)
    Frame 2000/9112 (28.8 fps, ETA 247s)
    Frame 3000/9112 (28.4 fps, ETA 215s)
    Frame 4000/9112 (28.3 fps, ETA 181s)
    Frame 5000/9112 (28.3 fps, ETA 145s)
    Frame 6000/9112 (28.3 fps, ETA 110s)
    Frame 7000/9112 (28.4 fps, ETA 74s)
    Frame 8000/9112 (28.5 fps, ETA 39s)
    Frame 9000/9112 (28.5 fps, ETA 4s)
  Saved 9112 landmarks to /scratch/umang.tiwari/datasets/PhysDrive(Publication)/AFH1/CT/Label/RGB_lmk.csv (319.8s)
Processing AFW2/AS
    Frame 1000/9029 (28.2 fps, ETA 285s)
    Frame 2000/9029 (28.3 fps, ETA 248s)
    Frame 3000/9029 (28.4 fps, ETA 212s)
    Frame 4000/9029 (28.6 fps, ETA 176s)
    Frame 5000/9029 (28.7 fps, ETA 140s)
    Frame 6000/9029 (28.6 fps, ETA 106s)
    Frame 7000/9029 (28.7 fps, ETA 71s)
    Frame 8000/9029 (28.7 fps, ETA 36s)
    Frame 9000/9029 (28.8 fps, ETA 1s)
  Saved 9029 landmarks to /scratch/umang.tiwari/datasets/PhysDrive(Publication)/AFW2/AS/Label/RGB_lmk.csv (313.8s)
Processing AFW2/AT
    Frame 1000/9043 (28.9 fps, ETA 278s)
    Frame 2000/9043 (28.8 fps, ETA 244s)
    Frame 3000/9043 (29.0 fps, ETA 208s)
    Frame 4000/9043 (29.0 fps, ETA 174s)
    Frame 5000/9043 (28.8 fps, ETA 140s)
    Frame 6000/9043 (29.1 fps, ETA 105s)
    Frame 7000/9043 (29.1 fps, ETA 70s)
    Frame 8000/9043 (29.2 fps, ETA 36s)
    Frame 9000/9043 (29.1 fps, ETA 1s)
  Saved 9043 landmarks to /scratch/umang.tiwari/datasets/PhysDrive(Publication)/AFW2/AT/Label/RGB_lmk.csv (311.1s)
Processing AFW2/BS
    Frame 1000/9033 (28.7 fps, ETA 280s)
    Frame 2000/9033 (29.1 fps, ETA 242s)
    Frame 3000/9033 (28.8 fps, ETA 209s)
    Frame 4000/9033 (28.6 fps, ETA 176s)
    Frame 5000/9033 (28.6 fps, ETA 141s)
    Frame 6000/9033 (28.6 fps, ETA 106s)
    Frame 7000/9033 (28.6 fps, ETA 71s)
    Frame 8000/9033 (28.6 fps, ETA 36s)
    Frame 9000/9033 (28.6 fps, ETA 1s)
  Saved 9033 landmarks to /scratch/umang.tiwari/datasets/PhysDrive(Publication)/AFW2/BS/Label/RGB_lmk.csv (315.9s)
Processing AFW2/BT
    Frame 1000/9935 (27.3 fps, ETA 327s)
    Frame 2000/9935 (27.8 fps, ETA 285s)
    Frame 3000/9935 (28.3 fps, ETA 245s)
    Frame 4000/9935 (28.2 fps, ETA 211s)
    Frame 5000/9935 (28.3 fps, ETA 174s)
    Frame 6000/9935 (28.2 fps, ETA 139s)
    Frame 7000/9935 (28.3 fps, ETA 104s)
    Frame 8000/9935 (28.2 fps, ETA 69s)
    Frame 9000/9935 (28.3 fps, ETA 33s)
  Saved 9935 landmarks to /scratch/umang.tiwari/datasets/PhysDrive(Publication)/AFW2/BT/Label/RGB_lmk.csv (351.9s)
Processing AFW2/CS
    Frame 1000/10289 (27.0 fps, ETA 344s)
    Frame 2000/10289 (28.2 fps, ETA 294s)
    Frame 3000/10289 (28.8 fps, ETA 253s)
    Frame 4000/10289 (29.1 fps, ETA 216s)
    Frame 5000/10289 (29.4 fps, ETA 180s)
    Frame 6000/10289 (29.6 fps, ETA 145s)
    Frame 7000/10289 (29.8 fps, ETA 110s)
    Frame 8000/10289 (29.8 fps, ETA 77s)
    Frame 9000/10289 (29.7 fps, ETA 43s)
    Frame 10000/10289 (29.8 fps, ETA 10s)
  Saved 10289 landmarks to /scratch/umang.tiwari/datasets/PhysDrive(Publication)/AFW2/CS/Label/RGB_lmk.csv (345.4s)
Processing AFW2/CT
    Frame 1000/9071 (28.9 fps, ETA 279s)
    Frame 2000/9071 (28.6 fps, ETA 247s)
    Frame 3000/9071 (28.9 fps, ETA 210s)
    Frame 4000/9071 (29.1 fps, ETA 174s)
    Frame 5000/9071 (29.1 fps, ETA 140s)
    Frame 6000/9071 (29.2 fps, ETA 105s)
    Frame 7000/9071 (29.1 fps, ETA 71s)
    Frame 8000/9071 (29.2 fps, ETA 37s)
    Frame 9000/9071 (29.2 fps, ETA 2s)
  Saved 9071 landmarks to /scratch/umang.tiwari/datasets/PhysDrive(Publication)/AFW2/CT/Label/RGB_lmk.csv (311.3s)
Processing AFZ2/AS
    Frame 1000/10171 (28.9 fps, ETA 317s)
    Frame 2000/10171 (29.2 fps, ETA 280s)
    Frame 3000/10171 (28.7 fps, ETA 250s)
    Frame 4000/10171 (28.5 fps, ETA 217s)
    Frame 5000/10171 (28.3 fps, ETA 183s)
    Frame 6000/10171 (28.5 fps, ETA 147s)
    Frame 7000/10171 (28.5 fps, ETA 111s)
    Frame 8000/10171 (28.5 fps, ETA 76s)
    Frame 9000/10171 (28.6 fps, ETA 41s)
    Frame 10000/10171 (28.6 fps, ETA 6s)
  Saved 10171 landmarks to /scratch/umang.tiwari/datasets/PhysDrive(Publication)/AFZ2/AS/Label/RGB_lmk.csv (355.5s)
Processing AFZ2/AT
    Frame 1000/9352 (28.9 fps, ETA 289s)
    Frame 2000/9352 (29.0 fps, ETA 254s)
    Frame 3000/9352 (28.5 fps, ETA 223s)
    Frame 4000/9352 (28.5 fps, ETA 188s)
    Frame 5000/9352 (28.6 fps, ETA 152s)
    Frame 6000/9352 (28.6 fps, ETA 117s)
    Frame 7000/9352 (28.7 fps, ETA 82s)
    Frame 8000/9352 (28.7 fps, ETA 47s)
    Frame 9000/9352 (28.7 fps, ETA 12s)
  Saved 9352 landmarks to /scratch/umang.tiwari/datasets/PhysDrive(Publication)/AFZ2/AT/Label/RGB_lmk.csv (326.0s)
Processing AFZ2/BS
    Frame 1000/7395 (29.0 fps, ETA 221s)
    Frame 2000/7395 (29.4 fps, ETA 184s)
    Frame 3000/7395 (29.2 fps, ETA 151s)
    Frame 4000/7395 (29.3 fps, ETA 116s)
    Frame 5000/7395 (29.4 fps, ETA 82s)
    Frame 6000/7395 (29.3 fps, ETA 48s)
    Frame 7000/7395 (29.2 fps, ETA 14s)
  Saved 7395 landmarks to /scratch/umang.tiwari/datasets/PhysDrive(Publication)/AFZ2/BS/Label/RGB_lmk.csv (253.3s)
Processing AFZ2/BT
    Frame 1000/9422 (29.2 fps, ETA 288s)
    Frame 2000/9422 (29.1 fps, ETA 255s)
    Frame 3000/9422 (29.2 fps, ETA 220s)
    Frame 4000/9422 (28.9 fps, ETA 188s)
    Frame 5000/9422 (28.9 fps, ETA 153s)
    Frame 6000/9422 (28.8 fps, ETA 119s)
    Frame 7000/9422 (28.8 fps, ETA 84s)
    Frame 8000/9422 (28.7 fps, ETA 49s)
    Frame 9000/9422 (28.7 fps, ETA 15s)
  Saved 9422 landmarks to /scratch/umang.tiwari/datasets/PhysDrive(Publication)/AFZ2/BT/Label/RGB_lmk.csv (328.9s)
Processing AFZ2/CS
    Frame 1000/9215 (27.5 fps, ETA 299s)
    Frame 2000/9215 (27.7 fps, ETA 261s)
    Frame 3000/9215 (27.7 fps, ETA 225s)
    Frame 4000/9215 (28.0 fps, ETA 186s)
    Frame 5000/9215 (28.2 fps, ETA 150s)
    Frame 6000/9215 (28.4 fps, ETA 113s)
    Frame 7000/9215 (28.6 fps, ETA 77s)
    Frame 8000/9215 (28.6 fps, ETA 42s)
    Frame 9000/9215 (28.6 fps, ETA 8s)
  Saved 9215 landmarks to /scratch/umang.tiwari/datasets/PhysDrive(Publication)/AFZ2/CS/Label/RGB_lmk.csv (322.1s)
Processing AFZ2/CT
    Frame 1000/9692 (28.1 fps, ETA 309s)
    Frame 2000/9692 (27.7 fps, ETA 278s)
    Frame 3000/9692 (27.7 fps, ETA 242s)
    Frame 4000/9692 (27.7 fps, ETA 205s)
    Frame 5000/9692 (27.8 fps, ETA 169s)
    Frame 6000/9692 (28.1 fps, ETA 131s)
    Frame 7000/9692 (28.1 fps, ETA 96s)
    Frame 8000/9692 (28.3 fps, ETA 60s)
    Frame 9000/9692 (28.2 fps, ETA 25s)
  Saved 9692 landmarks to /scratch/umang.tiwari/datasets/PhysDrive(Publication)/AFZ2/CT/Label/RGB_lmk.csv (343.2s)
Processing AMH2/BS
    Frame 1000/9042 (28.6 fps, ETA 281s)
    Frame 2000/9042 (28.5 fps, ETA 247s)
    Frame 3000/9042 (28.6 fps, ETA 211s)
    Frame 4000/9042 (28.7 fps, ETA 176s)
    Frame 5000/9042 (28.6 fps, ETA 141s)
    Frame 6000/9042 (28.8 fps, ETA 106s)
    Frame 7000/9042 (28.8 fps, ETA 71s)
    Frame 8000/9042 (28.7 fps, ETA 36s)
    Frame 9000/9042 (28.6 fps, ETA 1s)
  Saved 9042 landmarks to /scratch/umang.tiwari/datasets/PhysDrive(Publication)/AMH2/BS/Label/RGB_lmk.csv (316.3s)
Processing AMH2/BT
    Frame 1000/10010 (27.6 fps, ETA 326s)
    Frame 2000/10010 (28.3 fps, ETA 283s)
    Frame 3000/10010 (28.5 fps, ETA 246s)
    Frame 4000/10010 (28.8 fps, ETA 209s)
    Frame 5000/10010 (28.9 fps, ETA 174s)
    Frame 6000/10010 (28.7 fps, ETA 140s)
    Frame 7000/10010 (28.7 fps, ETA 105s)
    Frame 8000/10010 (28.7 fps, ETA 70s)
    Frame 9000/10010 (28.7 fps, ETA 35s)
    Frame 10000/10010 (28.6 fps, ETA 0s)
  Saved 10010 landmarks to /scratch/umang.tiwari/datasets/PhysDrive(Publication)/AMH2/BT/Label/RGB_lmk.csv (350.1s)
Processing AMH2/CT
    Frame 1000/9146 (27.5 fps, ETA 296s)
    Frame 2000/9146 (28.5 fps, ETA 251s)
    Frame 3000/9146 (28.6 fps, ETA 215s)
    Frame 4000/9146 (28.6 fps, ETA 180s)
    Frame 5000/9146 (28.7 fps, ETA 145s)
    Frame 6000/9146 (28.7 fps, ETA 109s)
    Frame 7000/9146 (28.8 fps, ETA 75s)
    Frame 8000/9146 (28.9 fps, ETA 40s)
    Frame 9000/9146 (28.9 fps, ETA 5s)
  Saved 9146 landmarks to /scratch/umang.tiwari/datasets/PhysDrive(Publication)/AMH2/CT/Label/RGB_lmk.csv (316.8s)
Processing AMY1/AS
    Frame 1000/9036 (28.7 fps, ETA 280s)
    Frame 2000/9036 (29.4 fps, ETA 240s)
    Frame 3000/9036 (29.5 fps, ETA 205s)
    Frame 4000/9036 (29.5 fps, ETA 171s)
    Frame 5000/9036 (29.4 fps, ETA 137s)
    Frame 6000/9036 (29.2 fps, ETA 104s)
    Frame 7000/9036 (29.0 fps, ETA 70s)
    Frame 8000/9036 (28.9 fps, ETA 36s)
    Frame 9000/9036 (28.8 fps, ETA 1s)
  Saved 9036 landmarks to /scratch/umang.tiwari/datasets/PhysDrive(Publication)/AMY1/AS/Label/RGB_lmk.csv (314.1s)
Processing AMY1/AT
    Frame 1000/9064 (28.2 fps, ETA 286s)
    Frame 2000/9064 (28.0 fps, ETA 252s)
    Frame 3000/9064 (28.6 fps, ETA 212s)
    Frame 4000/9064 (28.8 fps, ETA 176s)
    Frame 5000/9064 (28.8 fps, ETA 141s)
    Frame 6000/9064 (28.7 fps, ETA 107s)
    Frame 7000/9064 (28.8 fps, ETA 72s)
    Frame 8000/9064 (28.8 fps, ETA 37s)
    Frame 9000/9064 (28.9 fps, ETA 2s)
  Saved 9064 landmarks to /scratch/umang.tiwari/datasets/PhysDrive(Publication)/AMY1/AT/Label/RGB_lmk.csv (314.0s)
Processing AMY1/BS
    Frame 1000/9058 (27.9 fps, ETA 289s)
    Frame 2000/9058 (28.3 fps, ETA 249s)
    Frame 3000/9058 (28.2 fps, ETA 215s)
    Frame 4000/9058 (28.4 fps, ETA 178s)
    Frame 5000/9058 (28.3 fps, ETA 143s)
    Frame 6000/9058 (28.4 fps, ETA 108s)
    Frame 7000/9058 (28.5 fps, ETA 72s)
    Frame 8000/9058 (28.5 fps, ETA 37s)
    Frame 9000/9058 (28.6 fps, ETA 2s)
  Saved 9058 landmarks to /scratch/umang.tiwari/datasets/PhysDrive(Publication)/AMY1/BS/Label/RGB_lmk.csv (317.3s)
Processing AMY1/BT
    Frame 1000/9441 (28.0 fps, ETA 301s)
    Frame 2000/9441 (28.3 fps, ETA 263s)
    Frame 3000/9441 (28.4 fps, ETA 226s)
    Frame 4000/9441 (28.3 fps, ETA 192s)
    Frame 5000/9441 (28.7 fps, ETA 155s)
    Frame 6000/9441 (28.7 fps, ETA 120s)
    Frame 7000/9441 (28.9 fps, ETA 85s)
    Frame 8000/9441 (28.9 fps, ETA 50s)
    Frame 9000/9441 (28.8 fps, ETA 15s)
  Saved 9441 landmarks to /scratch/umang.tiwari/datasets/PhysDrive(Publication)/AMY1/BT/Label/RGB_lmk.csv (328.7s)
Processing AMY1/CS
    Frame 1000/9049 (27.7 fps, ETA 291s)
    Frame 2000/9049 (28.2 fps, ETA 250s)
    Frame 3000/9049 (28.3 fps, ETA 214s)
    Frame 4000/9049 (28.5 fps, ETA 177s)
    Frame 5000/9049 (28.4 fps, ETA 142s)
    Frame 6000/9049 (28.6 fps, ETA 107s)
    Frame 7000/9049 (28.7 fps, ETA 71s)
    Frame 8000/9049 (28.8 fps, ETA 36s)
    Frame 9000/9049 (28.8 fps, ETA 2s)
  Saved 9049 landmarks to /scratch/umang.tiwari/datasets/PhysDrive(Publication)/AMY1/CS/Label/RGB_lmk.csv (314.7s)
Processing AMY1/CT
    Frame 1000/9199 (27.5 fps, ETA 298s)
    Frame 2000/9199 (28.3 fps, ETA 254s)
    Frame 3000/9199 (28.2 fps, ETA 220s)
    Frame 4000/9199 (28.3 fps, ETA 183s)
    Frame 5000/9199 (28.5 fps, ETA 147s)
    Frame 6000/9199 (28.5 fps, ETA 112s)
    Frame 7000/9199 (28.6 fps, ETA 77s)
    Frame 8000/9199 (28.5 fps, ETA 42s)
    Frame 9000/9199 (28.5 fps, ETA 7s)
  Saved 9199 landmarks to /scratch/umang.tiwari/datasets/PhysDrive(Publication)/AMY1/CT/Label/RGB_lmk.csv (323.0s)
Processing AMZ4/AS
    Frame 1000/9345 (27.0 fps, ETA 310s)
    Frame 2000/9345 (27.6 fps, ETA 266s)
    Frame 3000/9345 (27.8 fps, ETA 228s)
    Frame 4000/9345 (27.8 fps, ETA 192s)
    Frame 5000/9345 (28.2 fps, ETA 154s)
    Frame 6000/9345 (28.3 fps, ETA 118s)
    Frame 7000/9345 (28.3 fps, ETA 83s)
    Frame 8000/9345 (28.3 fps, ETA 48s)
    Frame 9000/9345 (28.3 fps, ETA 12s)
  Saved 9345 landmarks to /scratch/umang.tiwari/datasets/PhysDrive(Publication)/AMZ4/AS/Label/RGB_lmk.csv (330.9s)
Processing AMZ4/AT
    Frame 1000/10246 (27.1 fps, ETA 341s)
    Frame 2000/10246 (27.0 fps, ETA 306s)
    Frame 3000/10246 (27.2 fps, ETA 266s)
    Frame 4000/10246 (27.4 fps, ETA 228s)
    Frame 5000/10246 (27.5 fps, ETA 191s)
    Frame 6000/10246 (27.7 fps, ETA 153s)
    Frame 7000/10246 (27.9 fps, ETA 116s)
    Frame 8000/10246 (28.0 fps, ETA 80s)
    Frame 9000/10246 (28.2 fps, ETA 44s)
    Frame 10000/10246 (28.2 fps, ETA 9s)
  Saved 10246 landmarks to /scratch/umang.tiwari/datasets/PhysDrive(Publication)/AMZ4/AT/Label/RGB_lmk.csv (364.0s)
Processing AMZ4/BS
    Frame 1000/9395 (29.3 fps, ETA 287s)
    Frame 2000/9395 (29.6 fps, ETA 250s)
    Frame 3000/9395 (29.3 fps, ETA 218s)
    Frame 4000/9395 (29.0 fps, ETA 186s)
    Frame 5000/9395 (28.8 fps, ETA 153s)
    Frame 6000/9395 (28.7 fps, ETA 118s)
    Frame 7000/9395 (28.7 fps, ETA 84s)
    Frame 8000/9395 (28.5 fps, ETA 49s)
    Frame 9000/9395 (28.4 fps, ETA 14s)
  Saved 9395 landmarks to /scratch/umang.tiwari/datasets/PhysDrive(Publication)/AMZ4/BS/Label/RGB_lmk.csv (332.2s)
Processing AMZ4/BT
    Frame 1000/11637 (27.3 fps, ETA 389s)
    Frame 2000/11637 (28.1 fps, ETA 343s)
    Frame 3000/11637 (28.5 fps, ETA 303s)
    Frame 4000/11637 (28.5 fps, ETA 268s)
    Frame 5000/11637 (28.6 fps, ETA 232s)
    Frame 6000/11637 (28.6 fps, ETA 197s)
    Frame 7000/11637 (28.7 fps, ETA 162s)
    Frame 8000/11637 (28.7 fps, ETA 127s)
    Frame 9000/11637 (28.7 fps, ETA 92s)
    Frame 10000/11637 (28.7 fps, ETA 57s)
    Frame 11000/11637 (28.7 fps, ETA 22s)
  Saved 11637 landmarks to /scratch/umang.tiwari/datasets/PhysDrive(Publication)/AMZ4/BT/Label/RGB_lmk.csv (407.0s)
Processing AMZ4/CS
    Frame 1000/9045 (27.1 fps, ETA 297s)
    Frame 2000/9045 (27.7 fps, ETA 254s)
    Frame 3000/9045 (27.9 fps, ETA 217s)
    Frame 4000/9045 (28.1 fps, ETA 179s)
    Frame 5000/9045 (28.3 fps, ETA 143s)
    Frame 6000/9045 (28.3 fps, ETA 108s)
    Frame 7000/9045 (28.4 fps, ETA 72s)
    Frame 8000/9045 (28.6 fps, ETA 37s)
    Frame 9000/9045 (28.6 fps, ETA 2s)
  Saved 9045 landmarks to /scratch/umang.tiwari/datasets/PhysDrive(Publication)/AMZ4/CS/Label/RGB_lmk.csv (316.2s)
Processing AMZ4/CT
    Frame 1000/11248 (28.3 fps, ETA 362s)
    Frame 2000/11248 (28.9 fps, ETA 320s)
    Frame 3000/11248 (28.9 fps, ETA 285s)
    Frame 4000/11248 (29.0 fps, ETA 250s)
    Frame 5000/11248 (28.9 fps, ETA 216s)
    Frame 6000/11248 (28.7 fps, ETA 183s)
    Frame 7000/11248 (28.7 fps, ETA 148s)
    Frame 8000/11248 (28.8 fps, ETA 113s)
    Frame 9000/11248 (28.7 fps, ETA 78s)
    Frame 10000/11248 (28.7 fps, ETA 43s)
    Frame 11000/11248 (28.8 fps, ETA 9s)
  Saved 11248 landmarks to /scratch/umang.tiwari/datasets/PhysDrive(Publication)/AMZ4/CT/Label/RGB_lmk.csv (390.4s)
Processing BFW1/AS
    Frame 1000/9051 (28.1 fps, ETA 287s)
    Frame 2000/9051 (28.3 fps, ETA 249s)
    Frame 3000/9051 (28.3 fps, ETA 214s)
    Frame 4000/9051 (28.6 fps, ETA 176s)
    Frame 5000/9051 (28.7 fps, ETA 141s)
    Frame 6000/9051 (28.9 fps, ETA 106s)
    Frame 7000/9051 (28.8 fps, ETA 71s)
    Frame 8000/9051 (28.7 fps, ETA 37s)
    Frame 9000/9051 (28.8 fps, ETA 2s)
  Saved 9051 landmarks to /scratch/umang.tiwari/datasets/PhysDrive(Publication)/BFW1/AS/Label/RGB_lmk.csv (314.3s)
Processing BFW1/AT
    Frame 1000/9753 (28.5 fps, ETA 307s)
    Frame 2000/9753 (28.4 fps, ETA 273s)
    Frame 3000/9753 (28.3 fps, ETA 239s)
    Frame 4000/9753 (28.6 fps, ETA 201s)
    Frame 5000/9753 (28.8 fps, ETA 165s)
    Frame 6000/9753 (28.9 fps, ETA 130s)
    Frame 7000/9753 (29.0 fps, ETA 95s)
    Frame 8000/9753 (28.9 fps, ETA 61s)
    Frame 9000/9753 (28.8 fps, ETA 26s)
  Saved 9753 landmarks to /scratch/umang.tiwari/datasets/PhysDrive(Publication)/BFW1/AT/Label/RGB_lmk.csv (338.6s)
Processing BFW1/BS
    Frame 1000/9037 (27.5 fps, ETA 292s)
    Frame 2000/9037 (28.1 fps, ETA 250s)
    Frame 3000/9037 (28.1 fps, ETA 215s)
    Frame 4000/9037 (28.6 fps, ETA 176s)
    Frame 5000/9037 (28.7 fps, ETA 141s)
    Frame 6000/9037 (28.7 fps, ETA 106s)
    Frame 7000/9037 (28.7 fps, ETA 71s)
    Frame 8000/9037 (28.6 fps, ETA 36s)
    Frame 9000/9037 (28.6 fps, ETA 1s)
  Saved 9037 landmarks to /scratch/umang.tiwari/datasets/PhysDrive(Publication)/BFW1/BS/Label/RGB_lmk.csv (316.9s)
Processing BFW1/BT
    Frame 1000/9747 (27.5 fps, ETA 318s)
    Frame 2000/9747 (28.1 fps, ETA 276s)
    Frame 3000/9747 (28.1 fps, ETA 240s)
    Frame 4000/9747 (28.3 fps, ETA 203s)
    Frame 5000/9747 (28.3 fps, ETA 168s)
    Frame 6000/9747 (28.4 fps, ETA 132s)
    Frame 7000/9747 (28.5 fps, ETA 96s)
    Frame 8000/9747 (28.5 fps, ETA 61s)
    Frame 9000/9747 (28.5 fps, ETA 26s)
  Saved 9747 landmarks to /scratch/umang.tiwari/datasets/PhysDrive(Publication)/BFW1/BT/Label/RGB_lmk.csv (341.8s)
Processing BFW1/CS
    Frame 1000/9041 (27.5 fps, ETA 292s)
    Frame 2000/9041 (28.1 fps, ETA 250s)
    Frame 3000/9041 (28.5 fps, ETA 212s)
    Frame 4000/9041 (28.5 fps, ETA 177s)
    Frame 5000/9041 (28.6 fps, ETA 141s)
    Frame 6000/9041 (28.6 fps, ETA 106s)
    Frame 7000/9041 (28.5 fps, ETA 72s)
    Frame 8000/9041 (28.5 fps, ETA 36s)
    Frame 9000/9041 (28.5 fps, ETA 1s)
  Saved 9041 landmarks to /scratch/umang.tiwari/datasets/PhysDrive(Publication)/BFW1/CS/Label/RGB_lmk.csv (317.5s)
Processing BFW1/CT
    Frame 1000/9205 (28.2 fps, ETA 291s)
    Frame 2000/9205 (28.7 fps, ETA 251s)
    Frame 3000/9205 (28.5 fps, ETA 218s)
    Frame 4000/9205 (28.2 fps, ETA 184s)
    Frame 5000/9205 (28.0 fps, ETA 150s)
    Frame 6000/9205 (28.0 fps, ETA 114s)
    Frame 7000/9205 (28.0 fps, ETA 79s)
    Frame 8000/9205 (28.1 fps, ETA 43s)
    Frame 9000/9205 (28.1 fps, ETA 7s)
  Saved 9205 landmarks to /scratch/umang.tiwari/datasets/PhysDrive(Publication)/BFW1/CT/Label/RGB_lmk.csv (327.6s)
Processing BFY2/AS
    Frame 1000/9045 (28.5 fps, ETA 283s)
    Frame 2000/9045 (28.7 fps, ETA 245s)
    Frame 3000/9045 (28.6 fps, ETA 212s)
    Frame 4000/9045 (28.5 fps, ETA 177s)
    Frame 5000/9045 (28.5 fps, ETA 142s)
    Frame 6000/9045 (28.6 fps, ETA 106s)
    Frame 7000/9045 (28.5 fps, ETA 72s)
    Frame 8000/9045 (28.4 fps, ETA 37s)
    Frame 9000/9045 (28.4 fps, ETA 2s)
  Saved 9045 landmarks to /scratch/umang.tiwari/datasets/PhysDrive(Publication)/BFY2/AS/Label/RGB_lmk.csv (319.3s)
Processing BFY2/AT
    Frame 1000/11166 (27.7 fps, ETA 368s)
    Frame 2000/11166 (27.4 fps, ETA 334s)
    Frame 3000/11166 (28.0 fps, ETA 291s)
    Frame 4000/11166 (28.2 fps, ETA 254s)
    Frame 5000/11166 (28.4 fps, ETA 217s)
    Frame 6000/11166 (28.2 fps, ETA 183s)
    Frame 7000/11166 (28.3 fps, ETA 147s)
    Frame 8000/11166 (28.2 fps, ETA 112s)
    Frame 9000/11166 (28.3 fps, ETA 77s)
    Frame 10000/11166 (28.4 fps, ETA 41s)
    Frame 11000/11166 (28.5 fps, ETA 6s)
  Saved 11166 landmarks to /scratch/umang.tiwari/datasets/PhysDrive(Publication)/BFY2/AT/Label/RGB_lmk.csv (392.4s)
Processing BFY2/BS
    Frame 1000/9091 (28.8 fps, ETA 281s)
    Frame 2000/9091 (28.7 fps, ETA 247s)
    Frame 3000/9091 (28.3 fps, ETA 215s)
    Frame 4000/9091 (28.5 fps, ETA 178s)
    Frame 5000/9091 (28.4 fps, ETA 144s)
    Frame 6000/9091 (28.4 fps, ETA 109s)
    Frame 7000/9091 (28.4 fps, ETA 74s)
    Frame 8000/9091 (28.4 fps, ETA 38s)
    Frame 9000/9091 (28.6 fps, ETA 3s)
  Saved 9091 landmarks to /scratch/umang.tiwari/datasets/PhysDrive(Publication)/BFY2/BS/Label/RGB_lmk.csv (318.4s)
Processing BFY2/BT
    Frame 1000/13001 (27.7 fps, ETA 434s)
    Frame 2000/13001 (28.4 fps, ETA 387s)
    Frame 3000/13001 (28.5 fps, ETA 351s)
    Frame 4000/13001 (28.6 fps, ETA 315s)
    Frame 5000/13001 (28.6 fps, ETA 280s)
    Frame 6000/13001 (28.7 fps, ETA 244s)
    Frame 7000/13001 (28.8 fps, ETA 208s)
    Frame 8000/13001 (28.8 fps, ETA 174s)
    Frame 9000/13001 (28.8 fps, ETA 139s)
    Frame 10000/13001 (28.8 fps, ETA 104s)
    Frame 11000/13001 (28.7 fps, ETA 70s)
    Frame 12000/13001 (28.7 fps, ETA 35s)
    Frame 13000/13001 (28.7 fps, ETA 0s)
  Saved 13001 landmarks to /scratch/umang.tiwari/datasets/PhysDrive(Publication)/BFY2/BT/Label/RGB_lmk.csv (453.6s)
Processing BFY2/CS
    Frame 1000/11858 (27.3 fps, ETA 398s)
    Frame 2000/11858 (27.9 fps, ETA 354s)
    Frame 3000/11858 (28.4 fps, ETA 311s)
    Frame 4000/11858 (28.6 fps, ETA 275s)
    Frame 5000/11858 (28.3 fps, ETA 242s)
    Frame 6000/11858 (28.5 fps, ETA 206s)
    Frame 7000/11858 (28.4 fps, ETA 171s)
    Frame 8000/11858 (28.3 fps, ETA 136s)
    Frame 9000/11858 (28.4 fps, ETA 101s)
    Frame 10000/11858 (28.4 fps, ETA 65s)
    Frame 11000/11858 (28.4 fps, ETA 30s)
  Saved 11858 landmarks to /scratch/umang.tiwari/datasets/PhysDrive(Publication)/BFY2/CS/Label/RGB_lmk.csv (417.9s)
Processing BFY2/CT
    Frame 1000/9446 (27.6 fps, ETA 306s)
    Frame 2000/9446 (27.9 fps, ETA 266s)
    Frame 3000/9446 (28.5 fps, ETA 226s)
    Frame 4000/9446 (29.1 fps, ETA 187s)
    Frame 5000/9446 (29.3 fps, ETA 152s)
    Frame 6000/9446 (29.1 fps, ETA 118s)
    Frame 7000/9446 (29.3 fps, ETA 84s)
    Frame 8000/9446 (29.2 fps, ETA 50s)
    Frame 9000/9446 (29.1 fps, ETA 15s)
  Saved 9446 landmarks to /scratch/umang.tiwari/datasets/PhysDrive(Publication)/BFY2/CT/Label/RGB_lmk.csv (325.7s)
Processing BMH1/AS
    Frame 1000/9125 (27.5 fps, ETA 295s)
    Frame 2000/9125 (28.0 fps, ETA 254s)
    Frame 3000/9125 (28.0 fps, ETA 219s)
    Frame 4000/9125 (28.2 fps, ETA 182s)
    Frame 5000/9125 (28.2 fps, ETA 146s)
    Frame 6000/9125 (28.4 fps, ETA 110s)
    Frame 7000/9125 (28.5 fps, ETA 75s)
    Frame 8000/9125 (28.5 fps, ETA 39s)
    Frame 9000/9125 (28.5 fps, ETA 4s)
  Saved 9125 landmarks to /scratch/umang.tiwari/datasets/PhysDrive(Publication)/BMH1/AS/Label/RGB_lmk.csv (320.2s)
Processing BMH1/AT
    Frame 1000/9189 (26.6 fps, ETA 308s)
    Frame 2000/9189 (27.8 fps, ETA 258s)
    Frame 3000/9189 (27.8 fps, ETA 222s)
    Frame 4000/9189 (27.9 fps, ETA 186s)
    Frame 5000/9189 (27.9 fps, ETA 150s)
    Frame 6000/9189 (28.1 fps, ETA 113s)
    Frame 7000/9189 (28.2 fps, ETA 78s)
    Frame 8000/9189 (28.1 fps, ETA 42s)
    Frame 9000/9189 (28.0 fps, ETA 7s)
  Saved 9189 landmarks to /scratch/umang.tiwari/datasets/PhysDrive(Publication)/BMH1/AT/Label/RGB_lmk.csv (328.1s)
Processing BMH1/BS
    Frame 1000/9397 (28.0 fps, ETA 300s)
    Frame 2000/9397 (28.2 fps, ETA 262s)
    Frame 3000/9397 (28.3 fps, ETA 226s)
    Frame 4000/9397 (28.2 fps, ETA 191s)
    Frame 5000/9397 (28.3 fps, ETA 155s)
    Frame 6000/9397 (28.4 fps, ETA 120s)
    Frame 7000/9397 (28.5 fps, ETA 84s)
    Frame 8000/9397 (28.5 fps, ETA 49s)
    Frame 9000/9397 (28.6 fps, ETA 14s)
  Saved 9397 landmarks to /scratch/umang.tiwari/datasets/PhysDrive(Publication)/BMH1/BS/Label/RGB_lmk.csv (329.6s)
Processing BMH1/BT
    Frame 1000/9079 (26.8 fps, ETA 302s)
    Frame 2000/9079 (27.9 fps, ETA 254s)
    Frame 3000/9079 (28.2 fps, ETA 215s)
    Frame 4000/9079 (28.3 fps, ETA 180s)
    Frame 5000/9079 (28.6 fps, ETA 143s)
    Frame 6000/9079 (28.5 fps, ETA 108s)
    Frame 7000/9079 (28.6 fps, ETA 73s)
    Frame 8000/9079 (28.6 fps, ETA 38s)
    Frame 9000/9079 (28.7 fps, ETA 3s)
  Saved 9079 landmarks to /scratch/umang.tiwari/datasets/PhysDrive(Publication)/BMH1/BT/Label/RGB_lmk.csv (317.4s)
Processing BMH1/CS
    Frame 1000/7830 (27.1 fps, ETA 252s)
    Frame 2000/7830 (28.1 fps, ETA 207s)
    Frame 3000/7830 (28.8 fps, ETA 168s)
    Frame 4000/7830 (29.0 fps, ETA 132s)
    Frame 5000/7830 (28.6 fps, ETA 99s)
    Frame 6000/7830 (28.5 fps, ETA 64s)
    Frame 7000/7830 (28.4 fps, ETA 29s)
  Saved 7830 landmarks to /scratch/umang.tiwari/datasets/PhysDrive(Publication)/BMH1/CS/Label/RGB_lmk.csv (276.0s)
Processing BMH1/CT
    Frame 1000/11911 (28.1 fps, ETA 388s)
    Frame 2000/11911 (28.5 fps, ETA 348s)
    Frame 3000/11911 (28.8 fps, ETA 310s)
    Frame 4000/11911 (28.9 fps, ETA 274s)
    Frame 5000/11911 (29.2 fps, ETA 237s)
    Frame 6000/11911 (28.8 fps, ETA 205s)
    Frame 7000/11911 (28.6 fps, ETA 171s)
    Frame 8000/11911 (28.7 fps, ETA 136s)
    Frame 9000/11911 (28.8 fps, ETA 101s)
    Frame 10000/11911 (28.8 fps, ETA 66s)
    Frame 11000/11911 (28.8 fps, ETA 32s)
  Saved 11911 landmarks to /scratch/umang.tiwari/datasets/PhysDrive(Publication)/BMH1/CT/Label/RGB_lmk.csv (413.5s)
Processing BMW2/AS
    Frame 1000/9835 (28.2 fps, ETA 313s)
    Frame 2000/9835 (28.7 fps, ETA 273s)
    Frame 3000/9835 (29.1 fps, ETA 235s)
    Frame 4000/9835 (29.1 fps, ETA 201s)
    Frame 5000/9835 (29.2 fps, ETA 166s)
    Frame 6000/9835 (29.1 fps, ETA 132s)
    Frame 7000/9835 (29.1 fps, ETA 97s)
    Frame 8000/9835 (29.2 fps, ETA 63s)
    Frame 9000/9835 (29.1 fps, ETA 29s)
  Saved 9835 landmarks to /scratch/umang.tiwari/datasets/PhysDrive(Publication)/BMW2/AS/Label/RGB_lmk.csv (338.4s)
Processing BMW2/AT
    Frame 1000/9321 (28.6 fps, ETA 291s)
    Frame 2000/9321 (29.0 fps, ETA 252s)
    Frame 3000/9321 (28.9 fps, ETA 219s)
    Frame 4000/9321 (29.1 fps, ETA 183s)
    Frame 5000/9321 (29.3 fps, ETA 148s)
    Frame 6000/9321 (29.4 fps, ETA 113s)
    Frame 7000/9321 (29.4 fps, ETA 79s)
    Frame 8000/9321 (29.3 fps, ETA 45s)
    Frame 9000/9321 (29.3 fps, ETA 11s)
  Saved 9321 landmarks to /scratch/umang.tiwari/datasets/PhysDrive(Publication)/BMW2/AT/Label/RGB_lmk.csv (319.2s)
Processing BMW2/BS
    Frame 1000/9045 (28.0 fps, ETA 288s)
    Frame 2000/9045 (28.5 fps, ETA 247s)
    Frame 3000/9045 (28.9 fps, ETA 209s)
    Frame 4000/9045 (28.9 fps, ETA 175s)
    Frame 5000/9045 (28.8 fps, ETA 140s)
    Frame 6000/9045 (28.9 fps, ETA 105s)
    Frame 7000/9045 (28.9 fps, ETA 71s)
    Frame 8000/9045 (29.0 fps, ETA 36s)
    Frame 9000/9045 (29.1 fps, ETA 2s)
  Saved 9045 landmarks to /scratch/umang.tiwari/datasets/PhysDrive(Publication)/BMW2/BS/Label/RGB_lmk.csv (311.6s)
Processing BMW2/BT
    Frame 1000/10261 (27.8 fps, ETA 333s)
    Frame 2000/10261 (28.2 fps, ETA 293s)
    Frame 3000/10261 (28.2 fps, ETA 258s)
    Frame 4000/10261 (28.4 fps, ETA 221s)
    Frame 5000/10261 (28.3 fps, ETA 186s)
    Frame 6000/10261 (28.4 fps, ETA 150s)
    Frame 7000/10261 (28.5 fps, ETA 114s)
    Frame 8000/10261 (28.4 fps, ETA 80s)
    Frame 9000/10261 (28.4 fps, ETA 44s)
    Frame 10000/10261 (28.3 fps, ETA 9s)
  Saved 10261 landmarks to /scratch/umang.tiwari/datasets/PhysDrive(Publication)/BMW2/BT/Label/RGB_lmk.csv (362.9s)
Processing BMW2/CS
    Frame 1000/9523 (27.6 fps, ETA 309s)
    Frame 2000/9523 (28.0 fps, ETA 268s)
    Frame 3000/9523 (27.8 fps, ETA 234s)
    Frame 4000/9523 (28.0 fps, ETA 197s)
    Frame 5000/9523 (28.2 fps, ETA 160s)
    Frame 6000/9523 (28.3 fps, ETA 125s)
    Frame 7000/9523 (28.2 fps, ETA 89s)
    Frame 8000/9523 (28.2 fps, ETA 54s)
    Frame 9000/9523 (28.3 fps, ETA 18s)
  Saved 9523 landmarks to /scratch/umang.tiwari/datasets/PhysDrive(Publication)/BMW2/CS/Label/RGB_lmk.csv (336.0s)
Processing BMW2/CT
    Frame 1000/9047 (27.9 fps, ETA 289s)
    Frame 2000/9047 (28.2 fps, ETA 250s)
    Frame 3000/9047 (28.4 fps, ETA 213s)
    Frame 4000/9047 (28.4 fps, ETA 178s)
    Frame 5000/9047 (28.4 fps, ETA 142s)
    Frame 6000/9047 (28.3 fps, ETA 108s)
    Frame 7000/9047 (28.3 fps, ETA 72s)
    Frame 8000/9047 (27.8 fps, ETA 38s)
    Frame 9000/9047 (27.5 fps, ETA 2s)
  Saved 9047 landmarks to /scratch/umang.tiwari/datasets/PhysDrive(Publication)/BMW2/CT/Label/RGB_lmk.csv (330.3s)
Processing BMZ1/AS
    Frame 1000/9080 (23.6 fps, ETA 343s)
    Frame 2000/9080 (23.8 fps, ETA 297s)
    Frame 3000/9080 (23.4 fps, ETA 260s)
    Frame 4000/9080 (23.8 fps, ETA 214s)
    Frame 5000/9080 (24.0 fps, ETA 170s)
    Frame 6000/9080 (24.0 fps, ETA 128s)
    Frame 7000/9080 (24.2 fps, ETA 86s)
    Frame 8000/9080 (24.1 fps, ETA 45s)
    Frame 9000/9080 (24.2 fps, ETA 3s)
  Saved 9080 landmarks to /scratch/umang.tiwari/datasets/PhysDrive(Publication)/BMZ1/AS/Label/RGB_lmk.csv (375.3s)
Processing BMZ1/AT
    Frame 1000/7517 (23.4 fps, ETA 278s)
    Frame 2000/7517 (23.7 fps, ETA 232s)
    Frame 3000/7517 (24.3 fps, ETA 186s)
    Frame 4000/7517 (24.3 fps, ETA 145s)
    Frame 5000/7517 (24.5 fps, ETA 103s)
    Frame 6000/7517 (24.4 fps, ETA 62s)
    Frame 7000/7517 (24.4 fps, ETA 21s)
  Saved 7517 landmarks to /scratch/umang.tiwari/datasets/PhysDrive(Publication)/BMZ1/AT/Label/RGB_lmk.csv (308.4s)
Processing BMZ1/BS
    Frame 1000/9352 (26.9 fps, ETA 310s)
    Frame 2000/9352 (25.4 fps, ETA 290s)
    Frame 3000/9352 (25.3 fps, ETA 251s)
    Frame 4000/9352 (24.9 fps, ETA 215s)
    Frame 5000/9352 (24.9 fps, ETA 175s)
    Frame 6000/9352 (24.7 fps, ETA 136s)
    Frame 7000/9352 (24.7 fps, ETA 95s)
    Frame 8000/9352 (24.5 fps, ETA 55s)
    Frame 9000/9352 (24.4 fps, ETA 14s)
  Saved 9352 landmarks to /scratch/umang.tiwari/datasets/PhysDrive(Publication)/BMZ1/BS/Label/RGB_lmk.csv (385.6s)
Processing BMZ1/BT
    Frame 1000/9297 (24.7 fps, ETA 336s)
    Frame 2000/9297 (24.9 fps, ETA 293s)
    Frame 3000/9297 (24.7 fps, ETA 255s)
    Frame 4000/9297 (24.5 fps, ETA 216s)
    Frame 5000/9297 (24.3 fps, ETA 177s)
    Frame 6000/9297 (24.5 fps, ETA 134s)
    Frame 7000/9297 (24.6 fps, ETA 93s)
    Frame 8000/9297 (24.7 fps, ETA 53s)
    Frame 9000/9297 (24.7 fps, ETA 12s)
  Saved 9297 landmarks to /scratch/umang.tiwari/datasets/PhysDrive(Publication)/BMZ1/BT/Label/RGB_lmk.csv (378.2s)
Processing BMZ1/CS
    Frame 1000/9505 (24.8 fps, ETA 343s)
    Frame 2000/9505 (25.0 fps, ETA 300s)
    Frame 3000/9505 (25.0 fps, ETA 261s)
    Frame 4000/9505 (25.4 fps, ETA 217s)
    Frame 5000/9505 (25.4 fps, ETA 178s)
    Frame 6000/9505 (25.4 fps, ETA 138s)
    Frame 7000/9505 (25.4 fps, ETA 99s)
    Frame 8000/9505 (25.2 fps, ETA 60s)
    Frame 9000/9505 (25.0 fps, ETA 20s)
  Saved 9505 landmarks to /scratch/umang.tiwari/datasets/PhysDrive(Publication)/BMZ1/CS/Label/RGB_lmk.csv (392.6s)
Processing BMZ1/CT
    Frame 1000/9146 (15.8 fps, ETA 515s)
    Frame 2000/9146 (18.6 fps, ETA 384s)
    Frame 3000/9146 (19.1 fps, ETA 322s)
    Frame 4000/9146 (20.1 fps, ETA 256s)
    Frame 5000/9146 (21.3 fps, ETA 195s)
    Frame 6000/9146 (22.3 fps, ETA 141s)
    Frame 7000/9146 (23.0 fps, ETA 93s)
    Frame 8000/9146 (23.6 fps, ETA 48s)
    Frame 9000/9146 (24.1 fps, ETA 6s)
  Saved 9146 landmarks to /scratch/umang.tiwari/datasets/PhysDrive(Publication)/BMZ1/CT/Label/RGB_lmk.csv (379.3s)
Processing CFH2/AS
    Frame 1000/9325 (28.6 fps, ETA 291s)
    Frame 2000/9325 (28.7 fps, ETA 256s)
    Frame 3000/9325 (29.0 fps, ETA 218s)
    Frame 4000/9325 (29.4 fps, ETA 181s)
    Frame 5000/9325 (29.2 fps, ETA 148s)
    Frame 6000/9325 (29.1 fps, ETA 114s)
    Frame 7000/9325 (29.0 fps, ETA 80s)
    Frame 8000/9325 (29.0 fps, ETA 46s)
    Frame 9000/9325 (29.0 fps, ETA 11s)
  Saved 9325 landmarks to /scratch/umang.tiwari/datasets/PhysDrive(Publication)/CFH2/AS/Label/RGB_lmk.csv (322.4s)
Processing CFH2/AT
    Frame 1000/9332 (28.7 fps, ETA 291s)
    Frame 2000/9332 (28.1 fps, ETA 260s)
    Frame 3000/9332 (28.4 fps, ETA 223s)
    Frame 4000/9332 (28.4 fps, ETA 188s)
    Frame 5000/9332 (28.4 fps, ETA 152s)
    Frame 6000/9332 (28.3 fps, ETA 118s)
    Frame 7000/9332 (28.4 fps, ETA 82s)
    Frame 8000/9332 (28.4 fps, ETA 47s)
    Frame 9000/9332 (28.4 fps, ETA 12s)
  Saved 9332 landmarks to /scratch/umang.tiwari/datasets/PhysDrive(Publication)/CFH2/AT/Label/RGB_lmk.csv (328.3s)
Processing CFH2/BS
    Frame 1000/8189 (28.2 fps, ETA 255s)
    Frame 2000/8189 (29.0 fps, ETA 213s)
    Frame 3000/8189 (29.1 fps, ETA 178s)
    Frame 4000/8189 (29.1 fps, ETA 144s)
    Frame 5000/8189 (29.0 fps, ETA 110s)
    Frame 6000/8189 (29.0 fps, ETA 75s)
    Frame 7000/8189 (28.9 fps, ETA 41s)
    Frame 8000/8189 (28.9 fps, ETA 7s)
  Saved 8189 landmarks to /scratch/umang.tiwari/datasets/PhysDrive(Publication)/CFH2/BS/Label/RGB_lmk.csv (283.7s)
Processing CFH2/BT
    Frame 1000/9691 (27.1 fps, ETA 321s)
    Frame 2000/9691 (27.5 fps, ETA 280s)
    Frame 3000/9691 (27.7 fps, ETA 242s)
    Frame 4000/9691 (27.6 fps, ETA 206s)
    Frame 5000/9691 (27.8 fps, ETA 169s)
    Frame 6000/9691 (27.9 fps, ETA 132s)
    Frame 7000/9691 (28.0 fps, ETA 96s)
    Frame 8000/9691 (28.1 fps, ETA 60s)
    Frame 9000/9691 (28.2 fps, ETA 25s)
  Saved 9691 landmarks to /scratch/umang.tiwari/datasets/PhysDrive(Publication)/CFH2/BT/Label/RGB_lmk.csv (344.2s)
Processing CFH2/CS
    Frame 1000/9119 (27.0 fps, ETA 300s)
    Frame 2000/9119 (27.8 fps, ETA 256s)
    Frame 3000/9119 (27.8 fps, ETA 220s)
    Frame 4000/9119 (27.3 fps, ETA 187s)
    Frame 5000/9119 (27.4 fps, ETA 150s)
    Frame 6000/9119 (27.6 fps, ETA 113s)
    Frame 7000/9119 (27.8 fps, ETA 76s)
    Frame 8000/9119 (28.0 fps, ETA 40s)
    Frame 9000/9119 (27.9 fps, ETA 4s)
  Saved 9119 landmarks to /scratch/umang.tiwari/datasets/PhysDrive(Publication)/CFH2/CS/Label/RGB_lmk.csv (326.9s)
Processing CFH2/CT
    Frame 1000/9134 (28.0 fps, ETA 291s)
    Frame 2000/9134 (27.8 fps, ETA 257s)
    Frame 3000/9134 (28.0 fps, ETA 219s)
    Frame 4000/9134 (28.3 fps, ETA 181s)
    Frame 5000/9134 (28.5 fps, ETA 145s)
    Frame 6000/9134 (28.7 fps, ETA 109s)
    Frame 7000/9134 (28.8 fps, ETA 74s)
    Frame 8000/9134 (28.8 fps, ETA 39s)
    Frame 9000/9134 (28.8 fps, ETA 5s)
  Saved 9134 landmarks to /scratch/umang.tiwari/datasets/PhysDrive(Publication)/CFH2/CT/Label/RGB_lmk.csv (316.9s)
Processing CFY1/AS
    Frame 1000/9035 (28.3 fps, ETA 284s)
    Frame 2000/9035 (28.5 fps, ETA 247s)
    Frame 3000/9035 (28.9 fps, ETA 209s)
    Frame 4000/9035 (29.0 fps, ETA 174s)
    Frame 5000/9035 (29.0 fps, ETA 139s)
    Frame 6000/9035 (29.2 fps, ETA 104s)
    Frame 7000/9035 (29.2 fps, ETA 70s)
    Frame 8000/9035 (29.2 fps, ETA 35s)
    Frame 9000/9035 (29.2 fps, ETA 1s)
  Saved 9035 landmarks to /scratch/umang.tiwari/datasets/PhysDrive(Publication)/CFY1/AS/Label/RGB_lmk.csv (309.9s)
Processing CFY1/AT
    Frame 1000/9476 (28.7 fps, ETA 295s)
    Frame 2000/9476 (28.8 fps, ETA 259s)
    Frame 3000/9476 (28.4 fps, ETA 228s)
    Frame 4000/9476 (28.5 fps, ETA 192s)
    Frame 5000/9476 (28.5 fps, ETA 157s)
    Frame 6000/9476 (28.5 fps, ETA 122s)
    Frame 7000/9476 (28.6 fps, ETA 87s)
    Frame 8000/9476 (28.5 fps, ETA 52s)
    Frame 9000/9476 (28.4 fps, ETA 17s)
  Saved 9476 landmarks to /scratch/umang.tiwari/datasets/PhysDrive(Publication)/CFY1/AT/Label/RGB_lmk.csv (333.2s)
Processing CFY1/BS
    Frame 1000/9526 (27.2 fps, ETA 314s)
    Frame 2000/9526 (28.0 fps, ETA 269s)
    Frame 3000/9526 (27.8 fps, ETA 234s)
    Frame 4000/9526 (28.3 fps, ETA 196s)
    Frame 5000/9526 (27.2 fps, ETA 166s)
    Frame 6000/9526 (26.4 fps, ETA 134s)
    Frame 7000/9526 (25.9 fps, ETA 97s)
    Frame 8000/9526 (25.4 fps, ETA 60s)
    Frame 9000/9526 (25.6 fps, ETA 21s)
  Saved 9526 landmarks to /scratch/umang.tiwari/datasets/PhysDrive(Publication)/CFY1/BS/Label/RGB_lmk.csv (369.6s)
Processing CFY1/BT
    Frame 1000/9706 (28.0 fps, ETA 311s)
    Frame 2000/9706 (28.7 fps, ETA 269s)
    Frame 3000/9706 (29.0 fps, ETA 232s)
    Frame 4000/9706 (29.3 fps, ETA 195s)
    Frame 5000/9706 (29.2 fps, ETA 161s)
    Frame 6000/9706 (29.2 fps, ETA 127s)
    Frame 7000/9706 (29.0 fps, ETA 93s)
    Frame 8000/9706 (28.8 fps, ETA 59s)
    Frame 9000/9706 (28.8 fps, ETA 25s)
  Saved 9706 landmarks to /scratch/umang.tiwari/datasets/PhysDrive(Publication)/CFY1/BT/Label/RGB_lmk.csv (338.2s)
Processing CFY1/CS
    Frame 1000/11795 (28.1 fps, ETA 384s)
    Frame 2000/11795 (28.0 fps, ETA 350s)
    Frame 3000/11795 (28.2 fps, ETA 312s)
    Frame 4000/11795 (28.2 fps, ETA 276s)
    Frame 5000/11795 (28.2 fps, ETA 241s)
    Frame 6000/11795 (28.3 fps, ETA 204s)
    Frame 7000/11795 (28.4 fps, ETA 169s)
    Frame 8000/11795 (28.5 fps, ETA 133s)
    Frame 9000/11795 (28.5 fps, ETA 98s)
    Frame 10000/11795 (28.5 fps, ETA 63s)
    Frame 11000/11795 (28.5 fps, ETA 28s)
  Saved 11795 landmarks to /scratch/umang.tiwari/datasets/PhysDrive(Publication)/CFY1/CS/Label/RGB_lmk.csv (413.9s)
Processing CFY1/CT
    Frame 1000/9337 (28.2 fps, ETA 296s)
    Frame 2000/9337 (28.4 fps, ETA 258s)
    Frame 3000/9337 (28.3 fps, ETA 224s)
    Frame 4000/9337 (28.1 fps, ETA 190s)
    Frame 5000/9337 (28.2 fps, ETA 154s)
    Frame 6000/9337 (28.2 fps, ETA 118s)
    Frame 7000/9337 (28.2 fps, ETA 83s)
    Frame 8000/9337 (28.5 fps, ETA 47s)
    Frame 9000/9337 (28.4 fps, ETA 12s)
  Saved 9337 landmarks to /scratch/umang.tiwari/datasets/PhysDrive(Publication)/CFY1/CT/Label/RGB_lmk.csv (329.7s)
Processing CFZ2/AS
    Frame 1000/9240 (27.0 fps, ETA 305s)
    Frame 2000/9240 (27.3 fps, ETA 265s)
    Frame 3000/9240 (27.8 fps, ETA 224s)
    Frame 4000/9240 (28.3 fps, ETA 185s)
    Frame 5000/9240 (27.4 fps, ETA 155s)
    Frame 6000/9240 (26.5 fps, ETA 122s)
    Frame 7000/9240 (26.2 fps, ETA 85s)
    Frame 8000/9240 (26.1 fps, ETA 47s)
    Frame 9000/9240 (26.4 fps, ETA 9s)
  Saved 9240 landmarks to /scratch/umang.tiwari/datasets/PhysDrive(Publication)/CFZ2/AS/Label/RGB_lmk.csv (350.2s)
Processing CFZ2/AT
    Frame 1000/9919 (28.9 fps, ETA 308s)
    Frame 2000/9919 (28.9 fps, ETA 274s)
    Frame 3000/9919 (28.7 fps, ETA 241s)
    Frame 4000/9919 (28.7 fps, ETA 206s)
    Frame 5000/9919 (28.7 fps, ETA 171s)
    Frame 6000/9919 (28.6 fps, ETA 137s)
    Frame 7000/9919 (28.5 fps, ETA 102s)
    Frame 8000/9919 (28.6 fps, ETA 67s)
    Frame 9000/9919 (28.7 fps, ETA 32s)
  Saved 9919 landmarks to /scratch/umang.tiwari/datasets/PhysDrive(Publication)/CFZ2/AT/Label/RGB_lmk.csv (346.7s)
Processing CFZ2/BS
    Frame 1000/10633 (28.6 fps, ETA 336s)
    Frame 2000/10633 (28.8 fps, ETA 300s)
    Frame 3000/10633 (28.5 fps, ETA 268s)
    Frame 4000/10633 (28.7 fps, ETA 231s)
    Frame 5000/10633 (28.7 fps, ETA 196s)
    Frame 6000/10633 (28.6 fps, ETA 162s)
    Frame 7000/10633 (28.5 fps, ETA 127s)
    Frame 8000/10633 (28.5 fps, ETA 92s)
    Frame 9000/10633 (28.6 fps, ETA 57s)
    Frame 10000/10633 (28.7 fps, ETA 22s)
  Saved 10633 landmarks to /scratch/umang.tiwari/datasets/PhysDrive(Publication)/CFZ2/BS/Label/RGB_lmk.csv (371.0s)
Processing CFZ2/BT
    Frame 1000/9903 (27.7 fps, ETA 321s)
    Frame 2000/9903 (27.9 fps, ETA 283s)
    Frame 3000/9903 (28.5 fps, ETA 243s)
    Frame 4000/9903 (28.7 fps, ETA 205s)
    Frame 5000/9903 (28.7 fps, ETA 171s)
    Frame 6000/9903 (28.6 fps, ETA 137s)
    Frame 7000/9903 (28.7 fps, ETA 101s)
    Frame 8000/9903 (28.6 fps, ETA 67s)
    Frame 9000/9903 (28.6 fps, ETA 32s)
  Saved 9903 landmarks to /scratch/umang.tiwari/datasets/PhysDrive(Publication)/CFZ2/BT/Label/RGB_lmk.csv (346.5s)
Processing CFZ2/CS
    Frame 1000/9999 (26.9 fps, ETA 334s)
    Frame 2000/9999 (28.2 fps, ETA 284s)
    Frame 3000/9999 (28.4 fps, ETA 246s)
    Frame 4000/9999 (28.6 fps, ETA 210s)
    Frame 5000/9999 (28.5 fps, ETA 175s)
    Frame 6000/9999 (28.5 fps, ETA 140s)
    Frame 7000/9999 (28.5 fps, ETA 105s)
    Frame 8000/9999 (28.5 fps, ETA 70s)
    Frame 9000/9999 (28.5 fps, ETA 35s)
  Saved 9999 landmarks to /scratch/umang.tiwari/datasets/PhysDrive(Publication)/CFZ2/CS/Label/RGB_lmk.csv (351.2s)
Processing CFZ2/CT
    Frame 1000/9527 (28.2 fps, ETA 302s)
    Frame 2000/9527 (28.4 fps, ETA 265s)
    Frame 3000/9527 (28.5 fps, ETA 229s)
    Frame 4000/9527 (28.3 fps, ETA 195s)
    Frame 5000/9527 (28.6 fps, ETA 158s)
    Frame 6000/9527 (28.7 fps, ETA 123s)
    Frame 7000/9527 (28.7 fps, ETA 88s)
    Frame 8000/9527 (28.8 fps, ETA 53s)
    Frame 9000/9527 (28.9 fps, ETA 18s)
  Saved 9527 landmarks to /scratch/umang.tiwari/datasets/PhysDrive(Publication)/CFZ2/CT/Label/RGB_lmk.csv (330.4s)
Processing CMW1/AS
    Frame 1000/9151 (28.5 fps, ETA 286s)
    Frame 2000/9151 (25.3 fps, ETA 282s)
    Frame 3000/9151 (24.9 fps, ETA 247s)
    Frame 4000/9151 (24.7 fps, ETA 209s)
    Frame 5000/9151 (24.7 fps, ETA 168s)
    Frame 6000/9151 (24.9 fps, ETA 127s)
    Frame 7000/9151 (25.4 fps, ETA 85s)
    Frame 8000/9151 (25.8 fps, ETA 45s)
    Frame 9000/9151 (26.0 fps, ETA 6s)
  Saved 9151 landmarks to /scratch/umang.tiwari/datasets/PhysDrive(Publication)/CMW1/AS/Label/RGB_lmk.csv (351.7s)
Processing CMW1/AT
    Frame 1000/9694 (27.7 fps, ETA 314s)
    Frame 2000/9694 (28.5 fps, ETA 270s)
    Frame 3000/9694 (28.5 fps, ETA 235s)
    Frame 4000/9694 (28.2 fps, ETA 202s)
    Frame 5000/9694 (28.2 fps, ETA 167s)
    Frame 6000/9694 (28.1 fps, ETA 131s)
    Frame 7000/9694 (28.3 fps, ETA 95s)
    Frame 8000/9694 (28.5 fps, ETA 59s)
    Frame 9000/9694 (28.7 fps, ETA 24s)
  Saved 9694 landmarks to /scratch/umang.tiwari/datasets/PhysDrive(Publication)/CMW1/AT/Label/RGB_lmk.csv (337.4s)
Processing CMW1/BS
    Frame 1000/9911 (30.3 fps, ETA 295s)
    Frame 2000/9911 (30.1 fps, ETA 263s)
    Frame 3000/9911 (29.9 fps, ETA 231s)
    Frame 4000/9911 (29.9 fps, ETA 198s)
    Frame 5000/9911 (29.9 fps, ETA 164s)
    Frame 6000/9911 (29.9 fps, ETA 131s)
    Frame 7000/9911 (29.9 fps, ETA 97s)
    Frame 8000/9911 (29.8 fps, ETA 64s)
    Frame 9000/9911 (29.8 fps, ETA 31s)
  Saved 9911 landmarks to /scratch/umang.tiwari/datasets/PhysDrive(Publication)/CMW1/BS/Label/RGB_lmk.csv (332.9s)
Processing CMW1/BT
    Frame 1000/9793 (29.0 fps, ETA 303s)
    Frame 2000/9793 (29.2 fps, ETA 267s)
    Frame 3000/9793 (29.6 fps, ETA 229s)
    Frame 4000/9793 (29.6 fps, ETA 196s)
    Frame 5000/9793 (29.9 fps, ETA 160s)
    Frame 6000/9793 (30.2 fps, ETA 126s)
    Frame 7000/9793 (30.2 fps, ETA 93s)
    Frame 8000/9793 (30.2 fps, ETA 59s)
    Frame 9000/9793 (30.2 fps, ETA 26s)
  Saved 9793 landmarks to /scratch/umang.tiwari/datasets/PhysDrive(Publication)/CMW1/BT/Label/RGB_lmk.csv (325.8s)
Processing CMW1/CS
    Frame 1000/9590 (30.2 fps, ETA 285s)
    Frame 2000/9590 (30.3 fps, ETA 250s)
    Frame 3000/9590 (30.4 fps, ETA 217s)
    Frame 4000/9590 (30.6 fps, ETA 183s)
    Frame 5000/9590 (30.7 fps, ETA 149s)
    Frame 6000/9590 (30.8 fps, ETA 117s)
    Frame 7000/9590 (30.7 fps, ETA 84s)
    Frame 8000/9590 (30.6 fps, ETA 52s)
    Frame 9000/9590 (30.4 fps, ETA 19s)
  Saved 9590 landmarks to /scratch/umang.tiwari/datasets/PhysDrive(Publication)/CMW1/CS/Label/RGB_lmk.csv (317.3s)
Processing CMW1/CT
    Frame 1000/9087 (28.6 fps, ETA 282s)
    Frame 2000/9087 (29.5 fps, ETA 240s)
    Frame 3000/9087 (29.5 fps, ETA 206s)
    Frame 4000/9087 (29.4 fps, ETA 173s)
    Frame 5000/9087 (29.3 fps, ETA 139s)
    Frame 6000/9087 (29.5 fps, ETA 104s)
    Frame 7000/9087 (30.5 fps, ETA 68s)
    Frame 8000/9087 (30.5 fps, ETA 36s)
    Frame 9000/9087 (30.6 fps, ETA 3s)
  Saved 9087 landmarks to /scratch/umang.tiwari/datasets/PhysDrive(Publication)/CMW1/CT/Label/RGB_lmk.csv (296.9s)
Processing CMY2/AS
    Frame 1000/9610 (28.1 fps, ETA 307s)
    Frame 2000/9610 (29.0 fps, ETA 263s)
    Frame 3000/9610 (29.0 fps, ETA 228s)
    Frame 4000/9610 (28.9 fps, ETA 194s)
    Frame 5000/9610 (28.8 fps, ETA 160s)
    Frame 6000/9610 (28.8 fps, ETA 125s)
    Frame 7000/9610 (28.7 fps, ETA 91s)
    Frame 8000/9610 (28.8 fps, ETA 56s)
    Frame 9000/9610 (28.9 fps, ETA 21s)
  Saved 9610 landmarks to /scratch/umang.tiwari/datasets/PhysDrive(Publication)/CMY2/AS/Label/RGB_lmk.csv (333.8s)
Processing CMY2/AT
    Frame 1000/10463 (28.7 fps, ETA 330s)
    Frame 2000/10463 (29.0 fps, ETA 292s)
    Frame 3000/10463 (29.0 fps, ETA 257s)
    Frame 4000/10463 (29.0 fps, ETA 223s)
    Frame 5000/10463 (29.3 fps, ETA 186s)
    Frame 6000/10463 (29.5 fps, ETA 151s)
    Frame 7000/10463 (29.4 fps, ETA 118s)
    Frame 8000/10463 (29.4 fps, ETA 84s)
    Frame 9000/10463 (29.4 fps, ETA 50s)
    Frame 10000/10463 (29.3 fps, ETA 16s)
  Saved 10463 landmarks to /scratch/umang.tiwari/datasets/PhysDrive(Publication)/CMY2/AT/Label/RGB_lmk.csv (357.3s)
Processing CMY2/BS
    Frame 1000/9156 (28.5 fps, ETA 287s)
    Frame 2000/9156 (28.3 fps, ETA 252s)
    Frame 3000/9156 (29.0 fps, ETA 213s)
    Frame 4000/9156 (29.4 fps, ETA 175s)
    Frame 5000/9156 (29.9 fps, ETA 139s)
    Frame 6000/9156 (30.3 fps, ETA 104s)
    Frame 7000/9156 (32.2 fps, ETA 67s)
    Frame 8000/9156 (34.1 fps, ETA 34s)
    Frame 9000/9156 (36.3 fps, ETA 4s)
  Saved 9156 landmarks to /scratch/umang.tiwari/datasets/PhysDrive(Publication)/CMY2/BS/Label/RGB_lmk.csv (251.0s)
Processing CMY2/BT
    Frame 1000/9091 (61.7 fps, ETA 131s)
    Frame 2000/9091 (57.6 fps, ETA 123s)
    Frame 3000/9091 (57.6 fps, ETA 106s)
    Frame 4000/9091 (56.3 fps, ETA 90s)
    Frame 5000/9091 (55.4 fps, ETA 74s)
    Frame 6000/9091 (55.1 fps, ETA 56s)
    Frame 7000/9091 (55.5 fps, ETA 38s)
    Frame 8000/9091 (55.1 fps, ETA 20s)
    Frame 9000/9091 (54.6 fps, ETA 2s)
  Saved 9091 landmarks to /scratch/umang.tiwari/datasets/PhysDrive(Publication)/CMY2/BT/Label/RGB_lmk.csv (166.6s)
Processing CMY2/CS
    Frame 1000/10013 (51.8 fps, ETA 174s)
    Frame 2000/10013 (51.4 fps, ETA 156s)
    Frame 3000/10013 (51.6 fps, ETA 136s)
    Frame 4000/10013 (51.6 fps, ETA 117s)
    Frame 5000/10013 (52.0 fps, ETA 96s)
    Frame 6000/10013 (52.4 fps, ETA 77s)
    Frame 7000/10013 (52.6 fps, ETA 57s)
    Frame 8000/10013 (53.5 fps, ETA 38s)
    Frame 9000/10013 (53.6 fps, ETA 19s)
    Frame 10000/10013 (53.6 fps, ETA 0s)
  Saved 10013 landmarks to /scratch/umang.tiwari/datasets/PhysDrive(Publication)/CMY2/CS/Label/RGB_lmk.csv (187.1s)
Processing CMY2/CT
    Frame 1000/9648 (54.7 fps, ETA 158s)
    Frame 2000/9648 (57.0 fps, ETA 134s)
    Frame 3000/9648 (59.5 fps, ETA 112s)
    Frame 4000/9648 (60.8 fps, ETA 93s)
    Frame 5000/9648 (60.5 fps, ETA 77s)
    Frame 6000/9648 (60.1 fps, ETA 61s)
    Frame 7000/9648 (58.6 fps, ETA 45s)
    Frame 8000/9648 (57.8 fps, ETA 29s)
    Frame 9000/9648 (58.4 fps, ETA 11s)
  Saved 9648 landmarks to /scratch/umang.tiwari/datasets/PhysDrive(Publication)/CMY2/CT/Label/RGB_lmk.csv (165.0s)

Done! Processed 92 sessions.
