Processing 16 subjects: ['AFH1', 'AFW2', 'AFZ2', 'AMH2', 'AMY1', 'AMZ4', 'BFW1', 'BFY2', 'BMH1', 'BMW2', 'BMZ1', 'CFH2', 'CFY1', 'CFZ2', 'CMW1', 'CMY2']
Generating STMap for AFH1/AT (9079 frames)
  Saved /scratch/umang.tiwari/datasets/PhysDrive(Publication)/AFH1/AT/STMap/STMap_RGB.png (shape: (25, 9079, 3))
Generating STMap for AFH1/BS (9040 frames)
  Saved /scratch/umang.tiwari/datasets/PhysDrive(Publication)/AFH1/BS/STMap/STMap_RGB.png (shape: (25, 9040, 3))
Generating STMap for AFH1/BT (10361 frames)
  Saved /scratch/umang.tiwari/datasets/PhysDrive(Publication)/AFH1/BT/STMap/STMap_RGB.png (shape: (25, 10361, 3))
Generating STMap for AFH1/CS (5446 frames)
  Saved /scratch/umang.tiwari/datasets/PhysDrive(Publication)/AFH1/CS/STMap/STMap_RGB.png (shape: (25, 5446, 3))
Generating STMap for AFH1/CT (9112 frames)
  Saved /scratch/umang.tiwari/datasets/PhysDrive(Publication)/AFH1/CT/STMap/STMap_RGB.png (shape: (25, 9112, 3))
Generating STMap for AFW2/AS (9028 frames)
  Saved /scratch/umang.tiwari/datasets/PhysDrive(Publication)/AFW2/AS/STMap/STMap_RGB.png (shape: (25, 9028, 3))
Generating STMap for AFW2/AT (9043 frames)
  Saved /scratch/umang.tiwari/datasets/PhysDrive(Publication)/AFW2/AT/STMap/STMap_RGB.png (shape: (25, 9043, 3))
Generating STMap for AFW2/BS (9030 frames)
  Saved /scratch/umang.tiwari/datasets/PhysDrive(Publication)/AFW2/BS/STMap/STMap_RGB.png (shape: (25, 9030, 3))
Generating STMap for AFW2/BT (9935 frames)
  Saved /scratch/umang.tiwari/datasets/PhysDrive(Publication)/AFW2/BT/STMap/STMap_RGB.png (shape: (25, 9935, 3))
Generating STMap for AFW2/CS (10256 frames)
  Saved /scratch/umang.tiwari/datasets/PhysDrive(Publication)/AFW2/CS/STMap/STMap_RGB.png (shape: (25, 10256, 3))
Generating STMap for AFW2/CT (9060 frames)
  Saved /scratch/umang.tiwari/datasets/PhysDrive(Publication)/AFW2/CT/STMap/STMap_RGB.png (shape: (25, 9060, 3))
Generating STMap for AFZ2/AS (10171 frames)
  Saved /scratch/umang.tiwari/datasets/PhysDrive(Publication)/AFZ2/AS/STMap/STMap_RGB.png (shape: (25, 10171, 3))
Generating STMap for AFZ2/AT (9352 frames)
  Saved /scratch/umang.tiwari/datasets/PhysDrive(Publication)/AFZ2/AT/STMap/STMap_RGB.png (shape: (25, 9352, 3))
Generating STMap for AFZ2/BS (7395 frames)
  Saved /scratch/umang.tiwari/datasets/PhysDrive(Publication)/AFZ2/BS/STMap/STMap_RGB.png (shape: (25, 7395, 3))
Generating STMap for AFZ2/BT (9422 frames)
  Saved /scratch/umang.tiwari/datasets/PhysDrive(Publication)/AFZ2/BT/STMap/STMap_RGB.png (shape: (25, 9422, 3))
Generating STMap for AFZ2/CS (9215 frames)
  Saved /scratch/umang.tiwari/datasets/PhysDrive(Publication)/AFZ2/CS/STMap/STMap_RGB.png (shape: (25, 9215, 3))
Generating STMap for AFZ2/CT (9692 frames)
  Saved /scratch/umang.tiwari/datasets/PhysDrive(Publication)/AFZ2/CT/STMap/STMap_RGB.png (shape: (25, 9692, 3))
Generating STMap for AMH2/BS (9042 frames)
  Saved /scratch/umang.tiwari/datasets/PhysDrive(Publication)/AMH2/BS/STMap/STMap_RGB.png (shape: (25, 9042, 3))
Generating STMap for AMH2/BT (10010 frames)
  Saved /scratch/umang.tiwari/datasets/PhysDrive(Publication)/AMH2/BT/STMap/STMap_RGB.png (shape: (25, 10010, 3))
Generating STMap for AMH2/CT (9146 frames)
  Saved /scratch/umang.tiwari/datasets/PhysDrive(Publication)/AMH2/CT/STMap/STMap_RGB.png (shape: (25, 9146, 3))
Generating STMap for AMY1/AS (9036 frames)
  Saved /scratch/umang.tiwari/datasets/PhysDrive(Publication)/AMY1/AS/STMap/STMap_RGB.png (shape: (25, 9036, 3))
Generating STMap for AMY1/AT (9064 frames)
  Saved /scratch/umang.tiwari/datasets/PhysDrive(Publication)/AMY1/AT/STMap/STMap_RGB.png (shape: (25, 9064, 3))
Generating STMap for AMY1/BS (9058 frames)
  Saved /scratch/umang.tiwari/datasets/PhysDrive(Publication)/AMY1/BS/STMap/STMap_RGB.png (shape: (25, 9058, 3))
Generating STMap for AMY1/BT (9441 frames)
  Saved /scratch/umang.tiwari/datasets/PhysDrive(Publication)/AMY1/BT/STMap/STMap_RGB.png (shape: (25, 9441, 3))
Generating STMap for AMY1/CS (9049 frames)
  Saved /scratch/umang.tiwari/datasets/PhysDrive(Publication)/AMY1/CS/STMap/STMap_RGB.png (shape: (25, 9049, 3))
Generating STMap for AMY1/CT (9199 frames)
  Saved /scratch/umang.tiwari/datasets/PhysDrive(Publication)/AMY1/CT/STMap/STMap_RGB.png (shape: (25, 9199, 3))
Generating STMap for AMZ4/AS (9345 frames)
  Saved /scratch/umang.tiwari/datasets/PhysDrive(Publication)/AMZ4/AS/STMap/STMap_RGB.png (shape: (25, 9345, 3))
Generating STMap for AMZ4/AT (10246 frames)
  Saved /scratch/umang.tiwari/datasets/PhysDrive(Publication)/AMZ4/AT/STMap/STMap_RGB.png (shape: (25, 10246, 3))
Generating STMap for AMZ4/BS (9395 frames)
  Saved /scratch/umang.tiwari/datasets/PhysDrive(Publication)/AMZ4/BS/STMap/STMap_RGB.png (shape: (25, 9395, 3))
Generating STMap for AMZ4/BT (11637 frames)
  Saved /scratch/umang.tiwari/datasets/PhysDrive(Publication)/AMZ4/BT/STMap/STMap_RGB.png (shape: (25, 11637, 3))
Generating STMap for AMZ4/CS (9045 frames)
  Saved /scratch/umang.tiwari/datasets/PhysDrive(Publication)/AMZ4/CS/STMap/STMap_RGB.png (shape: (25, 9045, 3))
Generating STMap for AMZ4/CT (11248 frames)
  Saved /scratch/umang.tiwari/datasets/PhysDrive(Publication)/AMZ4/CT/STMap/STMap_RGB.png (shape: (25, 11248, 3))
Generating STMap for BFW1/AS (9051 frames)
  Saved /scratch/umang.tiwari/datasets/PhysDrive(Publication)/BFW1/AS/STMap/STMap_RGB.png (shape: (25, 9051, 3))
Generating STMap for BFW1/AT (9753 frames)
  Saved /scratch/umang.tiwari/datasets/PhysDrive(Publication)/BFW1/AT/STMap/STMap_RGB.png (shape: (25, 9753, 3))
Generating STMap for BFW1/BS (9037 frames)
  Saved /scratch/umang.tiwari/datasets/PhysDrive(Publication)/BFW1/BS/STMap/STMap_RGB.png (shape: (25, 9037, 3))
Generating STMap for BFW1/BT (9747 frames)
  Saved /scratch/umang.tiwari/datasets/PhysDrive(Publication)/BFW1/BT/STMap/STMap_RGB.png (shape: (25, 9747, 3))
Generating STMap for BFW1/CS (9041 frames)
  Saved /scratch/umang.tiwari/datasets/PhysDrive(Publication)/BFW1/CS/STMap/STMap_RGB.png (shape: (25, 9041, 3))
Generating STMap for BFW1/CT (9205 frames)
  Saved /scratch/umang.tiwari/datasets/PhysDrive(Publication)/BFW1/CT/STMap/STMap_RGB.png (shape: (25, 9205, 3))
Generating STMap for BFY2/AS (9045 frames)
  Saved /scratch/umang.tiwari/datasets/PhysDrive(Publication)/BFY2/AS/STMap/STMap_RGB.png (shape: (25, 9045, 3))
Generating STMap for BFY2/AT (11166 frames)
  Saved /scratch/umang.tiwari/datasets/PhysDrive(Publication)/BFY2/AT/STMap/STMap_RGB.png (shape: (25, 11166, 3))
Generating STMap for BFY2/BS (9091 frames)
  Saved /scratch/umang.tiwari/datasets/PhysDrive(Publication)/BFY2/BS/STMap/STMap_RGB.png (shape: (25, 9091, 3))
Generating STMap for BFY2/BT (13001 frames)
  Saved /scratch/umang.tiwari/datasets/PhysDrive(Publication)/BFY2/BT/STMap/STMap_RGB.png (shape: (25, 13001, 3))
Generating STMap for BFY2/CS (11858 frames)
  Saved /scratch/umang.tiwari/datasets/PhysDrive(Publication)/BFY2/CS/STMap/STMap_RGB.png (shape: (25, 11858, 3))
Generating STMap for BFY2/CT (9446 frames)
  Saved /scratch/umang.tiwari/datasets/PhysDrive(Publication)/BFY2/CT/STMap/STMap_RGB.png (shape: (25, 9446, 3))
Generating STMap for BMH1/AS (9125 frames)
  Saved /scratch/umang.tiwari/datasets/PhysDrive(Publication)/BMH1/AS/STMap/STMap_RGB.png (shape: (25, 9125, 3))
Generating STMap for BMH1/AT (9189 frames)
  Saved /scratch/umang.tiwari/datasets/PhysDrive(Publication)/BMH1/AT/STMap/STMap_RGB.png (shape: (25, 9189, 3))
Generating STMap for BMH1/BS (9397 frames)
  Saved /scratch/umang.tiwari/datasets/PhysDrive(Publication)/BMH1/BS/STMap/STMap_RGB.png (shape: (25, 9397, 3))
Generating STMap for BMH1/BT (9079 frames)
  Saved /scratch/umang.tiwari/datasets/PhysDrive(Publication)/BMH1/BT/STMap/STMap_RGB.png (shape: (25, 9079, 3))
Generating STMap for BMH1/CS (7830 frames)
  Saved /scratch/umang.tiwari/datasets/PhysDrive(Publication)/BMH1/CS/STMap/STMap_RGB.png (shape: (25, 7830, 3))
Generating STMap for BMH1/CT (11911 frames)
  Saved /scratch/umang.tiwari/datasets/PhysDrive(Publication)/BMH1/CT/STMap/STMap_RGB.png (shape: (25, 11911, 3))
Generating STMap for BMW2/AS (9835 frames)
  Saved /scratch/umang.tiwari/datasets/PhysDrive(Publication)/BMW2/AS/STMap/STMap_RGB.png (shape: (25, 9835, 3))
Generating STMap for BMW2/AT (9321 frames)
  Saved /scratch/umang.tiwari/datasets/PhysDrive(Publication)/BMW2/AT/STMap/STMap_RGB.png (shape: (25, 9321, 3))
Generating STMap for BMW2/BS (9045 frames)
  Saved /scratch/umang.tiwari/datasets/PhysDrive(Publication)/BMW2/BS/STMap/STMap_RGB.png (shape: (25, 9045, 3))
Generating STMap for BMW2/BT (10261 frames)
  Saved /scratch/umang.tiwari/datasets/PhysDrive(Publication)/BMW2/BT/STMap/STMap_RGB.png (shape: (25, 10261, 3))
Generating STMap for BMW2/CS (9523 frames)
  Saved /scratch/umang.tiwari/datasets/PhysDrive(Publication)/BMW2/CS/STMap/STMap_RGB.png (shape: (25, 9523, 3))
Generating STMap for BMW2/CT (9047 frames)
  Saved /scratch/umang.tiwari/datasets/PhysDrive(Publication)/BMW2/CT/STMap/STMap_RGB.png (shape: (25, 9047, 3))
Generating STMap for BMZ1/AS (9080 frames)
  Saved /scratch/umang.tiwari/datasets/PhysDrive(Publication)/BMZ1/AS/STMap/STMap_RGB.png (shape: (25, 9080, 3))
Generating STMap for BMZ1/AT (7517 frames)
  Saved /scratch/umang.tiwari/datasets/PhysDrive(Publication)/BMZ1/AT/STMap/STMap_RGB.png (shape: (25, 7517, 3))
Generating STMap for BMZ1/BS (9352 frames)
  Saved /scratch/umang.tiwari/datasets/PhysDrive(Publication)/BMZ1/BS/STMap/STMap_RGB.png (shape: (25, 9352, 3))
Generating STMap for BMZ1/BT (9297 frames)
  Saved /scratch/umang.tiwari/datasets/PhysDrive(Publication)/BMZ1/BT/STMap/STMap_RGB.png (shape: (25, 9297, 3))
Generating STMap for BMZ1/CS (9505 frames)
  Saved /scratch/umang.tiwari/datasets/PhysDrive(Publication)/BMZ1/CS/STMap/STMap_RGB.png (shape: (25, 9505, 3))
Generating STMap for BMZ1/CT (9146 frames)
  Saved /scratch/umang.tiwari/datasets/PhysDrive(Publication)/BMZ1/CT/STMap/STMap_RGB.png (shape: (25, 9146, 3))
Generating STMap for CFH2/AS (9325 frames)
  Saved /scratch/umang.tiwari/datasets/PhysDrive(Publication)/CFH2/AS/STMap/STMap_RGB.png (shape: (25, 9325, 3))
Generating STMap for CFH2/AT (9332 frames)
  Saved /scratch/umang.tiwari/datasets/PhysDrive(Publication)/CFH2/AT/STMap/STMap_RGB.png (shape: (25, 9332, 3))
Generating STMap for CFH2/BS (8189 frames)
  Saved /scratch/umang.tiwari/datasets/PhysDrive(Publication)/CFH2/BS/STMap/STMap_RGB.png (shape: (25, 8189, 3))
Generating STMap for CFH2/BT (9691 frames)
  Saved /scratch/umang.tiwari/datasets/PhysDrive(Publication)/CFH2/BT/STMap/STMap_RGB.png (shape: (25, 9691, 3))
Generating STMap for CFH2/CS (9119 frames)
  Saved /scratch/umang.tiwari/datasets/PhysDrive(Publication)/CFH2/CS/STMap/STMap_RGB.png (shape: (25, 9119, 3))
Generating STMap for CFH2/CT (9134 frames)
  Saved /scratch/umang.tiwari/datasets/PhysDrive(Publication)/CFH2/CT/STMap/STMap_RGB.png (shape: (25, 9134, 3))
Generating STMap for CFY1/AS (9035 frames)
  Saved /scratch/umang.tiwari/datasets/PhysDrive(Publication)/CFY1/AS/STMap/STMap_RGB.png (shape: (25, 9035, 3))
Generating STMap for CFY1/AT (9476 frames)
  Saved /scratch/umang.tiwari/datasets/PhysDrive(Publication)/CFY1/AT/STMap/STMap_RGB.png (shape: (25, 9476, 3))
Generating STMap for CFY1/BS (9526 frames)
  Saved /scratch/umang.tiwari/datasets/PhysDrive(Publication)/CFY1/BS/STMap/STMap_RGB.png (shape: (25, 9526, 3))
Generating STMap for CFY1/BT (9706 frames)
  Saved /scratch/umang.tiwari/datasets/PhysDrive(Publication)/CFY1/BT/STMap/STMap_RGB.png (shape: (25, 9706, 3))
Generating STMap for CFY1/CS (11795 frames)
  Saved /scratch/umang.tiwari/datasets/PhysDrive(Publication)/CFY1/CS/STMap/STMap_RGB.png (shape: (25, 11795, 3))
Generating STMap for CFY1/CT (9337 frames)
  Saved /scratch/umang.tiwari/datasets/PhysDrive(Publication)/CFY1/CT/STMap/STMap_RGB.png (shape: (25, 9337, 3))
Generating STMap for CFZ2/AS (9240 frames)
  Saved /scratch/umang.tiwari/datasets/PhysDrive(Publication)/CFZ2/AS/STMap/STMap_RGB.png (shape: (25, 9240, 3))
Generating STMap for CFZ2/AT (9919 frames)
  Saved /scratch/umang.tiwari/datasets/PhysDrive(Publication)/CFZ2/AT/STMap/STMap_RGB.png (shape: (25, 9919, 3))
Generating STMap for CFZ2/BS (10633 frames)
  Saved /scratch/umang.tiwari/datasets/PhysDrive(Publication)/CFZ2/BS/STMap/STMap_RGB.png (shape: (25, 10633, 3))
Generating STMap for CFZ2/BT (9903 frames)
  Saved /scratch/umang.tiwari/datasets/PhysDrive(Publication)/CFZ2/BT/STMap/STMap_RGB.png (shape: (25, 9903, 3))
Generating STMap for CFZ2/CS (9999 frames)
  Saved /scratch/umang.tiwari/datasets/PhysDrive(Publication)/CFZ2/CS/STMap/STMap_RGB.png (shape: (25, 9999, 3))
Generating STMap for CFZ2/CT (9527 frames)
  Saved /scratch/umang.tiwari/datasets/PhysDrive(Publication)/CFZ2/CT/STMap/STMap_RGB.png (shape: (25, 9527, 3))
Generating STMap for CMW1/AS (9151 frames)
  Saved /scratch/umang.tiwari/datasets/PhysDrive(Publication)/CMW1/AS/STMap/STMap_RGB.png (shape: (25, 9151, 3))
Generating STMap for CMW1/AT (9694 frames)
  Saved /scratch/umang.tiwari/datasets/PhysDrive(Publication)/CMW1/AT/STMap/STMap_RGB.png (shape: (25, 9694, 3))
Generating STMap for CMW1/BS (9911 frames)
  Saved /scratch/umang.tiwari/datasets/PhysDrive(Publication)/CMW1/BS/STMap/STMap_RGB.png (shape: (25, 9911, 3))
Generating STMap for CMW1/BT (9793 frames)
  Saved /scratch/umang.tiwari/datasets/PhysDrive(Publication)/CMW1/BT/STMap/STMap_RGB.png (shape: (25, 9793, 3))
Generating STMap for CMW1/CS (9590 frames)
  Saved /scratch/umang.tiwari/datasets/PhysDrive(Publication)/CMW1/CS/STMap/STMap_RGB.png (shape: (25, 9590, 3))
Generating STMap for CMW1/CT (9087 frames)
  Saved /scratch/umang.tiwari/datasets/PhysDrive(Publication)/CMW1/CT/STMap/STMap_RGB.png (shape: (25, 9087, 3))
Generating STMap for CMY2/AS (9610 frames)
  Saved /scratch/umang.tiwari/datasets/PhysDrive(Publication)/CMY2/AS/STMap/STMap_RGB.png (shape: (25, 9610, 3))
Generating STMap for CMY2/AT (10463 frames)
  Saved /scratch/umang.tiwari/datasets/PhysDrive(Publication)/CMY2/AT/STMap/STMap_RGB.png (shape: (25, 10463, 3))
Generating STMap for CMY2/BS (9156 frames)
  Saved /scratch/umang.tiwari/datasets/PhysDrive(Publication)/CMY2/BS/STMap/STMap_RGB.png (shape: (25, 9156, 3))
Generating STMap for CMY2/BT (9091 frames)
  Saved /scratch/umang.tiwari/datasets/PhysDrive(Publication)/CMY2/BT/STMap/STMap_RGB.png (shape: (25, 9091, 3))
Generating STMap for CMY2/CS (10013 frames)
  Saved /scratch/umang.tiwari/datasets/PhysDrive(Publication)/CMY2/CS/STMap/STMap_RGB.png (shape: (25, 10013, 3))
Generating STMap for CMY2/CT (9648 frames)
  Saved /scratch/umang.tiwari/datasets/PhysDrive(Publication)/CMY2/CT/STMap/STMap_RGB.png (shape: (25, 9648, 3))

Done! Generated 92 STMaps.
