Processing 16 subjects: ['AFH2', 'AFY1', 'AFZ3', 'AMW3', 'AMY3', 'BFH1', 'BFW2', 'BFZ3', 'BMH2', 'BMY1', 'BMZ2', 'CFW1', 'CFY2', 'CMH1', 'CMW2', 'CMZ1']
Generating STMap for AFH2/AS (9137 frames)
  Saved /scratch/umang.tiwari/datasets/PhysDrive(Publication)/AFH2/AS/STMap/STMap_RGB.png (shape: (25, 9137, 3))
Generating STMap for AFH2/AT (12000 frames)
  Saved /scratch/umang.tiwari/datasets/PhysDrive(Publication)/AFH2/AT/STMap/STMap_RGB.png (shape: (25, 12000, 3))
Generating STMap for AFH2/BS (9055 frames)
  Saved /scratch/umang.tiwari/datasets/PhysDrive(Publication)/AFH2/BS/STMap/STMap_RGB.png (shape: (25, 9055, 3))
Generating STMap for AFH2/BT (14543 frames)
  Saved /scratch/umang.tiwari/datasets/PhysDrive(Publication)/AFH2/BT/STMap/STMap_RGB.png (shape: (25, 14543, 3))
Generating STMap for AFH2/CS (9986 frames)
  Saved /scratch/umang.tiwari/datasets/PhysDrive(Publication)/AFH2/CS/STMap/STMap_RGB.png (shape: (25, 9986, 3))
Generating STMap for AFH2/CT (10025 frames)
  Saved /scratch/umang.tiwari/datasets/PhysDrive(Publication)/AFH2/CT/STMap/STMap_RGB.png (shape: (25, 10025, 3))
Generating STMap for AFY1/AS (6170 frames)
  Saved /scratch/umang.tiwari/datasets/PhysDrive(Publication)/AFY1/AS/STMap/STMap_RGB.png (shape: (25, 6170, 3))
Generating STMap for AFY1/AT (9025 frames)
  Saved /scratch/umang.tiwari/datasets/PhysDrive(Publication)/AFY1/AT/STMap/STMap_RGB.png (shape: (25, 9025, 3))
Generating STMap for AFY1/BS (6844 frames)
  Saved /scratch/umang.tiwari/datasets/PhysDrive(Publication)/AFY1/BS/STMap/STMap_RGB.png (shape: (25, 6844, 3))
Generating STMap for AFY1/BT (9042 frames)
  Saved /scratch/umang.tiwari/datasets/PhysDrive(Publication)/AFY1/BT/STMap/STMap_RGB.png (shape: (25, 9042, 3))
Generating STMap for AFY1/CS (9069 frames)
  Saved /scratch/umang.tiwari/datasets/PhysDrive(Publication)/AFY1/CS/STMap/STMap_RGB.png (shape: (25, 9069, 3))
Generating STMap for AFY1/CT (4304 frames)
  Saved /scratch/umang.tiwari/datasets/PhysDrive(Publication)/AFY1/CT/STMap/STMap_RGB.png (shape: (25, 4304, 3))
Generating STMap for AFZ3/AS (9105 frames)
  Saved /scratch/umang.tiwari/datasets/PhysDrive(Publication)/AFZ3/AS/STMap/STMap_RGB.png (shape: (25, 9105, 3))
Generating STMap for AFZ3/AT (10249 frames)
  Saved /scratch/umang.tiwari/datasets/PhysDrive(Publication)/AFZ3/AT/STMap/STMap_RGB.png (shape: (25, 10249, 3))
Generating STMap for AFZ3/BS (9266 frames)
  Saved /scratch/umang.tiwari/datasets/PhysDrive(Publication)/AFZ3/BS/STMap/STMap_RGB.png (shape: (25, 9266, 3))
Generating STMap for AFZ3/BT (9733 frames)
  Saved /scratch/umang.tiwari/datasets/PhysDrive(Publication)/AFZ3/BT/STMap/STMap_RGB.png (shape: (25, 9733, 3))
Generating STMap for AFZ3/CS (9732 frames)
  Saved /scratch/umang.tiwari/datasets/PhysDrive(Publication)/AFZ3/CS/STMap/STMap_RGB.png (shape: (25, 9732, 3))
Generating STMap for AFZ3/CT (9064 frames)
  Saved /scratch/umang.tiwari/datasets/PhysDrive(Publication)/AFZ3/CT/STMap/STMap_RGB.png (shape: (25, 9064, 3))
Generating STMap for AMW3/AS (9051 frames)
  Saved /scratch/umang.tiwari/datasets/PhysDrive(Publication)/AMW3/AS/STMap/STMap_RGB.png (shape: (25, 9051, 3))
Generating STMap for AMW3/AT (8770 frames)
  Saved /scratch/umang.tiwari/datasets/PhysDrive(Publication)/AMW3/AT/STMap/STMap_RGB.png (shape: (25, 8770, 3))
Generating STMap for AMW3/BS (9281 frames)
  Saved /scratch/umang.tiwari/datasets/PhysDrive(Publication)/AMW3/BS/STMap/STMap_RGB.png (shape: (25, 9281, 3))
Generating STMap for AMW3/BT (9463 frames)
  Saved /scratch/umang.tiwari/datasets/PhysDrive(Publication)/AMW3/BT/STMap/STMap_RGB.png (shape: (25, 9463, 3))
Generating STMap for AMW3/CS (9043 frames)
  Saved /scratch/umang.tiwari/datasets/PhysDrive(Publication)/AMW3/CS/STMap/STMap_RGB.png (shape: (25, 9043, 3))
Generating STMap for AMW3/CT (9270 frames)
  Saved /scratch/umang.tiwari/datasets/PhysDrive(Publication)/AMW3/CT/STMap/STMap_RGB.png (shape: (25, 9270, 3))
Generating STMap for AMY3/AS (9224 frames)
  Saved /scratch/umang.tiwari/datasets/PhysDrive(Publication)/AMY3/AS/STMap/STMap_RGB.png (shape: (25, 9224, 3))
Generating STMap for AMY3/AT (9304 frames)
  Saved /scratch/umang.tiwari/datasets/PhysDrive(Publication)/AMY3/AT/STMap/STMap_RGB.png (shape: (25, 9304, 3))
Generating STMap for AMY3/BS (9158 frames)
  Saved /scratch/umang.tiwari/datasets/PhysDrive(Publication)/AMY3/BS/STMap/STMap_RGB.png (shape: (25, 9158, 3))
Generating STMap for AMY3/BT (10205 frames)
  Saved /scratch/umang.tiwari/datasets/PhysDrive(Publication)/AMY3/BT/STMap/STMap_RGB.png (shape: (25, 10205, 3))
Generating STMap for AMY3/CS (9064 frames)
  Saved /scratch/umang.tiwari/datasets/PhysDrive(Publication)/AMY3/CS/STMap/STMap_RGB.png (shape: (25, 9064, 3))
Generating STMap for AMY3/CT (9708 frames)
  Saved /scratch/umang.tiwari/datasets/PhysDrive(Publication)/AMY3/CT/STMap/STMap_RGB.png (shape: (25, 9708, 3))
Generating STMap for BFH1/AS (9096 frames)
  Saved /scratch/umang.tiwari/datasets/PhysDrive(Publication)/BFH1/AS/STMap/STMap_RGB.png (shape: (25, 9096, 3))
Generating STMap for BFH1/AT (8714 frames)
  Saved /scratch/umang.tiwari/datasets/PhysDrive(Publication)/BFH1/AT/STMap/STMap_RGB.png (shape: (25, 8714, 3))
Generating STMap for BFH1/BS (10180 frames)
  Saved /scratch/umang.tiwari/datasets/PhysDrive(Publication)/BFH1/BS/STMap/STMap_RGB.png (shape: (25, 10180, 3))
Generating STMap for BFH1/BT (9450 frames)
  Saved /scratch/umang.tiwari/datasets/PhysDrive(Publication)/BFH1/BT/STMap/STMap_RGB.png (shape: (25, 9450, 3))
Generating STMap for BFH1/CS (8099 frames)
  Saved /scratch/umang.tiwari/datasets/PhysDrive(Publication)/BFH1/CS/STMap/STMap_RGB.png (shape: (25, 8099, 3))
Generating STMap for BFH1/CT (9232 frames)
  Saved /scratch/umang.tiwari/datasets/PhysDrive(Publication)/BFH1/CT/STMap/STMap_RGB.png (shape: (25, 9232, 3))
Generating STMap for BFW2/AS (9745 frames)
  Saved /scratch/umang.tiwari/datasets/PhysDrive(Publication)/BFW2/AS/STMap/STMap_RGB.png (shape: (25, 9745, 3))
Generating STMap for BFW2/AT (10857 frames)
  Saved /scratch/umang.tiwari/datasets/PhysDrive(Publication)/BFW2/AT/STMap/STMap_RGB.png (shape: (25, 10857, 3))
Generating STMap for BFW2/BS (9501 frames)
  Saved /scratch/umang.tiwari/datasets/PhysDrive(Publication)/BFW2/BS/STMap/STMap_RGB.png (shape: (25, 9501, 3))
Generating STMap for BFW2/BT (12886 frames)
  Saved /scratch/umang.tiwari/datasets/PhysDrive(Publication)/BFW2/BT/STMap/STMap_RGB.png (shape: (25, 12886, 3))
Generating STMap for BFW2/CS (9467 frames)
  Saved /scratch/umang.tiwari/datasets/PhysDrive(Publication)/BFW2/CS/STMap/STMap_RGB.png (shape: (25, 9467, 3))
Generating STMap for BFW2/CT (9149 frames)
  Saved /scratch/umang.tiwari/datasets/PhysDrive(Publication)/BFW2/CT/STMap/STMap_RGB.png (shape: (25, 9149, 3))
Generating STMap for BFZ3/AS (9039 frames)
  Saved /scratch/umang.tiwari/datasets/PhysDrive(Publication)/BFZ3/AS/STMap/STMap_RGB.png (shape: (25, 9039, 3))
Generating STMap for BFZ3/AT (9018 frames)
  Saved /scratch/umang.tiwari/datasets/PhysDrive(Publication)/BFZ3/AT/STMap/STMap_RGB.png (shape: (25, 9018, 3))
Generating STMap for BFZ3/BS (10263 frames)
  Saved /scratch/umang.tiwari/datasets/PhysDrive(Publication)/BFZ3/BS/STMap/STMap_RGB.png (shape: (25, 10263, 3))
Generating STMap for BFZ3/BT (11308 frames)
  Saved /scratch/umang.tiwari/datasets/PhysDrive(Publication)/BFZ3/BT/STMap/STMap_RGB.png (shape: (25, 11308, 3))
Generating STMap for BFZ3/CS (9801 frames)
  Saved /scratch/umang.tiwari/datasets/PhysDrive(Publication)/BFZ3/CS/STMap/STMap_RGB.png (shape: (25, 9801, 3))
Generating STMap for BFZ3/CT (9586 frames)
  Saved /scratch/umang.tiwari/datasets/PhysDrive(Publication)/BFZ3/CT/STMap/STMap_RGB.png (shape: (25, 9586, 3))
Generating STMap for BMH2/AS (10078 frames)
  Saved /scratch/umang.tiwari/datasets/PhysDrive(Publication)/BMH2/AS/STMap/STMap_RGB.png (shape: (25, 10078, 3))
Generating STMap for BMH2/AT (11339 frames)
  Saved /scratch/umang.tiwari/datasets/PhysDrive(Publication)/BMH2/AT/STMap/STMap_RGB.png (shape: (25, 11339, 3))
Generating STMap for BMH2/BS (8305 frames)
  Saved /scratch/umang.tiwari/datasets/PhysDrive(Publication)/BMH2/BS/STMap/STMap_RGB.png (shape: (25, 8305, 3))
Generating STMap for BMH2/BT (10423 frames)
  Saved /scratch/umang.tiwari/datasets/PhysDrive(Publication)/BMH2/BT/STMap/STMap_RGB.png (shape: (25, 10423, 3))
Generating STMap for BMH2/CS (10910 frames)
  Saved /scratch/umang.tiwari/datasets/PhysDrive(Publication)/BMH2/CS/STMap/STMap_RGB.png (shape: (25, 10910, 3))
Generating STMap for BMH2/CT (9178 frames)
  Saved /scratch/umang.tiwari/datasets/PhysDrive(Publication)/BMH2/CT/STMap/STMap_RGB.png (shape: (25, 9178, 3))
Generating STMap for BMY1/AS (9284 frames)
  Saved /scratch/umang.tiwari/datasets/PhysDrive(Publication)/BMY1/AS/STMap/STMap_RGB.png (shape: (25, 9284, 3))
Generating STMap for BMY1/AT (5501 frames)
  Saved /scratch/umang.tiwari/datasets/PhysDrive(Publication)/BMY1/AT/STMap/STMap_RGB.png (shape: (25, 5501, 3))
Generating STMap for BMY1/BS (10769 frames)
  Saved /scratch/umang.tiwari/datasets/PhysDrive(Publication)/BMY1/BS/STMap/STMap_RGB.png (shape: (25, 10769, 3))
Generating STMap for BMY1/BT (9105 frames)
  Saved /scratch/umang.tiwari/datasets/PhysDrive(Publication)/BMY1/BT/STMap/STMap_RGB.png (shape: (25, 9105, 3))
Generating STMap for BMY1/CS (9358 frames)
  Saved /scratch/umang.tiwari/datasets/PhysDrive(Publication)/BMY1/CS/STMap/STMap_RGB.png (shape: (25, 9358, 3))
Generating STMap for BMY1/CT (11195 frames)
  Saved /scratch/umang.tiwari/datasets/PhysDrive(Publication)/BMY1/CT/STMap/STMap_RGB.png (shape: (25, 11195, 3))
Generating STMap for BMZ2/AS (9139 frames)
  Saved /scratch/umang.tiwari/datasets/PhysDrive(Publication)/BMZ2/AS/STMap/STMap_RGB.png (shape: (25, 9139, 3))
Generating STMap for BMZ2/AT (10058 frames)
  Saved /scratch/umang.tiwari/datasets/PhysDrive(Publication)/BMZ2/AT/STMap/STMap_RGB.png (shape: (25, 10058, 3))
Generating STMap for BMZ2/BS (7700 frames)
  Saved /scratch/umang.tiwari/datasets/PhysDrive(Publication)/BMZ2/BS/STMap/STMap_RGB.png (shape: (25, 7700, 3))
Generating STMap for BMZ2/BT (9139 frames)
  Saved /scratch/umang.tiwari/datasets/PhysDrive(Publication)/BMZ2/BT/STMap/STMap_RGB.png (shape: (25, 9139, 3))
Generating STMap for BMZ2/CS (9032 frames)
  Saved /scratch/umang.tiwari/datasets/PhysDrive(Publication)/BMZ2/CS/STMap/STMap_RGB.png (shape: (25, 9032, 3))
Generating STMap for CFW1/AS (9449 frames)
  Saved /scratch/umang.tiwari/datasets/PhysDrive(Publication)/CFW1/AS/STMap/STMap_RGB.png (shape: (25, 9449, 3))
Generating STMap for CFW1/AT (10317 frames)
  Saved /scratch/umang.tiwari/datasets/PhysDrive(Publication)/CFW1/AT/STMap/STMap_RGB.png (shape: (25, 10317, 3))
Generating STMap for CFW1/BS (9056 frames)
  Saved /scratch/umang.tiwari/datasets/PhysDrive(Publication)/CFW1/BS/STMap/STMap_RGB.png (shape: (25, 9056, 3))
Generating STMap for CFW1/BT (11140 frames)
  Saved /scratch/umang.tiwari/datasets/PhysDrive(Publication)/CFW1/BT/STMap/STMap_RGB.png (shape: (25, 11140, 3))
Generating STMap for CFW1/CS (9999 frames)
  Saved /scratch/umang.tiwari/datasets/PhysDrive(Publication)/CFW1/CS/STMap/STMap_RGB.png (shape: (25, 9999, 3))
Generating STMap for CFW1/CT (9918 frames)
  Saved /scratch/umang.tiwari/datasets/PhysDrive(Publication)/CFW1/CT/STMap/STMap_RGB.png (shape: (25, 9918, 3))
Generating STMap for CFY2/AS (9164 frames)
  Saved /scratch/umang.tiwari/datasets/PhysDrive(Publication)/CFY2/AS/STMap/STMap_RGB.png (shape: (25, 9164, 3))
Generating STMap for CFY2/AT (10260 frames)
  Saved /scratch/umang.tiwari/datasets/PhysDrive(Publication)/CFY2/AT/STMap/STMap_RGB.png (shape: (25, 10260, 3))
Generating STMap for CFY2/BS (9066 frames)
  Saved /scratch/umang.tiwari/datasets/PhysDrive(Publication)/CFY2/BS/STMap/STMap_RGB.png (shape: (25, 9066, 3))
Generating STMap for CFY2/BT (9924 frames)
  Saved /scratch/umang.tiwari/datasets/PhysDrive(Publication)/CFY2/BT/STMap/STMap_RGB.png (shape: (25, 9924, 3))
Generating STMap for CFY2/CS (10051 frames)
  Saved /scratch/umang.tiwari/datasets/PhysDrive(Publication)/CFY2/CS/STMap/STMap_RGB.png (shape: (25, 10051, 3))
Generating STMap for CFY2/CT (9785 frames)
  Saved /scratch/umang.tiwari/datasets/PhysDrive(Publication)/CFY2/CT/STMap/STMap_RGB.png (shape: (25, 9785, 3))
Generating STMap for CMH1/AS (9065 frames)
  Saved /scratch/umang.tiwari/datasets/PhysDrive(Publication)/CMH1/AS/STMap/STMap_RGB.png (shape: (25, 9065, 3))
Generating STMap for CMH1/AT (9914 frames)
  Saved /scratch/umang.tiwari/datasets/PhysDrive(Publication)/CMH1/AT/STMap/STMap_RGB.png (shape: (25, 9914, 3))
Generating STMap for CMH1/BS (11681 frames)
  Saved /scratch/umang.tiwari/datasets/PhysDrive(Publication)/CMH1/BS/STMap/STMap_RGB.png (shape: (25, 11681, 3))
Generating STMap for CMH1/BT (11983 frames)
  Saved /scratch/umang.tiwari/datasets/PhysDrive(Publication)/CMH1/BT/STMap/STMap_RGB.png (shape: (25, 11983, 3))
Generating STMap for CMH1/CS (11546 frames)
  Saved /scratch/umang.tiwari/datasets/PhysDrive(Publication)/CMH1/CS/STMap/STMap_RGB.png (shape: (25, 11546, 3))
Generating STMap for CMH1/CT (9184 frames)
  Saved /scratch/umang.tiwari/datasets/PhysDrive(Publication)/CMH1/CT/STMap/STMap_RGB.png (shape: (25, 9184, 3))
Generating STMap for CMW2/AS (9035 frames)
  Saved /scratch/umang.tiwari/datasets/PhysDrive(Publication)/CMW2/AS/STMap/STMap_RGB.png (shape: (25, 9035, 3))
Generating STMap for CMW2/AT (9943 frames)
  Saved /scratch/umang.tiwari/datasets/PhysDrive(Publication)/CMW2/AT/STMap/STMap_RGB.png (shape: (25, 9943, 3))
Generating STMap for CMW2/BS (9553 frames)
  Saved /scratch/umang.tiwari/datasets/PhysDrive(Publication)/CMW2/BS/STMap/STMap_RGB.png (shape: (25, 9553, 3))
Generating STMap for CMW2/BT (10099 frames)
  Saved /scratch/umang.tiwari/datasets/PhysDrive(Publication)/CMW2/BT/STMap/STMap_RGB.png (shape: (25, 10099, 3))
Generating STMap for CMW2/CS (9037 frames)
  Saved /scratch/umang.tiwari/datasets/PhysDrive(Publication)/CMW2/CS/STMap/STMap_RGB.png (shape: (25, 9037, 3))
Generating STMap for CMW2/CT (8985 frames)
  Saved /scratch/umang.tiwari/datasets/PhysDrive(Publication)/CMW2/CT/STMap/STMap_RGB.png (shape: (25, 8985, 3))
Generating STMap for CMZ1/AS (7247 frames)
  Saved /scratch/umang.tiwari/datasets/PhysDrive(Publication)/CMZ1/AS/STMap/STMap_RGB.png (shape: (25, 7247, 3))
Generating STMap for CMZ1/AT (9300 frames)
  Saved /scratch/umang.tiwari/datasets/PhysDrive(Publication)/CMZ1/AT/STMap/STMap_RGB.png (shape: (25, 9300, 3))
Generating STMap for CMZ1/BS (9202 frames)
  Saved /scratch/umang.tiwari/datasets/PhysDrive(Publication)/CMZ1/BS/STMap/STMap_RGB.png (shape: (25, 9202, 3))
Generating STMap for CMZ1/BT (10668 frames)
  Saved /scratch/umang.tiwari/datasets/PhysDrive(Publication)/CMZ1/BT/STMap/STMap_RGB.png (shape: (25, 10668, 3))
Generating STMap for CMZ1/CS (10493 frames)
  Saved /scratch/umang.tiwari/datasets/PhysDrive(Publication)/CMZ1/CS/STMap/STMap_RGB.png (shape: (25, 10493, 3))
Generating STMap for CMZ1/CT (9774 frames)
  Saved /scratch/umang.tiwari/datasets/PhysDrive(Publication)/CMZ1/CT/STMap/STMap_RGB.png (shape: (25, 9774, 3))

Done! Generated 95 STMaps.
