Processing 16 subjects: ['AFW1', 'AFY2', 'AMH1', 'AMW4', 'AMZ3', 'BFH2', 'BFY1', 'BFZ4', 'BMW1', 'BMY2', 'CFH1', 'CFW2', 'CFZ1', 'CMH2', 'CMY1', 'CMZ2']
Generating STMap for AFW1/AS (9318 frames)
  Saved /scratch/umang.tiwari/datasets/PhysDrive(Publication)/AFW1/AS/STMap/STMap_RGB.png (shape: (25, 9318, 3))
Generating STMap for AFW1/AT (11190 frames)
  Saved /scratch/umang.tiwari/datasets/PhysDrive(Publication)/AFW1/AT/STMap/STMap_RGB.png (shape: (25, 11190, 3))
Generating STMap for AFW1/BS (10577 frames)
  Saved /scratch/umang.tiwari/datasets/PhysDrive(Publication)/AFW1/BS/STMap/STMap_RGB.png (shape: (25, 10577, 3))
Generating STMap for AFW1/BT (11032 frames)
  Saved /scratch/umang.tiwari/datasets/PhysDrive(Publication)/AFW1/BT/STMap/STMap_RGB.png (shape: (25, 11032, 3))
Generating STMap for AFW1/CS (9406 frames)
  Saved /scratch/umang.tiwari/datasets/PhysDrive(Publication)/AFW1/CS/STMap/STMap_RGB.png (shape: (25, 9406, 3))
Generating STMap for AFW1/CT (10264 frames)
  Saved /scratch/umang.tiwari/datasets/PhysDrive(Publication)/AFW1/CT/STMap/STMap_RGB.png (shape: (25, 10264, 3))
Generating STMap for AFY2/AS (9231 frames)
  Saved /scratch/umang.tiwari/datasets/PhysDrive(Publication)/AFY2/AS/STMap/STMap_RGB.png (shape: (25, 9231, 3))
Generating STMap for AFY2/AT (9274 frames)
  Saved /scratch/umang.tiwari/datasets/PhysDrive(Publication)/AFY2/AT/STMap/STMap_RGB.png (shape: (25, 9274, 3))
Generating STMap for AFY2/BS (9040 frames)
  Saved /scratch/umang.tiwari/datasets/PhysDrive(Publication)/AFY2/BS/STMap/STMap_RGB.png (shape: (25, 9040, 3))
Generating STMap for AFY2/BT (9390 frames)
  Saved /scratch/umang.tiwari/datasets/PhysDrive(Publication)/AFY2/BT/STMap/STMap_RGB.png (shape: (25, 9390, 3))
Generating STMap for AFY2/CS (9330 frames)
  Saved /scratch/umang.tiwari/datasets/PhysDrive(Publication)/AFY2/CS/STMap/STMap_RGB.png (shape: (25, 9330, 3))
Generating STMap for AFY2/CT (9082 frames)
  Saved /scratch/umang.tiwari/datasets/PhysDrive(Publication)/AFY2/CT/STMap/STMap_RGB.png (shape: (25, 9082, 3))
Generating STMap for AMH1/AS (9088 frames)
  Saved /scratch/umang.tiwari/datasets/PhysDrive(Publication)/AMH1/AS/STMap/STMap_RGB.png (shape: (25, 9088, 3))
Generating STMap for AMH1/AT (9309 frames)
  Saved /scratch/umang.tiwari/datasets/PhysDrive(Publication)/AMH1/AT/STMap/STMap_RGB.png (shape: (25, 9309, 3))
Generating STMap for AMH1/BS (8212 frames)
  Saved /scratch/umang.tiwari/datasets/PhysDrive(Publication)/AMH1/BS/STMap/STMap_RGB.png (shape: (25, 8212, 3))
Generating STMap for AMH1/BT (9360 frames)
  Saved /scratch/umang.tiwari/datasets/PhysDrive(Publication)/AMH1/BT/STMap/STMap_RGB.png (shape: (25, 9360, 3))
Generating STMap for AMH1/CS (9630 frames)
  Saved /scratch/umang.tiwari/datasets/PhysDrive(Publication)/AMH1/CS/STMap/STMap_RGB.png (shape: (25, 9630, 3))
Generating STMap for AMH1/CT (9086 frames)
  Saved /scratch/umang.tiwari/datasets/PhysDrive(Publication)/AMH1/CT/STMap/STMap_RGB.png (shape: (25, 9086, 3))
Generating STMap for AMW4/AS (9037 frames)
  Saved /scratch/umang.tiwari/datasets/PhysDrive(Publication)/AMW4/AS/STMap/STMap_RGB.png (shape: (25, 9037, 3))
Generating STMap for AMW4/AT (9571 frames)
  Saved /scratch/umang.tiwari/datasets/PhysDrive(Publication)/AMW4/AT/STMap/STMap_RGB.png (shape: (25, 9571, 3))
Generating STMap for AMW4/BS (9047 frames)
  Saved /scratch/umang.tiwari/datasets/PhysDrive(Publication)/AMW4/BS/STMap/STMap_RGB.png (shape: (25, 9047, 3))
Generating STMap for AMW4/BT (10669 frames)
  Saved /scratch/umang.tiwari/datasets/PhysDrive(Publication)/AMW4/BT/STMap/STMap_RGB.png (shape: (25, 10669, 3))
Generating STMap for AMW4/CS (8960 frames)
  Saved /scratch/umang.tiwari/datasets/PhysDrive(Publication)/AMW4/CS/STMap/STMap_RGB.png (shape: (25, 8960, 3))
Generating STMap for AMW4/CT (9939 frames)
  Saved /scratch/umang.tiwari/datasets/PhysDrive(Publication)/AMW4/CT/STMap/STMap_RGB.png (shape: (25, 9939, 3))
Generating STMap for AMZ3/AS (9087 frames)
  Saved /scratch/umang.tiwari/datasets/PhysDrive(Publication)/AMZ3/AS/STMap/STMap_RGB.png (shape: (25, 9087, 3))
Generating STMap for AMZ3/AT (9139 frames)
  Saved /scratch/umang.tiwari/datasets/PhysDrive(Publication)/AMZ3/AT/STMap/STMap_RGB.png (shape: (25, 9139, 3))
Generating STMap for AMZ3/BS (7960 frames)
  Saved /scratch/umang.tiwari/datasets/PhysDrive(Publication)/AMZ3/BS/STMap/STMap_RGB.png (shape: (25, 7960, 3))
Generating STMap for AMZ3/BT (10045 frames)
  Saved /scratch/umang.tiwari/datasets/PhysDrive(Publication)/AMZ3/BT/STMap/STMap_RGB.png (shape: (25, 10045, 3))
Generating STMap for AMZ3/CS (7870 frames)
  Saved /scratch/umang.tiwari/datasets/PhysDrive(Publication)/AMZ3/CS/STMap/STMap_RGB.png (shape: (25, 7870, 3))
Generating STMap for AMZ3/CT (7481 frames)
  Saved /scratch/umang.tiwari/datasets/PhysDrive(Publication)/AMZ3/CT/STMap/STMap_RGB.png (shape: (25, 7481, 3))
Generating STMap for BFH2/AS (9051 frames)
  Saved /scratch/umang.tiwari/datasets/PhysDrive(Publication)/BFH2/AS/STMap/STMap_RGB.png (shape: (25, 9051, 3))
Generating STMap for BFH2/AT (9158 frames)
  Saved /scratch/umang.tiwari/datasets/PhysDrive(Publication)/BFH2/AT/STMap/STMap_RGB.png (shape: (25, 9158, 3))
Generating STMap for BFH2/BS (9609 frames)
  Saved /scratch/umang.tiwari/datasets/PhysDrive(Publication)/BFH2/BS/STMap/STMap_RGB.png (shape: (25, 9609, 3))
Generating STMap for BFH2/BT (10610 frames)
  Saved /scratch/umang.tiwari/datasets/PhysDrive(Publication)/BFH2/BT/STMap/STMap_RGB.png (shape: (25, 10610, 3))
Generating STMap for BFH2/CS (9049 frames)
  Saved /scratch/umang.tiwari/datasets/PhysDrive(Publication)/BFH2/CS/STMap/STMap_RGB.png (shape: (25, 9049, 3))
Generating STMap for BFH2/CT (10893 frames)
  Saved /scratch/umang.tiwari/datasets/PhysDrive(Publication)/BFH2/CT/STMap/STMap_RGB.png (shape: (25, 10893, 3))
Generating STMap for BFY1/AS (9035 frames)
  Saved /scratch/umang.tiwari/datasets/PhysDrive(Publication)/BFY1/AS/STMap/STMap_RGB.png (shape: (25, 9035, 3))
Generating STMap for BFY1/AT (9322 frames)
  Saved /scratch/umang.tiwari/datasets/PhysDrive(Publication)/BFY1/AT/STMap/STMap_RGB.png (shape: (25, 9322, 3))
Generating STMap for BFY1/BS (11031 frames)
  Saved /scratch/umang.tiwari/datasets/PhysDrive(Publication)/BFY1/BS/STMap/STMap_RGB.png (shape: (25, 11031, 3))
Generating STMap for BFY1/BT (9256 frames)
  Saved /scratch/umang.tiwari/datasets/PhysDrive(Publication)/BFY1/BT/STMap/STMap_RGB.png (shape: (25, 9256, 3))
Generating STMap for BFY1/CS (9762 frames)
  Saved /scratch/umang.tiwari/datasets/PhysDrive(Publication)/BFY1/CS/STMap/STMap_RGB.png (shape: (25, 9762, 3))
Generating STMap for BFY1/CT (10141 frames)
  Saved /scratch/umang.tiwari/datasets/PhysDrive(Publication)/BFY1/CT/STMap/STMap_RGB.png (shape: (25, 10141, 3))
Generating STMap for BFZ4/AS (10450 frames)
  Saved /scratch/umang.tiwari/datasets/PhysDrive(Publication)/BFZ4/AS/STMap/STMap_RGB.png (shape: (25, 10450, 3))
Generating STMap for BFZ4/AT (9762 frames)
  Saved /scratch/umang.tiwari/datasets/PhysDrive(Publication)/BFZ4/AT/STMap/STMap_RGB.png (shape: (25, 9762, 3))
Generating STMap for BFZ4/BS (9083 frames)
  Saved /scratch/umang.tiwari/datasets/PhysDrive(Publication)/BFZ4/BS/STMap/STMap_RGB.png (shape: (25, 9083, 3))
Generating STMap for BFZ4/BT (12191 frames)
  Saved /scratch/umang.tiwari/datasets/PhysDrive(Publication)/BFZ4/BT/STMap/STMap_RGB.png (shape: (25, 12191, 3))
Generating STMap for BFZ4/CS (9565 frames)
  Saved /scratch/umang.tiwari/datasets/PhysDrive(Publication)/BFZ4/CS/STMap/STMap_RGB.png (shape: (25, 9565, 3))
Generating STMap for BFZ4/CT (11866 frames)
  Saved /scratch/umang.tiwari/datasets/PhysDrive(Publication)/BFZ4/CT/STMap/STMap_RGB.png (shape: (25, 11866, 3))
Generating STMap for BMW1/AS (9403 frames)
  Saved /scratch/umang.tiwari/datasets/PhysDrive(Publication)/BMW1/AS/STMap/STMap_RGB.png (shape: (25, 9403, 3))
Generating STMap for BMW1/AT (10957 frames)
  Saved /scratch/umang.tiwari/datasets/PhysDrive(Publication)/BMW1/AT/STMap/STMap_RGB.png (shape: (25, 10957, 3))
Generating STMap for BMW1/BS (6913 frames)
  Saved /scratch/umang.tiwari/datasets/PhysDrive(Publication)/BMW1/BS/STMap/STMap_RGB.png (shape: (25, 6913, 3))
Generating STMap for BMW1/BT (11193 frames)
  Saved /scratch/umang.tiwari/datasets/PhysDrive(Publication)/BMW1/BT/STMap/STMap_RGB.png (shape: (25, 11193, 3))
Generating STMap for BMW1/CS (10469 frames)
  Saved /scratch/umang.tiwari/datasets/PhysDrive(Publication)/BMW1/CS/STMap/STMap_RGB.png (shape: (25, 10469, 3))
Generating STMap for BMW1/CT (7799 frames)
  Saved /scratch/umang.tiwari/datasets/PhysDrive(Publication)/BMW1/CT/STMap/STMap_RGB.png (shape: (25, 7799, 3))
Generating STMap for BMY2/AS (9063 frames)
  Saved /scratch/umang.tiwari/datasets/PhysDrive(Publication)/BMY2/AS/STMap/STMap_RGB.png (shape: (25, 9063, 3))
Generating STMap for BMY2/AT (9903 frames)
  Saved /scratch/umang.tiwari/datasets/PhysDrive(Publication)/BMY2/AT/STMap/STMap_RGB.png (shape: (25, 9903, 3))
Generating STMap for BMY2/BS (9144 frames)
  Saved /scratch/umang.tiwari/datasets/PhysDrive(Publication)/BMY2/BS/STMap/STMap_RGB.png (shape: (25, 9144, 3))
Generating STMap for BMY2/BT (9637 frames)
  Saved /scratch/umang.tiwari/datasets/PhysDrive(Publication)/BMY2/BT/STMap/STMap_RGB.png (shape: (25, 9637, 3))
Generating STMap for BMY2/CS (8760 frames)
  Saved /scratch/umang.tiwari/datasets/PhysDrive(Publication)/BMY2/CS/STMap/STMap_RGB.png (shape: (25, 8760, 3))
Generating STMap for BMY2/CT (9055 frames)
  Saved /scratch/umang.tiwari/datasets/PhysDrive(Publication)/BMY2/CT/STMap/STMap_RGB.png (shape: (25, 9055, 3))
Generating STMap for CFH1/AS (9079 frames)
  Saved /scratch/umang.tiwari/datasets/PhysDrive(Publication)/CFH1/AS/STMap/STMap_RGB.png (shape: (25, 9079, 3))
Generating STMap for CFH1/AT (10000 frames)
  Saved /scratch/umang.tiwari/datasets/PhysDrive(Publication)/CFH1/AT/STMap/STMap_RGB.png (shape: (25, 10000, 3))
Generating STMap for CFH1/BS (9054 frames)
  Saved /scratch/umang.tiwari/datasets/PhysDrive(Publication)/CFH1/BS/STMap/STMap_RGB.png (shape: (25, 9054, 3))
Generating STMap for CFH1/BT (11564 frames)
  Saved /scratch/umang.tiwari/datasets/PhysDrive(Publication)/CFH1/BT/STMap/STMap_RGB.png (shape: (25, 11564, 3))
Generating STMap for CFH1/CS (12963 frames)
  Saved /scratch/umang.tiwari/datasets/PhysDrive(Publication)/CFH1/CS/STMap/STMap_RGB.png (shape: (25, 12963, 3))
Generating STMap for CFH1/CT (8445 frames)
  Saved /scratch/umang.tiwari/datasets/PhysDrive(Publication)/CFH1/CT/STMap/STMap_RGB.png (shape: (25, 8445, 3))
Generating STMap for CFW2/AS (8557 frames)
  Saved /scratch/umang.tiwari/datasets/PhysDrive(Publication)/CFW2/AS/STMap/STMap_RGB.png (shape: (25, 8557, 3))
Generating STMap for CFW2/AT (9165 frames)
  Saved /scratch/umang.tiwari/datasets/PhysDrive(Publication)/CFW2/AT/STMap/STMap_RGB.png (shape: (25, 9165, 3))
Generating STMap for CFW2/BS (9967 frames)
  Saved /scratch/umang.tiwari/datasets/PhysDrive(Publication)/CFW2/BS/STMap/STMap_RGB.png (shape: (25, 9967, 3))
Generating STMap for CFW2/BT (9283 frames)
  Saved /scratch/umang.tiwari/datasets/PhysDrive(Publication)/CFW2/BT/STMap/STMap_RGB.png (shape: (25, 9283, 3))
Generating STMap for CFW2/CS (10898 frames)
  Saved /scratch/umang.tiwari/datasets/PhysDrive(Publication)/CFW2/CS/STMap/STMap_RGB.png (shape: (25, 10898, 3))
Generating STMap for CFW2/CT (9517 frames)
  Saved /scratch/umang.tiwari/datasets/PhysDrive(Publication)/CFW2/CT/STMap/STMap_RGB.png (shape: (25, 9517, 3))
Generating STMap for CFZ1/AS (9044 frames)
  Saved /scratch/umang.tiwari/datasets/PhysDrive(Publication)/CFZ1/AS/STMap/STMap_RGB.png (shape: (25, 9044, 3))
Generating STMap for CFZ1/AT (9043 frames)
  Saved /scratch/umang.tiwari/datasets/PhysDrive(Publication)/CFZ1/AT/STMap/STMap_RGB.png (shape: (25, 9043, 3))
Generating STMap for CFZ1/BS (9058 frames)
  Saved /scratch/umang.tiwari/datasets/PhysDrive(Publication)/CFZ1/BS/STMap/STMap_RGB.png (shape: (25, 9058, 3))
Generating STMap for CFZ1/BT (9237 frames)
  Saved /scratch/umang.tiwari/datasets/PhysDrive(Publication)/CFZ1/BT/STMap/STMap_RGB.png (shape: (25, 9237, 3))
Generating STMap for CFZ1/CS (8572 frames)
  Saved /scratch/umang.tiwari/datasets/PhysDrive(Publication)/CFZ1/CS/STMap/STMap_RGB.png (shape: (25, 8572, 3))
Generating STMap for CFZ1/CT (9046 frames)
  Saved /scratch/umang.tiwari/datasets/PhysDrive(Publication)/CFZ1/CT/STMap/STMap_RGB.png (shape: (25, 9046, 3))
Generating STMap for CMH2/AS (9098 frames)
  Saved /scratch/umang.tiwari/datasets/PhysDrive(Publication)/CMH2/AS/STMap/STMap_RGB.png (shape: (25, 9098, 3))
Generating STMap for CMH2/AT (9580 frames)
  Saved /scratch/umang.tiwari/datasets/PhysDrive(Publication)/CMH2/AT/STMap/STMap_RGB.png (shape: (25, 9580, 3))
Generating STMap for CMH2/BS (10757 frames)
  Saved /scratch/umang.tiwari/datasets/PhysDrive(Publication)/CMH2/BS/STMap/STMap_RGB.png (shape: (25, 10757, 3))
Generating STMap for CMH2/BT (8285 frames)
  Saved /scratch/umang.tiwari/datasets/PhysDrive(Publication)/CMH2/BT/STMap/STMap_RGB.png (shape: (25, 8285, 3))
Generating STMap for CMH2/CS (7559 frames)
  Saved /scratch/umang.tiwari/datasets/PhysDrive(Publication)/CMH2/CS/STMap/STMap_RGB.png (shape: (25, 7559, 3))
Generating STMap for CMH2/CT (9078 frames)
  Saved /scratch/umang.tiwari/datasets/PhysDrive(Publication)/CMH2/CT/STMap/STMap_RGB.png (shape: (25, 9078, 3))
Generating STMap for CMY1/AS (10441 frames)
  Saved /scratch/umang.tiwari/datasets/PhysDrive(Publication)/CMY1/AS/STMap/STMap_RGB.png (shape: (25, 10441, 3))
Generating STMap for CMY1/AT (10046 frames)
  Saved /scratch/umang.tiwari/datasets/PhysDrive(Publication)/CMY1/AT/STMap/STMap_RGB.png (shape: (25, 10046, 3))
Generating STMap for CMY1/BS (9044 frames)
  Saved /scratch/umang.tiwari/datasets/PhysDrive(Publication)/CMY1/BS/STMap/STMap_RGB.png (shape: (25, 9044, 3))
Generating STMap for CMY1/BT (9687 frames)
  Saved /scratch/umang.tiwari/datasets/PhysDrive(Publication)/CMY1/BT/STMap/STMap_RGB.png (shape: (25, 9687, 3))
Generating STMap for CMY1/CS (9842 frames)
  Saved /scratch/umang.tiwari/datasets/PhysDrive(Publication)/CMY1/CS/STMap/STMap_RGB.png (shape: (25, 9842, 3))
Generating STMap for CMY1/CT (9039 frames)
  Saved /scratch/umang.tiwari/datasets/PhysDrive(Publication)/CMY1/CT/STMap/STMap_RGB.png (shape: (25, 9039, 3))
Generating STMap for CMZ2/AS (8354 frames)
  Saved /scratch/umang.tiwari/datasets/PhysDrive(Publication)/CMZ2/AS/STMap/STMap_RGB.png (shape: (25, 8354, 3))
Generating STMap for CMZ2/AT (9094 frames)
  Saved /scratch/umang.tiwari/datasets/PhysDrive(Publication)/CMZ2/AT/STMap/STMap_RGB.png (shape: (25, 9094, 3))
Generating STMap for CMZ2/BS (8538 frames)
  Saved /scratch/umang.tiwari/datasets/PhysDrive(Publication)/CMZ2/BS/STMap/STMap_RGB.png (shape: (25, 8538, 3))
Generating STMap for CMZ2/BT (8340 frames)
  Saved /scratch/umang.tiwari/datasets/PhysDrive(Publication)/CMZ2/BT/STMap/STMap_RGB.png (shape: (25, 8340, 3))
Generating STMap for CMZ2/CS (9756 frames)
  Saved /scratch/umang.tiwari/datasets/PhysDrive(Publication)/CMZ2/CS/STMap/STMap_RGB.png (shape: (25, 9756, 3))
Generating STMap for CMZ2/CT (8636 frames)
  Saved /scratch/umang.tiwari/datasets/PhysDrive(Publication)/CMZ2/CT/STMap/STMap_RGB.png (shape: (25, 8636, 3))

Done! Generated 96 STMaps.
